PF00009.100 83.9 85.5 39.4 43.7 1m14.387s
PF00018.100 86.6 89.1 0.0 0.0 1m0.050s
PF00037.100 94.3 94.8 69.0 88.3 0m56.211s
PF00046.100 99.5 99.5 97.9 97.9 0m44.749s
PF00048.100 87.3 88.6 7.1 8.5 0m51.202s
PF00051.100 79.6 81.9 62.7 65.4 0m53.194s
PF00077.100 76.2 77.5 50.0 52.6 0m44.279s
PF00078.100 89.6 93.6 70.0 71.1 0m59.481s
PF00079.100 94.9 94.8 86.8 88.7 1m16.572s
PF00084.100 80.1 84.2 64.4 68.7 0m50.570s
PF00127.100 73.8 78.6 36.7 47.4 0m57.591s
PF00139.100 91.2 91.2 79.5 83.1 1m8.112s
PF00142.100 45.1 44.4 4.8 0.2 1m8.627s
PF00150.100 57.9 61.6 14.4 24.6 1m49.951s
PF00155.100 59.3 61.7 7.2 11.2 4m29.804s
PF00194.100 83.4 86.0 48.2 54.8 1m1.862s
PF00202.100 62.5 63.6 9.4 13.7 3m33.048s
PF00218.100 87.9 88.5 55.1 60.1 1m1.907s
PF00224.100 91.7 91.9 66.7 72.2 0m58.623s
PF00232.100 88.5 89.8 68.1 76.4 1m26.523s
PF00313.100 80.2 81.6 49.2 49.5 0m51.688s
PF00343.100 92.1 95.4 84.5 85.2 1m27.324s
PF00405.100 91.6 93.4 67.5 71.0 1m7.912s
PF00450.100 81.4 84.1 45.9 58.4 1m40.631s
PF00476.100 95.2 94.8 80.8 84.8 1m27.884s
PF00505.100 98.9 98.9 87.1 87.5 0m47.846s
PF00538.100 84.0 86.9 0.0 0.0 1m0.029s
PF00625.100 66.8 66.8 16.3 17.9 1m40.923s
PF00687.100 93.6 93.5 77.2 78.3 0m53.905s
PF00867.100 78.7 80.4 23.1 26.7 0m59.449s
PF00868.100 89.8 91.6 66.1 70.3 0m52.493s
PF00970.100 91.3 93.4 33.3 37.0 1m1.062s
PF01355.100 89.2 90.4 73.5 77.6 1m3.931s
PF01371.100 57.2 72.9 0.0 0.0 0m59.170s
PF01381.100 70.3 71.8 35.0 37.0 0m55.196s
PF01814.100 91.1 91.4 75.9 84.7 0m58.898s
PF02085.100 71.2 75.7 40.9 47.0 0m54.874s
PF02223.100 86.0 87.4 5.0 6.7 1m19.323s
PF02777.100 94.3 94.5 77.2 79.2 0m55.064s
PF02836.100 92.1 92.9 75.8 88.3 1m21.252s
PF02868.100 77.6 79.7 55.6 60.6 1m2.370s
PF02878.100 75.1 79.7 53.3 56.8 0m48.709s
PF03129.100 94.0 95.6 40.8 45.6 1m1.986s
PF04082.100 59.3 68.2 34.9 42.0 1m57.469s
PF04908.100 60.1 63.1 16.9 22.3 1m7.571s
PF05746.100 83.8 84.7 48.9 55.5 0m52.791s
PF07654.100 82.7 84.2 65.5 67.3 0m49.812s
PF07679.100 78.8 79.8 48.0 59.8 0m56.186s
PF07686.100 93.8 94.8 41.1 46.6 1m7.794s
PF09011.100 94.0 95.4 63.3 65.9 0m57.777s
PF09173.100 48.2 53.4 2.0 0.5 0m59.350s
PF11427.100 18.2 24.4 0.0 0.0 0m55.344s
PF13365.100 88.5 90.5 11.2 13.9 1m47.892s
PF13378.100 86.6 90.0 33.0 37.1 1m31.384s
PF13393.100 75.2 79.0 28.1 33.9 1m18.816s
PF13522.100 75.7 81.5 24.8 31.8 0m56.129s
PF13561.100 81.2 83.4 28.2 36.3 2m3.531s
PF14497.100 87.4 89.1 46.0 54.8 1m0.344s
PF14604.100 76.0 79.7 27.0 33.0 0m55.561s
