Acetyltransf 51.9 85.9 29.1 32.0 218m45.911s
Ald_Xan_dh_2 42.2 87.1 14.8 13.4 0m32.924s
ChtBD 95.4 96.3 88.4 89.9 0m6.207s
DEATH 73.7 84.3 41.1 55.9 0m15.990s
DMRL_synthase 87.6 89.5 67.5 77.5 0m22.102s
GEL 58.2 74.0 32.2 44.1 0m16.699s
HLH 76.1 96.9 53.6 71.2 0m33.865s
HMG_box 94.2 96.8 79.0 89.5 0m18.710s
KAS 67.8 93.1 48.8 47.6 0m33.183s
LIM 94.4 98.8 74.4 90.8 0m27.955s
OTCace 47.4 97.3 46.9 45.5 0m59.827s
PDZ 82.4 89.9 60.6 62.7 5m10.116s
Rhodanese 69.0 81.5 49.5 49.5 8m33.583s
Stap_Strp_toxin 75.6 76.9 39.9 43.9 0m8.886s
Sulfotransfer 66.4 88.4 35.8 43.2 5m12.298s
TNF 85.3 92.7 70.7 76.0 0m23.924s
aadh 67.8 91.5 37.0 40.8 1m19.962s
aat 81.2 89.2 53.9 60.6 162m57.597s
ace 89.1 91.9 73.5 79.0 17m43.186s
adh 98.7 98.7 97.1 97.4 20m15.774s
aldosered 89.1 96.8 71.4 77.5 26m13.547s
annexin 100.0 100.0 100.0 100.0 0m13.827s
asp 88.3 95.2 69.3 75.4 6m13.121s
az 74.0 81.0 20.7 34.0 0m31.297s
biotin_lipoyl 89.3 95.9 72.9 79.5 1m6.756s
blm 94.3 97.0 83.9 87.0 28m20.332s
blmb 63.5 84.0 34.5 44.9 44m52.574s
bowman 50.6 63.7 17.1 9.6 0m4.402s
cah 90.8 92.2 74.5 79.1 1m17.521s
cryst 40.8 66.6 0.0 0.0 0m13.865s
cyclo 87.8 93.1 73.0 77.8 2m43.403s
cys 92.9 97.0 73.1 81.8 3m13.357s
cyt3 85.9 85.3 62.7 71.3 0m39.119s
cytb 88.8 93.5 68.5 76.8 0m37.880s
egf 77.7 88.7 39.7 57.7 0m26.052s
flav 82.2 87.3 57.7 61.2 1m3.476s
ghf1 88.5 94.6 69.6 77.7 6m8.720s
ghf10 92.7 95.6 80.2 85.9 1m55.010s
ghf11 91.5 93.1 79.7 81.5 0m25.430s
ghf13 53.0 84.3 31.6 34.6 23m32.988s
ghf22 93.8 95.0 77.7 80.9 0m13.093s
ghf5 48.7 68.6 20.3 28.1 7m11.151s
glob 78.5 96.3 43.5 52.7 0m24.516s
gluts 66.1 93.4 37.3 38.6 3m57.864s
gpdh 48.4 95.7 40.2 39.5 1m34.417s
hip 76.1 80.0 51.2 58.2 0m4.474s
hla 100.0 100.0 100.0 100.0 3m13.419s
hom 93.8 98.2 73.9 89.7 0m46.144s
hormone_rec 73.5 80.5 49.5 63.1 1m46.029s
hpr 97.6 100.0 95.5 97.1 0m14.899s
hr 97.1 99.4 87.3 96.3 0m13.553s
icd 93.1 94.9 81.3 84.6 3m53.518s
il8 89.5 90.7 58.4 69.9 0m9.540s
ins 88.2 97.1 63.8 80.7 0m22.730s
int 87.6 92.5 70.3 77.2 6m42.414s
kringle 94.1 94.2 74.2 84.4 0m12.289s
kunitz 93.8 96.8 73.3 78.4 0m11.962s
ldh 49.5 91.8 32.7 36.6 1m4.793s
ltn 92.9 95.2 69.2 77.8 1m35.384s
lyase_1 64.5 88.9 54.9 53.0 4m19.677s
mmp 94.8 98.2 85.8 91.2 2m18.311s
mofe 85.2 95.2 73.0 78.7 3m30.028s
msb 80.0 92.0 50.3 64.6 1m45.077s
myb_DNA-binding 90.6 95.8 75.0 84.2 0m49.148s
oxidored_q6 98.7 98.8 95.5 96.5 0m35.306s
p450 74.9 80.9 32.9 41.4 194m31.370s
peroxidase 86.8 93.4 65.6 67.8 3m13.557s
phc 94.4 96.5 84.4 87.1 0m17.101s
phoslip 94.8 95.1 72.8 82.7 0m17.998s
profilin 92.4 94.4 82.0 83.8 0m20.730s
proteasome 81.9 89.4 39.7 59.2 1m25.283s
rhv 33.7 70.2 5.6 1.0 7m41.480s
ricin 91.0 93.8 74.7 81.9 0m51.690s
rnasemam 95.8 92.6 74.6 85.3 0m13.446s
rrm 76.9 88.2 20.7 30.6 15m40.462s
rub 94.9 98.3 83.3 86.9 0m7.204s
rvp 81.3 83.2 54.1 57.6 145m39.462s
scorptoxin 92.4 95.2 76.7 84.9 0m6.701s
sdr 61.8 88.7 29.3 40.0 490m31.544s
seatoxin 79.4 78.5 49.0 50.0 0m2.610s
serpin 93.0 95.2 76.9 83.7 4m7.339s
slectin 91.8 96.2 83.9 87.1 0m33.522s
sodcu 92.2 95.5 75.3 80.7 0m46.059s
sodfe 38.2 87.2 22.5 23.8 0m20.242s
sti 81.5 85.0 58.2 65.5 0m35.921s
subt 71.1 86.1 34.2 38.4 38m40.127s
tRNA-synt_2b 49.3 78.4 27.9 39.3 6m59.067s
tgfb 90.6 92.4 60.7 71.6 0m14.975s
tim 96.0 98.5 88.8 92.8 1m7.218s
tms 95.8 97.1 85.3 91.7 1m18.421s
toxin 91.2 91.4 50.6 60.2 0m7.537s
trfl 80.4 96.9 44.1 68.8 1m24.602s
uce 89.0 94.5 57.8 67.1 1m1.943s
zf-CCHH 81.3 91.9 54.3 71.2 43m21.751s
