PF00009.1000 79.5 87.3 26.9 34.0 4m12.713s
PF00018.1000 83.4 89.6 0.0 0.0 3m3.496s
PF00037.1000 92.6 92.6 65.5 83.9 2m55.615s
PF00046.1000 99.5 99.5 97.9 97.9 3m13.171s
PF00048.1000 84.6 86.9 0.0 0.0 3m4.865s
PF00051.1000 90.7 93.0 79.5 83.4 2m57.895s
PF00077.1000 72.0 82.0 45.9 48.3 2m58.364s
PF00078.1000 92.4 96.2 79.4 80.7 3m45.450s
PF00079.1000 92.0 93.2 81.2 84.4 5m20.604s
PF00084.1000 84.0 87.2 71.2 75.9 3m4.550s
PF00127.1000 76.7 82.8 44.2 49.2 3m6.613s
PF00139.1000 85.3 89.4 70.5 74.2 3m59.347s
PF00142.1000 54.1 54.6 10.5 13.3 3m10.293s
PF00150.1000 54.1 66.1 4.0 7.0 9m12.035s
PF00155.1000 50.6 54.6 7.8 9.3 6m22.817s
PF00194.1000 82.6 86.6 46.7 53.4 3m51.473s
PF00202.1000 54.5 60.8 1.1 0.0 5m42.409s
PF00218.1000 86.2 89.1 53.6 58.5 3m15.370s
PF00224.1000 90.5 92.8 61.1 65.9 3m36.665s
PF00232.1000 82.2 86.6 54.2 61.2 5m20.962s
PF00313.1000 79.3 82.7 49.2 49.5 3m14.567s
PF00343.1000 94.9 95.8 90.6 91.4 4m49.694s
PF00405.1000 79.7 83.7 22.0 23.1 3m55.944s
PF00450.1000 81.2 87.4 49.5 62.7 6m38.043s
PF00476.1000 95.0 94.7 79.3 83.2 5m48.149s
PF00505.1000 96.9 97.1 81.4 84.3 3m29.220s
PF00538.1000 86.3 90.0 0.0 0.0 3m0.271s
PF00625.1000 66.1 65.0 14.0 21.6 2m54.199s
PF00687.1000 93.5 93.9 78.4 79.5 3m14.690s
PF00867.1000 78.2 79.7 21.3 24.0 2m58.839s
PF00868.1000 93.5 94.5 72.6 76.9 3m3.509s
PF00970.1000 87.7 90.9 21.3 24.5 2m54.128s
PF01371.1000 48.9 60.5 0.0 0.0 2m57.430s
PF01381.1000 61.7 65.5 21.7 20.3 3m2.566s
PF01814.1000 91.2 92.7 75.0 84.4 3m18.035s
PF02223.1000 88.5 89.3 5.5 6.7 2m55.842s
PF02777.1000 92.1 94.1 74.3 76.6 2m52.069s
PF02836.1000 88.3 93.5 63.3 73.8 4m43.290s
PF02868.1000 79.0 84.1 59.4 63.8 3m33.065s
PF02878.1000 82.9 84.9 65.2 69.9 3m10.465s
PF03129.1000 95.6 96.1 43.9 49.0 3m1.445s
PF04082.1000 59.4 65.8 35.2 42.4 6m51.093s
PF04908.1000 65.8 71.6 13.6 19.8 2m53.107s
PF05746.1000 85.5 88.2 65.6 74.5 3m5.327s
PF07654.1000 70.8 75.6 54.8 55.7 2m48.388s
PF07679.1000 74.3 76.5 44.0 54.6 3m11.172s
PF07686.1000 92.4 94.1 33.6 38.1 3m13.775s
PF09011.1000 94.4 97.2 80.0 83.3 3m4.736s
PF09173.1000 51.7 52.3 2.0 1.2 3m27.210s
PF13365.1000 84.8 89.7 15.9 20.0 4m31.255s
PF13378.1000 83.5 90.4 32.1 36.5 3m33.465s
PF13393.1000 81.2 81.7 27.5 34.9 4m2.725s
PF13522.1000 75.1 83.0 26.4 33.8 3m20.976s
PF13561.1000 80.4 84.4 24.4 31.6 4m0.510s
PF14497.1000 86.4 89.4 37.2 44.3 2m56.438s
PF14604.1000 76.6 83.4 25.4 32.9 3m2.220s
