PF00009.frag40 74.5 85.4 34.4 38.3 3m49.065s
PF00018.frag40 78.8 81.9 0.0 0.0 0m35.619s
PF00037.frag40 95.1 95.1 69.0 90.4 0m24.857s
PF00046.frag40 99.4 99.4 97.9 97.7 0m29.546s
PF00078.frag40 70.9 87.7 36.7 32.3 8m13.978s
PF00079.frag40 71.6 94.3 61.1 49.0 15m24.619s
PF00084.frag40 66.1 69.2 47.5 38.5 1m11.088s
PF00150.frag40 48.3 71.7 13.1 14.5 14m48.230s
PF00155.frag40 42.3 48.0 2.1 1.0 13m27.702s
PF00202.frag40 52.5 58.3 2.4 1.4 12m19.920s
PF00224.frag40 81.7 92.5 41.9 49.4 4m48.744s
PF00232.frag40 79.5 83.1 70.2 64.4 9m55.398s
PF00313.frag40 80.2 81.6 61.5 59.6 0m42.601s
PF00450.frag40 79.3 86.7 55.4 61.8 19m19.730s
PF00476.frag40 96.2 96.1 86.2 88.6 15m22.445s
PF00505.frag40 85.9 85.3 11.4 9.3 0m39.705s
PF00625.frag40 65.3 64.9 4.2 4.0 1m43.741s
PF00687.frag40 71.2 80.8 65.9 49.2 3m46.369s
PF00970.frag40 59.5 83.2 6.0 6.6 1m40.779s
PF01381.frag40 53.3 54.1 3.3 2.4 0m50.395s
PF01814.frag40 66.3 79.9 38.8 32.5 2m58.588s
PF02777.frag40 91.4 92.6 74.0 74.1 1m6.977s
PF02836.frag40 92.9 94.1 81.0 89.0 7m26.045s
PF02878.frag40 85.3 86.8 68.9 76.9 1m34.119s
PF03129.frag40 88.2 89.4 0.0 0.0 1m18.450s
PF04082.frag40 43.6 64.5 23.1 24.8 14m56.144s
PF05746.frag40 79.6 83.1 53.1 55.9 2m7.499s
PF07654.frag40 84.1 87.2 72.6 73.1 0m56.389s
PF07679.frag40 70.6 71.2 20.4 32.1 1m56.672s
PF07686.frag40 85.9 90.9 1.9 1.5 2m41.450s
PF13365.frag40 52.4 70.2 0.0 0.0 6m43.078s
PF13378.frag40 75.3 83.4 8.1 6.9 4m9.415s
PF13393.frag40 51.6 67.6 12.2 11.1 8m22.606s
PF13522.frag40 71.3 78.7 24.8 32.5 2m8.341s
PF13561.frag40 77.5 80.6 5.7 6.5 6m27.851s
PF14604.frag40 59.6 61.8 17.9 11.7 0m36.505s
