PF00009.10000 81.3 87.1 38.0 42.0 9m4.431s
PF00018.10000 79.6 86.7 0.0 0.0 0m47.721s
PF00037.10000 94.8 94.8 69.0 88.3 0m27.250s
PF00046.10000 99.5 99.5 97.9 97.9 0m43.054s
PF00078.10000 93.8 94.5 82.9 84.3 8m55.205s
PF00079.10000 89.6 91.7 78.2 81.4 29m56.718s
PF00084.10000 84.3 90.3 74.6 78.6 2m2.508s
PF00150.10000 44.7 70.7 9.2 16.0 33m14.877s
PF00155.10000 59.2 62.0 4.2 6.5 25m19.574s
PF00202.10000 59.1 62.9 9.4 14.4 19m58.979s
PF00224.10000 90.0 91.8 65.3 70.5 10m18.572s
PF00232.10000 88.9 91.6 69.7 78.4 23m58.499s
PF00313.10000 81.4 83.0 52.3 52.6 0m59.100s
PF00450.10000 72.3 84.1 28.9 36.5 31m22.875s
PF00476.10000 94.0 94.8 79.8 83.7 22m21.104s
PF00505.10000 97.2 97.5 84.3 86.9 1m9.175s
PF00625.10000 65.7 64.5 14.0 21.5 3m29.149s
PF00687.10000 92.7 94.7 79.0 79.5 5m22.937s
PF00970.10000 71.2 92.4 9.2 10.7 3m5.502s
PF01381.10000 72.9 75.9 41.7 43.4 1m8.004s
PF01814.10000 89.9 92.6 74.1 83.4 5m43.071s
PF02777.10000 91.3 94.7 71.3 73.5 2m4.334s
PF02836.10000 92.3 94.4 75.8 87.9 11m39.513s
PF02878.10000 84.0 86.7 70.4 74.0 3m17.228s
PF03129.10000 96.2 96.8 52.0 58.1 2m12.238s
PF04082.10000 54.2 65.0 30.7 36.7 30m28.273s
PF05746.10000 85.5 88.4 65.6 74.5 4m13.358s
PF07654.10000 82.2 86.3 69.0 70.4 1m41.973s
PF07679.10000 73.4 78.1 29.0 36.1 2m39.885s
PF07686.10000 89.7 93.0 36.4 41.3 4m26.957s
PF13365.10000 86.2 89.9 4.7 6.1 15m42.234s
PF13378.10000 86.8 88.1 30.7 35.9 7m35.821s
PF13393.10000 79.5 81.2 35.1 45.5 12m17.142s
PF13522.10000 71.7 81.1 32.6 41.7 4m10.214s
PF13561.10000 79.3 83.0 23.1 29.8 14m28.383s
PF14604.10000 75.8 80.6 30.2 35.1 0m51.366s
