PF00009.100 78.7 78.7 27.6 42.3 6m40.626s
PF00018.100 83.7 86.1 0.0 0.0 2m30.689s
PF00037.100 93.5 93.6 75.9 81.4 1m38.792s
PF00046.100 100.0 100.0 100.0 100.0 2m40.439s
PF00048.100 83.5 89.3 0.0 0.0 2m34.532s
PF00051.100 81.7 86.1 68.7 70.7 3m3.991s
PF00077.100 68.5 68.5 35.7 37.9 3m28.086s
PF00078.100 94.4 94.4 84.1 85.5 6m20.647s
PF00079.100 94.1 94.0 84.9 87.7 12m45.463s
PF00084.100 86.1 86.1 74.6 78.0 2m44.313s
PF00127.100 79.3 80.9 31.7 36.0 3m46.646s
PF00139.100 86.1 86.8 73.1 76.6 6m33.295s
PF00142.100 6.1 10.9 0.0 0.0 7m5.879s
PF00150.100 53.9 52.1 7.8 13.3 8m47.579s
PF00155.100 62.7 61.2 5.9 7.6 8m34.068s
PF00194.100 83.1 85.4 44.9 51.9 6m25.409s
PF00202.100 61.1 59.5 3.6 3.8 9m36.414s
PF00218.100 86.1 86.7 54.3 59.1 6m9.238s
PF00224.100 91.7 92.1 65.3 70.6 9m8.581s
PF00232.100 79.6 79.7 57.1 64.1 10m47.889s
PF00313.100 80.2 81.6 49.2 49.5 2m52.902s
PF00343.100 46.2 86.0 0.3 0.1 17m49.144s
PF00405.100 90.0 90.9 67.5 71.0 7m48.554s
PF00450.100 65.7 63.8 37.0 47.6 11m58.537s
PF00476.100 94.7 94.2 79.3 83.1 12m58.624s
PF00505.100 96.4 96.5 77.1 79.9 2m39.963s
PF00538.100 89.2 89.5 18.3 20.0 2m46.659s
PF00625.100 70.5 66.9 6.1 9.6 4m8.667s
PF00687.100 76.9 78.2 56.3 55.9 6m7.833s
PF00867.100 64.1 64.3 11.1 14.3 3m7.263s
PF00868.100 89.3 90.2 62.9 66.3 4m1.066s
PF00970.100 47.8 64.8 1.7 2.0 4m14.231s
PF01355.100 91.8 92.4 75.0 79.7 2m57.082s
PF01371.100 22.2 44.6 0.0 0.0 2m51.061s
PF01381.100 74.4 75.7 45.0 45.7 2m36.401s
PF01814.100 87.2 87.6 66.4 75.4 4m27.264s
PF02085.100 65.2 68.4 35.7 42.3 3m44.514s
PF02223.100 88.6 87.9 8.4 11.1 4m39.585s
PF02777.100 91.2 95.1 66.3 68.4 3m37.436s
PF02836.100 92.6 92.6 76.4 88.6 7m24.576s
PF02868.100 76.2 76.3 52.5 57.3 4m59.757s
PF02878.100 79.6 81.2 61.5 65.6 4m13.999s
PF03129.100 98.1 98.1 63.3 69.4 3m7.575s
PF04082.100 45.0 47.1 29.1 35.1 8m19.084s
PF04908.100 46.5 46.9 8.5 12.4 2m58.946s
PF05746.100 83.1 82.9 57.3 65.0 3m55.088s
PF07654.100 72.4 74.4 46.4 47.8 3m13.747s
PF07679.100 86.2 86.0 62.0 69.7 3m14.937s
PF07686.100 90.3 90.4 18.7 21.2 3m16.934s
PF09011.100 95.9 95.9 80.0 83.3 2m58.308s
PF09173.100 42.4 47.9 0.0 0.0 3m2.951s
PF11427.100 24.3 24.8 0.0 0.0 2m32.273s
PF13365.100 70.4 73.5 0.5 0.0 4m30.847s
PF13378.100 84.0 85.4 19.3 23.2 4m53.083s
PF13393.100 56.3 56.8 15.7 24.2 8m23.386s
PF13522.100 73.0 73.1 24.8 31.8 4m25.512s
PF13561.100 79.3 79.1 10.7 14.7 5m18.050s
PF14497.100 81.3 82.7 38.9 46.5 3m16.931s
PF14604.100 71.1 73.7 15.9 20.6 2m41.186s
