PF00009.frag 72.1 77.2 14.7 23.0 19m39.382s
PF00018.frag 79.2 81.1 0.0 0.0 3m35.857s
PF00037.frag 91.4 97.5 72.4 78.4 3m13.078s
PF00046.frag 95.8 98.6 89.6 87.9 3m55.650s
PF00078.frag 70.3 75.4 59.4 61.0 9m34.033s
PF00079.frag 87.5 87.3 83.7 82.3 26m4.838s
PF00084.frag 53.6 62.8 22.8 16.1 3m56.034s
PF00150.frag 53.8 53.2 19.6 24.7 29m22.417s
PF00155.frag 43.4 44.1 0.0 0.0 50m55.197s
PF00202.frag 42.5 44.3 0.0 0.0 68m9.544s
PF00224.frag 92.1 93.0 75.0 79.1 50m23.059s
PF00232.frag 65.2 73.8 41.4 36.0 34m1.942s
PF00313.frag 83.5 85.3 66.2 71.1 4m6.791s
PF00450.frag 49.2 54.0 10.1 9.5 20m40.132s
PF00476.frag 93.1 93.9 79.9 85.3 65m18.449s
PF00505.frag 89.6 94.4 60.0 56.7 4m12.620s
PF00625.frag 26.4 27.7 0.0 0.0 10m19.201s
PF00687.frag 56.7 63.4 37.1 35.6 15m55.952s
PF00970.frag 68.4 72.3 4.2 5.1 5m49.153s
PF01381.frag 55.2 57.4 0.0 0.0 3m44.569s
PF01814.frag 58.2 63.1 36.2 25.8 7m8.965s
PF02777.frag 92.0 93.3 78.0 78.9 6m0.399s
PF02836.frag 78.0 80.6 70.9 67.3 15m43.932s
PF02878.frag 89.4 94.2 76.5 87.9 7m8.492s
PF03129.frag 92.4 95.1 33.3 36.2 5m17.411s
PF04082.frag 51.2 59.5 30.4 40.8 18m40.954s
PF05746.frag 75.9 73.9 52.8 50.7 6m28.343s
PF07654.frag 61.3 69.6 51.0 39.3 4m41.065s
PF07679.frag 69.4 73.2 31.1 33.2 5m2.575s
PF07686.frag 74.6 80.0 2.8 2.5 5m29.819s
PF13365.frag 19.9 23.8 0.0 0.0 10m7.496s
PF13378.frag 63.1 66.0 1.9 0.9 17m52.583s
PF13393.frag 20.8 25.4 0.0 0.0 30m46.836s
PF13522.frag 63.5 71.9 20.2 29.5 8m35.027s
PF13561.frag 68.2 68.2 0.3 0.0 20m57.011s
PF14604.frag 82.3 81.1 50.0 61.4 3m49.159s
