PF00009.10000 75.3 80.5 26.5 41.0 22m35.908s
PF00018.10000 84.4 86.5 0.0 0.0 3m51.871s
PF00037.10000 88.4 93.5 75.9 73.3 3m51.118s
PF00046.10000 97.1 99.1 91.7 91.7 4m0.689s
PF00078.10000 92.2 93.7 75.9 76.6 14m9.191s
PF00079.10000 91.3 91.8 80.0 83.7 78m52.605s
PF00084.10000 89.5 90.0 76.3 81.3 4m3.114s
PF00150.10000 57.5 60.1 10.1 17.4 43m48.823s
PF00155.10000 47.5 48.5 0.0 0.0 66m34.719s
PF00202.10000 46.7 46.4 0.0 0.0 86m13.272s
PF00224.10000 91.4 92.5 68.1 73.0 56m35.983s
PF00232.10000 87.4 89.6 66.1 74.7 111m15.418s
PF00313.10000 80.2 82.1 49.2 49.5 4m10.137s
PF00450.10000 80.6 83.3 46.5 59.1 93m11.427s
PF00476.10000 94.8 94.6 81.9 85.6 84m23.970s
PF00505.10000 96.6 97.3 80.0 82.8 4m14.860s
PF00625.10000 37.7 36.4 0.0 0.0 13m2.023s
PF00687.10000 74.9 76.0 56.3 55.9 17m48.232s
PF00970.10000 64.8 67.0 4.6 5.4 6m11.394s
PF01381.10000 63.1 65.1 0.0 0.0 3m54.319s
PF01814.10000 81.3 83.4 62.1 70.5 7m59.303s
PF02777.10000 92.3 97.0 67.3 69.4 6m17.489s
PF02836.10000 88.7 91.2 67.3 78.1 27m12.733s
PF02878.10000 74.2 78.4 53.3 56.8 8m8.909s
PF03129.10000 97.4 97.6 56.1 61.5 5m21.874s
PF04082.10000 62.9 65.8 39.1 46.6 30m1.090s
PF05746.10000 84.4 84.6 67.2 76.3 7m10.988s
PF07654.10000 72.4 74.7 51.2 52.7 4m39.426s
PF07679.10000 83.5 84.1 44.0 54.8 5m9.715s
PF07686.10000 86.7 89.3 15.9 17.8 6m2.778s
PF13365.10000 27.3 34.2 0.0 0.0 10m54.720s
PF13378.10000 72.2 74.3 19.3 22.2 19m44.393s
PF13393.10000 45.1 46.5 4.9 7.6 46m21.721s
PF13522.10000 67.6 71.1 20.2 25.8 9m44.655s
PF13561.10000 69.0 68.9 0.3 0.0 23m11.164s
PF14604.10000 71.5 74.2 0.0 0.0 3m54.090s
