PF00009.1000 77.5 81.2 32.6 44.7 12m0.347s
PF00018.1000 83.4 88.1 0.0 0.0 2m28.954s
PF00037.1000 88.6 91.2 72.4 68.9 2m5.699s
PF00046.1000 97.8 99.5 91.7 91.7 2m32.752s
PF00048.1000 83.4 88.4 0.0 0.0 2m33.509s
PF00051.1000 83.1 86.1 75.9 76.1 2m53.770s
PF00077.1000 68.1 68.7 44.9 47.6 3m23.293s
PF00078.1000 93.5 95.1 83.5 84.4 7m59.751s
PF00079.1000 94.1 94.9 85.5 89.0 23m45.255s
PF00084.1000 84.3 86.4 71.2 75.9 2m31.466s
PF00127.1000 73.4 76.8 30.8 38.6 3m35.441s
PF00139.1000 85.5 87.0 72.6 76.1 12m39.496s
PF00142.1000 4.8 8.8 0.0 0.0 15m51.410s
PF00150.1000 58.5 58.7 6.8 11.5 15m23.066s
PF00155.1000 58.1 58.6 1.5 2.4 20m1.164s
PF00194.1000 83.3 86.2 46.3 53.5 13m45.816s
PF00202.1000 49.1 48.7 0.0 0.0 24m33.811s
PF00218.1000 87.5 88.8 53.2 58.1 13m21.104s
PF00224.1000 92.3 92.9 65.7 70.7 18m20.595s
PF00232.1000 66.0 73.4 25.6 28.3 14m31.084s
PF00313.1000 80.2 82.1 49.2 49.5 2m35.775s
PF00343.1000 92.9 93.4 86.5 87.7 55m12.586s
PF00405.1000 88.7 90.8 65.0 68.4 16m48.636s
PF00450.1000 77.8 78.8 48.1 60.5 26m42.786s
PF00476.1000 95.6 95.2 81.3 85.2 24m38.584s
PF00505.1000 97.2 97.3 81.4 84.3 2m35.817s
PF00538.1000 85.1 88.6 0.0 0.0 2m41.929s
PF00625.1000 45.6 44.3 2.7 4.2 7m16.816s
PF00687.1000 75.6 77.5 53.9 53.4 9m37.317s
PF00867.1000 65.2 65.3 8.3 10.7 3m16.185s
PF00868.1000 90.8 91.7 63.7 67.0 4m0.591s
PF00970.1000 65.4 66.9 11.5 13.1 3m55.465s
PF01371.1000 21.1 48.5 0.0 0.0 2m46.872s
PF01381.1000 66.6 68.4 0.0 0.0 2m31.302s
PF01814.1000 81.6 84.9 56.0 61.6 4m37.778s
PF02223.1000 87.7 87.2 6.3 7.8 7m29.560s
PF02777.1000 92.0 97.0 69.3 71.0 3m45.429s
PF02836.1000 91.5 92.4 74.5 86.5 15m9.281s
PF02868.1000 75.1 77.0 51.2 55.5 6m24.978s
PF02878.1000 82.0 83.2 64.4 68.3 4m27.144s
PF03129.1000 97.3 97.9 55.1 60.4 3m9.882s
PF04082.1000 56.4 60.0 34.5 41.5 15m16.075s
PF04908.1000 17.4 23.8 0.0 0.0 3m11.828s
PF05746.1000 86.1 86.3 67.2 76.3 4m5.723s
PF07654.1000 78.2 80.5 60.7 62.4 2m49.394s
PF07679.1000 74.4 76.1 24.0 29.9 3m4.486s
PF07686.1000 89.3 90.0 15.0 16.9 3m27.479s
PF09011.1000 90.8 95.5 48.3 50.2 2m43.037s
PF09173.1000 30.8 39.2 0.0 0.0 2m55.574s
PF13365.1000 30.4 32.5 0.0 0.0 6m15.784s
PF13378.1000 87.2 87.5 31.1 36.8 10m7.554s
PF13393.1000 41.5 43.5 4.9 7.1 15m47.758s
PF13522.1000 69.3 71.6 25.6 32.8 5m25.293s
PF13561.1000 68.0 68.1 0.0 0.0 11m52.142s
PF14497.1000 76.8 79.3 25.7 30.6 3m26.991s
PF14604.1000 71.7 74.2 4.8 0.2 2m27.759s
