aadh 57.5 58.8 28.1 30.7 16m21.404s
aat 84.7 84.6 55.4 63.7 89m56.352s
ace 81.2 84.0 57.3 64.4 95m17.133s
Acetyltransf 61.4 57.7 32.8 41.6 10m6.811s
adh 58.1 64.0 41.6 41.9 10m53.844s
aldosered 88.2 90.1 64.3 72.4 45m12.061s
Ald_Xan_dh_2 21.2 20.6 15.0 14.3 10m24.391s
annexin 97.9 98.2 93.7 94.1 4m30.949s
asp 90.7 91.1 69.0 75.3 28m48.220s
az 73.2 73.4 31.5 28.1 3m32.417s
biotin_lipoyl 94.9 95.4 80.0 82.1 4m26.579s
blmb 66.9 70.7 37.8 48.5 22m55.726s
blm 89.8 90.7 68.2 70.0 47m27.791s
bowman 93.6 94.2 81.4 84.0 2m7.178s
cah 86.9 87.9 64.6 73.1 11m57.388s
ChtBD 95.9 98.0 86.0 89.4 2m26.671s
cryst 92.6 92.3 70.7 73.8 3m43.509s
cyclo 91.1 92.0 79.4 82.7 9m23.206s
cys 92.4 92.3 65.3 75.8 13m24.499s
cyt3 64.8 65.3 41.5 47.3 3m6.422s
cytb 83.5 84.2 56.5 60.3 3m56.946s
DEATH 75.1 75.8 34.7 47.2 3m12.461s
DMRL_synthase 90.2 88.7 69.2 78.4 4m57.012s
egf 76.1 74.0 23.5 35.7 3m24.854s
flav 86.3 87.2 65.7 67.7 6m4.893s
GEL 68.2 64.0 36.3 50.9 3m11.735s
ghf10 91.9 92.4 78.0 84.0 16m58.153s
ghf11 89.1 89.2 71.9 74.3 7m12.170s
ghf13 50.5 51.2 23.1 31.7 55m10.134s
ghf1 90.1 91.6 66.0 76.1 70m57.827s
ghf22 93.1 93.3 80.0 82.5 3m39.937s
ghf5 64.6 63.7 34.2 47.1 20m40.954s
glob 88.8 88.5 37.6 39.4 4m5.302s
gluts 67.7 68.0 29.2 31.2 6m56.803s
gpdh 62.7 62.7 41.9 44.5 9m57.860s
hip 83.7 84.5 57.1 65.9 2m36.210s
hla 100.0 100.0 100.0 100.0 12m33.288s
HLH 89.7 92.8 84.5 85.5 4m6.640s
HMG_box 97.3 96.2 85.2 93.9 3m8.081s
hom 91.6 92.4 58.0 70.5 4m9.682s
hormone_rec 68.3 68.0 43.8 56.2 10m38.594s
hpr 99.3 100.0 98.9 98.8 3m4.791s
hr 100.0 100.0 100.0 100.0 2m55.442s
icd 88.8 89.5 71.6 73.5 45m28.874s
il8 86.0 85.2 48.1 57.5 2m37.105s
ins 93.6 93.6 63.8 85.7 3m36.309s
int 80.7 82.4 58.9 63.4 11m52.187s
KAS 44.7 49.0 22.2 17.1 10m54.546s
kringle 85.4 88.3 67.4 70.3 2m49.395s
kunitz 95.4 96.0 80.0 83.0 2m39.932s
ldh 52.7 52.1 22.4 26.1 8m40.973s
LIM 95.6 97.2 85.4 91.9 3m20.152s
ltn 93.4 93.7 73.5 79.7 11m7.902s
lyase_1 68.6 69.0 44.5 45.1 36m50.501s
mmp 97.4 97.4 91.7 93.4 8m43.452s
mofe 72.9 73.0 48.5 53.5 39m53.913s
msb 92.9 91.7 75.9 82.6 4m30.429s
myb_DNA-binding 95.2 94.1 80.4 86.0 4m7.808s
OTCace 70.8 73.0 41.5 39.8 8m18.709s
oxidored_q6 64.1 63.7 38.0 39.0 5m45.158s
p450 76.7 76.6 37.7 47.3 140m58.635s
PDZ 83.0 86.4 66.7 66.5 5m32.874s
peroxidase 66.6 69.3 33.5 36.6 15m31.216s
phc 73.9 84.5 25.7 25.9 3m58.771s
phoslip 94.1 95.1 74.3 84.4 3m41.243s
profilin 92.0 92.6 78.1 79.5 4m8.907s
proteasome 78.7 75.2 25.9 38.4 10m11.440s
Rhodanese 80.7 79.9 55.2 61.3 6m48.399s
rhv 31.3 43.6 2.4 2.8 21m26.898s
ricin 75.8 76.4 52.4 57.9 9m18.422s
rnasemam 91.3 88.2 63.4 74.1 3m45.194s
rrm 86.4 85.3 32.4 40.1 5m52.476s
rub 99.2 99.2 96.3 96.7 2m31.384s
rvp 66.0 81.7 23.4 26.4 15m10.307s
scorptoxin 90.7 89.5 72.6 81.2 2m26.049s
sdr 67.3 64.8 34.1 43.5 25m20.079s
seatoxin 78.9 77.3 42.9 43.3 2m24.268s
serpin 96.6 96.1 83.7 90.0 38m12.840s
slectin 93.2 93.8 84.7 88.7 5m20.673s
sodcu 90.2 90.7 75.3 80.4 5m17.050s
sodfe 51.6 50.6 23.9 25.7 4m4.637s
Stap_Strp_toxin 35.1 34.5 15.2 16.8 4m22.244s
sti 80.7 79.9 52.2 57.5 6m5.407s
subt 78.2 79.4 32.4 43.7 45m35.976s
Sulfotransfer 76.0 75.4 47.0 55.4 15m54.620s
tgfb 78.6 84.3 29.1 37.5 3m18.268s
tim 98.8 98.7 93.4 96.6 13m39.595s
tms 94.8 95.7 82.5 88.2 17m3.569s
TNF 81.1 81.0 61.8 66.9 4m10.584s
toxin 86.4 85.4 42.9 47.8 2m33.283s
trfl 91.3 93.4 84.3 82.9 19m36.409s
tRNA-synt_2b 31.6 42.7 0.0 0.0 17m35.582s
uce 93.5 95.4 66.3 73.2 5m53.010s
zf-CCHH 96.6 96.0 85.7 89.3 9m36.833s
