aadh 80.0 84.5 44.0 48.4 7m20.59284496307372s
aat 82.4 85.6 52.8 58.9 20m56.807390451431345s
ace 82.4 85.3 60.9 68.1 19m58.21976661682136s
Acetyltransf 58.0 79.4 32.8 40.6 6m55.166110515594475s
adh 98.9 99.0 97.1 97.4 6m18.14054274559023s
aldosered 85.2 90.7 68.0 75.1 13m3.5615985393523886s
Ald_Xan_dh_2 86.2 87.0 69.8 76.3 10m4.0607113838195374s
annexin 99.7 99.8 99.4 99.4 3m35.47550702095032s
asp 89.6 90.4 70.6 76.7 8m48.48870420455935s
az 73.5 74.4 37.5 37.8 2m31.585686922073375s
biotin_lipoyl 95.0 93.4 76.5 82.3 2m54.14297556877136s
blmb 65.5 78.4 38.9 48.4 8m47.250228881835916s
blm 87.8 89.1 67.8 70.5 14m8.115722656249993s
bowman 94.2 94.2 82.9 84.9 1m57.56937599182129s
cah 89.7 90.7 69.0 78.6 3m54.19501519203187s
ChtBD 97.6 98.3 90.7 93.2 1m56.31659960746766s
cryst 80.1 92.5 33.1 34.4 2m30.49428725242615s
cyclo 88.4 89.6 71.4 79.5 4m46.12468910217282s
cys 92.7 92.5 67.2 77.7 5m34.335408210754395s
cyt3 79.4 80.4 59.3 67.4 2m19.410319566726688s
cytb 83.1 84.9 63.0 69.8 3m18.721800565719604s
DEATH 71.2 72.5 28.2 38.4 2m25.639807939529405s
DMRL_synthase 89.5 88.3 68.0 77.7 2m43.100921869277954s
egf 76.1 75.5 33.8 36.8 2m14.024471998214727s
flav 84.7 85.6 57.7 57.9 3m59.03985738754272s
GEL 67.5 68.2 36.3 51.8 2m27.316086530685418s
ghf10 92.5 93.3 78.9 85.5 5m34.021748542785666s
ghf11 90.8 91.6 77.6 80.5 2m49.64324522018433s
ghf13 63.1 68.4 27.0 35.1 15m38.73439121246342s
ghf1 90.3 91.8 67.4 77.1 15m59.41906476020808s
ghf22 95.3 95.5 83.8 86.8 2m22.636895895004272s
ghf5 62.4 64.7 32.4 46.0 7m32.082276582717896s
glob 93.4 93.6 51.2 51.2 2m41.109703063964844s
gluts 83.7 88.1 53.6 56.8 5m7.028203487396265s
gpdh 94.9 94.8 82.7 87.6 5m53.772409200668356s
hip 79.6 79.1 52.4 62.5 2m12.43132162094117s
hla 99.7 100.0 99.4 99.4 5m19.109503984451273s
HLH 84.3 90.9 64.3 75.4 2m40.12275624275206s
HMG_box 97.3 96.2 85.2 93.9 2m22.398972272872932s
hom 93.5 93.3 63.8 77.9 2m36.667423009872444s
hormone_rec 68.8 72.7 44.5 57.1 4m52.18520379066465s
hpr 99.3 99.3 97.7 98.5 2m21.035635709762587s
hr 99.1 99.1 94.9 99.1 2m15.553722381591797s
icd 89.0 89.6 70.8 73.2 12m47.265864849090526s
il8 89.1 88.7 61.0 73.0 2m6.2001841068267805s
ins 88.3 91.7 56.5 75.3 2m25.423490762710568s
int 82.2 84.4 59.9 63.3 5m19.39359593391419s
KAS 69.3 85.8 37.5 34.7 4m12.044551134109476s
kringle 85.0 88.5 65.2 69.6 2m11.332906723022456s
kunitz 97.9 97.9 90.0 89.3 2m5.586661338806156s
ldh 84.1 84.4 48.4 57.0 5m36.531230926513665s
LIM 93.1 94.0 82.9 88.7 2m19.236494302749627s
ltn 93.1 93.3 72.3 79.8 4m12.11959266662598s
lyase_1 73.3 74.3 49.5 53.0 10m48.3312630653381s
mmp 96.5 96.8 89.3 94.0 4m10.479150533676123s
mofe 73.8 78.1 52.8 56.6 9m39.00543808937073s
msb 84.5 89.1 60.7 71.5 2m41.767578601837165s
myb_DNA-binding 94.0 92.9 78.6 84.0 2m43.32362961769104s
OTCace 94.4 94.5 83.1 86.6 5m4.9543573856353795s
oxidored_q6 90.3 92.1 82.0 83.5 3m46.10063862800598s
p450 73.5 74.9 31.3 38.2 32m44.364597082138175s
PDZ 86.8 87.3 70.7 71.0 3m23.71831703186035s
peroxidase 61.8 68.5 35.0 35.5 7m32.31552505493164s
phc 69.2 89.9 33.5 31.0 3m8.46164035797119s
phoslip 93.0 92.6 68.4 78.0 2m28.970282793045055s
profilin 92.1 92.4 78.9 80.1 2m29.690167188644416s
proteasome 82.2 83.4 27.2 40.4 4m45.88823604583739s
Rhodanese 60.1 63.9 32.3 33.0 4m41.98360872268674s
rhv 28.7 62.7 3.8 0.7 32m49.912590026855526s
ricin 83.8 86.1 60.4 66.1 3m8.237925052642812s
rnasemam 91.2 89.4 67.2 76.7 2m21.638664722442638s
rrm 82.3 81.2 18.9 28.0 3m15.348337411880504s
rub 99.2 99.2 96.3 96.7 1m57.00820922851563s
rvp 33.1 84.9 6.3 7.1 6m18.04033112525941s
scorptoxin 89.9 88.9 72.6 81.1 1m59.622552156448364s
sdr 72.7 75.6 33.4 44.1 9m17.08335494995122s
seatoxin 73.6 71.9 34.7 33.1 2m10.293301343917838s
serpin 94.4 94.1 79.4 86.2 10m6.579894781112685s
slectin 93.7 95.1 85.4 88.8 2m44.369096040725715s
sodcu 89.7 90.6 75.3 80.4 2m53.96517300605775s
sodfe 89.6 89.4 62.2 66.7 3m22.35286211967468s
Stap_Strp_toxin 77.3 82.6 38.7 42.2 2m35.21090054512023s
sti 76.4 75.6 50.5 54.6 2m41.31986331939699s
subt 77.9 81.2 36.0 44.5 23m20.96383166313167s
Sulfotransfer 75.3 80.3 49.0 58.0 6m31.094956874847437s
tgfb 87.3 89.7 47.0 56.2 2m20.86516380310058s
tim 96.5 96.6 88.8 92.2 5m51.395249605178854s
tms 94.8 94.9 81.8 87.6 7m28.57188034057616s
TNF 76.3 77.3 59.9 63.2 2m27.354506969451897s
toxin 91.7 90.1 58.4 67.4 2m1.2131812572479372s
trfl 95.3 96.1 88.9 89.3 7m11.411505937576276s
tRNA-synt_2b 50.6 55.5 24.1 33.3 7m48.998095035553s
uce 91.5 92.6 66.3 74.0 3m19.620903730392463s
zf-CCHH 96.6 96.0 85.7 89.3 3m32.842052459716804s
