PF00009.frag 81.0 84.4 34.8 45.9 19m25.409s
PF00018.frag 77.7 81.4 0.0 0.0 3m50.927s
PF00037.frag 88.4 92.2 72.4 74.2 3m1.221s
PF00046.frag 95.3 99.3 87.5 86.8 4m14.923s
PF00078.frag 67.3 74.8 51.5 45.3 11m4.498s
PF00079.frag 62.6 79.6 52.0 40.3 17m18.649s
PF00084.frag 86.7 90.4 81.4 81.2 4m16.638s
PF00150.frag 60.8 60.7 14.2 23.3 34m31.121s
PF00155.frag 47.0 47.9 0.2 0.0 57m6.692s
PF00202.frag 44.2 44.1 0.0 0.0 76m15.576s
PF00224.frag 90.9 91.2 67.0 72.6 51m57.706s
PF00232.frag 38.9 43.7 20.8 7.3 21m1.843s
PF00313.frag 82.1 84.0 66.2 64.6 4m18.365s
PF00450.frag 39.8 40.2 13.1 8.0 18m24.103s
PF00476.frag 95.6 95.5 84.1 87.1 81m17.631s
PF00505.frag 93.4 97.7 61.4 65.8 4m26.420s
PF00625.frag 16.6 20.6 0.0 0.0 8m1.329s
PF00687.frag 64.8 66.0 59.9 41.2 19m28.234s
PF00970.frag 64.9 70.3 5.4 5.8 6m27.575s
PF01381.frag 49.0 53.0 0.0 0.0 3m18.980s
PF01814.frag 77.3 84.5 67.2 71.0 8m48.621s
PF02777.frag 89.5 96.8 66.0 67.0 7m39.252s
PF02836.frag 86.1 87.3 67.3 74.4 26m5.445s
PF02878.frag 86.6 88.0 71.9 77.9 10m59.860s
PF03129.frag 94.2 95.9 33.0 36.5 6m16.099s
PF04082.frag 62.2 65.2 32.7 52.5 37m2.464s
PF05746.frag 78.6 79.6 56.2 59.5 8m47.614s
PF07654.frag 78.4 81.7 76.2 66.1 5m22.273s
PF07679.frag 69.8 71.9 17.3 30.6 6m1.217s
PF07686.frag 85.0 87.9 19.6 20.4 6m25.357s
PF13365.frag 25.4 30.2 0.0 0.0 10m14.841s
PF13378.frag 70.8 73.5 11.5 13.6 18m8.243s
PF13393.frag 36.0 36.9 0.0 0.0 19m21.366s
PF13522.frag 63.2 69.1 18.6 22.1 9m9.021s
PF13561.frag 68.9 69.5 0.0 0.0 21m28.002s
PF14604.frag 52.3 60.9 0.0 0.0 4m7.951s
