PF00009.10000 74.2 79.5 24.4 36.9 22m29.135s
PF00018.10000 83.0 86.6 0.0 0.0 3m49.748s
PF00037.10000 86.5 92.5 51.7 66.2 3m37.927s
PF00046.10000 94.3 99.0 79.2 79.2 4m0.817s
PF00078.10000 87.2 91.4 74.7 75.4 14m19.973s
PF00079.10000 93.6 94.1 83.4 87.1 78m31.244s
PF00084.10000 89.5 90.0 76.3 81.3 4m3.272s
PF00150.10000 58.0 60.0 13.4 22.8 43m52.735s
PF00155.10000 47.3 48.3 2.1 3.4 66m12.086s
PF00202.10000 46.1 45.9 0.0 0.0 85m48.045s
PF00224.10000 91.5 92.5 68.5 73.4 56m33.817s
PF00232.10000 86.9 88.8 64.2 72.9 111m7.400s
PF00313.10000 79.9 82.2 49.2 49.5 4m10.694s
PF00450.10000 79.3 81.0 48.1 61.7 93m23.905s
PF00476.10000 94.2 94.5 79.5 83.3 84m8.210s
PF00505.10000 96.6 97.3 80.0 82.8 4m15.595s
PF00625.10000 41.8 40.6 0.0 0.0 12m59.052s
PF00687.10000 53.9 77.6 13.8 10.6 17m45.515s
PF00970.10000 65.8 67.9 10.3 12.1 6m11.568s
PF01381.10000 63.6 65.4 0.0 0.0 3m54.523s
PF01814.10000 87.5 90.1 70.7 80.3 7m58.727s
PF02777.10000 92.1 96.9 67.3 69.4 6m18.436s
PF02836.10000 89.4 92.4 71.8 83.7 27m32.460s
PF02878.10000 81.5 82.8 63.0 67.2 8m7.904s
PF03129.10000 97.2 97.6 55.1 60.4 5m23.658s
PF04082.10000 58.8 61.5 29.5 35.5 29m57.115s
PF05746.10000 84.8 85.2 67.2 76.3 7m8.923s
PF07654.10000 75.7 78.4 54.8 56.3 4m41.922s
PF07679.10000 83.4 84.1 44.0 54.8 5m11.062s
PF07686.10000 88.0 88.9 12.1 13.8 6m1.784s
PF13365.10000 27.9 33.8 0.0 0.0 11m0.675s
PF13378.10000 74.2 76.4 21.7 25.1 19m44.394s
PF13393.10000 40.4 41.9 0.0 0.0 46m8.668s
PF13522.10000 69.2 72.1 24.0 30.8 9m47.862s
PF13561.10000 68.3 68.2 0.3 0.0 23m14.308s
PF14604.10000 81.9 85.0 39.7 50.4 3m54.469s
