cys 0.9417095273083517 0 0 0 0
DMRL_synthase 0.9344709897610921 0 0 0 0
Stap_Strp_toxin 0.1650678134303672 0 0 0 0
ghf5 0.6865342163355408 0 0 0 0
myb_DNA-binding 0.9438877755511023 0 0 0 0
ghf10 0.9342770475227502 0 0 0 0
il8 0.9146651596496186 0 0 0 0
cytb 0.8251457119067444 0 0 0 0
kringle 0.9687388987566607 0 0 0 0
LIM 0.9661290322580646 0 0 0 0
annexin 0.997884493336154 0 0 0 0
hormone_rec 0.7450890817724989 0 0 0 0
Acetyltransf 0.2782995551161641 0 0 0 0
phoslip 0.9217105629489393 0 0 0 0
cah 0.9097582037996546 0 0 0 0
trfl 0.9583043780403058 0 0 0 0
serpin 0.9754406813230343 0 0 0 0
ghf13 0.29865387759550927 0 0 0 0
cryst 0.9172082509183385 0 0 0 0
Ald_Xan_dh_2 0.2278445362373263 0 0 0 0
ace 0.6623099493198186 0 0 0 0
tRNA-synt_2b 0.2891072891072891 0 0 0 0
ChtBD 0.966183574879227 0 0 0 0
adh 0.3012080536912752 0 0 0 0
Sulfotransfer 0.30730688935281836 0 0 0 0
hom 0.9600772698003863 0 0 0 0
OTCace 0.27840531561461795 0 0 0 0
lyase_1 0.6735802469135802 0 0 0 0
toxin 0.8916681826450792 0 0 0 0
msb 0.9672391857506362 0 0 0 0
rnasemam 0.9128358208955224 0 0 0 0
rub 0.9918367346938776 0 0 0 0
cyclo 0.9084448160535117 0 0 0 0
gpdh 0.5593348450491308 0 0 0 0
sodcu 0.9393939393939394 0 0 0 0
DEATH 0.9143603133159269 0 0 0 0
aat 0.4724474209846082 0 0 0 0
ins 0.970873786407767 0 0 0 0
sti 0.8648481091134532 0 0 0 0
glob 0.9012466304338344 0 0 0 0
az 0.7367051045110238 0 0 0 0
ghf11 0.9349775784753364 0 0 0 0
subt 0.844294003868472 0 0 0 0
profilin 0.9483037156704361 0 0 0 0
rrm 0.8866932940929158 0 0 0 0
KAS 0.6252357996227206 0 0 0 0
GEL 0.45870646766169154 0 0 0 0
hr 1.0 0 0 0 0
rvp 0.6535859269282814 0 0 0 0
mmp 0.973097940311055 0 0 0 0
icd 0.9467438494934877 0 0 0 0
seatoxin 0.7083333333333334 0 0 0 0
int 0.9114699331848553 0 0 0 0
phc 0.9163053722902922 0 0 0 0
ricin 0.7885066458170445 0 0 0 0
PDZ 0.9316436251920123 0 0 0 0
asp 0.6620511994847851 0 0 0 0
bowman 0.9418604651162791 0 0 0 0
oxidored_q6 0.7496124031007751 0 0 0 0
aldosered 0.906052544063851 0 0 0 0
sdr 0.728100678920351 0 0 0 0
p450 0.8410034957844952 0 0 0 0
hla 0.996629213483146 0 0 0 0
ltn 0.9618730460785646 0 0 0 0
aadh 0.31613632084353227 0 0 0 0
gluts 0.660578947368421 0 0 0 0
tms 0.7058598238222903 0 0 0 0
kunitz 0.9821782178217822 0 0 0 0
rhv 0.22849795218592248 0 0 0 0
blm 0.9589422407794015 0 0 0 0
cyt3 0.8174655285620486 0 0 0 0
mofe 0.8587740384615384 0 0 0 0
ghf22 0.9369281444430889 0 0 0 0
flav 0.8602581219403649 0 0 0 0
sodfe 0.39725254045916447 0 0 0 0
zf-CCHH 0.9714591509097396 0 0 0 0
scorptoxin 0.8978622327790974 0 0 0 0
biotin_lipoyl 0.9557080474111042 0 0 0 0
uce 0.948852157943067 0 0 0 0
ghf1 0.9261823413055206 0 0 0 0
ldh 0.4915161266730052 0 0 0 0
Rhodanese 0.8172451193058569 0 0 0 0
slectin 0.9559164733178654 0 0 0 0
hip 0.8685800604229608 0 0 0 0
peroxidase 0.27 0 0 0 0
TNF 0.8726618705035971 0 0 0 0
egf 0.8332690081049787 0 0 0 0
HMG_box 0.9730878186968839 0 0 0 0
hpr 0.993006993006993 0 0 0 0
tim 0.9820879319703275 0 0 0 0
tgfb 0.8936708860759494 0 0 0 0
HLH 0.9208400646203554 0 0 0 0
blmb 0.3321382007822686 0 0 0 0
proteasome 0.8210462148055016 0 0 0 0
