PF00009.frag 81.1 86.3 24.4 40.3 7m24.599s
PF00018.frag 77.8 80.2 0.0 0.0 2m5.418s
PF00037.frag 86.0 78.5 32.1 36.3 1m59.461s
PF00046.frag 99.0 98.0 91.7 92.9 2m12.781s
PF00078.frag 68.4 74.9 61.7 53.5 5m42.848s
PF00079.frag 64.1 73.7 42.9 57.8 13m13.988s
PF00084.frag 87.2 91.0 76.3 80.8 2m19.154s
PF00150.frag 56.3 56.2 10.3 18.0 8m39.902s
PF00155.frag 48.0 48.5 0.0 0.0 11m41.030s
PF00202.frag 40.1 39.9 0.0 0.0 14m13.386s
PF00224.frag 91.1 93.3 63.1 67.6 11m25.019s
PF00232.frag 66.9 67.8 36.0 45.5 9m47.931s
PF00313.frag 80.6 85.7 50.8 63.1 2m19.287s
PF00450.frag 73.1 76.6 45.5 55.7 11m30.069s
PF00476.frag 91.1 93.4 76.2 80.1 16m4.604s
PF00505.frag 94.1 96.4 74.3 75.7 2m22.589s
PF00625.frag 26.8 25.6 0.0 0.0 4m6.974s
PF00687.frag 66.6 68.5 59.9 44.6 6m7.254s
PF00970.frag 62.7 65.9 11.9 11.5 2m48.643s
PF01381.frag 55.8 58.1 0.0 0.0 2m13.709s
PF01814.frag 48.6 64.4 17.9 19.0 3m8.186s
PF02777.frag 87.7 95.1 62.0 65.0 2m38.661s
PF02836.frag 82.6 84.6 63.6 72.9 6m15.530s
PF02878.frag 84.0 84.9 75.2 77.9 2m48.552s
PF03129.frag 96.0 96.5 46.2 49.7 2m27.424s
PF04082.frag 47.3 48.8 31.3 39.4 7m15.609s
PF05746.frag 78.6 79.3 60.5 62.7 4m15.030s
PF07654.frag 78.7 82.0 60.7 63.8 2m28.994s
PF07679.frag 69.5 72.7 33.7 33.1 2m26.940s
PF07686.frag 87.6 89.0 30.8 34.1 2m45.338s
PF13365.frag 20.8 22.7 0.0 0.0 5m2.793s
PF13378.frag 64.0 66.2 6.2 8.0 5m16.687s
PF13393.frag 26.7 30.3 0.0 0.0 8m36.745s
PF13522.frag 62.3 70.4 16.3 16.0 3m1.215s
PF13561.frag 71.1 71.5 0.3 0.0 5m8.405s
PF14604.frag 65.2 71.9 4.8 0.3 2m11.004s
