aadh 58.3 59.9 31.1 34.2 6m12.48273634910582s
aat 83.7 84.2 56.8 63.6 20m56.10353255271917s
ace 81.6 84.2 58.7 66.0 25m43.89742755889884s
Acetyltransf 61.5 57.9 32.8 41.6 4m27.686976909637426s
adh 80.3 80.5 65.6 66.0 6m2.034916162490834s
aldosered 88.5 91.3 66.5 74.8 12m38.45715260505681s
Ald_Xan_dh_2 21.5 20.9 16.0 15.4 11m52.084107875823946s
annexin 99.8 99.9 99.4 99.4 3m28.570513725280755s
asp 91.1 91.7 71.7 77.3 8m6.0659282207489085s
az 73.9 76.5 34.2 32.4 2m22.480633258819573s
biotin_lipoyl 96.5 94.8 81.2 84.2 2m47.14261531829833s
blmb 69.1 70.3 41.8 50.8 6m49.71159005165099s
blm 87.0 88.2 65.5 68.2 13m31.1349976062775s
bowman 94.2 94.2 82.9 84.9 1m53.86708736419677s
cah 88.6 89.7 71.6 78.9 3m35.82959389686585s
ChtBD 97.6 98.3 90.7 93.2 1m52.46030402183533s
cryst 81.1 93.6 34.8 35.7 2m23.074257850646973s
cyclo 90.6 92.5 78.8 80.6 4m30.11357378959655s
cys 92.3 92.1 68.3 78.6 4m24.42078256607056s
cyt3 79.3 79.8 59.3 66.8 2m14.740315198898317s
cytb 91.0 91.2 72.8 79.0 3m14.277246475219734s
DEATH 79.2 80.4 40.3 54.8 2m16.779686927795403s
DMRL_synthase 89.8 88.2 67.5 77.3 2m31.474704742431648s
egf 75.8 73.6 23.5 35.7 2m10.2669689655304s
flav 84.2 85.9 53.7 60.5 3m43.542310237884514s
GEL 67.4 62.9 39.7 55.9 2m13.348484039306632s
ghf10 93.2 93.5 80.5 86.2 4m56.09590506553651s
ghf11 90.5 91.0 76.6 79.4 2m41.883141994476325s
ghf13 52.2 53.2 21.4 28.7 16m36.01679992675777s
ghf1 90.3 91.9 66.4 75.8 13m53.385326385498004s
ghf22 94.5 94.7 82.3 85.2 2m16.367277860641487s
ghf5 63.6 63.5 32.1 46.0 6m23.50082135200502s
glob 81.8 81.9 34.1 35.1 2m32.97313857078551s
gluts 59.8 70.0 33.9 36.5 4m59.292378664016724s
gpdh 62.8 62.8 42.5 44.6 5m2.1871418952942s
hip 78.1 77.6 50.0 61.5 2m12.065036058425909s
hla 98.7 100.0 97.8 97.8 4m9.069832324981704s
HLH 89.8 92.5 84.5 85.5 2m38.99703598022462s
HMG_box 97.3 96.2 85.2 93.9 2m16.297837495803826s
hom 96.0 95.6 72.5 87.6 2m34.18646693229675s
hormone_rec 67.3 67.4 44.1 56.6 4m16.400485992431637s
hpr 99.3 99.3 97.7 98.5 2m18.667579650878913s
hr 100.0 100.0 100.0 100.0 2m7.399106502532957s
icd 93.7 94.1 83.5 85.3 13m54.94297456741329s
il8 88.5 88.5 59.7 71.5 2m3.7042815685272323s
ins 91.8 94.6 60.9 81.6 2m19.404805421829224s
int 84.6 86.6 65.8 71.0 4m38.34218406677246s
KAS 44.4 49.2 22.0 16.8 3m46.434186935424805s
kringle 85.9 89.3 68.5 71.6 2m5.73541069030763s
kunitz 97.9 97.9 90.0 89.3 2m4.806224346160892s
ldh 55.0 54.2 24.3 28.5 4m59.213892459869406s
LIM 93.1 94.0 82.9 88.7 2m12.922308206558224s
ltn 93.7 93.6 71.1 77.9 3m22.281388282775882s
lyase_1 71.4 71.3 48.7 49.7 12m1.3245022296905162s
mmp 97.1 98.2 92.9 95.0 3m30.034251213073738s
mofe 78.8 79.3 55.3 64.5 8m58.38202285766606s
msb 91.4 91.3 73.1 80.8 2m33.477497816085815s
myb_DNA-binding 94.4 93.3 78.6 84.0 2m32.31943082809448s
OTCace 55.7 55.5 44.2 43.2 4m55.62789940834044s
oxidored_q6 67.1 68.1 46.2 47.7 4m3.374417304992683s
p450 75.1 75.5 33.3 40.6 29m39.329586982727136s
PDZ 92.2 92.3 82.8 83.6 2m54.30325341224672s
peroxidase 61.5 65.9 37.8 42.6 5m41.51917576789856s
phc 38.9 52.5 0.0 0.0 2m22.97370123863221s
phoslip 95.3 95.1 76.5 85.3 2m20.857626438140883s
profilin 92.0 92.9 79.7 80.3 2m24.656619310379035s
proteasome 81.9 77.9 25.5 38.3 4m25.744108915328958s
Rhodanese 71.7 70.6 40.1 47.5 4m27.39807510375975s
rhv 14.9 31.6 0.6 0.1 18m8.62059426307681s
ricin 74.2 75.3 52.4 57.3 2m58.52337288856506s
rnasemam 91.2 88.4 65.7 75.3 2m17.79189395904541s
rrm 84.9 83.3 20.7 28.1 3m9.06455850601196s
rub 99.2 99.2 96.3 96.7 1m55.627243995666504s
rvp 42.6 76.2 15.3 13.2 5m6.985171318054206s
scorptoxin 88.5 87.9 65.8 78.5 1m57.54334306716919s
sdr 68.2 65.7 34.4 43.7 8m13.750686407089212s
seatoxin 73.6 71.9 34.7 33.1 2m10.544656038284295s
serpin 95.1 94.9 80.4 86.8 10m18.27352905273436s
slectin 94.3 95.6 87.6 89.6 2m40.37388539314271s
sodcu 89.5 90.3 72.9 78.3 2m37.46673035621643s
sodfe 50.7 50.4 22.5 23.6 3m30.559683799743638s
Stap_Strp_toxin 28.7 29.6 0.4 0.0 2m28.66722822189331s
sti 77.2 78.3 55.4 61.2 2m34.70310091972352s
subt 77.3 80.2 29.6 41.0 13m46.49072694778443s
Sulfotransfer 81.4 82.8 53.7 61.8 4m58.61472225189209s
tgfb 83.7 86.5 45.3 50.1 2m19.05872321128845s
tim 98.3 98.2 92.3 95.6 4m44.47328352928164s
tms 93.7 94.1 80.4 85.8 6m20.94294142723081s
TNF 78.9 79.7 59.2 62.2 2m23.8584656715393s
toxin 92.3 90.8 62.3 71.5 1m57.14973998069764s
trfl 93.8 94.9 87.2 86.8 7m26.86234641075135s
tRNA-synt_2b 50.7 46.1 28.2 38.6 6m27.496978282928488s
uce 92.8 94.8 69.3 75.2 3m4.90006375312805s
zf-CCHH 96.6 96.0 85.7 89.3 3m20.129855871200554s
