PF00009.100 74.9 72.4 28.3 37.7 3m44.403311252593994s
PF00018.100 84.1 85.2 2.3 0.0 2m8.118646144866943s
PF00037.100 93.5 93.6 75.9 81.4 1m56.25747847557068s
PF00046.100 99.5 99.5 97.9 97.9 2m13.653849363327026s
PF00048.100 86.4 86.8 0.0 0.0 2m9.180170774459828s
PF00051.100 86.7 88.3 73.5 75.8 2m22.366368532180772s
PF00077.100 77.8 79.1 56.1 59.5 2m38.85868358612061s
PF00078.100 93.7 94.5 82.9 84.1 3m40.62183260917663s
PF00079.100 88.7 89.8 75.4 79.2 5m49.74870610237122s
PF00084.100 88.6 88.6 74.6 78.0 2m14.924665212631227s
PF00127.100 70.8 73.0 32.5 40.3 2m47.672553062438965s
PF00139.100 84.5 86.3 71.8 75.1 3m51.67797255516053s
PF00142.100 1.5 1.9 0.0 0.0 4m3.245501995086695s
PF00150.100 52.9 53.4 5.4 9.4 4m37.14759135246279s
PF00155.100 59.3 58.0 3.8 6.2 4m15.601509809494s
PF00194.100 81.2 81.2 43.0 50.0 3m50.160905838012695s
PF00202.100 59.8 58.5 3.9 3.8 4m20.249082326889027s
PF00218.100 86.7 87.1 51.3 56.0 3m42.32889652252198s
PF00224.100 92.7 93.1 65.7 71.4 4m30.330217838287332s
PF00232.100 89.1 88.9 69.7 78.7 6m10.66074419021609s
PF00313.100 82.0 83.5 55.4 55.1 2m16.901803493499745s
PF00343.100 92.8 92.9 85.8 86.8 7m14.540025949478164s
PF00405.100 80.1 91.1 22.0 23.1 4m22.259086608886722s
PF00450.100 80.9 81.1 45.7 57.3 5m47.0366189479828s
PF00476.100 95.1 94.8 81.3 85.4 5m45.357408046722405s
PF00505.100 97.0 97.1 81.4 84.3 2m16.72355413436889s
PF00538.100 86.7 88.8 0.0 0.0 2m18.32059073448182s
PF00625.100 68.7 66.0 8.0 12.5 2m49.644687652587876s
PF00687.100 77.1 78.2 56.9 56.6 3m37.565892934799194s
PF00867.100 67.8 67.7 13.0 14.4 2m27.247699975967407s
PF00868.100 86.1 86.9 57.3 58.9 2m49.10424280166627s
PF00970.100 69.9 70.2 18.4 21.2 2m52.52529573440553s
PF01355.100 89.0 89.7 75.0 79.7 2m21.77577161788942s
PF01371.100 28.6 53.2 0.0 0.0 2m21.711219549179077s
PF01381.100 82.2 82.8 53.3 54.5 2m10.07369637489318s
PF01814.100 85.9 87.5 69.0 78.4 2m59.78647136688234s
PF02085.100 61.5 63.7 29.6 35.3 2m41.404248714447036s
PF02223.100 87.8 87.1 5.0 6.7 3m0.9511277675628715s
PF02777.100 90.6 93.9 69.3 71.3 2m40.467683553695686s
PF02836.100 91.3 91.8 74.2 84.8 4m14.015872716903672s
PF02868.100 79.2 79.1 55.6 61.6 3m8.540875911712646s
PF02878.100 74.0 76.0 53.3 56.8 2m49.51644110679627s
PF03129.100 97.8 97.8 57.1 63.8 2m22.936125040054314s
PF04082.100 58.3 60.9 36.8 44.3 4m30.20663881301882s
PF04908.100 49.0 49.7 10.2 14.9 2m27.59945988655091s
PF05746.100 86.7 87.1 67.9 77.1 2m44.40202403068541s
PF07654.100 86.3 87.0 70.2 72.2 2m27.381294012069706s
PF07679.100 76.0 76.5 24.0 29.7 2m29.510485649108887s
PF07686.100 89.2 89.4 15.9 18.0 2m28.611369371414188s
PF09011.100 96.3 96.3 81.7 85.1 2m24.372478485107408s
PF09173.100 40.8 79.7 0.0 0.0 2m27.400861263275146s
PF11427.100 47.2 47.6 0.0 0.0 2m10.78003382682799s
PF13365.100 85.2 86.0 6.5 6.1 2m56.731368780136116s
PF13378.100 79.6 80.5 0.9 0.4 3m6.070766210556027s
PF13393.100 54.1 65.1 9.6 14.3 4m23.794445514678966s
PF13522.100 73.6 74.6 22.5 28.8 2m56.563838958740234s
PF13561.100 78.2 78.2 4.2 6.0 3m21.661095380783078s
PF14497.100 82.5 83.0 37.2 44.4 2m31.872759103775017s
PF14604.100 69.2 70.6 14.3 18.5 2m13.704570293426519s
