PF00009.10000 77.1 81.7 28.3 40.6 7m3.146s
PF00018.10000 85.1 88.0 0.0 0.0 2m10.554s
PF00037.10000 87.8 93.3 55.2 66.5 1m56.760s
PF00046.10000 97.9 99.1 93.8 93.8 2m17.777s
PF00078.10000 86.5 89.3 70.6 71.7 5m24.565s
PF00079.10000 92.4 94.1 81.8 85.1 15m22.685s
PF00084.10000 91.0 91.0 81.4 83.7 2m18.129s
PF00150.10000 59.5 62.3 15.8 26.1 11m11.601s
PF00155.10000 43.2 43.9 0.0 0.0 14m49.289s
PF00202.10000 46.0 45.5 0.0 0.0 15m42.774s
PF00224.10000 92.0 92.5 64.4 69.3 13m44.595s
PF00232.10000 86.3 89.8 64.6 72.2 18m40.717s
PF00313.10000 82.0 84.0 53.8 54.2 2m23.120s
PF00450.10000 80.0 82.3 46.1 58.7 17m34.654s
PF00476.10000 93.8 94.8 76.4 80.4 18m32.738s
PF00505.10000 96.8 97.5 80.0 82.8 2m25.111s
PF00625.10000 29.7 32.0 0.0 0.0 5m3.804s
PF00687.10000 68.9 70.7 49.1 48.3 6m24.823s
PF00970.10000 66.0 67.4 9.8 11.4 2m56.105s
PF01381.10000 63.4 65.2 0.0 0.0 2m14.353s
PF01814.10000 87.1 87.9 70.7 79.6 3m11.698s
PF02777.10000 89.8 95.7 66.3 68.4 2m55.311s
PF02836.10000 87.1 89.3 67.9 79.1 7m21.779s
PF02878.10000 76.3 80.0 57.0 60.8 3m11.096s
PF03129.10000 97.3 97.8 58.2 63.8 2m49.058s
PF04082.10000 46.9 47.7 12.6 15.2 8m32.550s
PF05746.10000 85.5 86.2 67.2 76.3 4m25.156s
PF07654.10000 89.2 89.4 76.2 77.8 2m32.440s
PF07679.10000 83.4 84.0 46.0 56.6 2m34.292s
PF07686.10000 89.1 90.6 32.7 36.9 2m47.346s
PF13365.10000 24.0 28.4 0.0 0.0 5m21.933s
PF13378.10000 72.8 74.4 19.3 22.2 5m44.714s
PF13393.10000 28.7 32.9 0.0 0.0 11m9.766s
PF13522.10000 66.2 67.9 19.4 24.8 3m24.223s
PF13561.10000 70.3 70.5 0.3 0.0 5m42.719s
PF14604.10000 67.1 69.6 1.6 0.4 2m19.994s
