PF00005.30_100000_0 75.2 75.4 21.3 35.1
PF00005.30_100000_1 75.7 76.4 20.9 34.4
PF00005.30_10000_0 76.1 77.1 21.3 35.1
PF00041.24_1500_0 78.2 80.6 16.5 22.8
PF00041.24_1500_1 77.4 79.6 16.5 22.8
PF00041.24_1500_2 75.8 78.5 16.5 22.8
PF00041.24_1500_3 78.9 81.2 15.6 21.5
PF00041.24_1500_4 77.4 79.7 16.5 22.8
PF00041.24_1500_5 77.9 80.5 16.5 22.8
PF00041.24_1500_6 78.7 81.2 15.6 21.5
PF00041.24_1500_7 78.3 80.9 16.5 22.8
PF00041.24_1500_8 77.1 80.0 15.6 21.5
PF00041.24_1500_9 78.7 81.2 16.5 22.8
PF00005.30_10000_1 76.5 77.5 21.3 35.1
PF00041.24_200000_0 79.2 80.0 15.6 21.5
PF00041.24_200000_1 79.7 80.3 15.6 21.5
PF00041.24_200000_2 80.2 81.0 15.6 21.5
PF00041.24_200000_3 80.2 80.7 15.6 21.5
PF00041.24_200000_4 79.7 80.3 15.6 21.5
PF00041.24_200000_5 79.6 80.1 15.6 21.5
PF00041.24_200000_6 79.1 79.8 15.6 21.5
PF00041.24_200000_7 78.9 79.4 15.6 21.5
PF00041.24_200000_8 79.5 80.0 15.6 21.5
PF00041.24_200000_9 79.4 80.5 15.6 21.5
PF00005.30_10000_2 75.8 76.7 20.4 33.6
PF00041.24_20000_0 80.2 81.4 15.6 21.5
PF00041.24_20000_1 79.1 81.1 16.5 22.8
PF00041.24_20000_2 79.4 81.1 15.6 21.5
PF00041.24_20000_3 80.0 81.4 15.6 21.5
PF00041.24_20000_4 79.7 81.4 16.5 22.8
PF00041.24_20000_5 79.5 81.2 15.6 21.5
PF00041.24_20000_6 79.7 81.2 15.6 21.5
PF00041.24_20000_7 78.8 80.9 18.3 25.3
PF00041.24_20000_8 78.4 80.4 15.6 21.5
PF00041.24_20000_9 79.6 81.1 15.6 21.5
PF00005.30_10000_3 75.8 76.8 20.9 34.4
PF00041.24_300000_0 79.2 79.5 15.6 21.5
PF00041.24_300000_1 79.4 79.8 6.4 8.9
PF00041.24_300000_2 79.8 80.1 15.6 21.5
PF00041.24_300000_3 79.6 79.9 5.5 7.6
PF00041.24_300000_4 78.4 78.9 15.6 21.5
PF00041.24_300000_5 79.7 80.2 15.6 21.5
PF00041.24_300000_6 79.9 80.2 16.5 22.8
PF00041.24_300000_7 79.2 79.6 15.6 21.5
PF00041.24_300000_8 79.2 79.6 15.6 21.5
PF00041.24_300000_9 79.8 80.2 15.6 21.5
PF00005.30_10000_4 76.0 77.0 20.4 33.6
PF00041.24_500000_0 79.3 79.6 6.4 8.9
PF00041.24_500000_1 79.0 79.2 5.5 7.6
PF00041.24_500000_2 78.9 79.1 15.6 21.5
PF00041.24_500000_3 78.7 79.3 5.5 7.6
PF00041.24_500000_4 79.3 79.8 15.6 21.5
PF00041.24_500000_5 79.2 79.4 5.5 7.6
PF00041.24_500000_6 78.7 79.1 6.4 8.9
PF00041.24_500000_7 78.8 79.2 15.6 21.5
PF00041.24_500000_8 79.0 79.2 5.5 7.6
PF00041.24_500000_9 78.0 78.2 5.5 7.6
PF00005.30_10000_5 73.5 74.7 21.3 35.1
PF00041.24_50000_0 80.2 81.2 16.5 22.8
PF00041.24_50000_1 80.1 81.5 17.4 24.1
PF00041.24_50000_2 80.3 81.6 15.6 21.5
PF00041.24_50000_3 79.4 80.3 17.4 24.0
PF00041.24_50000_4 78.7 80.0 15.6 21.5
PF00041.24_50000_5 79.7 81.0 15.6 21.5
PF00041.24_50000_6 79.2 80.6 15.6 21.5
PF00041.24_50000_7 80.0 80.9 15.6 21.5
PF00041.24_50000_8 79.5 80.8 17.4 24.1
PF00041.24_50000_9 79.4 80.3 16.5 22.8
PF00005.30_10000_6 73.5 74.5 21.3 35.1
PF00069.28_100000_0 83.5 82.6 31.3 49.3
PF00069.28_100000_1 84.1 83.0 33.7 51.8
PF00069.28_100000_2 84.0 82.7 32.1 50.6
PF00069.28_100000_3 84.3 83.1 35.0 54.3
PF00069.28_100000_4 83.6 82.6 27.7 43.7
PF00069.28_100000_5 84.3 83.0 33.4 52.2
PF00069.28_100000_6 83.3 82.2 29.3 46.0
PF00069.28_100000_7 84.0 82.9 33.4 52.6
PF00069.28_100000_8 83.9 82.8 31.6 49.3
PF00069.28_100000_9 83.8 82.6 33.4 52.2
PF00005.30_10000_7 76.0 77.0 21.3 35.1
PF00069.28_10000_0 81.7 82.4 19.4 29.8
PF00069.28_10000_1 82.0 82.9 19.9 29.4
PF00069.28_10000_2 81.9 82.6 19.7 29.4
PF00069.28_10000_3 82.1 82.7 20.2 29.8
PF00069.28_10000_4 82.3 82.8 19.2 28.6
PF00069.28_10000_5 81.4 82.0 18.9 28.6
PF00069.28_10000_6 81.6 82.4 19.9 29.8
PF00069.28_10000_7 81.8 82.8 19.7 29.8
PF00069.28_10000_8 82.0 82.7 19.2 29.4
PF00069.28_10000_9 81.6 82.6 19.7 29.0
PF00005.30_10000_8 74.4 75.6 21.3 35.1
PF00069.28_1500_0 82.7 83.0 21.2 30.6
PF00069.28_1500_1 83.3 83.8 21.0 30.6
PF00069.28_1500_2 82.9 83.5 20.2 29.4
PF00069.28_1500_3 84.0 84.0 20.7 31.0
PF00069.28_1500_4 82.8 83.1 19.2 28.1
PF00069.28_1500_5 83.2 83.4 20.5 31.5
PF00069.28_1500_6 82.8 83.0 19.7 29.4
PF00069.28_1500_7 83.3 83.6 19.9 28.6
PF00069.28_1500_8 83.1 83.4 19.7 28.5
PF00069.28_1500_9 83.4 83.8 20.5 29.8
PF00005.30_10000_9 75.8 77.0 21.3 35.1
PF00069.28_200000_0 83.3 82.4 22.3 34.5
PF00069.28_200000_1 84.7 83.4 31.6 48.4
PF00069.28_200000_2 83.8 82.6 24.1 37.5
PF00069.28_200000_3 83.7 82.6 22.0 33.7
PF00069.28_200000_4 83.9 82.7 25.1 39.5
PF00069.28_200000_5 83.8 82.4 25.9 40.3
PF00069.28_200000_6 83.8 83.1 23.6 37.0
PF00069.28_200000_7 83.0 82.0 25.6 39.1
PF00069.28_200000_8 84.2 82.8 26.2 40.8
PF00069.28_200000_9 84.3 82.6 25.9 39.5
PF00005.30_100000_2 75.9 76.6 20.9 34.4
PF00005.30_1500_0 76.9 77.3 22.2 36.6
PF00069.28_20000_0 82.3 83.2 19.4 30.2
PF00069.28_20000_1 82.1 82.7 19.4 28.6
PF00069.28_20000_2 82.4 83.1 19.4 29.8
PF00069.28_20000_3 82.2 83.1 19.7 30.2
PF00069.28_20000_4 82.2 83.0 19.9 30.6
PF00069.28_20000_5 82.0 82.7 19.4 30.2
PF00069.28_20000_6 82.4 83.2 19.7 30.2
PF00069.28_20000_7 82.2 82.9 18.1 27.8
PF00069.28_20000_8 81.8 82.5 18.4 28.2
PF00069.28_20000_9 82.1 82.8 18.9 29.0
PF00005.30_1500_1 76.3 76.6 20.0 32.9
PF00069.28_300000_0 83.6 82.5 26.7 40.4
PF00069.28_300000_1 83.6 82.5 26.9 40.4
PF00069.28_300000_2 84.4 82.8 25.9 40.3
PF00069.28_300000_3 83.2 82.0 26.4 41.2
PF00069.28_300000_4 84.1 82.5 28.0 41.2
PF00069.28_300000_5 83.0 81.8 27.5 42.3
PF00069.28_300000_6 83.2 82.1 24.9 37.5
PF00069.28_300000_7 83.5 81.9 25.6 38.3
PF00069.28_300000_8 83.3 82.3 24.6 37.4
PF00069.28_300000_9 83.8 82.2 27.7 41.2
PF00005.30_1500_2 76.4 76.8 20.9 34.4
PF00069.28_500000_0 83.3 81.9 26.2 40.4
PF00069.28_500000_1 84.1 82.5 26.2 39.9
PF00069.28_500000_2 84.0 82.3 27.2 41.2
PF00069.28_500000_3 84.1 82.6 27.2 41.2
PF00069.28_500000_4 84.4 82.9 27.7 41.6
PF00069.28_500000_5 84.4 82.5 27.7 41.6
PF00069.28_500000_6 84.3 82.7 28.2 42.9
PF00069.28_500000_7 84.2 82.5 28.0 41.6
PF00069.28_500000_8 83.4 81.7 27.2 41.2
PF00069.28_500000_9 84.7 82.8 27.7 42.0
PF00005.30_1500_3 75.3 75.6 21.3 35.1
PF00069.28_50000_0 83.5 82.5 30.3 47.3
PF00069.28_50000_1 82.2 82.8 20.2 29.9
PF00069.28_50000_2 82.1 82.9 19.2 29.8
PF00069.28_50000_3 82.4 83.2 18.9 29.0
PF00069.28_50000_4 82.3 83.2 18.9 29.0
PF00069.28_50000_5 83.6 82.4 32.9 51.7
PF00069.28_50000_6 82.4 83.0 20.5 31.5
PF00069.28_50000_7 84.1 82.8 33.7 52.6
PF00069.28_50000_8 83.9 83.1 30.8 48.5
PF00069.28_50000_9 83.3 82.3 32.4 49.3
PF00005.30_1500_4 74.4 74.6 21.3 35.1
PF00072.27_100000_0 93.8 93.9 42.3 49.9
PF00072.27_100000_1 93.9 94.0 40.8 48.1
PF00072.27_100000_2 93.7 93.8 41.5 49.0
PF00072.27_100000_3 93.1 93.2 41.5 49.0
PF00072.27_100000_4 93.4 93.5 42.3 49.9
PF00072.27_100000_5 93.2 93.4 42.3 49.9
PF00072.27_100000_6 93.2 93.3 41.5 49.0
PF00072.27_100000_7 93.7 93.9 41.5 49.0
PF00072.27_100000_8 93.0 93.1 41.5 49.0
PF00072.27_100000_9 93.4 93.5 40.8 48.1
PF00005.30_1500_5 75.9 76.2 20.0 32.9
PF00072.27_10000_0 93.1 93.2 40.0 47.2
PF00072.27_10000_1 93.2 93.2 40.0 47.2
PF00072.27_10000_2 93.0 93.1 40.8 48.1
PF00072.27_10000_3 93.3 93.4 40.0 47.2
PF00072.27_10000_4 93.1 93.2 40.0 47.2
PF00072.27_10000_5 93.1 93.2 40.0 47.2
PF00072.27_10000_6 93.3 93.3 40.0 47.2
PF00072.27_10000_7 92.9 93.0 40.0 47.2
PF00072.27_10000_8 93.4 93.4 40.8 48.1
PF00072.27_10000_9 93.3 93.4 40.0 47.2
PF00005.30_1500_6 76.5 76.6 22.2 36.6
PF00072.27_1500_0 93.1 93.4 37.7 44.4
PF00072.27_1500_1 94.6 94.6 42.3 49.9
PF00072.27_1500_2 93.7 93.8 40.8 48.1
PF00072.27_1500_3 92.7 92.7 40.0 47.2
PF00072.27_1500_4 92.9 93.2 37.7 44.4
PF00072.27_1500_5 93.6 93.6 40.0 47.2
PF00072.27_1500_6 93.4 93.4 41.5 49.0
PF00072.27_1500_7 93.4 93.4 40.0 47.2
PF00072.27_1500_8 93.3 93.3 41.5 49.0
PF00072.27_1500_9 93.8 93.9 40.0 47.2
PF00005.30_1500_7 75.5 75.8 20.0 32.9
PF00072.27_200000_0 93.4 93.4 42.3 49.9
PF00072.27_200000_1 93.4 93.5 43.1 50.8
PF00072.27_200000_2 92.8 92.9 41.5 49.0
PF00072.27_200000_3 93.3 93.3 43.8 51.7
PF00072.27_200000_4 93.3 93.2 43.1 50.8
PF00072.27_200000_5 93.2 93.4 40.0 47.2
PF00072.27_200000_6 93.7 93.8 44.6 52.6
PF00072.27_200000_7 93.3 93.3 41.5 49.0
PF00072.27_200000_8 93.3 93.3 42.3 49.9
PF00072.27_200000_9 93.0 93.1 41.5 49.0
PF00005.30_1500_8 76.0 76.3 22.2 36.6
PF00072.27_20000_0 92.6 92.8 40.0 47.2
PF00072.27_20000_1 93.9 94.1 40.8 48.1
PF00072.27_20000_2 92.7 92.8 40.0 47.2
PF00072.27_20000_3 93.0 93.0 40.0 47.2
PF00072.27_20000_4 93.1 93.3 40.0 47.2
PF00072.27_20000_5 92.9 93.2 40.0 47.2
PF00072.27_20000_6 93.4 93.5 40.0 47.2
PF00072.27_20000_7 92.7 92.9 40.0 47.2
PF00072.27_20000_8 92.9 93.0 40.0 47.2
PF00072.27_20000_9 93.3 93.4 40.0 47.2
PF00005.30_1500_9 76.3 76.6 23.1 38.0
PF00072.27_300000_0 92.6 92.6 36.2 42.6
PF00072.27_300000_1 93.7 93.8 40.0 47.2
PF00072.27_300000_2 92.8 92.8 35.4 41.7
PF00072.27_300000_3 93.6 93.5 43.1 50.8
PF00072.27_300000_4 93.7 93.8 44.6 52.6
PF00072.27_300000_5 93.2 93.2 36.2 42.6
PF00072.27_300000_6 93.5 93.5 40.0 47.2
PF00072.27_300000_7 93.0 93.1 36.2 42.6
PF00072.27_300000_8 93.6 93.6 43.8 51.7
PF00072.27_300000_9 93.7 93.7 36.2 42.6
PF00005.30_100000_3 74.3 75.2 20.4 33.6
PF00005.30_200000_0 75.6 75.8 21.8 35.8
PF00072.27_500000_0 93.7 93.7 36.2 42.6
PF00072.27_500000_1 93.3 93.3 43.8 51.7
PF00072.27_500000_2 93.5 93.5 36.2 42.6
PF00072.27_500000_3 94.1 94.1 40.0 47.2
PF00072.27_500000_4 93.5 93.5 33.1 39.0
PF00072.27_500000_5 94.1 94.2 36.2 42.6
PF00072.27_500000_6 93.7 93.7 32.3 38.1
PF00072.27_500000_7 93.4 93.4 44.6 52.6
PF00072.27_500000_8 93.4 93.3 45.4 53.5
PF00072.27_500000_9 93.0 93.0 33.1 39.0
PF00005.30_200000_1 75.3 75.8 21.8 35.8
PF00072.27_50000_0 93.4 93.5 41.5 49.0
PF00072.27_50000_1 93.6 93.8 40.0 47.2
PF00072.27_50000_2 93.0 93.1 41.5 49.0
PF00072.27_50000_3 93.2 93.3 40.8 48.1
PF00072.27_50000_4 93.4 93.5 41.5 49.0
PF00072.27_50000_5 93.0 93.1 41.5 49.0
PF00072.27_50000_6 93.0 93.2 41.5 49.0
PF00072.27_50000_7 92.5 92.7 41.5 49.0
PF00072.27_50000_8 93.8 94.0 41.5 49.0
PF00072.27_50000_9 94.2 94.3 40.0 47.2
PF00005.30_200000_2 75.7 75.8 21.3 35.1
PF00096.29_100000_0 91.4 92.3 12.9 17.3
PF00096.29_100000_1 90.8 91.7 6.5 0.0
PF00096.29_100000_2 91.0 91.8 0.0 0.0
PF00096.29_100000_3 91.4 92.4 12.9 17.3
PF00096.29_100000_4 91.3 92.4 9.7 13.0
PF00096.29_100000_5 91.3 92.2 9.7 13.0
PF00096.29_100000_6 91.7 92.4 9.7 13.0
PF00096.29_100000_7 91.7 92.7 12.9 17.3
PF00096.29_100000_8 91.1 92.1 9.7 13.0
PF00096.29_100000_9 91.4 92.2 12.9 17.3
PF00005.30_200000_3 74.9 75.2 20.9 34.4
PF00096.29_10000_0 90.7 93.0 12.9 17.3
PF00096.29_10000_1 90.2 92.5 12.9 17.3
PF00096.29_10000_2 89.9 92.5 19.4 17.3
PF00096.29_10000_3 90.2 92.6 12.9 17.3
PF00096.29_10000_4 90.2 92.4 9.7 13.0
PF00096.29_10000_5 90.0 92.4 12.9 17.3
PF00096.29_10000_6 90.2 92.5 12.9 17.3
PF00096.29_10000_7 90.1 92.3 9.7 13.0
PF00096.29_10000_8 89.9 92.3 9.7 13.0
PF00096.29_10000_9 89.2 91.6 0.0 0.0
PF00005.30_200000_4 73.9 74.8 20.9 34.4
PF00096.29_1500_0 90.7 92.0 0.0 0.0
PF00096.29_1500_1 93.0 94.3 22.6 17.3
PF00096.29_1500_2 92.3 93.4 12.9 13.0
PF00096.29_1500_3 92.7 93.7 9.7 13.0
PF00096.29_1500_4 91.5 92.8 12.9 13.0
PF00096.29_1500_5 92.5 93.8 12.9 13.0
PF00096.29_1500_6 92.7 93.8 9.7 13.0
PF00096.29_1500_7 92.5 93.7 9.7 13.0
PF00096.29_1500_8 91.4 92.7 6.5 0.0
PF00096.29_1500_9 90.1 91.4 0.0 0.0
PF00005.30_200000_5 75.7 76.0 21.8 35.8
PF00096.29_200000_0 91.6 92.1 0.0 0.0
PF00096.29_200000_1 91.6 92.2 6.5 8.6
PF00096.29_200000_2 90.7 91.3 0.0 0.0
PF00096.29_200000_3 91.5 92.0 9.7 13.0
PF00096.29_200000_4 91.5 92.0 6.5 0.0
PF00096.29_200000_5 91.0 91.5 0.0 0.0
PF00096.29_200000_6 90.6 91.1 0.0 0.0
PF00096.29_200000_7 91.8 92.3 9.7 13.0
PF00096.29_200000_8 91.9 92.3 9.7 13.0
PF00096.29_200000_9 91.3 91.7 6.5 0.0
PF00005.30_200000_6 75.5 76.1 20.9 34.4
PF00096.29_20000_0 90.8 93.2 19.4 17.3
PF00096.29_20000_1 90.8 93.2 12.9 17.3
PF00096.29_20000_2 90.4 92.8 9.7 13.0
PF00096.29_20000_3 90.2 92.5 12.9 17.3
PF00096.29_20000_4 90.2 92.5 9.7 13.0
PF00096.29_20000_5 90.3 93.0 19.4 17.3
PF00096.29_20000_6 90.4 92.7 12.9 17.3
PF00096.29_20000_7 90.0 92.3 9.7 13.0
PF00096.29_20000_8 90.0 92.6 9.7 13.0
PF00096.29_20000_9 90.9 93.2 9.7 13.0
PF00005.30_200000_7 75.8 76.4 22.2 36.6
PF00096.29_300000_0 91.3 91.7 9.7 13.0
PF00096.29_300000_1 90.9 91.4 0.0 0.0
PF00096.29_300000_2 91.0 91.3 0.0 0.0
PF00096.29_300000_3 91.4 91.9 9.7 13.0
PF00096.29_300000_4 91.2 91.7 3.2 4.3
PF00096.29_300000_5 91.3 91.7 0.0 0.0
PF00096.29_300000_6 91.2 91.7 0.0 0.0
PF00096.29_300000_7 90.6 91.0 0.0 0.0
PF00096.29_300000_8 91.2 91.7 3.2 4.3
PF00096.29_300000_9 91.7 92.2 9.7 13.0
PF00005.30_200000_8 74.4 74.8 22.7 37.3
PF00096.29_500000_0 89.9 90.6 0.0 0.0
PF00096.29_500000_1 92.7 93.1 9.7 13.0
PF00096.29_500000_2 91.3 91.8 12.9 17.3
PF00096.29_500000_3 90.7 91.4 3.2 4.3
PF00096.29_500000_4 91.0 91.4 9.7 13.0
PF00096.29_500000_5 91.2 91.9 9.7 13.0
PF00096.29_500000_6 90.8 91.4 0.0 0.0
PF00096.29_500000_7 90.5 91.2 0.0 0.0
PF00096.29_500000_8 90.8 91.3 3.2 4.3
PF00096.29_500000_9 91.4 91.8 0.0 0.0
PF00005.30_200000_9 74.2 75.0 22.2 36.6
PF00096.29_50000_0 90.9 92.4 12.9 17.3
PF00096.29_50000_1 90.9 92.7 12.9 17.3
PF00096.29_50000_2 90.9 92.7 12.9 17.3
PF00096.29_50000_3 90.9 92.7 9.7 13.0
PF00096.29_50000_4 90.8 92.4 19.4 17.3
PF00096.29_50000_5 90.7 92.4 12.9 17.3
PF00096.29_50000_6 91.1 92.6 12.9 17.3
PF00096.29_50000_7 90.7 92.6 9.7 13.0
PF00096.29_50000_8 90.8 92.2 9.7 13.0
PF00096.29_50000_9 90.6 92.3 9.7 13.0
PF00005.30_100000_4 74.4 75.2 21.8 35.8
PF00005.30_20000_0 73.7 75.5 20.9 34.4
PF00400.35_100000_0 16.8 16.0 0.0 0.0
PF00400.35_100000_1 18.2 17.1 0.0 0.0
PF00400.35_100000_2 17.9 16.9 0.0 0.0
PF00400.35_100000_3 16.2 15.5 0.0 0.0
PF00400.35_100000_4 16.3 15.6 0.0 0.0
PF00400.35_100000_5 18.0 17.0 0.0 0.0
PF00400.35_100000_6 18.2 17.2 0.0 0.0
PF00400.35_100000_7 16.5 15.8 0.0 0.0
PF00400.35_100000_8 16.3 15.5 0.0 0.0
PF00400.35_100000_9 17.5 16.6 0.0 0.0
PF00005.30_20000_1 74.5 75.3 20.4 33.6
PF00400.35_10000_0 14.6 14.1 0.0 0.0
PF00400.35_10000_1 15.0 14.5 0.0 0.0
PF00400.35_10000_2 14.3 13.9 0.0 0.0
PF00400.35_10000_3 14.5 14.0 0.0 0.0
PF00400.35_10000_4 14.5 14.1 0.0 0.0
PF00400.35_10000_5 14.9 14.4 0.0 0.0
PF00400.35_10000_6 14.8 14.4 0.0 0.0
PF00400.35_10000_7 14.8 14.3 0.0 0.0
PF00400.35_10000_8 14.4 14.0 0.0 0.0
PF00400.35_10000_9 14.9 14.4 0.0 0.0
PF00005.30_20000_2 74.1 74.6 21.3 35.1
PF00400.35_1500_0 19.2 17.9 0.8 2.8
PF00400.35_1500_1 19.0 17.7 1.7 5.7
PF00400.35_1500_2 19.2 17.9 1.7 5.7
PF00400.35_1500_3 19.3 18.0 0.0 0.0
PF00400.35_1500_4 19.1 17.8 1.7 5.7
PF00400.35_1500_5 19.0 17.7 1.7 5.7
PF00400.35_1500_6 19.0 17.7 0.0 0.0
PF00400.35_1500_7 19.2 17.9 1.7 5.7
PF00400.35_1500_8 19.2 17.9 1.7 5.7
PF00400.35_1500_9 19.2 17.9 1.7 5.7
PF00005.30_20000_3 73.7 75.5 19.6 32.2
PF00400.35_200000_0 19.0 17.8 0.0 0.0
PF00400.35_200000_1 17.3 16.4 0.0 0.0
PF00400.35_200000_2 18.8 17.7 0.0 0.0
PF00400.35_200000_3 18.8 17.6 0.0 0.0
PF00400.35_200000_4 19.0 17.8 0.0 0.0
PF00400.35_200000_5 18.8 17.6 0.0 0.0
PF00400.35_200000_6 17.4 16.5 0.0 0.0
PF00400.35_200000_7 16.6 15.8 0.0 0.0
PF00400.35_200000_8 17.1 16.2 0.0 0.0
PF00400.35_200000_9 16.6 15.8 0.0 0.0
PF00005.30_20000_4 74.6 75.8 20.4 33.6
PF00400.35_20000_0 13.8 13.7 0.0 0.0
PF00400.35_20000_1 15.2 14.8 0.0 0.0
PF00400.35_20000_2 15.5 15.0 0.0 0.0
PF00400.35_20000_3 15.4 14.9 0.0 0.0
PF00400.35_20000_4 15.3 14.8 0.0 0.0
PF00400.35_20000_5 15.1 14.6 0.0 0.0
PF00400.35_20000_6 13.8 13.6 0.0 0.0
PF00400.35_20000_7 13.8 13.6 0.0 0.0
PF00400.35_20000_8 13.9 13.8 0.0 0.0
PF00400.35_20000_9 13.4 13.4 0.0 0.0
PF00005.30_20000_5 74.6 75.3 20.4 33.6
PF00400.35_300000_0 19.4 18.1 0.0 0.0
PF00400.35_300000_1 19.4 18.1 0.0 0.0
PF00400.35_300000_2 19.5 18.2 0.0 0.0
PF00400.35_300000_3 19.2 17.9 0.0 0.0
PF00400.35_300000_4 19.3 18.0 0.0 0.0
PF00400.35_300000_5 19.0 17.7 0.0 0.0
PF00400.35_300000_6 19.1 17.9 0.0 0.0
PF00400.35_300000_7 19.2 17.9 0.0 0.0
PF00400.35_300000_8 17.5 16.5 0.0 0.0
PF00400.35_300000_9 19.8 18.5 0.0 0.0
PF00005.30_20000_6 74.0 75.3 20.4 33.6
PF00400.35_500000_0 19.3 17.9 0.0 0.0
PF00400.35_500000_1 17.7 16.6 0.0 0.0
PF00400.35_500000_2 17.6 16.5 0.0 0.0
PF00400.35_500000_3 19.7 18.3 0.0 0.0
PF00400.35_500000_4 19.4 18.1 0.0 0.0
PF00400.35_500000_5 17.7 16.6 0.0 0.0
PF00400.35_500000_6 19.3 18.0 0.0 0.0
PF00400.35_500000_7 19.4 18.1 0.0 0.0
PF00400.35_500000_8 19.3 17.9 0.0 0.0
PF00400.35_500000_9 19.8 18.4 0.0 0.0
PF00005.30_20000_7 74.6 75.3 20.4 33.6
PF00400.35_50000_0 17.1 16.2 0.0 0.0
PF00400.35_50000_1 17.3 16.4 0.0 0.0
PF00400.35_50000_2 15.2 14.8 0.0 0.0
PF00400.35_50000_3 16.9 16.0 0.0 0.0
PF00400.35_50000_4 16.7 15.9 0.0 0.0
PF00400.35_50000_5 16.9 16.1 0.0 0.0
PF00400.35_50000_6 16.8 16.1 0.0 0.0
PF00400.35_50000_7 16.7 15.9 0.0 0.0
PF00400.35_50000_8 16.9 16.1 0.0 0.0
PF00400.35_50000_9 16.7 16.0 0.0 0.0
PF00005.30_20000_8 74.7 75.3 20.4 33.6
PF07679.19_100000_0 92.5 93.2 53.0 59.8
PF07679.19_100000_1 92.6 93.3 54.0 60.9
PF07679.19_100000_2 92.4 93.3 54.0 60.9
PF07679.19_100000_3 92.7 93.4 54.0 60.9
PF07679.19_100000_4 93.1 94.0 55.0 62.0
PF07679.19_100000_5 92.1 92.9 53.0 59.8
PF07679.19_100000_6 93.3 93.9 55.0 62.0
PF07679.19_100000_7 92.7 93.4 54.0 60.9
PF07679.19_100000_8 92.4 93.4 54.0 60.9
PF07679.19_100000_9 92.3 93.1 48.0 54.2
PF00005.30_20000_9 74.4 75.2 20.9 34.4
PF07679.19_10000_0 92.0 93.5 50.0 56.4
PF07679.19_10000_1 91.8 93.8 53.0 59.8
PF07679.19_10000_2 92.1 93.3 54.0 60.9
PF07679.19_10000_3 92.0 93.2 52.0 58.6
PF07679.19_10000_4 92.7 93.8 52.0 58.6
PF07679.19_10000_5 92.6 93.6 51.0 57.5
PF07679.19_10000_6 92.2 93.3 53.0 59.8
PF07679.19_10000_7 92.9 93.9 52.0 58.6
PF07679.19_10000_8 92.1 93.6 50.0 56.4
PF07679.19_10000_9 91.5 93.8 54.0 60.9
PF00005.30_100000_5 76.3 76.9 21.8 35.8
PF00005.30_300000_0 74.4 74.6 21.8 35.8
PF07679.19_1500_0 92.5 94.0 51.0 57.5
PF07679.19_1500_1 91.8 93.2 50.0 56.4
PF07679.19_1500_2 92.7 93.8 49.0 55.3
PF07679.19_1500_3 91.9 93.2 53.0 59.8
PF07679.19_1500_4 92.2 93.6 50.0 56.4
PF07679.19_1500_5 92.0 93.4 55.0 62.0
PF07679.19_1500_6 92.2 93.5 56.0 63.1
PF07679.19_1500_7 91.9 93.3 52.0 58.7
PF07679.19_1500_8 90.7 93.1 53.0 59.8
PF07679.19_1500_9 92.9 93.8 56.0 63.1
PF00005.30_300000_1 75.4 75.8 22.2 36.6
PF07679.19_200000_0 92.9 93.6 50.0 56.4
PF07679.19_200000_1 92.8 93.2 55.0 62.0
PF07679.19_200000_2 91.9 92.5 44.0 49.6
PF07679.19_200000_3 92.1 92.9 49.0 55.2
PF07679.19_200000_4 91.9 92.9 46.0 51.9
PF07679.19_200000_5 91.3 91.9 47.0 53.0
PF07679.19_200000_6 92.1 92.7 50.0 56.4
PF07679.19_200000_7 92.5 93.3 45.0 50.8
PF07679.19_200000_8 92.2 92.6 49.0 55.2
PF07679.19_200000_9 91.4 92.2 42.0 47.4
PF00005.30_300000_2 75.0 75.5 22.7 37.3
PF07679.19_20000_0 91.9 93.5 52.0 58.6
PF07679.19_20000_1 91.2 93.1 52.0 58.6
PF07679.19_20000_2 91.1 92.8 50.0 56.4
PF07679.19_20000_3 91.5 93.6 50.0 56.4
PF07679.19_20000_4 91.5 93.2 52.0 58.6
PF07679.19_20000_5 92.3 93.9 52.0 58.6
PF07679.19_20000_6 91.3 93.5 53.0 59.8
PF07679.19_20000_7 92.3 94.0 52.0 58.6
PF07679.19_20000_8 92.2 93.9 51.0 57.5
PF07679.19_20000_9 91.6 93.0 53.0 59.8
PF00005.30_300000_3 75.6 75.9 21.3 35.1
PF07679.19_300000_0 92.4 92.7 45.0 50.8
PF07679.19_300000_1 91.4 91.8 49.0 55.2
PF07679.19_300000_2 92.4 92.7 43.0 48.5
PF07679.19_300000_3 91.4 91.9 44.0 49.6
PF07679.19_300000_4 92.7 93.3 44.0 49.6
PF07679.19_300000_5 91.8 92.5 49.0 55.2
PF07679.19_300000_6 92.6 92.8 49.0 55.3
PF07679.19_300000_7 92.8 93.1 45.0 50.8
PF07679.19_300000_8 92.1 92.7 50.0 56.4
PF07679.19_300000_9 92.9 93.5 50.0 56.4
PF00005.30_300000_4 75.0 75.8 23.1 38.0
PF07679.19_500000_0 92.3 92.3 51.0 57.5
PF07679.19_500000_1 92.5 92.6 47.0 53.0
PF07679.19_500000_2 91.9 92.3 47.0 53.0
PF07679.19_500000_3 91.9 92.4 44.0 49.6
PF07679.19_500000_4 92.5 92.8 44.0 49.6
PF07679.19_500000_5 91.5 91.9 50.0 56.4
PF07679.19_500000_6 91.9 92.3 43.0 48.5
PF07679.19_500000_7 93.0 93.2 52.0 58.7
PF07679.19_500000_8 92.6 92.8 51.0 57.5
PF07679.19_500000_9 92.6 92.6 48.0 54.2
PF00005.30_300000_5 74.5 75.0 22.7 37.3
PF07679.19_50000_0 92.0 93.1 52.0 58.6
PF07679.19_50000_1 92.3 93.1 52.0 58.6
PF07679.19_50000_2 92.7 93.6 52.0 58.6
PF07679.19_50000_3 92.6 93.5 53.0 59.8
PF07679.19_50000_4 93.1 94.0 51.0 57.5
PF07679.19_50000_5 92.3 93.2 53.0 59.8
PF07679.19_50000_6 92.3 93.1 45.0 50.8
PF07679.19_50000_7 91.9 92.8 52.0 58.6
PF07679.19_50000_8 92.5 93.2 54.0 60.9
PF07679.19_50000_9 92.6 93.5 53.0 59.8
PF00005.30_300000_6 76.0 76.7 22.7 37.3
PF07690.19_100000_0 54.7 56.4 0.0 0.0
PF07690.19_100000_1 57.0 55.8 0.0 0.0
PF07690.19_100000_2 56.6 55.4 0.0 0.0
PF07690.19_100000_3 56.5 55.1 0.0 0.0
PF07690.19_100000_4 53.5 56.4 0.0 0.0
PF07690.19_100000_5 56.9 55.3 0.6 0.0
PF07690.19_100000_6 57.2 55.7 0.0 0.0
PF07690.19_100000_7 56.7 55.1 0.3 0.0
PF07690.19_100000_8 57.0 55.4 0.4 0.0
PF07690.19_100000_9 57.1 55.5 0.0 0.0
PF00005.30_300000_7 76.2 76.7 22.2 36.6
PF07690.19_10000_0 52.2 54.6 0.0 0.0
PF07690.19_10000_1 52.5 54.7 0.3 0.0
PF07690.19_10000_2 52.9 54.6 0.3 0.0
PF07690.19_10000_3 52.8 54.9 0.3 0.0
PF07690.19_10000_4 52.3 54.6 0.3 0.0
PF07690.19_10000_5 52.8 55.0 0.3 0.0
PF07690.19_10000_6 52.3 54.7 0.3 0.0
PF07690.19_10000_7 51.8 53.7 0.3 0.0
PF07690.19_10000_8 51.7 53.8 0.3 0.0
PF07690.19_10000_9 51.6 53.9 0.3 0.0
PF00005.30_300000_8 75.8 75.9 22.2 35.8
PF07690.19_1500_0 52.2 54.2 0.3 0.0
PF07690.19_1500_1 51.6 53.6 0.3 0.0
PF07690.19_1500_2 51.3 53.8 0.3 0.0
PF07690.19_1500_3 51.3 53.2 0.0 0.0
PF07690.19_1500_4 51.4 53.2 0.3 0.0
PF07690.19_1500_5 51.8 53.6 0.0 0.0
PF07690.19_1500_6 51.8 54.2 0.0 0.0
PF07690.19_1500_7 50.8 53.3 0.0 0.0
PF07690.19_1500_8 51.4 54.6 0.3 0.0
PF07690.19_1500_9 51.7 53.6 0.3 0.0
PF00005.30_300000_9 75.7 75.8 23.1 38.0
PF07690.19_200000_0 54.5 55.6 0.0 0.0
PF07690.19_200000_1 56.8 55.1 0.0 0.0
PF07690.19_200000_2 52.9 56.3 0.0 0.0
PF07690.19_200000_3 56.6 55.2 0.0 0.0
PF07690.19_200000_4 56.4 55.0 0.3 0.0
PF07690.19_200000_5 52.8 55.8 0.3 0.0
PF07690.19_200000_6 52.0 56.2 0.0 0.0
PF07690.19_200000_7 55.3 54.1 0.1 0.0
PF07690.19_200000_8 56.5 54.8 0.0 0.0
PF07690.19_200000_9 52.4 55.9 0.0 0.0
PF00005.30_100000_6 75.1 76.0 21.3 34.4
PF00005.30_500000_0 75.5 75.1 24.0 39.5
PF07690.19_20000_0 56.6 55.0 0.0 0.0
PF07690.19_20000_1 56.8 55.1 0.0 0.0
PF07690.19_20000_2 57.2 55.7 0.0 0.0
PF07690.19_20000_3 56.4 55.0 0.0 0.0
PF07690.19_20000_4 56.7 55.2 0.0 0.0
PF07690.19_20000_5 56.8 55.1 0.0 0.0
PF07690.19_20000_6 56.5 55.1 0.3 0.0
PF07690.19_20000_7 56.7 55.2 0.0 0.0
PF07690.19_20000_8 56.7 55.2 0.0 0.0
PF07690.19_20000_9 56.7 55.4 0.0 0.0
PF00005.30_500000_1 75.0 74.8 24.0 39.5
PF07690.19_300000_0 48.6 54.6 0.0 0.0
PF07690.19_300000_1 52.0 56.6 0.1 0.0
PF07690.19_300000_2 50.7 56.0 0.0 0.0
PF07690.19_300000_3 52.2 56.0 0.0 0.0
PF07690.19_300000_4 50.9 56.1 0.0 0.0
PF07690.19_300000_5 52.4 55.9 0.7 0.0
PF07690.19_300000_6
PF07690.19_300000_6 44.0 47.9 0.0 0.0
PF07690.19_300000_7 51.0 56.5 0.3 0.0
PF07690.19_300000_8 51.8 56.1 0.0 0.0
PF07690.19_300000_9 51.8 56.0 0.1 0.0
PF00005.30_500000_2 75.2 75.3 24.0 39.5
PF07690.19_500000_0
PF07690.19_500000_0 50.8 56.1 0.1 0.0
PF07690.19_500000_1
PF07690.19_500000_1 50.8 53.8 0.0 0.0
PF07690.19_500000_2
PF07690.19_500000_2 45.1 51.5 0.0 0.0
PF07690.19_500000_3
PF07690.19_500000_3 51.1 55.6 1.8 0.0
PF07690.19_500000_4
PF07690.19_500000_4 51.1 56.1 0.0 0.0
PF07690.19_500000_5
PF07690.19_500000_5 51.2 56.0 0.0 0.0
PF07690.19_500000_6
PF07690.19_500000_6 51.4 56.0 0.4 0.0
PF07690.19_500000_7
PF07690.19_500000_7 51.6 54.4 0.0 0.0
PF07690.19_500000_8
PF07690.19_500000_8 50.9 56.0 0.1 0.0
PF07690.19_500000_9
PF07690.19_500000_9 52.1 55.5 0.0 0.0
PF00005.30_500000_3 76.0 75.7 22.2 36.6
PF07690.19_50000_0 56.4 54.9 0.0 0.0
PF07690.19_50000_1 56.9 55.6 0.0 0.0
PF07690.19_50000_2 57.0 55.4 0.0 0.0
PF07690.19_50000_3 53.6 56.7 0.0 0.0
PF07690.19_50000_4 57.2 55.8 0.0 0.0
PF07690.19_50000_5 56.9 55.4 0.1 0.0
PF07690.19_50000_6 57.1 55.5 0.0 0.0
PF07690.19_50000_7 56.8 55.6 0.0 0.0
PF07690.19_50000_8 56.6 55.4 0.0 0.0
PF07690.19_50000_9 56.9 55.5 0.4 0.0
PF00005.30_500000_4 76.0 75.9 23.1 38.0
PF12796.10_100000_0 72.1 63.3 0.0 0.0
PF12796.10_100000_1 72.3 63.4 0.0 0.0
PF12796.10_100000_2 71.5 62.7 0.0 0.0
PF12796.10_100000_3 72.2 63.2 0.0 0.0
PF12796.10_100000_4 72.1 63.1 0.0 0.0
PF12796.10_100000_5 71.9 63.0 0.0 0.0
PF12796.10_100000_6 71.0 62.3 0.0 0.0
PF12796.10_100000_7 72.3 63.5 0.0 0.0
PF12796.10_100000_8 71.9 62.8 0.0 0.0
PF12796.10_100000_9 72.0 63.1 0.0 0.0
PF00005.30_500000_5 75.1 74.9 23.1 37.3
PF12796.10_10000_0 63.1 57.4 0.0 0.0
PF12796.10_10000_1 25.6 32.6 0.0 0.0
PF12796.10_10000_2 56.9 54.2 0.0 0.0
PF12796.10_10000_3 58.9 54.1 0.0 0.0
PF12796.10_10000_4 59.2 54.2 0.0 0.0
PF12796.10_10000_5 59.8 55.1 0.0 0.0
PF12796.10_10000_6 62.0 56.7 0.0 0.0
PF12796.10_10000_7 57.8 54.9 0.0 0.0
PF12796.10_10000_8 59.3 54.4 0.0 0.0
PF12796.10_10000_9 57.6 54.6 0.0 0.0
PF00005.30_500000_6 75.4 75.5 23.1 38.0
PF12796.10_1500_0 69.1 61.2 0.9 0.0
PF12796.10_1500_1 69.4 61.4 0.9 0.0
PF12796.10_1500_2 66.4 59.1 0.0 0.0
PF12796.10_1500_3 66.9 59.4 0.0 0.0
PF12796.10_1500_4 67.6 60.4 0.0 0.0
PF12796.10_1500_5 69.6 61.8 1.8 0.0
PF12796.10_1500_6 71.0 62.9 0.0 0.0
PF12796.10_1500_7 67.8 60.7 0.0 0.0
PF12796.10_1500_8 67.9 60.5 0.0 0.0
PF12796.10_1500_9 66.5 60.1 0.0 0.0
PF00005.30_500000_7 74.8 74.5 23.6 38.7
PF12796.10_200000_0 73.2 63.9 0.0 0.0
PF12796.10_200000_1 72.8 63.6 0.0 0.0
PF12796.10_200000_2 73.6 64.2 0.0 0.0
PF12796.10_200000_3 73.4 63.8 0.0 0.0
PF12796.10_200000_4 72.6 63.5 0.0 0.0
PF12796.10_200000_5 72.0 62.9 0.0 0.0
PF12796.10_200000_6 73.0 63.7 0.0 0.0
PF12796.10_200000_7 72.9 63.8 0.0 0.0
PF12796.10_200000_8 73.1 63.7 0.9 0.0
PF12796.10_200000_9 71.6 62.7 0.0 0.0
PF00005.30_500000_8 75.8 75.5 24.0 39.5
PF12796.10_20000_0 71.1 63.2 0.0 0.0
PF12796.10_20000_1 71.7 63.5 0.0 0.0
PF12796.10_20000_2 71.2 63.3 0.0 0.0
PF12796.10_20000_3 71.5 63.2 0.0 0.0
PF12796.10_20000_4 71.6 63.4 0.0 0.0
PF12796.10_20000_5 71.6 63.4 0.0 0.0
PF12796.10_20000_6 71.4 63.9 0.0 0.0
PF12796.10_20000_7 71.9 63.5 0.0 0.0
PF12796.10_20000_8 71.8 63.5 0.0 0.0
PF12796.10_20000_9 72.7 64.3 0.0 0.0
PF00005.30_500000_9 75.4 75.5 23.1 38.0
PF12796.10_300000_0 73.0 63.4 0.0 0.0
PF12796.10_300000_1 71.7 62.4 0.0 0.0
PF12796.10_300000_2 71.9 62.7 0.0 0.0
PF12796.10_300000_3 71.6 62.4 0.0 0.0
PF12796.10_300000_4 71.6 62.4 0.0 0.0
PF12796.10_300000_5 71.5 62.5 0.0 0.0
PF12796.10_300000_6 73.3 63.7 0.0 0.0
PF12796.10_300000_7 71.4 62.2 0.0 0.0
PF12796.10_300000_8 71.3 62.0 0.0 0.0
PF12796.10_300000_9 73.0 63.3 0.0 0.0
PF00005.30_100000_7 76.1 76.8 20.9 34.4
PF00005.30_50000_0 75.8 76.6 20.4 33.6
PF12796.10_500000_0 71.0 61.7 0.0 0.0
PF12796.10_500000_1 71.9 62.5 0.0 0.0
PF12796.10_500000_2 72.4 62.8 0.0 0.0
PF12796.10_500000_3 71.4 62.2 0.0 0.0
PF12796.10_500000_4 72.0 62.4 0.0 0.0
PF12796.10_500000_5 72.4 62.8 0.0 0.0
PF12796.10_500000_6 71.6 62.1 0.0 0.0
PF12796.10_500000_7 70.8 61.6 0.0 0.0
PF12796.10_500000_8 70.9 61.7 0.0 0.0
PF12796.10_500000_9 71.7 62.3 0.0 0.0
PF00005.30_50000_1 75.4 76.3 20.4 33.6
PF12796.10_50000_0 71.3 62.6 0.0 0.0
PF12796.10_50000_1 72.3 63.5 0.0 0.0
PF12796.10_50000_2 71.6 62.9 0.0 0.0
PF12796.10_50000_3 70.9 62.3 0.0 0.0
PF12796.10_50000_4 72.4 63.6 0.0 0.0
PF12796.10_50000_5 71.2 62.5 0.0 0.0
PF12796.10_50000_6 71.1 62.7 0.0 0.0
PF12796.10_50000_7 71.1 62.5 0.0 0.0
PF12796.10_50000_8 71.0 62.3 0.0 0.0
PF12796.10_50000_9 72.3 63.5 0.0 0.0
PF00005.30_50000_2 75.8 76.6 20.4 33.6
PF13855.9_100000_0 94.8 95.5 35.4 36.6
PF13855.9_100000_1 95.0 95.7 29.2 29.9
PF13855.9_100000_2 95.2 96.0 35.4 36.6
PF13855.9_100000_3 95.4 96.1 35.4 36.6
PF13855.9_100000_4 95.1 95.9 35.4 36.6
PF13855.9_100000_5 95.2 95.6 32.3 33.2
PF13855.9_100000_6 95.2 95.9 35.4 36.6
PF13855.9_100000_7 94.8 95.6 35.4 36.6
PF13855.9_100000_8 95.1 95.8 35.4 36.6
PF13855.9_100000_9 94.9 95.7 32.3 33.2
PF00005.30_50000_3 75.5 76.2 20.4 33.6
PF13855.9_10000_0 94.7 95.1 32.3 33.2
PF13855.9_10000_1 95.3 95.5 35.4 36.5
PF13855.9_10000_2 95.1 95.5 35.4 36.5
PF13855.9_10000_3 95.3 95.7 47.7 49.8
PF13855.9_10000_4 95.2 95.4 35.4 36.5
PF13855.9_10000_5 94.2 94.7 35.4 36.5
PF13855.9_10000_6 94.9 95.7 43.1 44.8
PF13855.9_10000_7 96.2 96.4 47.7 49.8
PF13855.9_10000_8 94.4 94.9 35.4 36.5
PF13855.9_10000_9 95.7 96.2 47.7 49.8
PF00005.30_50000_4 75.2 76.1 20.4 33.6
PF13855.9_1500_0 95.1 95.5 35.4 36.5
PF13855.9_1500_1 95.5 95.9 44.6 46.5
PF13855.9_1500_2 95.9 96.3 50.8 53.1
PF13855.9_1500_3 96.1 96.4 50.8 53.1
PF13855.9_1500_4 96.2 96.6 49.2 51.5
PF13855.9_1500_5 95.9 96.5 50.8 53.0
PF13855.9_1500_6 95.0 95.7 47.7 49.8
PF13855.9_1500_7 95.4 95.9 50.8 53.1
PF13855.9_1500_8 96.1 96.4 50.8 53.1
PF13855.9_1500_9 95.9 96.1 50.8 53.1
PF00005.30_50000_5 75.8 76.6 20.4 33.6
PF13855.9_200000_0 95.1 95.7 32.3 33.2
PF13855.9_200000_1 95.4 95.7 30.8 31.6
PF13855.9_200000_2 95.8 96.0 38.5 39.8
PF13855.9_200000_3 95.2 95.3 35.4 36.5
PF13855.9_200000_4 95.0 95.1 35.4 36.5
PF13855.9_200000_5 94.3 95.1 27.7 28.3
PF13855.9_200000_6 95.6 95.7 35.4 36.5
PF13855.9_200000_7 95.4 95.6 35.4 36.5
PF13855.9_200000_8 95.4 95.5 38.5 39.8
PF13855.9_200000_9 94.7 95.4 35.4 36.5
PF00005.30_50000_6 73.5 74.9 20.4 33.6
PF13855.9_20000_0 94.6 95.0 33.8 34.9
PF13855.9_20000_1 95.8 96.2 43.1 44.9
PF13855.9_20000_2 95.3 95.7 46.2 48.1
PF13855.9_20000_3 95.8 96.2 47.7 49.9
PF13855.9_20000_4 95.2 95.6 35.4 36.5
PF13855.9_20000_5 94.7 95.1 32.3 33.2
PF13855.9_20000_6 95.3 95.7 43.1 44.9
PF13855.9_20000_7 95.7 96.1 44.6 46.5
PF13855.9_20000_8 94.9 95.3 30.8 31.6
PF13855.9_20000_9 95.4 95.8 46.2 48.1
PF00005.30_50000_7 76.5 77.5 21.3 35.1
PF13855.9_300000_0 94.8 94.9 27.7 28.2
PF13855.9_300000_1 94.8 94.9 32.3 33.2
PF13855.9_300000_2 94.9 95.0 30.8 33.1
PF13855.9_300000_3 95.0 95.2 27.7 28.3
PF13855.9_300000_4 95.1 95.0 30.8 33.2
PF13855.9_300000_5 94.9 94.9 29.2 31.5
PF13855.9_300000_6 95.1 95.2 32.3 33.2
PF13855.9_300000_7 95.2 95.3 27.7 28.3
PF13855.9_300000_8 95.5 95.6 29.2 31.5
PF13855.9_300000_9 95.5 95.6 29.2 31.5
PF00005.30_50000_8 75.5 76.3 20.4 33.6
PF13855.9_500000_0 94.7 94.7 27.7 29.9
PF13855.9_500000_1 94.9 94.8 26.2 28.2
PF13855.9_500000_2 94.0 94.0 26.2 28.2
PF13855.9_500000_3 94.1 94.1 27.7 29.9
PF13855.9_500000_4 94.0 94.0 27.7 29.9
PF13855.9_500000_5 94.5 94.5 32.3 34.8
PF13855.9_500000_6 94.2 94.2 32.3 34.8
PF13855.9_500000_7 95.1 95.1 32.3 34.8
PF13855.9_500000_8 94.4 94.5 27.7 29.9
PF13855.9_500000_9 94.6 94.6 27.7 29.9
PF00005.30_50000_9 75.3 76.2 20.4 33.6
PF13855.9_50000_0 95.2 96.0 35.4 36.6
PF13855.9_50000_1 95.1 96.0 47.7 49.9
PF13855.9_50000_2 95.1 95.8 35.4 36.6
PF13855.9_50000_3 95.5 96.4 47.7 49.9
PF13855.9_50000_4 95.2 95.4 35.4 36.5
PF13855.9_50000_5 95.5 95.8 35.4 36.5
PF13855.9_50000_6 95.2 96.1 50.8 53.1
PF13855.9_50000_7 94.9 95.7 35.4 36.6
PF13855.9_50000_8 96.0 96.2 38.5 39.8
PF13855.9_50000_9 95.2 95.4 35.4 36.5
PF00005.30_100000_8 75.9 76.6 21.8 35.8
PF00041.24_100000_0 79.6 80.4 14.7 20.3


PF00041.24_100000_1 79.0 80.3 15.6 21.5
PF00041.24_100000_2 80.0 80.7 15.6 21.5
PF00041.24_100000_3 80.2 81.3 16.5 22.8
PF00041.24_100000_4 80.0 81.2 15.6 21.5
PF00041.24_100000_5 79.6 80.8 16.5 22.8
PF00041.24_100000_6 79.8 80.5 15.6 21.5
PF00041.24_100000_7 79.5 80.2 16.5 22.8
PF00041.24_100000_8 80.0 80.7 15.6 21.5
PF00041.24_100000_9 80.1 81.2 16.5 22.8
PF00005.30_100000_9 75.3 76.4 20.9 34.4
PF00041.24_10000_0 79.8 81.8 16.5 22.8
PF00041.24_10000_1 78.5 80.5 14.7 20.3
PF00041.24_10000_2 79.5 81.6 16.5 22.8
PF00041.24_10000_3 78.6 81.1 15.6 21.5
PF00041.24_10000_4 77.3 80.4 15.6 21.5
PF00041.24_10000_5 78.1 80.3 15.6 21.5
PF00041.24_10000_6 78.8 81.2 15.6 21.5
PF00041.24_10000_7 78.5 80.6 15.6 21.5
PF00041.24_10000_8 78.2 80.4 15.6 21.5
PF00041.24_10000_9 78.6 81.1 15.6 21.5
