PF00005.30_100000_0 61.0 74.5 8.0 13.2
PF00005.30_100000_1 60.0 75.2 12.4 20.5
PF00005.30_10000_0 62.2 74.7 18.7 30.7
PF00041.24_1500_0 57.7 71.8 0.0 0.0
PF00041.24_1500_1 57.4 71.2 0.0 0.0
PF00041.24_1500_2 60.3 74.5 0.0 0.0
PF00041.24_1500_3 59.6 73.6 0.0 0.0
PF00041.24_1500_4 58.7 71.9 0.0 0.0
PF00041.24_1500_5 57.6 71.4 0.0 0.0
PF00041.24_1500_6 60.1 73.4 10.1 13.9
PF00041.24_1500_7 62.3 76.1 5.5 7.6
PF00041.24_1500_8 62.0 75.7 0.0 0.0
PF00041.24_1500_9 61.4 74.5 6.4 8.9
PF00005.30_10000_1 62.1 74.2 20.4 33.6
PF00041.24_200000_0 47.0 69.6 1.8 2.5
PF00041.24_200000_1 47.8 69.6 0.0 0.0
PF00041.24_200000_2 47.8 69.2 0.0 0.0
PF00041.24_200000_3 47.3 69.7 0.0 0.0
PF00041.24_200000_4 48.5 71.2 0.0 0.0
PF00041.24_200000_5 48.8 70.0 0.0 0.0
PF00041.24_200000_6 50.9 72.3 0.0 0.0
PF00041.24_200000_7 46.7 68.4 0.0 0.0
PF00041.24_200000_8 47.1 69.4 0.0 0.0
PF00041.24_200000_9 46.3 68.2 0.0 0.0
PF00005.30_10000_2 62.7 75.5 14.7 24.1
PF00041.24_20000_0 54.8 72.4 0.0 0.0
PF00041.24_20000_1 56.1 73.8 3.7 5.1
PF00041.24_20000_2 53.3 72.2 2.8 3.8
PF00041.24_20000_3 53.0 72.8 0.0 0.0
PF00041.24_20000_4 54.6 73.7 0.9 1.3
PF00041.24_20000_5 54.9 72.7 0.0 0.0
PF00041.24_20000_6 57.7 74.3 7.3 10.1
PF00041.24_20000_7 54.8 72.5 0.9 1.3
PF00041.24_20000_8 56.6 73.6 4.6 6.3
PF00041.24_20000_9 53.4 70.8 0.0 0.0
PF00005.30_10000_3 63.7 76.4 18.7 30.7
PF00041.24_300000_0 45.9 69.3 0.0 0.0
PF00041.24_300000_1 45.2 67.9 0.9 1.3
PF00041.24_300000_2 45.2 67.7 0.0 0.0
PF00041.24_300000_3 45.9 68.3 0.0 0.0
PF00041.24_300000_4 45.4 68.6 0.9 1.3
PF00041.24_300000_5 45.2 67.5 0.0 0.0
PF00041.24_300000_6 47.4 68.9 0.0 0.0
PF00041.24_300000_7 45.5 67.9 0.0 0.0
PF00041.24_300000_8 43.9 66.5 0.0 0.0
PF00041.24_300000_9 46.1 68.2 0.9 1.3
PF00005.30_10000_4 65.2 76.5 22.7 37.3
PF00041.24_500000_0 41.5 64.8 0.0 0.0
PF00041.24_500000_1 45.6 69.2 0.9 1.3
PF00041.24_500000_2 43.1 66.3 0.9 1.3
PF00041.24_500000_3 45.2 67.6 0.0 0.0
PF00041.24_500000_4 44.3 67.4 0.0 0.0
PF00041.24_500000_5 43.5 66.0 0.0 0.0
PF00041.24_500000_6 43.3 66.3 0.0 0.0
PF00041.24_500000_7 42.2 64.7 0.0 0.0
PF00041.24_500000_8 43.2 65.7 0.0 0.0
PF00041.24_500000_9 44.7 67.8 0.0 0.0
PF00005.30_10000_5 61.2 74.6 17.3 28.5
PF00041.24_50000_0 53.1 72.0 3.7 5.1
PF00041.24_50000_1 54.0 72.9 0.0 0.0
PF00041.24_50000_2 50.5 70.5 0.9 1.3
PF00041.24_50000_3 52.9 72.0 0.9 1.3
PF00041.24_50000_4 53.4 73.0 0.9 1.3
PF00041.24_50000_5 52.1 72.4 0.0 0.0
PF00041.24_50000_6 52.0 71.6 0.9 1.3
PF00041.24_50000_7 51.5 71.1 0.0 0.0
PF00041.24_50000_8 53.3 72.9 0.9 1.3
PF00041.24_50000_9 53.0 72.6 0.9 1.3
PF00005.30_10000_6 62.4 75.3 16.4 27.0
PF00069.28_100000_0 58.0 77.5 11.1 17.2
PF00069.28_100000_1 59.8 78.4 11.4 18.0
PF00069.28_100000_2 59.7 77.8 6.2 9.4
PF00069.28_100000_3 61.2 77.6 10.9 17.1
PF00069.28_100000_4 62.5 78.8 15.0 23.6
PF00069.28_100000_5 59.1 77.2 3.1 4.6
PF00069.28_100000_6 63.3 80.5 15.0 23.7
PF00069.28_100000_7 60.1 78.4 11.9 18.7
PF00069.28_100000_8 61.2 78.1 7.8 12.4
PF00069.28_100000_9 64.1 79.3 15.3 24.2
PF00005.30_10000_7 62.4 75.0 12.9 21.2
PF00069.28_10000_0 65.0 79.9 13.2 20.8
PF00069.28_10000_1 67.8 82.0 9.8 13.8
PF00069.28_10000_2 66.9 81.3 16.1 25.3
PF00069.28_10000_3 64.7 79.5 10.6 16.8
PF00069.28_10000_4 65.6 79.3 11.4 17.4
PF00069.28_10000_5 66.6 79.9 13.2 20.8
PF00069.28_10000_6 65.3 79.9 9.6 15.1
PF00069.28_10000_7 68.1 81.0 15.3 24.2
PF00069.28_10000_8 63.4 78.9 4.4 6.6
PF00069.28_10000_9 67.0 81.5 14.0 21.5
PF00005.30_10000_8 62.1 75.0 17.3 28.5
PF00069.28_1500_0 68.6 80.1 12.7 20.0
PF00069.28_1500_1 72.7 81.3 14.0 22.2
PF00069.28_1500_2 70.4 80.6 18.4 28.6
PF00069.28_1500_3 72.4 82.2 18.9 29.9
PF00069.28_1500_4 72.7 82.7 19.4 30.9
PF00069.28_1500_5 70.5 80.7 12.4 19.7
PF00069.28_1500_6 70.1 80.7 10.6 15.5
PF00069.28_1500_7 70.4 81.7 16.6 25.3
PF00069.28_1500_8 68.5 79.1 5.7 9.2
PF00069.28_1500_9 73.2 82.1 21.2 33.5
PF00005.30_10000_9 62.5 74.3 20.9 34.4
PF00069.28_200000_0 59.9 77.6 11.4 18.0
PF00069.28_200000_1 60.2 78.0 13.5 21.3
PF00069.28_200000_2 58.3 76.8 8.3 13.0
PF00069.28_200000_3 59.5 76.6 6.2 9.5
PF00069.28_200000_4 60.0 78.1 9.6 15.1
PF00069.28_200000_5 57.8 76.7 12.4 19.7
PF00069.28_200000_6 59.2 76.9 5.2 8.2
PF00069.28_200000_7 59.3 77.0 7.8 12.3
PF00069.28_200000_8 57.1 76.5 7.5 11.4
PF00069.28_200000_9 58.9 77.4 6.5 10.3
PF00005.30_100000_2 59.0 73.6 12.9 21.2
PF00005.30_1500_0 66.8 76.0 22.2 36.6
PF00069.28_20000_0 63.7 78.6 4.4 7.1
PF00069.28_20000_1 65.4 80.0 15.0 22.6
PF00069.28_20000_2 67.3 80.9 14.8 22.6
PF00069.28_20000_3 66.3 80.5 16.3 24.9
PF00069.28_20000_4 65.9 80.6 19.7 31.0
PF00069.28_20000_5 64.2 80.4 8.3 12.8
PF00069.28_20000_6 62.6 79.4 10.4 16.0
PF00069.28_20000_7 63.7 78.4 9.8 14.3
PF00069.28_20000_8 64.5 79.8 10.1 12.8
PF00069.28_20000_9 65.4 79.3 13.0 20.4
PF00005.30_1500_1 65.7 75.4 23.6 38.7
PF00069.28_300000_0 57.9 76.2 8.8 13.9
PF00069.28_300000_1 57.7 76.7 10.6 16.4
PF00069.28_300000_2 58.8 77.7 12.7 19.2
PF00069.28_300000_3 56.8 75.7 3.9 6.2
PF00069.28_300000_4 55.4 74.9 0.0 0.0
PF00069.28_300000_5 55.9 76.6 10.1 15.9
PF00069.28_300000_6 58.0 75.6 11.1 17.5
PF00069.28_300000_7 58.4 77.1 11.7 18.4
PF00069.28_300000_8 55.9 75.4 4.9 7.8
PF00069.28_300000_9 53.5 74.5 2.8 4.2
PF00005.30_1500_2 65.3 75.4 15.6 25.6
PF00069.28_500000_0 56.3 76.3 5.4 8.1
PF00069.28_500000_1 56.6 75.7 8.8 13.8
PF00069.28_500000_2 56.1 76.5 9.3 14.6
PF00069.28_500000_3 55.0 74.7 5.4 8.5
PF00069.28_500000_4 56.8 76.7 6.0 9.5
PF00069.28_500000_5 56.1 76.1 9.1 13.8
PF00069.28_500000_6 55.4 76.6 7.0 10.9
PF00069.28_500000_7 58.3 77.4 7.0 11.1
PF00069.28_500000_8 56.1 75.2 4.1 6.6
PF00069.28_500000_9 56.5 75.6 1.6 2.1
PF00005.30_1500_3 66.1 75.8 17.8 29.2
PF00069.28_50000_0 62.8 78.7 11.4 18.0
PF00069.28_50000_1 62.7 78.8 11.1 17.0
PF00069.28_50000_2 61.9 78.4 11.9 18.6
PF00069.28_50000_3 62.1 78.5 10.1 15.9
PF00069.28_50000_4 62.7 80.0 11.1 17.6
PF00069.28_50000_5 63.3 80.9 12.4 19.4
PF00069.28_50000_6 60.6 77.7 9.8 15.5
PF00069.28_50000_7 62.6 80.3 12.7 20.1
PF00069.28_50000_8 61.7 79.9 12.2 17.9
PF00069.28_50000_9 62.5 79.2 12.2 19.1
PF00005.30_1500_4 65.6 75.9 17.3 28.5
PF00072.27_100000_0 77.0 87.8 13.8 16.3
PF00072.27_100000_1 74.9 87.0 16.9 20.0
PF00072.27_100000_2 71.1 83.8 11.5 13.6
PF00072.27_100000_3 74.0 85.8 14.6 17.2
PF00072.27_100000_4 73.5 84.9 10.8 12.7
PF00072.27_100000_5 75.9 86.3 16.2 19.0
PF00072.27_100000_6 73.1 86.0 17.7 20.9
PF00072.27_100000_7 75.0 86.3 13.1 15.4
PF00072.27_100000_8 74.8 85.6 9.2 10.9
PF00072.27_100000_9 70.6 83.1 11.5 13.6
PF00005.30_1500_5 64.0 75.6 20.4 33.6
PF00072.27_10000_0 78.4 87.1 16.2 19.0
PF00072.27_10000_1 81.3 88.0 17.7 20.9
PF00072.27_10000_2 80.6 88.6 23.1 27.2
PF00072.27_10000_3 79.5 87.7 15.4 18.1
PF00072.27_10000_4 78.8 87.1 13.1 15.4
PF00072.27_10000_5 79.4 87.7 26.2 30.8
PF00072.27_10000_6 79.0 88.2 22.3 26.2
PF00072.27_10000_7 77.8 86.4 21.5 25.4
PF00072.27_10000_8 77.4 85.6 17.7 20.9
PF00072.27_10000_9 76.8 86.5 21.5 23.6
PF00005.30_1500_6 66.4 76.0 17.8 29.2
PF00072.27_1500_0 77.9 85.3 13.1 15.4
PF00072.27_1500_1 82.5 89.0 20.8 23.5
PF00072.27_1500_2 83.0 88.0 24.6 29.0
PF00072.27_1500_3 81.2 87.7 26.2 30.8
PF00072.27_1500_4 78.4 86.1 20.0 23.6
PF00072.27_1500_5 79.7 86.0 18.5 21.8
PF00072.27_1500_6 78.6 85.6 16.9 20.0
PF00072.27_1500_7 81.1 87.4 20.0 22.7
PF00072.27_1500_8 81.3 88.5 15.4 18.1
PF00072.27_1500_9 81.9 87.7 12.3 14.5
PF00005.30_1500_7 64.3 74.9 18.2 29.2
PF00072.27_200000_0 72.0 84.3 8.5 10.0
PF00072.27_200000_1 73.1 84.9 13.8 16.3
PF00072.27_200000_2 73.7 85.8 16.2 19.0
PF00072.27_200000_3 76.1 87.7 17.7 20.9
PF00072.27_200000_4 75.4 86.3 15.4 18.1
PF00072.27_200000_5 75.8 87.1 16.9 20.0
PF00072.27_200000_6 71.5 84.2 12.3 14.5
PF00072.27_200000_7 73.7 85.8 17.7 20.9
PF00072.27_200000_8 73.3 84.5 7.7 9.1
PF00072.27_200000_9 70.4 83.2 7.7 9.1
PF00005.30_1500_8 63.2 74.7 25.3 41.7
PF00072.27_20000_0 77.7 86.7 17.7 20.9
PF00072.27_20000_1 77.3 86.6 13.8 16.3
PF00072.27_20000_2 78.4 87.9 25.4 29.9
PF00072.27_20000_3 76.7 85.8 12.3 14.5
PF00072.27_20000_4 78.6 87.8 15.4 18.1
PF00072.27_20000_5 75.5 85.3 18.5 20.0
PF00072.27_20000_6 79.1 87.5 19.2 22.7
PF00072.27_20000_7 77.1 86.7 16.2 19.0
PF00072.27_20000_8 77.2 87.0 20.0 23.6
PF00072.27_20000_9 74.2 84.3 9.2 10.9
PF00005.30_1500_9 66.3 76.0 16.9 27.8
PF00072.27_300000_0 70.1 83.1 7.7 9.1
PF00072.27_300000_1 74.7 86.2 12.3 14.5
PF00072.27_300000_2 71.8 83.8 9.2 10.9
PF00072.27_300000_3 73.3 85.1 12.3 14.5
PF00072.27_300000_4 68.4 82.6 6.9 8.2
PF00072.27_300000_5 73.4 85.2 13.8 16.3
PF00072.27_300000_6 71.7 83.7 7.7 8.2
PF00072.27_300000_7 68.9 81.9 5.4 6.3
PF00072.27_300000_8 71.0 85.2 7.7 9.1
PF00072.27_300000_9 69.3 82.5 8.5 10.0
PF00005.30_100000_3 61.6 74.6 14.7 24.1
PF00005.30_200000_0 57.2 73.5 6.2 10.2
PF00072.27_500000_0 72.1 85.6 8.5 10.0
PF00072.27_500000_1 68.7 82.6 4.6 5.4
PF00072.27_500000_2 70.2 83.6 9.2 10.9
PF00072.27_500000_3 68.9 82.6 5.4 6.3
PF00072.27_500000_4 69.8 83.4 8.5 10.0
PF00072.27_500000_5 68.9 83.3 6.9 8.2
PF00072.27_500000_6 65.3 81.6 4.6 5.4
PF00072.27_500000_7 70.7 84.8 14.6 17.2
PF00072.27_500000_8 70.3 84.0 9.2 10.9
PF00072.27_500000_9 69.9 84.2 14.6 17.2
PF00005.30_200000_1 60.1 74.3 17.3 28.5
PF00072.27_50000_0 78.3 87.6 20.8 24.5
PF00072.27_50000_1 77.5 87.8 20.0 23.6
PF00072.27_50000_2 75.1 85.8 14.6 17.2
PF00072.27_50000_3 73.3 84.2 9.2 10.9
PF00072.27_50000_4 75.9 85.9 13.8 16.3
PF00072.27_50000_5 75.7 87.2 11.5 13.6
PF00072.27_50000_6 76.3 86.4 17.7 20.9
PF00072.27_50000_7 77.2 86.6 21.5 25.4
PF00072.27_50000_8 78.2 87.8 20.8 24.5
PF00072.27_50000_9 77.5 86.9 23.8 28.1
PF00005.30_200000_2 58.9 74.3 8.9 14.6
PF00096.29_100000_0 85.9 91.7 12.9 17.3
PF00096.29_100000_1 87.6 92.5 9.7 13.0
PF00096.29_100000_2 86.4 91.8 16.1 21.6
PF00096.29_100000_3 85.1 90.6 3.2 4.3
PF00096.29_100000_4 85.9 90.9 6.5 8.6
PF00096.29_100000_5 85.6 90.7 12.9 17.3
PF00096.29_100000_6 87.4 92.3 12.9 17.3
PF00096.29_100000_7 87.0 92.0 3.2 4.3
PF00096.29_100000_8 86.1 90.6 22.6 21.6
PF00096.29_100000_9 87.4 92.3 16.1 21.6
PF00005.30_200000_3 59.2 74.7 10.2 16.8
PF00096.29_10000_0 91.5 94.8 16.1 21.6
PF00096.29_10000_1 89.5 92.7 19.4 25.9
PF00096.29_10000_2 87.3 92.3 16.1 21.6
PF00096.29_10000_3 90.1 93.4 9.7 13.0
PF00096.29_10000_4 87.4 91.5 16.1 21.6
PF00096.29_10000_5 88.7 92.8 16.1 21.6
PF00096.29_10000_6 88.8 92.7 35.5 38.9
PF00096.29_10000_7 87.6 92.2 16.1 21.6
PF00096.29_10000_8 88.0 92.3 19.4 25.9
PF00096.29_10000_9 88.8 91.8 12.9 17.3
PF00005.30_200000_4 59.7 74.8 11.1 18.3
PF00096.29_1500_0 89.6 92.9 25.8 34.5
PF00096.29_1500_1 87.4 92.6 22.6 25.9
PF00096.29_1500_2 90.7 93.4 12.9 17.3
PF00096.29_1500_3 87.9 93.2 19.4 25.9
PF00096.29_1500_4 87.7 91.2 19.4 25.9
PF00096.29_1500_5 87.2 91.6 6.5 8.6
PF00096.29_1500_6 88.0 91.7 16.1 21.6
PF00096.29_1500_7 88.9 92.8 22.6 25.9
PF00096.29_1500_8 86.2 90.4 16.1 21.6
PF00096.29_1500_9 87.6 92.3 16.1 21.6
PF00005.30_200000_5 57.9 72.7 11.6 19.0
PF00096.29_200000_0 87.1 92.1 3.2 4.3
PF00096.29_200000_1 87.3 92.9 9.7 13.0
PF00096.29_200000_2 87.4 92.8 16.1 21.6
PF00096.29_200000_3 87.0 92.7 12.9 17.3
PF00096.29_200000_4 85.5 91.3 19.4 25.9
PF00096.29_200000_5 86.6 92.2 16.1 21.6
PF00096.29_200000_6 87.3 92.1 12.9 17.3
PF00096.29_200000_7 86.1 91.8 16.1 21.6
PF00096.29_200000_8 84.9 90.8 6.5 8.6
PF00096.29_200000_9 85.7 91.3 6.5 8.6
PF00005.30_200000_6 59.2 75.2 13.8 22.7
PF00096.29_20000_0 87.1 91.9 9.7 13.0
PF00096.29_20000_1 86.9 91.3 3.2 4.3
PF00096.29_20000_2 87.9 92.3 9.7 13.0
PF00096.29_20000_3 89.7 93.2 16.1 21.6
PF00096.29_20000_4 91.2 94.1 12.9 17.3
PF00096.29_20000_5 89.5 93.6 19.4 25.9
PF00096.29_20000_6 88.9 93.7 22.6 30.2
PF00096.29_20000_7 87.4 92.2 9.7 13.0
PF00096.29_20000_8 87.1 92.0 19.4 25.9
PF00096.29_20000_9 89.1 92.8 29.0 38.9
PF00005.30_200000_7 58.7 74.2 8.4 13.9
PF00096.29_300000_0 87.4 92.5 16.1 21.6
PF00096.29_300000_1 85.8 91.7 25.8 21.6
PF00096.29_300000_2 86.4 92.1 3.2 4.3
PF00096.29_300000_3 87.6 92.7 16.1 21.6
PF00096.29_300000_4 84.6 90.0 9.7 13.0
PF00096.29_300000_5 85.3 91.8 6.5 8.6
PF00096.29_300000_6 85.2 91.6 16.1 21.6
PF00096.29_300000_7 84.8 91.0 3.2 4.3
PF00096.29_300000_8 86.1 92.0 16.1 21.6
PF00096.29_300000_9 85.8 91.9 9.7 13.0
PF00005.30_200000_8 59.9 74.6 14.7 24.1
PF00096.29_500000_0 84.2 90.7 9.7 13.0
PF00096.29_500000_1 83.9 91.3 12.9 17.3
PF00096.29_500000_2 85.9 91.7 12.9 17.3
PF00096.29_500000_3 84.7 91.5 6.5 8.6
PF00096.29_500000_4 85.8 92.5 9.7 13.0
PF00096.29_500000_5 85.4 91.9 9.7 13.0
PF00096.29_500000_6 86.5 91.9 16.1 21.6
PF00096.29_500000_7 85.3 92.5 12.9 17.3
PF00096.29_500000_8 87.4 93.0 12.9 17.3
PF00096.29_500000_9 85.0 91.8 9.7 13.0
PF00005.30_200000_9 59.5 74.6 12.4 20.5
PF00096.29_50000_0 88.6 92.9 6.5 8.6
PF00096.29_50000_1 86.4 91.2 6.5 8.6
PF00096.29_50000_2 87.1 92.3 16.1 21.6
PF00096.29_50000_3 88.1 92.5 9.7 13.0
PF00096.29_50000_4 87.9 92.5 12.9 17.3
PF00096.29_50000_5 85.7 90.8 12.9 17.3
PF00096.29_50000_6 90.2 94.1 16.1 21.6
PF00096.29_50000_7 87.4 92.3 9.7 13.0
PF00096.29_50000_8 88.4 93.3 19.4 25.9
PF00096.29_50000_9 87.9 91.9 16.1 21.6
PF00005.30_100000_4 58.7 73.6 11.6 19.0
PF00005.30_20000_0 63.1 75.0 20.9 34.4
PF00400.35_100000_0 4.5 4.9 0.0 0.0
PF00400.35_100000_1 5.6 6.1 0.0 0.0
PF00400.35_100000_2 4.1 4.5 0.0 0.0
PF00400.35_100000_3 4.8 5.3 0.0 0.0
PF00400.35_100000_4 5.6 6.1 0.0 0.0
PF00400.35_100000_5 5.0 5.5 0.0 0.0
PF00400.35_100000_6 4.8 5.3 0.0 0.0
PF00400.35_100000_7 6.3 6.8 0.0 0.0
PF00400.35_100000_8 4.5 5.0 0.0 0.0
PF00400.35_100000_9 5.1 5.6 0.0 0.0
PF00005.30_20000_1 62.6 74.7 15.1 24.9
PF00400.35_10000_0 9.5 9.9 0.0 0.0
PF00400.35_10000_1 12.2 12.4 0.0 0.0
PF00400.35_10000_2 10.5 10.8 0.0 0.0
PF00400.35_10000_3 10.3 10.6 0.0 0.0
PF00400.35_10000_4 10.7 11.0 0.0 0.0
PF00400.35_10000_5 9.7 10.1 0.0 0.0
PF00400.35_10000_6 10.4 10.8 0.0 0.0
PF00400.35_10000_7 10.2 10.5 0.0 0.0
PF00400.35_10000_8 9.5 10.0 0.0 0.0
PF00400.35_10000_9 11.0 11.3 0.0 0.0
PF00005.30_20000_2 64.6 76.0 17.8 29.2
PF00400.35_1500_0 14.6 14.6 0.0 0.0
PF00400.35_1500_1 17.9 17.3 0.0 0.0
PF00400.35_1500_2 15.5 15.3 0.8 2.8
PF00400.35_1500_3 17.0 16.6 0.8 2.8
PF00400.35_1500_4 14.9 14.9 0.0 0.0
PF00400.35_1500_5 16.2 15.9 0.0 0.0
PF00400.35_1500_6 15.3 15.1 1.7 5.7
PF00400.35_1500_7 18.3 17.8 0.8 2.8
PF00400.35_1500_8 16.0 15.9 0.0 0.0
PF00400.35_1500_9 15.7 15.5 0.0 0.0
PF00005.30_20000_3 63.1 76.5 20.0 32.9
PF00400.35_200000_0 3.9 4.3 0.0 0.0
PF00400.35_200000_1 3.7 4.1 0.0 0.0
PF00400.35_200000_2 4.1 4.5 0.0 0.0
PF00400.35_200000_3 3.8 4.2 0.0 0.0
PF00400.35_200000_4 5.3 5.8 0.0 0.0
PF00400.35_200000_5 3.2 3.6 0.0 0.0
PF00400.35_200000_6 3.5 3.9 0.0 0.0
PF00400.35_200000_7 3.0 3.3 0.0 0.0
PF00400.35_200000_8 2.7 3.1 0.0 0.0
PF00400.35_200000_9 4.1 4.5 0.0 0.0
PF00005.30_20000_4 62.4 76.6 18.2 30.0
PF00400.35_20000_0 8.4 8.8 0.0 0.0
PF00400.35_20000_1 8.4 8.9 0.8 0.0
PF00400.35_20000_2 8.4 8.9 0.0 0.0
PF00400.35_20000_3 8.6 8.9 0.0 0.0
PF00400.35_20000_4 8.3 8.7 0.0 0.0
PF00400.35_20000_5 9.1 9.4 0.0 0.0
PF00400.35_20000_6 7.6 8.0 0.0 0.0
PF00400.35_20000_7 9.7 10.1 0.0 0.0
PF00400.35_20000_8 8.1 8.5 0.0 0.0
PF00400.35_20000_9 8.7 9.1 0.0 0.0
PF00005.30_20000_5 61.5 75.2 14.2 23.4
PF00400.35_300000_0 3.6 4.0 0.0 0.0
PF00400.35_300000_1 3.6 4.0 0.0 0.0
PF00400.35_300000_2 3.5 3.9 0.0 0.0
PF00400.35_300000_3 2.0 2.3 0.0 0.0
PF00400.35_300000_4 2.1 2.3 0.0 0.0
PF00400.35_300000_5 2.8 3.2 0.0 0.0
PF00400.35_300000_6 3.2 3.6 0.0 0.0
PF00400.35_300000_7 3.0 3.4 0.0 0.0
PF00400.35_300000_8 2.2 2.4 0.0 0.0
PF00400.35_300000_9 2.4 2.8 0.0 0.0
PF00005.30_20000_6 60.9 75.0 13.3 21.9
PF00400.35_500000_0 1.6 1.8 0.0 0.0
PF00400.35_500000_1 1.9 2.1 0.0 0.0
PF00400.35_500000_2 2.0 2.3 0.0 0.0
PF00400.35_500000_3 1.8 2.1 0.0 0.0
PF00400.35_500000_4 1.4 1.6 0.0 0.0
PF00400.35_500000_5 1.2 1.3 0.0 0.0
PF00400.35_500000_6 2.2 2.5 0.0 0.0
PF00400.35_500000_7 2.4 2.7 0.0 0.0
PF00400.35_500000_8 1.4 1.6 0.0 0.0
PF00400.35_500000_9 1.6 1.8 0.0 0.0
PF00005.30_20000_7 63.0 75.9 11.1 18.3
PF00400.35_50000_0 5.2 5.7 0.0 0.0
PF00400.35_50000_1 6.0 6.4 0.0 0.0
PF00400.35_50000_2 6.8 7.3 0.0 0.0
PF00400.35_50000_3 8.3 8.8 0.0 0.0
PF00400.35_50000_4 6.2 6.7 0.0 0.0
PF00400.35_50000_5 5.9 6.4 0.0 0.0
PF00400.35_50000_6 6.4 6.8 0.0 0.0
PF00400.35_50000_7 6.0 6.5 0.0 0.0
PF00400.35_50000_8 6.4 6.9 0.0 0.0
PF00400.35_50000_9 7.8 8.3 0.0 0.0
PF00005.30_20000_8 62.9 75.5 22.2 36.6
PF07679.19_100000_0 73.9 85.4 13.0 14.7
PF07679.19_100000_1 74.4 86.8 16.0 18.1
PF07679.19_100000_2 74.0 85.9 17.0 19.2
PF07679.19_100000_3 73.1 85.8 21.0 23.7
PF07679.19_100000_4 73.1 84.6 19.0 21.4
PF07679.19_100000_5 73.4 85.4 21.0 23.7
PF07679.19_100000_6 75.9 87.6 18.0 20.3
PF07679.19_100000_7 70.9 83.2 15.0 16.9
PF07679.19_100000_8 74.9 86.4 14.0 15.8
PF07679.19_100000_9 75.1 87.2 11.0 12.4
PF00005.30_20000_9 61.6 75.6 11.1 18.3
PF07679.19_10000_0 80.3 87.7 17.0 19.2
PF07679.19_10000_1 77.6 87.5 10.0 11.3
PF07679.19_10000_2 80.2 89.5 31.0 35.0
PF07679.19_10000_3 82.6 89.1 38.0 42.8
PF07679.19_10000_4 80.7 88.1 18.0 20.3
PF07679.19_10000_5 80.9 88.8 31.0 35.0
PF07679.19_10000_6 81.5 87.7 17.0 19.2
PF07679.19_10000_7 79.4 86.7 25.0 28.2
PF07679.19_10000_8 79.7 88.1 30.0 33.8
PF07679.19_10000_9 77.2 85.7 17.0 19.2
PF00005.30_100000_5 63.1 76.2 19.6 32.2
PF00005.30_300000_0 59.5 74.7 11.6 19.0
PF07679.19_1500_0 82.7 89.1 32.0 36.1
PF07679.19_1500_1 84.4 89.4 30.0 33.8
PF07679.19_1500_2 83.5 90.7 28.0 31.6
PF07679.19_1500_3 85.3 90.7 33.0 37.2
PF07679.19_1500_4 84.7 90.0 32.0 36.1
PF07679.19_1500_5 83.3 90.3 32.0 36.1
PF07679.19_1500_6 82.2 88.6 31.0 35.0
PF07679.19_1500_7 81.3 88.8 26.0 29.3
PF07679.19_1500_8 81.8 89.0 28.0 31.6
PF07679.19_1500_9 84.7 90.0 36.0 40.6
PF00005.30_300000_1 59.6 75.3 10.7 17.5
PF07679.19_200000_0 72.0 86.5 15.0 16.9
PF07679.19_200000_1 71.5 86.8 23.0 25.9
PF07679.19_200000_2 70.4 85.5 15.0 16.9
PF07679.19_200000_3 72.2 87.0 13.0 14.7
PF07679.19_200000_4 73.5 85.7 15.0 16.9
PF07679.19_200000_5 75.5 88.4 23.0 25.9
PF07679.19_200000_6 71.6 86.2 16.0 18.1
PF07679.19_200000_7 70.2 84.0 8.0 9.0
PF07679.19_200000_8 71.9 84.6 16.0 18.1
PF07679.19_200000_9 71.0 85.5 18.0 20.3
PF00005.30_300000_2 60.3 75.0 12.0 19.7
PF07679.19_20000_0 81.9 89.9 33.0 37.2
PF07679.19_20000_1 79.3 88.6 24.0 27.1
PF07679.19_20000_2 79.7 88.5 40.0 45.1
PF07679.19_20000_3 78.7 88.0 25.0 28.2
PF07679.19_20000_4 81.3 89.9 33.0 37.2
PF07679.19_20000_5 80.3 89.0 23.0 25.9
PF07679.19_20000_6 76.4 86.3 13.0 14.7
PF07679.19_20000_7 77.6 86.9 23.0 25.9
PF07679.19_20000_8 77.9 87.4 18.0 20.3
PF07679.19_20000_9 78.2 87.4 23.0 25.9
PF00005.30_300000_3 60.3 74.8 11.6 19.0
PF07679.19_300000_0 67.6 83.4 12.0 13.5
PF07679.19_300000_1 68.7 83.3 11.0 12.4
PF07679.19_300000_2 70.9 85.8 8.0 9.0
PF07679.19_300000_3 69.8 84.1 15.0 16.9
PF07679.19_300000_4 68.8 83.9 5.0 5.6
PF07679.19_300000_5 70.5 85.0 14.0 15.8
PF07679.19_300000_6 71.4 85.8 12.0 13.5
PF07679.19_300000_7 67.9 83.1 11.0 12.4
PF07679.19_300000_8 71.7 87.0 18.0 20.3
PF07679.19_300000_9 72.4 86.3 16.0 18.1
PF00005.30_300000_4 58.2 72.9 7.6 12.4
PF07679.19_500000_0 69.5 84.7 10.0 11.3
PF07679.19_500000_1 66.4 83.5 3.0 3.4
PF07679.19_500000_2 69.5 83.9 10.0 11.3
PF07679.19_500000_3 65.1 81.7 8.0 9.0
PF07679.19_500000_4 66.9 83.3 13.0 14.7
PF07679.19_500000_5 67.1 83.1 8.0 9.0
PF07679.19_500000_6 66.8 83.1 11.0 12.4
PF07679.19_500000_7 69.5 84.9 14.0 15.8
PF07679.19_500000_8 68.9 84.8 15.0 16.9
PF07679.19_500000_9 68.3 84.1 16.0 18.1
PF00005.30_300000_5 58.5 74.9 12.0 19.7
PF07679.19_50000_0 78.8 88.2 34.0 38.4
PF07679.19_50000_1 74.4 85.7 20.0 22.6
PF07679.19_50000_2 78.2 88.7 19.0 21.4
PF07679.19_50000_3 77.3 86.5 18.0 20.3
PF07679.19_50000_4 76.5 87.6 18.0 20.3
PF07679.19_50000_5 78.4 88.4 18.0 20.3
PF07679.19_50000_6 77.0 87.7 18.0 20.3
PF07679.19_50000_7 80.3 89.5 28.0 31.6
PF07679.19_50000_8 77.8 87.1 28.0 31.6
PF07679.19_50000_9 77.6 88.4 22.0 24.8
PF00005.30_300000_6 58.8 74.2 14.7 24.1
PF07690.19_100000_0 14.4 30.3 0.0 0.0
PF07690.19_100000_1 14.0 29.2 0.0 0.0
PF07690.19_100000_2 15.1 30.3 0.0 0.0
PF07690.19_100000_3 16.9 32.1 0.0 0.0
PF07690.19_100000_4 15.1 30.5 0.0 0.0
PF07690.19_100000_5 16.5 32.4 0.0 0.0
PF07690.19_100000_6 13.2 28.6 0.0 0.0
PF07690.19_100000_7 13.9 29.8 0.0 0.0
PF07690.19_100000_8 14.1 30.0 0.0 0.0
PF07690.19_100000_9 14.6 29.7 0.0 0.0
PF00005.30_300000_7 59.1 73.5 10.7 17.5
PF07690.19_10000_0 18.9 32.9 0.0 0.0
PF07690.19_10000_1 16.3 30.6 0.0 0.0
PF07690.19_10000_2 17.5 32.0 0.0 0.0
PF07690.19_10000_3 18.2 32.8 0.0 0.0
PF07690.19_10000_4 19.5 33.7 0.0 0.0
PF07690.19_10000_5 18.2 32.0 0.0 0.0
PF07690.19_10000_6 17.8 32.0 0.0 0.0
PF07690.19_10000_7 16.7 30.8 0.0 0.0
PF07690.19_10000_8 15.9 29.7 0.0 0.0
PF07690.19_10000_9 17.1 31.3 0.0 0.0
PF00005.30_300000_8 60.9 75.8 13.8 22.7
PF07690.19_1500_0 19.8 32.1 0.0 0.0
PF07690.19_1500_1 20.6 33.2 0.1 0.0
PF07690.19_1500_2 20.2 32.3 0.1 0.0
PF07690.19_1500_3 20.4 32.8 0.0 0.0
PF07690.19_1500_4 22.8 35.5 0.0 0.0
PF07690.19_1500_5 18.2 30.2 0.1 0.0
PF07690.19_1500_6 20.1 31.2 0.0 0.0
PF07690.19_1500_7 20.5 32.3 0.0 0.0
PF07690.19_1500_8 17.8 29.6 0.0 0.0
PF07690.19_1500_9 20.4 32.0 0.0 0.0
PF00005.30_300000_9 59.1 74.2 10.2 16.8
PF07690.19_200000_0 12.9 28.9 0.0 0.0
PF07690.19_200000_1 12.4 28.4 0.0 0.0
PF07690.19_200000_2 13.7 29.5 0.0 0.0
PF07690.19_200000_3 13.9 29.5 0.0 0.0
PF07690.19_200000_4 14.1 30.3 0.0 0.0
PF07690.19_200000_5 13.7 30.4 0.0 0.0
PF07690.19_200000_6 13.9 30.0 0.0 0.0
PF07690.19_200000_7 13.1 28.9 0.0 0.0
PF07690.19_200000_8 14.2 30.4 0.0 0.0
PF07690.19_200000_9 13.5 28.6 0.0 0.0
PF00005.30_100000_6 60.8 75.6 10.7 17.5
PF00005.30_500000_0 57.5 73.9 5.3 8.8
PF07690.19_20000_0 17.7 31.3 0.0 0.0
PF07690.19_20000_1 19.4 34.4 0.0 0.0
PF07690.19_20000_2 16.6 32.2 0.0 0.0
PF07690.19_20000_3 15.9 30.8 0.1 0.0
PF07690.19_20000_4 14.4 28.4 0.0 0.0
PF07690.19_20000_5 16.9 31.8 0.0 0.0
PF07690.19_20000_6 14.7 29.1 0.0 0.0
PF07690.19_20000_7 17.3 32.0 0.0 0.0
PF07690.19_20000_8 17.5 31.9 0.0 0.0
PF07690.19_20000_9 18.4 33.4 0.0 0.0
PF00005.30_500000_1 58.6 75.6 12.4 20.5
PF07690.19_300000_0 12.7 28.0 0.0 0.0
PF07690.19_300000_1 13.3 28.9 0.0 0.0
PF07690.19_300000_2 12.8 29.0 0.0 0.0
PF07690.19_300000_3 13.3 29.8 0.0 0.0
PF07690.19_300000_4 12.7 27.9 0.0 0.0
PF07690.19_300000_5 11.9 28.1 0.0 0.0
PF07690.19_300000_6 12.1 27.3 0.3 0.0
PF07690.19_300000_7 13.1 29.3 0.0 0.0
PF07690.19_300000_8 10.9 26.9 0.0 0.0
PF07690.19_300000_9 13.2 29.1 0.0 0.0
PF00005.30_500000_2 58.6 75.5 9.8 16.1
PF07690.19_500000_0 12.9 28.9 0.0 0.0
PF07690.19_500000_1 12.1 27.7 0.0 0.0
PF07690.19_500000_2 12.0 27.1 0.0 0.0
PF07690.19_500000_3 11.4 27.2 0.0 0.0
PF07690.19_500000_4 10.7 25.8 0.0 0.0
PF07690.19_500000_5 10.3 25.4 0.0 0.0
PF07690.19_500000_6 11.5 26.9 0.0 0.0
PF07690.19_500000_7 11.7 27.3 0.0 0.0
PF07690.19_500000_8 12.0 27.0 0.0 0.0
PF07690.19_500000_9 12.1 27.2 0.0 0.0
PF00005.30_500000_3 57.2 74.1 6.2 10.2
PF07690.19_50000_0 15.4 31.1 0.0 0.0
PF07690.19_50000_1 14.1 29.9 0.0 0.0
PF07690.19_50000_2 15.8 31.0 0.0 0.0
PF07690.19_50000_3 16.4 31.7 0.0 0.0
PF07690.19_50000_4 15.6 30.8 0.0 0.0
PF07690.19_50000_5 15.0 29.6 0.0 0.0
PF07690.19_50000_6 16.1 31.9 0.0 0.0
PF07690.19_50000_7 16.8 31.7 0.0 0.0
PF07690.19_50000_8 16.2 31.2 0.0 0.0
PF07690.19_50000_9 14.3 28.8 0.0 0.0
PF00005.30_500000_4 57.8 73.3 8.0 13.2
PF12796.10_100000_0 46.5 54.4 0.0 0.0
PF12796.10_100000_1 44.6 52.3 0.0 0.0
PF12796.10_100000_2 46.3 55.3 0.0 0.0
PF12796.10_100000_3 46.8 54.9 0.0 0.0
PF12796.10_100000_4 44.0 52.9 0.0 0.0
PF12796.10_100000_5 46.6 55.9 0.0 0.0
PF12796.10_100000_6 46.9 54.9 0.0 0.0
PF12796.10_100000_7 47.7 55.5 0.0 0.0
PF12796.10_100000_8 46.2 54.9 0.0 0.0
PF12796.10_100000_9 42.3 51.5 0.0 0.0
PF00005.30_500000_5 59.4 75.0 12.0 19.7
PF12796.10_10000_0 45.7 53.0 0.0 0.0
PF12796.10_10000_1 47.5 53.5 0.0 0.0
PF12796.10_10000_2 48.8 54.6 0.0 0.0
PF12796.10_10000_3 50.1 55.3 0.0 0.0
PF12796.10_10000_4 50.1 55.1 0.0 0.0
PF12796.10_10000_5 49.8 54.6 0.0 0.0
PF12796.10_10000_6 50.8 55.4 0.0 0.0
PF12796.10_10000_7 47.8 54.0 0.0 0.0
PF12796.10_10000_8 51.0 55.8 0.4 0.0
PF12796.10_10000_9 47.4 52.7 0.0 0.0
PF00005.30_500000_6 56.5 73.2 7.1 11.7
PF12796.10_1500_0 53.7 56.5 0.0 0.0
PF12796.10_1500_1 58.5 60.5 0.0 0.0
PF12796.10_1500_2 56.7 59.1 0.0 0.0
PF12796.10_1500_3 59.7 60.6 0.0 0.0
PF12796.10_1500_4 56.8 59.5 0.4 0.0
PF12796.10_1500_5 56.1 58.1 0.0 0.0
PF12796.10_1500_6 61.8 61.3 0.0 0.0
PF12796.10_1500_7 58.5 57.9 0.0 0.0
PF12796.10_1500_8 56.9 58.1 0.0 0.0
PF12796.10_1500_9 55.5 57.2 0.0 0.0
PF00005.30_500000_7 57.6 72.4 6.2 10.2
PF12796.10_200000_0 42.4 51.9 0.0 0.0
PF12796.10_200000_1 42.0 51.2 0.0 0.0
PF12796.10_200000_2 45.5 54.4 0.0 0.0
PF12796.10_200000_3 41.1 51.2 0.0 0.0
PF12796.10_200000_4 46.3 55.4 0.0 0.0
PF12796.10_200000_5 43.2 53.3 0.0 0.0
PF12796.10_200000_6 45.0 53.9 0.4 0.0
PF12796.10_200000_7 43.3 53.6 0.0 0.0
PF12796.10_200000_8 42.7 52.3 0.0 0.0
PF12796.10_200000_9 42.4 52.4 0.0 0.0
PF00005.30_500000_8 58.2 72.4 9.3 15.4
PF12796.10_20000_0 51.0 56.7 0.0 0.0
PF12796.10_20000_1 48.5 54.9 0.0 0.0
PF12796.10_20000_2 47.1 53.3 0.0 0.0
PF12796.10_20000_3 45.1 52.4 0.0 0.0
PF12796.10_20000_4 50.8 56.7 0.0 0.0
PF12796.10_20000_5 48.6 54.5 0.0 0.0
PF12796.10_20000_6 50.2 56.5 0.4 0.0
PF12796.10_20000_7 49.1 55.3 0.0 0.0
PF12796.10_20000_8 46.0 53.5 0.0 0.0
PF12796.10_20000_9 47.0 54.1 0.4 0.0
PF00005.30_500000_9 56.2 72.6 7.6 12.4
PF12796.10_300000_0 41.4 51.7 0.0 0.0
PF12796.10_300000_1 43.2 53.2 0.0 0.0
PF12796.10_300000_2 41.4 50.4 0.0 0.0
PF12796.10_300000_3 42.8 53.6 0.0 0.0
PF12796.10_300000_4 44.5 53.7 0.0 0.0
PF12796.10_300000_5 41.7 51.0 0.0 0.0
PF12796.10_300000_6 45.6 54.7 0.0 0.0
PF12796.10_300000_7 44.0 53.2 0.0 0.0
PF12796.10_300000_8 43.8 52.6 0.0 0.0
PF12796.10_300000_9 44.9 53.9 0.0 0.0
PF00005.30_100000_7 59.3 74.2 12.9 21.2
PF00005.30_50000_0 61.2 75.4 12.4 20.5
PF12796.10_500000_0 42.4 52.7 0.0 0.0
PF12796.10_500000_1 41.0 50.9 0.0 0.0
PF12796.10_500000_2 40.7 51.9 0.0 0.0
PF12796.10_500000_3 42.1 53.0 0.0 0.0
PF12796.10_500000_4 43.2 54.0 0.0 0.0
PF12796.10_500000_5 42.4 53.1 0.0 0.0
PF12796.10_500000_6 43.2 53.3 0.0 0.0
PF12796.10_500000_7 43.8 53.6 0.0 0.0
PF12796.10_500000_8 44.2 55.1 0.0 0.0
PF12796.10_500000_9 42.8 52.7 0.0 0.0
PF00005.30_50000_1 62.1 75.4 17.3 28.5
PF12796.10_50000_0 48.8 55.6 0.0 0.0
PF12796.10_50000_1 44.5 53.4 0.0 0.0
PF12796.10_50000_2 49.4 55.7 0.0 0.0
PF12796.10_50000_3 45.2 53.1 0.0 0.0
PF12796.10_50000_4 46.2 54.6 0.0 0.0
PF12796.10_50000_5 48.4 55.6 0.0 0.0
PF12796.10_50000_6 45.8 53.6 0.0 0.0
PF12796.10_50000_7 46.5 54.6 0.0 0.0
PF12796.10_50000_8 44.6 52.9 0.0 0.0
PF12796.10_50000_9 48.6 56.0 0.0 0.0
PF00005.30_50000_2 61.2 74.9 13.8 22.7
PF13855.9_100000_0 81.9 89.2 3.1 3.3
PF13855.9_100000_1 83.6 89.2 3.1 3.3
PF13855.9_100000_2 85.5 91.0 18.5 19.9
PF13855.9_100000_3 82.2 89.4 1.5 1.7
PF13855.9_100000_4 84.2 90.9 18.5 19.9
PF13855.9_100000_5 81.7 88.7 0.0 0.0
PF13855.9_100000_6 81.4 88.5 4.6 5.0
PF13855.9_100000_7 83.2 90.0 7.7 8.3
PF13855.9_100000_8 75.2 84.1 0.0 0.0
PF13855.9_100000_9 87.3 91.6 24.6 24.9
PF00005.30_50000_3 62.1 76.2 16.0 26.3
PF13855.9_10000_0 86.1 90.7 21.5 23.2
PF13855.9_10000_1 78.3 85.9 0.0 0.0
PF13855.9_10000_2 85.5 90.5 12.3 13.3
PF13855.9_10000_3 82.6 89.3 0.0 0.0
PF13855.9_10000_4 87.7 92.1 15.4 16.6
PF13855.9_10000_5 81.0 88.1 0.0 0.0
PF13855.9_10000_6 86.7 90.7 12.3 13.3
PF13855.9_10000_7 87.2 90.9 9.2 10.0
PF13855.9_10000_8 84.8 89.8 20.0 21.6
PF13855.9_10000_9 83.2 89.3 6.2 5.0
PF00005.30_50000_4 59.4 74.3 17.3 28.5
PF13855.9_1500_0 81.3 87.5 1.5 1.7
PF13855.9_1500_1 88.1 91.9 24.6 26.6
PF13855.9_1500_2 83.2 88.2 0.0 0.0
PF13855.9_1500_3 88.4 92.3 24.6 24.9
PF13855.9_1500_4 83.7 89.3 0.0 0.0
PF13855.9_1500_5 80.6 86.6 1.5 0.0
PF13855.9_1500_6 83.8 88.4 15.4 15.0
PF13855.9_1500_7 82.8 90.0 3.1 3.3
PF13855.9_1500_8 85.7 90.4 3.1 3.3
PF13855.9_1500_9 86.7 91.7 1.5 0.0
PF00005.30_50000_5 59.6 73.0 12.4 20.5
PF13855.9_200000_0 84.1 91.2 27.7 29.9
PF13855.9_200000_1 83.4 90.2 15.4 16.6
PF13855.9_200000_2 80.8 88.0 9.2 10.0
PF13855.9_200000_3 74.9 84.9 0.0 0.0
PF13855.9_200000_4 77.3 85.2 1.5 0.0
PF13855.9_200000_5 83.8 90.6 16.9 18.2
PF13855.9_200000_6 83.1 91.2 13.8 15.0
PF13855.9_200000_7 81.0 88.7 16.9 18.3
PF13855.9_200000_8 77.4 86.3 0.0 0.0
PF13855.9_200000_9 79.8 87.6 0.0 0.0
PF00005.30_50000_6 60.6 74.9 10.2 16.8
PF13855.9_20000_0 85.9 91.4 23.1 24.9
PF13855.9_20000_1 85.9 91.2 23.1 24.9
PF13855.9_20000_2 87.1 91.2 20.0 21.6
PF13855.9_20000_3 84.8 91.2 6.2 6.6
PF13855.9_20000_4 85.8 90.7 20.0 21.6
PF13855.9_20000_5 87.0 91.8 30.8 33.2
PF13855.9_20000_6 84.3 90.1 15.4 16.6
PF13855.9_20000_7 82.9 88.9 10.8 11.6
PF13855.9_20000_8 85.0 89.7 20.0 19.9
PF13855.9_20000_9 85.6 90.3 15.4 15.0
PF00005.30_50000_7 61.6 75.5 17.3 28.5
PF13855.9_300000_0 80.1 89.2 6.2 6.6
PF13855.9_300000_1 78.2 87.7 0.0 0.0
PF13855.9_300000_2 79.4 88.1 4.6 3.3
PF13855.9_300000_3 76.2 86.1 0.0 0.0
PF13855.9_300000_4 81.1 88.1 0.0 0.0
PF13855.9_300000_5 79.3 87.5 1.5 1.7
PF13855.9_300000_6 80.9 89.3 9.2 10.0
PF13855.9_300000_7 82.2 90.7 0.0 0.0
PF13855.9_300000_8 75.3 85.2 0.0 0.0
PF13855.9_300000_9 83.2 91.1 24.6 26.6
PF00005.30_50000_8 59.6 73.6 10.7 17.5
PF13855.9_500000_0 80.1 88.8 1.5 0.0
PF13855.9_500000_1 82.8 90.9 13.8 15.0
PF13855.9_500000_2 81.0 90.3 6.2 6.6
PF13855.9_500000_3 72.8 83.7 0.0 0.0
PF13855.9_500000_4 82.2 91.2 6.2 6.6
PF13855.9_500000_5 77.3 86.4 1.5 1.7
PF13855.9_500000_6 79.8 89.0 6.2 6.6
PF13855.9_500000_7 75.0 85.9 0.0 0.0
PF13855.9_500000_8 76.3 86.2 0.0 0.0
PF13855.9_500000_9 75.9 86.1 0.0 0.0
PF00005.30_50000_9 59.8 73.9 11.1 18.3
PF13855.9_50000_0 77.3 86.6 0.0 0.0
PF13855.9_50000_1 85.1 90.3 16.9 18.3
PF13855.9_50000_2 79.7 87.0 0.0 0.0
PF13855.9_50000_3 79.9 88.3 1.5 1.7
PF13855.9_50000_4 85.2 91.5 24.6 26.6
PF13855.9_50000_5 85.0 90.6 15.4 16.6
PF13855.9_50000_6 81.8 88.1 1.5 0.0
PF13855.9_50000_7 81.1 88.0 6.2 6.6
PF13855.9_50000_8 83.4 89.6 23.1 24.9
PF13855.9_50000_9 77.3 85.9 1.5 0.0
PF00005.30_100000_8 58.3 74.2 6.2 10.2
PF00041.24_100000_0 51.6 71.8 0.0 0.0

PF00041.24_100000_1 50.6 71.8 0.0 0.0
PF00041.24_100000_2 51.5 71.6 0.0 0.0
PF00041.24_100000_3 50.3 71.1 0.0 0.0
PF00041.24_100000_4 50.9 71.7 0.0 0.0
PF00041.24_100000_5 50.9 71.6 4.6 6.3
PF00041.24_100000_6 50.9 71.9 0.0 0.0
PF00041.24_100000_7 50.4 71.2 0.0 0.0
PF00041.24_100000_8 47.7 69.1 0.0 0.0
PF00041.24_100000_9 50.7 72.7 0.0 0.0
PF00005.30_100000_9 60.2 74.8 12.4 20.5
PF00041.24_10000_0 57.9 73.6 0.0 0.0
PF00041.24_10000_1 55.8 72.8 0.0 0.0
PF00041.24_10000_2 57.5 74.2 3.7 5.1
PF00041.24_10000_3 54.8 72.5 4.6 6.3
PF00041.24_10000_4 56.7 73.5 0.0 0.0
PF00041.24_10000_5 58.4 74.4 0.0 0.0
PF00041.24_10000_6 56.8 73.9 4.6 6.3
PF00041.24_10000_7 56.5 73.1 5.5 7.6
PF00041.24_10000_8 55.9 71.9 0.0 0.0
PF00041.24_10000_9 57.2 73.9 0.9 1.3
