PF00005.30_100000_0 68.8 76.7 20.0 32.9
PF00005.30_100000_1 69.3 76.6 15.6 25.6
PF00005.30_10000_0 69.1 75.4 19.1 31.4
PF00041.24_10000_9 62.1 73.0 8.3 11.4
PF00041.24_1500_0 64.3 72.7 1.8 2.5
PF00041.24_1500_1 65.3 73.7 3.7 5.1
PF00041.24_1500_2 66.6 75.5 4.6 6.3
PF00041.24_1500_3 68.6 76.0 11.0 15.2
PF00041.24_1500_4 66.1 74.5 4.6 6.3
PF00041.24_1500_5 67.4 75.1 6.4 8.9
PF00041.24_1500_6 66.0 73.2 0.0 0.0
PF00041.24_1500_7 67.6 75.1 7.3 10.1
PF00041.24_1500_8 66.1 73.9 8.3 11.4
PF00005.30_10000_1 68.0 75.0 17.3 28.5
PF00041.24_1500_9 57.8 66.8 0.0 0.0
PF00041.24_200000_0 62.0 75.1 0.9 1.3
PF00041.24_200000_1 63.8 74.4 4.6 6.3
PF00041.24_200000_2 62.1 74.2 6.4 8.9
PF00041.24_200000_3 62.2 73.5 5.5 7.6
PF00041.24_200000_4 62.2 74.2 0.0 0.0
PF00041.24_200000_5 64.5 75.3 5.5 7.6
PF00041.24_200000_6 58.1 72.2 6.4 8.9
PF00041.24_200000_7 63.3 75.6 10.1 13.9
PF00041.24_200000_8 63.2 76.1 11.0 15.2
PF00005.30_10000_2 69.1 75.3 16.9 27.8
PF00041.24_200000_9 64.8 75.7 6.4 8.9
PF00041.24_20000_0 61.8 73.4 1.8 2.5
PF00041.24_20000_1 61.3 73.9 0.0 0.0
PF00041.24_20000_2 58.7 68.7 9.2 12.7
PF00041.24_20000_3 62.4 73.8 1.8 2.5
PF00041.24_20000_4 62.4 74.6 4.6 6.3
PF00041.24_20000_5 61.8 72.3 4.6 6.3
PF00041.24_20000_6 62.7 73.1 0.0 0.0
PF00041.24_20000_7 62.8 73.8 2.8 3.8
PF00041.24_20000_8 64.6 74.7 2.8 3.8
PF00005.30_10000_3 71.0 75.8 23.6 38.7
PF00041.24_20000_9 63.4 74.7 8.3 11.4
PF00041.24_300000_0
PF00041.24_300000_1
PF00041.24_300000_2
PF00041.24_300000_3
PF00041.24_300000_4
PF00041.24_300000_5
PF00041.24_300000_6
PF00041.24_300000_7
PF00041.24_300000_8
PF00005.30_10000_4 68.8 76.3 20.0 32.9
PF00041.24_300000_9
PF00041.24_500000_0
PF00041.24_500000_1
PF00041.24_500000_2
PF00041.24_500000_3
PF00041.24_500000_4
PF00041.24_500000_5
PF00041.24_500000_6
PF00041.24_500000_7
PF00041.24_500000_8
PF00005.30_10000_5 69.1 74.7 15.6 25.6
PF00041.24_500000_9
PF00041.24_50000_0 64.3 75.8 3.7 5.1
PF00041.24_50000_1 63.2 73.0 4.6 6.3
PF00041.24_50000_2 64.8 75.0 4.6 6.3
PF00041.24_50000_3 63.8 73.8 7.3 10.1
PF00041.24_50000_4 66.8 76.4 8.3 11.4
PF00041.24_50000_5 63.9 76.1 8.3 11.4
PF00041.24_50000_6 62.5 73.0 9.2 12.7
PF00041.24_50000_7 60.8 72.7 6.4 8.9
PF00041.24_50000_8 62.8 73.2 6.4 8.9
PF00005.30_10000_6 69.3 75.2 17.3 28.5
PF00041.24_50000_9 62.6 73.4 9.2 12.7
PF00041.24_98_0 82.9 84.1 18.3 24.0
PF00069.28_100000_0 79.0 83.1 20.5 31.5
PF00069.28_100000_1 79.1 83.5 21.5 33.6
PF00069.28_100000_2 77.2 82.0 7.3 10.8
PF00069.28_100000_3 77.3 82.5 13.0 20.6
PF00069.28_100000_4 77.2 82.5 19.2 29.4
PF00069.28_100000_5 77.4 81.8 11.9 18.7
PF00069.28_100000_6 78.8 82.6 5.7 7.9
PF00069.28_100000_7 79.1 83.3 19.4 30.7
PF00005.30_10000_7 67.3 74.0 13.3 21.9
PF00069.28_100000_8 76.1 81.6 7.3 11.0
PF00069.28_100000_9 79.7 83.5 16.6 25.1
PF00069.28_10000_0 79.1 82.5 21.0 31.9
PF00069.28_10000_1 77.7 81.5 17.4 25.3
PF00069.28_10000_2 82.1 84.3 26.7 40.2
PF00069.28_10000_3 80.7 82.6 17.9 27.1
PF00069.28_10000_4 82.3 83.9 27.2 42.3
PF00069.28_10000_5 80.6 83.0 22.5 35.3
PF00069.28_10000_6 78.8 82.8 8.5 13.2
PF00069.28_10000_7 80.0 82.8 19.7 30.7
PF00005.30_10000_8 68.4 75.5 19.1 31.4
PF00069.28_10000_8 80.5 83.1 19.9 31.2
PF00069.28_10000_9 78.7 81.9 14.8 23.2
PF00069.28_1500_0 84.1 83.9 28.8 44.4
PF00069.28_1500_1 82.5 83.1 15.5 20.7
PF00069.28_1500_2 83.1 83.6 19.7 27.5
PF00069.28_1500_3 79.7 80.9 17.1 26.6
PF00069.28_1500_4 83.4 83.3 22.0 31.8
PF00069.28_1500_5 83.4 84.0 22.5 33.6
PF00069.28_1500_6 82.5 83.0 17.4 25.7
PF00069.28_1500_7 84.2 83.9 28.0 40.1
PF00005.30_10000_9 68.2 74.1 12.9 21.2
PF00069.28_1500_8 82.9 82.9 22.5 34.7
PF00069.28_1500_9 81.5 82.6 13.7 19.8
PF00069.28_200000_0
PF00069.28_200000_1
PF00069.28_200000_2
PF00069.28_200000_3
PF00069.28_200000_4
PF00069.28_200000_5
PF00069.28_200000_6
PF00069.28_200000_7
PF00005.30_100000_2 70.0 76.0 17.8 29.2
PF00005.30_1500_0 71.2 75.9 20.0 32.9
PF00069.28_200000_8
PF00069.28_200000_9
PF00069.28_20000_0 78.7 82.3 19.7 31.2
PF00069.28_20000_1 77.9 82.1 12.2 18.9
PF00069.28_20000_2 81.0 83.4 16.8 26.8
PF00069.28_20000_3 78.1 82.4 11.9 18.5
PF00069.28_20000_4 77.7 81.7 12.7 19.3
PF00069.28_20000_5 77.7 81.4 10.1 15.3
PF00069.28_20000_6 76.7 81.4 15.0 22.0
PF00069.28_20000_7 80.6 82.7 15.0 22.9
PF00005.30_1500_1 71.4 76.7 16.0 26.3
PF00069.28_20000_8 78.6 82.6 15.5 24.1
PF00069.28_20000_9 78.6 82.2 14.2 22.1
PF00069.28_300000_0
PF00069.28_300000_1
PF00069.28_300000_2
PF00069.28_300000_3
PF00069.28_300000_4
PF00069.28_300000_5
PF00069.28_300000_6
PF00069.28_300000_7
PF00005.30_1500_2 68.6 74.5 24.4 37.3
PF00069.28_300000_8
PF00069.28_300000_9
PF00069.28_38_0 87.7 85.3 37.3 56.3
PF00069.28_500000_0
PF00069.28_500000_1
PF00069.28_500000_2
PF00069.28_500000_3
PF00069.28_500000_4
PF00069.28_500000_5
PF00069.28_500000_6
PF00005.30_1500_3 69.5 75.5 18.2 30.0
PF00069.28_500000_7
PF00069.28_500000_8
PF00069.28_500000_9
PF00069.28_50000_0 79.9 83.5 20.7 31.6
PF00069.28_50000_1 79.7 83.3 24.4 38.1
PF00069.28_50000_2 79.2 82.6 19.7 27.8
PF00069.28_50000_3 79.9 83.1 19.9 30.7
PF00069.28_50000_4 77.9 82.2 10.1 15.2
PF00069.28_50000_5 77.9 82.4 8.8 13.4
PF00069.28_50000_6 78.9 83.0 25.1 39.1
PF00005.30_1500_4 68.8 75.0 19.1 31.4
PF00069.28_50000_7 81.3 84.3 22.8 35.1
PF00069.28_50000_8 78.6 83.3 20.7 32.8
PF00069.28_50000_9 79.0 83.1 17.6 26.9
PF00072.27_100000_0 87.5 90.3 30.8 36.3
PF00072.27_100000_1 86.6 90.1 25.4 29.9
PF00072.27_100000_2 87.4 91.4 27.7 32.7
PF00072.27_100000_3 86.3 89.2 16.2 19.0
PF00072.27_100000_4 86.8 90.1 20.8 24.4
PF00072.27_100000_5 88.6 91.8 17.7 20.8
PF00072.27_100000_6 88.5 92.4 23.8 28.1
PF00005.30_1500_5 68.7 74.0 16.4 27.0
PF00072.27_100000_7 89.3 92.1 26.9 31.7
PF00072.27_100000_8 85.8 89.4 30.0 35.4
PF00072.27_100000_9 87.2 91.1 20.8 24.5
PF00072.27_10000_0 85.7 90.2 20.8 24.5
PF00072.27_10000_1 84.4 88.5 16.2 19.0
PF00072.27_10000_2 86.5 89.5 23.1 27.1
PF00072.27_10000_3 85.7 90.1 10.8 12.7
PF00072.27_10000_4 81.7 85.8 6.2 7.3
PF00072.27_10000_5 87.9 90.8 19.2 22.7
PF00072.27_10000_6 88.0 91.1 23.8 28.1
PF00005.30_1500_6 68.3 75.8 16.9 27.8
PF00072.27_10000_7 87.8 90.6 20.0 23.6
PF00072.27_10000_8 88.5 91.3 22.3 26.2
PF00072.27_10000_9 86.7 89.9 20.0 23.6
PF00072.27_1500_0 86.7 89.2 22.3 26.3
PF00072.27_1500_1 90.3 92.0 20.0 23.6
PF00072.27_1500_2 88.9 90.9 26.9 31.7
PF00072.27_1500_3 88.2 90.7 20.0 23.6
PF00072.27_1500_4 89.8 91.4 25.4 29.9
PF00072.27_1500_5 87.9 90.5 26.2 28.1
PF00072.27_1500_6 88.7 90.5 28.5 31.7
PF00005.30_1500_7 71.0 75.6 21.8 35.8
PF00072.27_1500_7 89.9 91.9 21.5 25.4
PF00072.27_1500_8 89.8 91.3 26.2 30.8
PF00072.27_1500_9 89.2 91.7 16.2 18.1
PF00072.27_200000_0 84.6 88.9 16.9 20.0
PF00072.27_200000_1 88.5 91.8 26.9 31.7
PF00072.27_200000_2 84.6 89.6 13.1 15.4
PF00072.27_200000_3 87.3 90.8 29.2 34.5
PF00072.27_200000_4 87.1 90.4 28.5 31.7
PF00072.27_200000_5 87.3 91.0 25.4 29.9
PF00072.27_200000_6 87.7 91.0 28.5 33.6
PF00005.30_1500_8 67.4 74.7 20.4 33.6
PF00072.27_200000_7 85.5 89.1 27.7 32.7
PF00072.27_200000_8 87.1 90.7 23.8 28.1
PF00072.27_200000_9 89.0 91.9 23.1 27.2
PF00072.27_20000_0 87.8 91.2 6.9 8.2
PF00072.27_20000_1 87.9 91.8 24.6 28.1
PF00072.27_20000_2 87.9 91.4 23.8 27.2
PF00072.27_20000_3 84.8 89.2 26.9 31.7
PF00072.27_20000_4 88.4 90.6 15.4 17.2
PF00072.27_20000_5 87.9 90.9 20.8 24.5
PF00072.27_20000_6 86.8 90.8 17.7 20.8
PF00005.30_1500_9 69.6 74.9 22.7 37.3
PF00072.27_20000_7 89.4 92.1 26.2 30.8
PF00072.27_20000_8 83.6 88.1 9.2 10.0
PF00072.27_20000_9 88.4 91.3 19.2 22.7
PF00072.27_300000_0
PF00072.27_300000_1
PF00072.27_300000_2
PF00072.27_300000_3
PF00072.27_300000_4
PF00072.27_300000_5
PF00072.27_300000_6
PF00005.30_100000_3 68.8 74.6 13.8 22.7
PF00005.30_200000_0 65.5 73.8 4.9 8.0
PF00072.27_300000_7
PF00072.27_300000_8
PF00072.27_300000_9
PF00072.27_500000_0
PF00072.27_500000_1
PF00072.27_500000_2
PF00072.27_500000_3
PF00072.27_500000_4
PF00072.27_500000_5
PF00072.27_500000_6
PF00005.30_200000_1 67.8 75.8 13.8 22.7
PF00072.27_500000_7
PF00072.27_500000_8
PF00072.27_500000_9
PF00072.27_50000_0 85.4 89.0 26.2 30.8
PF00072.27_50000_1 86.1 89.3 14.6 17.2
PF00072.27_50000_2 89.1 91.3 28.5 33.6
PF00072.27_50000_3 88.3 91.3 23.1 27.2
PF00072.27_50000_4 88.2 91.8 30.8 36.3
PF00072.27_50000_5 89.2 92.3 27.7 32.7
PF00072.27_50000_6 89.3 92.0 24.6 29.0
PF00005.30_200000_2 68.6 75.5 16.4 27.0
PF00072.27_50000_7 86.5 90.0 16.9 19.9
PF00072.27_50000_8 86.7 90.8 20.0 23.6
PF00072.27_50000_9 88.2 90.9 23.1 26.2
PF00072.27_52_0 93.5 93.4 50.0 56.2
PF00096.29_100000_0 85.0 90.2 0.0 0.0
PF00096.29_100000_1 86.0 91.4 3.2 4.3
PF00096.29_100000_2 86.0 91.3 9.7 13.0
PF00096.29_100000_3 88.0 91.9 0.0 0.0
PF00096.29_100000_4 85.3 91.5 0.0 0.0
PF00096.29_100000_5 83.9 89.6 0.0 0.0
PF00005.30_200000_3 70.6 76.3 20.4 33.6
PF00096.29_100000_6 84.6 90.4 0.0 0.0
PF00096.29_100000_7 82.8 89.1 0.0 0.0
PF00096.29_100000_8 84.3 89.8 0.0 0.0
PF00096.29_100000_9 86.8 91.4 0.0 0.0
PF00096.29_10000_0 87.8 92.8 0.0 0.0
PF00096.29_10000_1 88.0 92.3 3.2 4.3
PF00096.29_10000_2 87.1 91.3 3.2 4.3
PF00096.29_10000_3 84.4 90.2 0.0 0.0
PF00096.29_10000_4 86.0 91.0 6.5 0.0
PF00096.29_10000_5 87.0 90.6 0.0 0.0
PF00005.30_200000_4 69.5 77.4 24.9 40.9
PF00096.29_10000_6 86.7 92.0 0.0 0.0
PF00096.29_10000_7 83.6 89.5 3.2 4.3
PF00096.29_10000_8 86.3 91.6 19.4 17.3
PF00096.29_10000_9 88.5 92.7 12.9 17.3
PF00096.29_1500_0 92.3 94.1 0.0 0.0
PF00096.29_1500_1 90.1 92.2 0.0 0.0
PF00096.29_1500_2 89.4 91.3 0.0 0.0
PF00096.29_1500_3 91.6 93.9 0.0 0.0
PF00096.29_1500_4 91.7 93.7 29.0 38.9
PF00096.29_1500_5 91.3 93.3 0.0 0.0
PF00005.30_200000_5 68.4 75.8 19.1 31.4
PF00096.29_1500_6 93.5 94.8 3.2 4.3
PF00096.29_1500_7 91.6 93.8 0.0 0.0
PF00096.29_1500_8 93.6 94.8 16.1 13.0
PF00096.29_1500_9 94.4 95.3 6.5 8.6
PF00096.29_159_0 95.8 95.7 29.0 34.5
PF00096.29_200000_0 85.5 90.7 3.2 4.3
PF00096.29_200000_1 84.2 89.4 0.0 0.0
PF00096.29_200000_2 85.9 90.6 9.7 4.3
PF00096.29_200000_3 85.5 91.5 9.7 4.3
PF00096.29_200000_4 83.3 89.4 6.5 0.0
PF00005.30_200000_6 68.1 76.6 16.0 26.3
PF00096.29_200000_5 83.7 90.0 9.7 4.3
PF00096.29_200000_6 85.2 90.5 0.0 0.0
PF00096.29_200000_7 84.9 91.0 0.0 0.0
PF00096.29_200000_8 86.2 91.2 0.0 0.0
PF00096.29_200000_9 86.1 91.8 6.5 8.6
PF00096.29_20000_0 84.6 89.3 0.0 0.0
PF00096.29_20000_1 84.5 90.2 3.2 0.0
PF00096.29_20000_2 87.1 92.6 3.2 4.3
PF00096.29_20000_3 86.7 91.8 6.5 4.3
PF00096.29_20000_4 83.4 88.9 0.0 0.0
PF00005.30_200000_7 69.4 75.8 20.0 32.9
PF00096.29_20000_5 82.6 88.9 0.0 0.0
PF00096.29_20000_6 83.8 89.6 0.0 0.0
PF00096.29_20000_7 82.0 88.8 3.2 4.3
PF00096.29_20000_8 83.3 90.0 0.0 0.0
PF00096.29_20000_9 86.0 91.4 0.0 0.0
PF00096.29_300000_0
PF00096.29_300000_1
PF00096.29_300000_2
PF00096.29_300000_3
PF00096.29_300000_4
PF00005.30_200000_8 69.4 75.7 16.4 27.0
PF00096.29_300000_5
PF00096.29_300000_6
PF00096.29_300000_7
PF00096.29_300000_8
PF00096.29_300000_9
PF00096.29_500000_0
PF00096.29_500000_1
PF00096.29_500000_2
PF00096.29_500000_3
PF00096.29_500000_4
PF00005.30_200000_9 69.1 76.9 17.8 29.2
PF00096.29_500000_5
PF00096.29_500000_6
PF00096.29_500000_7
PF00096.29_500000_8
PF00096.29_500000_9
PF00096.29_50000_0 84.9 90.6 3.2 0.0
PF00096.29_50000_1 87.5 92.1 0.0 0.0
PF00096.29_50000_2 84.8 90.9 0.0 0.0
PF00096.29_50000_3 85.9 91.5 3.2 4.3
PF00096.29_50000_4 81.9 89.5 0.0 0.0
PF00005.30_100000_4 70.7 77.2 21.3 35.1
PF00005.30_20000_0 68.7 75.2 17.3 28.5
PF00096.29_50000_5 87.5 91.9 9.7 4.3
PF00096.29_50000_6 85.1 91.6 0.0 0.0
PF00096.29_50000_7 85.1 90.6 3.2 4.3
PF00096.29_50000_8 84.3 89.4 3.2 4.3
PF00096.29_50000_9 86.8 91.2 0.0 0.0
PF00400.35_100000_0 3.8 4.1 0.0 0.0
PF00400.35_100000_1 5.8 6.1 0.0 0.0
PF00400.35_100000_2 5.1 5.5 0.0 0.0
PF00400.35_100000_3 6.3 6.6 0.0 0.0
PF00400.35_100000_4 6.0 6.3 0.0 0.0
PF00005.30_20000_1 68.0 74.7 13.8 22.7
PF00400.35_100000_5 5.4 5.7 0.0 0.0
PF00400.35_100000_6 5.2 5.5 0.0 0.0
PF00400.35_100000_7 5.5 5.8 0.8 0.0
PF00400.35_100000_8 5.5 5.8 0.0 0.0
PF00400.35_100000_9 6.3 6.6 0.0 0.0
PF00400.35_10000_0 4.9 5.1 0.0 0.0
PF00400.35_10000_1 4.7 5.0 0.0 0.0
PF00400.35_10000_2 5.1 5.4 0.0 0.0
PF00400.35_10000_3 4.8 5.1 0.0 0.0
PF00400.35_10000_4 3.5 3.7 0.0 0.0
PF00005.30_20000_2 66.2 74.7 22.7 37.3
PF00400.35_10000_5 5.4 5.7 0.0 0.0
PF00400.35_10000_6 4.7 5.0 0.0 0.0
PF00400.35_10000_7 4.7 5.0 0.0 0.0
PF00400.35_10000_8 4.5 4.8 0.0 0.0
PF00400.35_10000_9 6.7 7.0 0.0 0.0
PF00400.35_1465_0 7.5 7.7 0.0 0.0
PF00400.35_1500_0 7.6 7.7 0.0 0.0
PF00400.35_1500_1 7.0 7.2 0.0 0.0
PF00400.35_1500_2 7.1 7.3 0.0 0.0
PF00400.35_1500_3 7.3 7.4 0.0 0.0
PF00005.30_20000_3 66.9 75.7 16.0 26.3
PF00400.35_1500_4 7.7 7.9 0.0 0.0
PF00400.35_1500_5 7.5 7.7 0.0 0.0
PF00400.35_1500_6 7.6 7.9 0.0 0.0
PF00400.35_1500_7 8.2 8.4 0.0 0.0
PF00400.35_1500_8 7.8 7.9 0.0 0.0
PF00400.35_1500_9 7.4 7.7 0.0 0.0
PF00400.35_200000_0 6.3 6.7 0.0 0.0
PF00400.35_200000_1 7.8 8.1 0.0 0.0
PF00400.35_200000_2 6.0 6.4 0.0 0.0
PF00400.35_200000_3 6.0 6.4 0.0 0.0
PF00005.30_20000_4 71.6 76.7 20.9 34.4
PF00400.35_200000_4 7.1 7.4 0.0 0.0
PF00400.35_200000_5 6.7 7.1 0.0 0.0
PF00400.35_200000_6 6.3 6.6 0.0 0.0
PF00400.35_200000_7 6.5 6.9 1.7 0.0
PF00400.35_200000_8 6.5 6.8 0.0 0.0
PF00400.35_200000_9 7.0 7.3 0.8 0.0
PF00400.35_20000_0 4.9 5.2 0.0 0.0
PF00400.35_20000_1 4.1 4.5 1.7 0.0
PF00400.35_20000_2 2.5 2.7 0.0 0.0
PF00400.35_20000_3 6.1 6.4 0.0 0.0
PF00005.30_20000_5 68.7 77.0 16.0 26.3
PF00400.35_20000_4 3.8 4.1 0.0 0.0
PF00400.35_20000_5 4.5 4.7 0.0 0.0
PF00400.35_20000_6 5.0 5.3 0.0 0.0
PF00400.35_20000_7 5.3 5.6 0.0 0.0
PF00400.35_20000_8 5.7 6.0 0.0 0.0
PF00400.35_20000_9 2.8 3.0 0.0 0.0
PF00400.35_300000_0
PF00400.35_300000_1
PF00400.35_300000_2
PF00400.35_300000_3
PF00005.30_20000_6 68.0 75.3 18.2 30.0
PF00400.35_300000_4
PF00400.35_300000_5
PF00400.35_300000_6
PF00400.35_300000_7
PF00400.35_300000_8
PF00400.35_300000_9
PF00400.35_500000_0
PF00400.35_500000_1
PF00400.35_500000_2
PF00400.35_500000_3
PF00005.30_20000_7 68.2 74.7 16.4 27.0
PF00400.35_500000_4
PF00400.35_500000_5
PF00400.35_500000_6
PF00400.35_500000_7
PF00400.35_500000_8
PF00400.35_500000_9
PF00400.35_50000_0 6.7 7.0 0.0 0.0
PF00400.35_50000_1 5.2 5.5 0.0 0.0
PF00400.35_50000_2 2.9 3.2 0.0 0.0
PF00400.35_50000_3 6.5 6.9 0.0 0.0
PF00005.30_20000_8 68.8 76.0 16.4 27.0
PF00400.35_50000_4 5.4 5.7 0.0 0.0
PF00400.35_50000_5 4.3 4.6 0.0 0.0
PF00400.35_50000_6 3.5 3.7 0.0 0.0
PF00400.35_50000_7 5.8 6.1 0.0 0.0
PF00400.35_50000_8 5.8 6.1 0.0 0.0
PF00400.35_50000_9 7.9 8.3 0.0 0.0
PF07679.19_100000_0 88.5 90.5 37.0 41.7
PF07679.19_100000_1 89.3 92.5 33.0 37.2
PF07679.19_100000_2 89.4 92.0 41.0 46.3
PF07679.19_100000_3 86.7 90.7 30.0 33.8
PF00005.30_20000_9 69.3 76.4 24.4 40.2
PF07679.19_100000_4 87.6 90.9 29.0 32.7
PF07679.19_100000_5 87.0 89.6 32.0 36.1
PF07679.19_100000_6 85.7 89.5 25.0 28.2
PF07679.19_100000_7 87.4 90.8 30.0 33.8
PF07679.19_100000_8 87.2 90.4 34.0 38.4
PF07679.19_100000_9 87.5 90.5 33.0 37.2
PF07679.19_10000_0 86.6 89.6 27.0 30.5
PF07679.19_10000_1 88.3 90.1 30.0 33.8
PF07679.19_10000_2 89.2 91.1 32.0 36.1
PF07679.19_10000_3 86.5 89.5 16.0 18.1
PF00005.30_100000_5 68.6 74.6 12.4 20.5
PF00005.30_300000_0
PF07679.19_10000_4 88.7 91.2 42.0 47.4
PF07679.19_10000_5 88.6 91.1 33.0 37.2
PF07679.19_10000_6 87.1 89.5 32.0 36.1
PF07679.19_10000_7 88.1 91.4 33.0 37.2
PF07679.19_10000_8 87.9 90.9 36.0 40.6
PF07679.19_10000_9 87.8 91.7 39.0 44.0
PF07679.19_1500_0 90.2 91.5 19.0 21.4
PF07679.19_1500_1 87.8 90.7 0.0 0.0
PF07679.19_1500_2 91.9 93.4 37.0 41.7
PF07679.19_1500_3 91.7 92.7 34.0 38.4
PF00005.30_300000_1
PF07679.19_1500_4 92.1 92.9 43.0 48.5
PF07679.19_1500_5 91.7 92.6 41.0 46.2
PF07679.19_1500_6 90.5 92.2 21.0 23.7
PF07679.19_1500_7 87.5 89.9 17.0 19.2
PF07679.19_1500_8 89.6 91.6 27.0 30.5
PF07679.19_1500_9 90.7 92.1 30.0 33.8
PF07679.19_200000_0 87.5 91.4 27.0 30.5
PF07679.19_200000_1 84.4 89.4 26.0 29.3
PF07679.19_200000_2 86.9 90.2 38.0 42.9
PF07679.19_200000_3 88.7 91.0 36.0 40.6
PF00005.30_300000_2
PF07679.19_200000_4 89.7 92.1 42.0 47.4
PF07679.19_200000_5 87.2 90.8 28.0 31.6
PF07679.19_200000_6 87.1 90.1 23.0 25.9
PF07679.19_200000_7 87.0 89.8 23.0 25.9
PF07679.19_200000_8 87.0 91.5 26.0 29.3
PF07679.19_200000_9 87.2 90.8 35.0 39.5
PF07679.19_20000_0 88.7 91.3 37.0 41.7
PF07679.19_20000_1 85.7 89.5 28.0 31.6
PF07679.19_20000_2 86.5 89.4 18.0 20.3
PF07679.19_20000_3 86.3 89.9 27.0 30.5
PF00005.30_300000_3
PF07679.19_20000_4 86.3 90.6 37.0 41.7
PF07679.19_20000_5 86.3 90.1 25.0 28.2
PF07679.19_20000_6 86.1 89.8 31.0 35.0
PF07679.19_20000_7 87.9 90.5 35.0 39.5
PF07679.19_20000_8 86.6 90.2 18.0 20.3
PF07679.19_20000_9 86.9 90.3 32.0 36.1
PF07679.19_300000_0
PF07679.19_300000_1
PF07679.19_300000_2
PF07679.19_300000_3
PF00005.30_300000_4
PF07679.19_300000_4
PF07679.19_300000_5
PF07679.19_300000_6
PF07679.19_300000_7
PF07679.19_300000_8
PF07679.19_300000_9
PF07679.19_48_0 94.2 94.0 55.0 62.0
PF07679.19_500000_0
PF07679.19_500000_1
PF07679.19_500000_2
PF00005.30_300000_5
PF07679.19_500000_3
PF07679.19_500000_4
PF07679.19_500000_5
PF07679.19_500000_6
PF07679.19_500000_7
PF07679.19_500000_8
PF07679.19_500000_9
PF07679.19_50000_0 88.8 92.2 37.0 41.7
PF07679.19_50000_1 87.5 90.7 20.0 22.6
PF07679.19_50000_2 89.5 90.6 37.0 41.7
PF00005.30_300000_6
PF07679.19_50000_3 85.9 89.2 33.0 37.2
PF07679.19_50000_4 87.9 90.7 35.0 39.4
PF07679.19_50000_5 87.7 90.6 33.0 37.2
PF07679.19_50000_6 87.4 90.8 32.0 36.1
PF07679.19_50000_7 86.3 89.6 21.0 23.7
PF07679.19_50000_8 86.7 91.1 32.0 36.1
PF07679.19_50000_9 88.1 90.7 29.0 32.7
PF07690.19_100000_0 17.0 31.2 0.0 0.0
PF07690.19_100000_1 19.3 34.3 0.0 0.0
PF07690.19_100000_2 16.0 30.9 0.0 0.0
PF00005.30_300000_7
PF07690.19_100000_3 18.0 33.0 0.0 0.0
PF07690.19_100000_4 17.6 32.5 0.0 0.0
PF07690.19_100000_5 18.4 33.0 0.0 0.0
PF07690.19_100000_6 17.9 32.5 0.0 0.0
PF07690.19_100000_7 18.5 33.4 0.0 0.0
PF07690.19_100000_8 17.7 32.7 0.0 0.0
PF07690.19_100000_9 18.4 33.3 0.0 0.0
PF07690.19_10000_0 17.7 30.4 0.1 0.0
PF07690.19_10000_1 20.3 31.7 0.0 0.0
PF07690.19_10000_2 19.9 31.4 0.0 0.0
PF00005.30_300000_8
PF07690.19_10000_3 19.4 31.7 0.0 0.0
PF07690.19_10000_4 20.0 31.3 0.0 0.0
PF07690.19_10000_5 18.3 29.5 0.0 0.0
PF07690.19_10000_6 16.9 27.5 0.0 0.0
PF07690.19_10000_7 19.2 30.3 0.0 0.0
PF07690.19_10000_8 19.6 31.8 0.0 0.0
PF07690.19_10000_9 20.5 32.3 0.3 0.0
PF07690.19_1500_0 37.3 44.3 0.0 0.0
PF07690.19_1500_1 34.6 42.8 0.1 0.0
PF07690.19_1500_2 36.4 43.8 0.1 0.0
PF00005.30_300000_9
PF07690.19_1500_3 38.5 44.7 0.0 0.0
PF07690.19_1500_4 38.1 44.8 0.0 0.0
PF07690.19_1500_5 35.1 42.8 0.0 0.0
PF07690.19_1500_6 37.2 43.9 0.0 0.0
PF07690.19_1500_7 37.2 44.3 0.0 0.0
PF07690.19_1500_8 37.6 44.9 0.0 0.0
PF07690.19_1500_9 37.5 44.2 0.0 0.0
PF07690.19_192_0 55.5 56.9 0.1 0.0
PF07690.19_200000_0
PF07690.19_200000_1
PF00005.30_100000_6 66.7 74.8 19.6 32.2
PF00005.30_500000_0
PF07690.19_200000_2
PF07690.19_200000_3
PF07690.19_200000_4
PF07690.19_200000_5
PF07690.19_200000_6
PF07690.19_200000_7
PF07690.19_200000_8
PF07690.19_200000_9
PF07690.19_20000_0 18.9 31.2 0.0 0.0
PF07690.19_20000_1 18.9 30.9 0.0 0.0
PF00005.30_500000_1
PF07690.19_20000_2 17.1 29.0 0.0 0.0
PF07690.19_20000_3 20.0 31.9 0.0 0.0
PF07690.19_20000_4 15.9 27.9 0.0 0.0
PF07690.19_20000_5 19.5 32.2 0.0 0.0
PF07690.19_20000_6 17.9 29.6 0.0 0.0
PF07690.19_20000_7 18.5 30.8 0.0 0.0
PF07690.19_20000_8 18.6 31.0 0.0 0.0
PF07690.19_20000_9 16.6 28.9 0.0 0.0
PF07690.19_300000_0
PF07690.19_300000_1
PF00005.30_500000_2
PF07690.19_300000_2
PF07690.19_300000_3
PF07690.19_300000_4
PF07690.19_300000_5
PF07690.19_300000_6
PF07690.19_300000_7
PF07690.19_300000_8
PF07690.19_300000_9
PF07690.19_500000_0
PF07690.19_500000_1
PF00005.30_500000_3
PF07690.19_500000_2
PF07690.19_500000_3
PF07690.19_500000_4
PF07690.19_500000_5
PF07690.19_500000_6
PF07690.19_500000_7
PF07690.19_500000_8
PF07690.19_500000_9
PF07690.19_50000_0 16.7 30.6 1.3 0.0
PF07690.19_50000_1 19.6 33.7 0.0 0.0
PF00005.30_500000_4
PF07690.19_50000_2 20.1 34.2 0.3 0.0
PF07690.19_50000_3 15.8 30.1 0.0 0.0
PF07690.19_50000_4 17.4 31.0 0.0 0.0
PF07690.19_50000_5 17.9 32.3 0.0 0.0
PF07690.19_50000_6 17.4 30.9 0.6 0.0
PF07690.19_50000_7 19.8 34.0 0.0 0.0
PF07690.19_50000_8 17.4 31.8 0.1 0.0
PF07690.19_50000_9 17.7 31.1 0.0 0.0
PF12796.10_100000_0 26.0 36.5 0.0 0.0
PF12796.10_100000_1 25.1 35.0 0.0 0.0
PF00005.30_500000_5
PF12796.10_100000_2 27.7 37.5 0.0 0.0
PF12796.10_100000_3 29.9 39.1 0.0 0.0
PF12796.10_100000_4 26.9 38.0 0.0 0.0
PF12796.10_100000_5 25.9 35.5 0.0 0.0
PF12796.10_100000_6 28.7 39.9 0.0 0.0
PF12796.10_100000_7 31.4 40.3 0.0 0.0
PF12796.10_100000_8 21.8 31.4 0.0 0.0
PF12796.10_100000_9 30.0 40.3 0.0 0.0
PF12796.10_10000_0 32.3 40.3 0.0 0.0
PF12796.10_10000_1 34.6 43.9 0.0 0.0
PF00005.30_500000_6
PF12796.10_10000_2 33.4 41.6 0.0 0.0
PF12796.10_10000_3 33.3 42.7 0.0 0.0
PF12796.10_10000_4 38.3 46.3 0.0 0.0
PF12796.10_10000_5 34.5 43.7 0.0 0.0
PF12796.10_10000_6 33.1 41.1 0.0 0.0
PF12796.10_10000_7 37.7 46.4 0.0 0.0
PF12796.10_10000_8 37.1 44.6 0.0 0.0
PF12796.10_10000_9 37.3 46.1 0.0 0.0
PF12796.10_1500_0 59.3 58.2 0.0 0.0
PF12796.10_1500_1 61.2 59.9 0.0 0.0
PF00005.30_500000_7
PF12796.10_1500_2 59.7 58.3 0.0 0.0
PF12796.10_1500_3 58.0 57.2 0.0 0.0
PF12796.10_1500_4 58.8 57.8 0.0 0.0
PF12796.10_1500_5 59.3 58.2 0.0 0.0
PF12796.10_1500_6 59.7 59.1 0.0 0.0
PF12796.10_1500_7 60.4 58.8 0.0 0.0
PF12796.10_1500_8 61.3 59.6 0.0 0.0
PF12796.10_1500_9 63.9 61.0 0.0 0.0
PF12796.10_184_0 74.9 65.7 1.8 5.2
PF12796.10_200000_0 25.1 34.9 0.0 0.0
PF00005.30_500000_8
PF12796.10_200000_1 24.5 34.5 0.0 0.0
PF12796.10_200000_2 28.2 38.6 0.0 0.0
PF12796.10_200000_3 30.4 41.5 0.0 0.0
PF12796.10_200000_4 28.5 39.2 0.0 0.0
PF12796.10_200000_5
PF12796.10_200000_6 21.5 33.4 0.0 0.0
PF12796.10_200000_7 27.7 37.6 0.0 0.0
PF12796.10_200000_8 24.1 34.5 0.0 0.0
PF12796.10_200000_9
PF12796.10_20000_0 30.8 40.1 0.0 0.0
PF00005.30_500000_9
PF12796.10_20000_1 33.9 42.6 0.0 0.0
PF12796.10_20000_2 27.7 38.1 0.0 0.0
PF12796.10_20000_3 31.1 41.4 0.0 0.0
PF12796.10_20000_4 33.4 41.3 0.0 0.0
PF12796.10_20000_5 30.0 40.3 0.0 0.0
PF12796.10_20000_6 30.9 39.3 0.0 0.0
PF12796.10_20000_7 34.3 45.5 0.0 0.0
PF12796.10_20000_8 34.3 43.3 0.0 0.0
PF12796.10_20000_9 33.8 42.6 0.0 0.0
PF12796.10_300000_0
PF00005.30_100000_7 69.1 76.1 16.4 27.0
PF00005.30_50000_0 69.0 75.3 16.9 27.8
PF12796.10_300000_1
PF12796.10_300000_2
PF12796.10_300000_3
PF12796.10_300000_4
PF12796.10_300000_5
PF12796.10_300000_6
PF12796.10_300000_7
PF12796.10_300000_8
PF12796.10_300000_9
PF12796.10_500000_0
PF00005.30_50000_1 68.6 75.7 16.0 26.3
PF12796.10_500000_1
PF12796.10_500000_2
PF12796.10_500000_3
PF12796.10_500000_4
PF12796.10_500000_5
PF12796.10_500000_6
PF12796.10_500000_7
PF12796.10_500000_8
PF12796.10_500000_9
PF12796.10_50000_0 25.9 36.2 0.9 0.0
PF00005.30_50000_2 69.0 76.3 17.3 28.5
PF12796.10_50000_1 33.2 42.1 0.0 0.0
PF12796.10_50000_2 28.8 38.9 0.0 0.0
PF12796.10_50000_3 28.2 37.8 0.0 0.0
PF12796.10_50000_4 28.1 38.0 0.0 0.0
PF12796.10_50000_5 29.4 39.6 0.0 0.0
PF12796.10_50000_6 28.3 39.1 0.0 0.0
PF12796.10_50000_7 33.3 43.9 0.0 0.0
PF12796.10_50000_8 30.8 41.0 0.0 0.0
PF12796.10_50000_9 25.8 36.1 0.0 0.0
PF13855.9_100000_0 58.7 71.8 0.0 0.0
PF00005.30_50000_3 67.0 74.7 14.7 24.1
PF13855.9_100000_1 64.3 76.5 0.0 0.0
PF13855.9_100000_2 68.6 79.1 0.0 0.0
PF13855.9_100000_3 49.2 64.9 0.0 0.0
PF13855.9_100000_4 76.7 84.8 0.0 0.0
PF13855.9_100000_5 64.2 76.6 0.0 0.0
PF13855.9_100000_6 76.0 85.6 0.0 0.0
PF13855.9_100000_7 76.2 84.6 0.0 0.0
PF13855.9_100000_8 61.9 73.3 0.0 0.0
PF13855.9_100000_9 69.3 79.4 0.0 0.0
PF13855.9_10000_0 73.1 81.7 0.0 0.0
PF00005.30_50000_4 68.9 76.2 17.3 28.5
PF13855.9_10000_1 64.3 75.0 0.0 0.0
PF13855.9_10000_2 46.3 61.1 0.0 0.0
PF13855.9_10000_3 69.1 79.4 0.0 0.0
PF13855.9_10000_4 77.5 84.1 0.0 0.0
PF13855.9_10000_5 56.6 69.8 0.0 0.0
PF13855.9_10000_6 50.9 64.9 0.0 0.0
PF13855.9_10000_7 65.1 76.4 0.0 0.0
PF13855.9_10000_8 74.9 83.3 0.0 0.0
PF13855.9_10000_9 63.6 75.7 0.0 0.0
PF13855.9_1500_0 88.0 91.7 0.0 0.0
PF00005.30_50000_5 70.3 76.6 21.8 35.8
PF13855.9_1500_1 86.7 90.9 1.5 0.0
PF13855.9_1500_2 84.6 89.5 1.5 0.0
PF13855.9_1500_3 85.0 89.4 1.5 0.0
PF13855.9_1500_4 84.0 89.0 0.0 0.0
PF13855.9_1500_5 85.5 90.6 0.0 0.0
PF13855.9_1500_6 83.0 88.5 0.0 0.0
PF13855.9_1500_7 89.6 93.2 0.0 0.0
PF13855.9_1500_8 87.0 90.3 0.0 0.0
PF13855.9_1500_9 83.6 88.8 0.0 0.0
PF13855.9_200000_0 54.8 69.1 0.0 0.0
PF00005.30_50000_6 66.5 74.7 21.8 35.8
PF13855.9_200000_1 64.4 75.8 0.0 0.0
PF13855.9_200000_2 47.4 62.6 0.0 0.0
PF13855.9_200000_3 69.3 80.9 0.0 0.0
PF13855.9_200000_4 54.9 68.5 0.0 0.0
PF13855.9_200000_5 71.6 80.9 0.0 0.0
PF13855.9_200000_6 69.0 81.4 0.0 0.0
PF13855.9_200000_7 64.3 76.8 0.0 0.0
PF13855.9_200000_8 61.8 75.8 0.0 0.0
PF13855.9_200000_9 63.3 75.6 0.0 0.0
PF13855.9_20000_0 71.1 80.8 0.0 0.0
PF00005.30_50000_7 68.2 75.4 14.7 24.1
PF13855.9_20000_1 56.1 69.1 0.0 0.0
PF13855.9_20000_2 70.0 78.6 0.0 0.0
PF13855.9_20000_3 72.1 81.0 0.0 0.0
PF13855.9_20000_4 58.3 71.4 0.0 0.0
PF13855.9_20000_5 69.1 79.8 0.0 0.0
PF13855.9_20000_6 65.2 76.1 0.0 0.0
PF13855.9_20000_7 64.3 76.2 0.0 0.0
PF13855.9_20000_8 63.3 75.0 0.0 0.0
PF13855.9_20000_9 76.7 85.1 0.0 0.0
PF13855.9_300000_0
PF00005.30_50000_8 69.7 76.4 16.4 27.0
PF13855.9_300000_1
PF13855.9_300000_2
PF13855.9_300000_3
PF13855.9_300000_4
PF13855.9_300000_5
PF13855.9_300000_6
PF13855.9_300000_7
PF13855.9_300000_8
PF13855.9_300000_9
PF13855.9_500000_0
PF00005.30_50000_9 69.8 75.9 16.4 27.0
PF13855.9_500000_1
PF13855.9_500000_2
PF13855.9_500000_3
PF13855.9_500000_4
PF13855.9_500000_5
PF13855.9_500000_6
PF13855.9_500000_7
PF13855.9_500000_8
PF13855.9_500000_9
PF13855.9_50000_0 57.8 70.9 0.0 0.0
PF00005.30_100000_8 71.4 77.4 21.8 35.8
PF00005.30_55_0 77.6 78.8 26.7 43.9
PF13855.9_50000_1 74.9 82.6 0.0 0.0
PF13855.9_50000_2 66.0 78.5 0.0 0.0
PF13855.9_50000_3 67.2 78.8 0.0 0.0
PF13855.9_50000_4 72.5 81.6 0.0 0.0
PF13855.9_50000_5 66.8 77.8 0.0 0.0
PF13855.9_50000_6 64.7 76.0 0.0 0.0
PF13855.9_50000_7 71.5 81.9 0.0 0.0
PF13855.9_50000_8 74.7 82.4 0.0 0.0
PF13855.9_50000_9 60.9 73.0 0.0 0.0
PF13855.9_62_0 97.0 97.1 50.8 54.6
PF00041.24_100000_0 63.6 74.1 7.3 10.1
PF00041.24_100000_1 60.7 73.5 7.3 10.1
PF00041.24_100000_2 64.4 75.0 9.2 12.7
PF00041.24_100000_3 62.5 74.7 2.8 3.8
PF00041.24_100000_4 63.9 74.9 3.7 5.1
PF00041.24_100000_5 63.5 74.8 8.3 11.4
PF00041.24_100000_6 62.4 73.5 4.6 6.3
PF00041.24_100000_7 64.5 76.1 11.9 16.5
PF00041.24_100000_8 65.4 75.7 5.5 7.6
PF00005.30_100000_9 69.6 77.1 20.0 32.9
PF00041.24_100000_9 64.9 76.5 10.1 13.9
PF00041.24_10000_0 61.9 73.6 3.7 5.1
PF00041.24_10000_1 66.1 74.5 2.8 3.8
PF00041.24_10000_2 60.0 70.1 1.8 2.5
PF00041.24_10000_3 62.6 72.8 0.0 0.0
PF00041.24_10000_4 60.7 71.4 1.8 2.5
PF00041.24_10000_5 62.7 72.9 2.8 3.8
PF00041.24_10000_6 63.1 72.8 0.0 0.0
PF00041.24_10000_7 65.9 75.1 4.6 6.3
PF00041.24_10000_8 59.4 70.7 0.0 0.0
