PF00005.30_100000_0 45.9 80.3 8.4 13.9
PF00005.30_100000_1 44.3 79.8 12.9 21.2
PF00005.30_10000_0 51.9 73.7 16.0 26.3
PF00041.24_10000_9 50.9 72.4 0.0 0.0
PF00041.24_1500_0 53.6 69.1 0.0 0.0
PF00041.24_1500_1 56.7 71.7 0.9 1.3
PF00041.24_1500_2 57.4 72.4 2.8 3.8
PF00041.24_1500_3 58.1 73.2 0.0 0.0
PF00041.24_1500_4 56.1 71.6 0.9 1.3
PF00041.24_1500_5 55.8 71.9 3.7 5.1
PF00041.24_1500_6 56.4 71.5 1.8 2.5
PF00041.24_1500_7 59.6 73.1 0.0 0.0
PF00041.24_1500_8 57.2 70.9 0.9 1.3
PF00005.30_10000_1 52.4 72.9 10.7 17.5
PF00041.24_1500_9 58.0 72.1 0.9 1.3
PF00041.24_200000_0 38.7 67.5 0.0 0.0
PF00041.24_200000_1 40.7 72.7 0.0 0.0
PF00041.24_200000_2 39.6 70.7 2.8 3.8
PF00041.24_200000_3 42.1 73.9 3.7 5.1
PF00041.24_200000_4 42.7 71.8 0.0 0.0
PF00041.24_200000_5 44.4 73.7 0.0 0.0
PF00041.24_200000_6 40.7 70.5 0.0 0.0
PF00041.24_200000_7 42.5 71.9 0.0 0.0
PF00041.24_200000_8 43.2 74.8 1.8 2.5
PF00005.30_10000_2 59.9 79.2 16.0 26.3
PF00041.24_200000_9 41.8 71.3 0.0 0.0
PF00041.24_20000_0 46.5 70.0 3.7 5.1
PF00041.24_20000_1 46.5 70.5 1.8 2.5
PF00041.24_20000_2 42.5 69.2 0.0 0.0
PF00041.24_20000_3 50.0 75.1 0.0 0.0
PF00041.24_20000_4 53.6 76.6 5.5 7.6
PF00041.24_20000_5 49.4 73.3 0.0 0.0
PF00041.24_20000_6 43.1 66.5 0.0 0.0
PF00041.24_20000_7 42.6 68.5 0.0 0.0
PF00041.24_20000_8 47.2 71.8 3.7 5.1
PF00005.30_10000_3 47.0 73.5 10.7 17.5
PF00041.24_20000_9 40.6 66.7 0.9 1.3
PF00041.24_300000_0 40.0 71.8 0.0 0.0
PF00041.24_300000_1 42.9 72.2 0.0 0.0
PF00041.24_300000_2 35.6 71.8 0.0 0.0
PF00041.24_300000_3 34.6 64.6 0.0 0.0
PF00041.24_300000_4 38.4 69.2 0.0 0.0
PF00041.24_300000_5 39.9 71.7 0.0 0.0
PF00041.24_300000_6 41.7 73.7 0.0 0.0
PF00041.24_300000_7 34.7 64.8 0.0 0.0
PF00041.24_300000_8 39.7 69.8 0.0 0.0
PF00005.30_10000_4 56.8 78.7 19.6 32.2
PF00041.24_300000_9 41.7 71.0 0.0 0.0
PF00041.24_500000_0 37.7 69.2 0.0 0.0
PF00041.24_500000_1 33.5 66.5 0.0 0.0
PF00041.24_500000_2 40.7 70.5 1.8 2.5
PF00041.24_500000_3 34.5 64.8 0.0 0.0
PF00041.24_500000_4 41.7 71.5 0.0 0.0
PF00041.24_500000_5 36.6 68.5 0.0 0.0
PF00041.24_500000_6 38.6 68.3 0.0 0.0
PF00041.24_500000_7 37.3 69.2 0.0 0.0
PF00041.24_500000_8 39.1 71.3 0.9 1.3
PF00005.30_10000_5 55.7 75.2 13.3 21.9
PF00041.24_500000_9 37.7 68.4 0.0 0.0
PF00041.24_50000_0 46.2 72.4 0.9 1.3
PF00041.24_50000_1 43.5 72.5 8.3 11.4
PF00041.24_50000_2 43.2 71.4 1.8 2.5
PF00041.24_50000_3 46.2 72.0 3.7 5.1
PF00041.24_50000_4 48.6 71.3 1.8 2.5
PF00041.24_50000_5 39.0 65.6 0.0 0.0
PF00041.24_50000_6 44.1 73.0 6.4 8.9
PF00041.24_50000_7 45.2 71.0 0.0 0.0
PF00041.24_50000_8 42.4 70.2 0.0 0.0
PF00005.30_10000_6 52.9 75.3 17.3 28.5
PF00041.24_50000_9 46.3 73.2 2.8 3.8
PF00041.24_98_0 63.1 72.7 0.0 0.0
PF00069.28_100000_0 34.5 74.2 0.0 0.0
PF00069.28_100000_1 36.6 75.2 7.3 11.4
PF00069.28_100000_2 38.6 72.8 0.3 0.4
PF00069.28_100000_3 38.1 73.9 4.9 7.8
PF00069.28_100000_4 37.8 74.5 7.0 10.6
PF00069.28_100000_5 33.6 68.1 3.6 5.2
PF00069.28_100000_6 40.1 77.4 4.1 6.5
PF00069.28_100000_7 27.8 63.3 0.0 0.0
PF00005.30_10000_7 49.4 74.3 12.9 21.2
PF00069.28_100000_8 36.3 70.6 2.3 3.7
PF00069.28_100000_9 34.4 72.3 2.1 3.2
PF00069.28_10000_0 53.5 78.8 6.0 9.3
PF00069.28_10000_1 54.4 79.7 2.3 3.7
PF00069.28_10000_2 56.5 80.4 6.2 9.7
PF00069.28_10000_3 55.5 79.5 4.4 6.9
PF00069.28_10000_4 50.8 78.2 6.5 10.2
PF00069.28_10000_5 56.5 79.7 9.8 15.5
PF00069.28_10000_6 55.4 79.7 6.2 8.3
PF00069.28_10000_7 46.2 73.9 3.1 5.0
PF00005.30_10000_8 57.7 74.5 23.1 38.0
PF00069.28_10000_8 54.2 79.1 2.6 2.0
PF00069.28_10000_9 49.8 75.8 1.3 1.6
PF00069.28_1500_0 72.4 82.1 17.1 27.1
PF00069.28_1500_1 72.5 81.3 13.2 19.3
PF00069.28_1500_2 62.0 78.3 11.7 18.4
PF00069.28_1500_3 71.8 80.8 8.3 13.2
PF00069.28_1500_4 73.8 82.7 17.1 26.6
PF00069.28_1500_5 67.6 80.3 10.1 15.8
PF00069.28_1500_6 70.9 81.3 14.5 22.1
PF00069.28_1500_7 71.9 82.6 11.7 18.2
PF00005.30_10000_9 55.9 76.3 12.9 21.2
PF00069.28_1500_8 74.4 82.6 22.3 33.8
PF00069.28_1500_9 70.4 81.0 14.8 23.0
PF00069.28_200000_0 38.8 76.6 2.6 4.1
PF00069.28_200000_1 35.7 74.3 2.6 4.2
PF00069.28_200000_2 36.4 77.3 0.0 0.0
PF00069.28_200000_3 33.1 74.2 1.0 1.6
PF00069.28_200000_4 37.9 75.5 2.1 3.2
PF00069.28_200000_5 32.5 71.0 0.8 1.2
PF00069.28_200000_6 26.9 67.8 0.5 0.0
PF00069.28_200000_7 28.9 71.7 1.8 2.8
PF00005.30_100000_2 44.9 79.9 5.3 8.8
PF00005.30_1500_0 63.4 74.0 17.8 29.2
PF00069.28_200000_8 42.8 77.3 0.5 0.8
PF00069.28_200000_9 36.8 74.6 0.0 0.0
PF00069.28_20000_0 47.9 76.5 4.4 6.9
PF00069.28_20000_1 47.9 74.7 3.6 5.8
PF00069.28_20000_2 50.8 76.1 5.2 8.2
PF00069.28_20000_3 51.6 79.2 5.7 9.0
PF00069.28_20000_4 38.3 74.0 3.4 5.1
PF00069.28_20000_5 45.8 76.6 5.7 9.0
PF00069.28_20000_6 38.2 74.6 5.7 9.0
PF00069.28_20000_7 48.1 75.2 4.1 6.4
PF00005.30_1500_1 65.9 74.9 19.6 32.2
PF00069.28_20000_8 55.2 78.5 6.2 9.8
PF00069.28_20000_9 44.8 74.6 4.1 6.5
PF00069.28_300000_0
PF00069.28_300000_1
PF00069.28_300000_2
PF00069.28_300000_3
PF00069.28_300000_4
PF00069.28_300000_5
PF00069.28_300000_6
PF00069.28_300000_7
PF00005.30_1500_2 64.2 75.4 15.1 24.9
PF00069.28_300000_8
PF00069.28_300000_9
PF00069.28_38_0 83.1 83.8 28.5 44.2
PF00069.28_500000_0
PF00069.28_500000_1
PF00069.28_500000_2
PF00069.28_500000_3
PF00069.28_500000_4
PF00069.28_500000_5
PF00069.28_500000_6
PF00005.30_1500_3 64.4 74.0 14.2 23.4
PF00069.28_500000_7
PF00069.28_500000_8
PF00069.28_500000_9
PF00069.28_50000_0 38.4 73.9 5.2 8.2
PF00069.28_50000_1 38.9 72.9 1.8 2.9
PF00069.28_50000_2 40.8 73.0 0.0 0.0
PF00069.28_50000_3 41.0 73.8 1.3 2.0
PF00069.28_50000_4 27.5 64.6 0.0 0.0
PF00069.28_50000_5 38.0 73.2 3.6 5.8
PF00069.28_50000_6 40.6 72.2 0.3 0.4
PF00005.30_1500_4 64.7 75.2 20.9 34.4
PF00069.28_50000_7 44.1 76.5 1.3 2.1
PF00069.28_50000_8 44.8 77.2 0.0 0.0
PF00069.28_50000_9 40.2 78.3 2.1 3.2
PF00072.27_100000_0 65.9 83.4 10.0 11.8
PF00072.27_100000_1 57.5 77.1 1.5 1.8
PF00072.27_100000_2 56.9 76.3 5.4 6.3
PF00072.27_100000_3 58.3 79.7 5.4 6.3
PF00072.27_100000_4 58.4 77.9 6.2 7.3
PF00072.27_100000_5 51.7 75.6 3.8 4.5
PF00072.27_100000_6 58.6 79.1 8.5 10.0
PF00005.30_1500_5 63.5 75.1 16.4 27.0
PF00072.27_100000_7 58.4 80.2 5.4 6.3
PF00072.27_100000_8 60.6 78.6 0.8 0.9
PF00072.27_100000_9 57.5 81.5 6.9 8.2
PF00072.27_10000_0 65.7 81.8 3.1 3.6
PF00072.27_10000_1 73.7 86.0 9.2 10.9
PF00072.27_10000_2 72.0 84.9 13.1 15.4
PF00072.27_10000_3 71.0 84.0 9.2 10.9
PF00072.27_10000_4 69.4 82.6 12.3 14.5
PF00072.27_10000_5 57.3 75.0 6.2 7.3
PF00072.27_10000_6 63.7 78.8 5.4 6.3
PF00005.30_1500_6 63.2 74.5 19.1 31.4
PF00072.27_10000_7 69.2 84.3 19.2 22.7
PF00072.27_10000_8 68.3 83.6 13.1 15.4
PF00072.27_10000_9 70.0 83.2 14.6 16.3
PF00072.27_1500_0 79.1 87.4 14.6 17.2
PF00072.27_1500_1 74.3 84.2 7.7 6.4
PF00072.27_1500_2 83.2 90.4 18.5 21.8
PF00072.27_1500_3 78.4 86.9 9.2 10.9
PF00072.27_1500_4 80.4 86.0 13.8 16.3
PF00072.27_1500_5 80.8 88.2 19.2 22.7
PF00072.27_1500_6 85.8 90.8 18.5 21.8
PF00005.30_1500_7 66.6 75.8 17.3 28.5
PF00072.27_1500_7 83.4 88.6 9.2 10.9
PF00072.27_1500_8 82.0 88.3 13.8 16.3
PF00072.27_1500_9 80.8 88.4 14.6 17.2
PF00072.27_200000_0 48.2 71.8 3.1 3.6
PF00072.27_200000_1 49.6 70.8 2.3 2.7
PF00072.27_200000_2 50.7 73.1 0.0 0.0
PF00072.27_200000_3 54.0 76.0 3.8 4.5
PF00072.27_200000_4 55.7 76.2 0.0 0.0
PF00072.27_200000_5 47.9 73.2 0.0 0.0
PF00072.27_200000_6 54.4 74.2 0.0 0.0
PF00005.30_1500_8 64.7 74.7 16.9 27.8
PF00072.27_200000_7 59.4 79.3 4.6 5.4
PF00072.27_200000_8 50.1 74.3 0.8 0.9
PF00072.27_200000_9 42.4 67.6 0.0 0.0
PF00072.27_20000_0 64.6 82.1 12.3 14.5
PF00072.27_20000_1 65.3 81.6 2.3 2.7
PF00072.27_20000_2 63.8 80.8 13.1 15.4
PF00072.27_20000_3 57.7 79.2 10.8 12.7
PF00072.27_20000_4 59.1 77.2 6.9 8.2
PF00072.27_20000_5 64.7 83.2 10.8 12.7
PF00072.27_20000_6 57.3 76.7 5.4 6.3
PF00005.30_1500_9 63.9 74.9 16.9 27.8
PF00072.27_20000_7 50.3 71.2 5.4 6.3
PF00072.27_20000_8 59.8 77.3 9.2 10.9
PF00072.27_20000_9 58.0 77.3 13.1 15.4
PF00072.27_300000_0 54.6 74.8 6.2 7.3
PF00072.27_300000_1 50.2 75.3 0.0 0.0
PF00072.27_300000_2 59.3 80.8 6.2 7.3
PF00072.27_300000_3 44.6 70.0 2.3 2.7
PF00072.27_300000_4 53.4 75.4 4.6 5.4
PF00072.27_300000_5 46.1 72.4 3.1 3.6
PF00072.27_300000_6 54.7 76.9 5.4 6.3
PF00005.30_100000_3 46.3 79.2 13.8 22.7
PF00005.30_200000_0 44.4 81.2 13.8 22.7
PF00072.27_300000_7 51.0 75.1 0.0 0.0
PF00072.27_300000_8 53.4 75.6 0.0 0.0
PF00072.27_300000_9 37.6 62.8 0.0 0.0
PF00072.27_500000_0 50.6 75.2 0.0 0.0
PF00072.27_500000_1 50.6 74.8 3.1 3.6
PF00072.27_500000_2 54.6 78.6 6.2 7.3
PF00072.27_500000_3 44.8 70.2 0.0 0.0
PF00072.27_500000_4 54.6 77.5 0.8 0.9
PF00072.27_500000_5 51.7 75.1 1.5 1.8
PF00072.27_500000_6 52.4 75.4 6.9 8.2
PF00005.30_200000_1 43.7 80.6 5.8 9.5
PF00072.27_500000_7 48.6 72.4 2.3 2.7
PF00072.27_500000_8 49.2 71.3 0.0 0.0
PF00072.27_500000_9 51.1 74.1 5.4 6.3
PF00072.27_50000_0 60.7 80.6 13.1 15.4
PF00072.27_50000_1 62.3 80.7 6.9 8.2
PF00072.27_50000_2 62.9 81.8 12.3 14.5
PF00072.27_50000_3 44.2 67.2 3.1 3.6
PF00072.27_50000_4 54.6 74.8 2.3 2.7
PF00072.27_50000_5 61.9 83.9 8.5 10.0
PF00072.27_50000_6 60.3 79.3 5.4 6.3
PF00005.30_200000_2 45.6 80.9 10.2 16.8
PF00072.27_50000_7 48.5 70.3 6.2 7.3
PF00072.27_50000_8 55.7 76.0 3.1 3.6
PF00072.27_50000_9 60.9 78.9 10.8 12.7
PF00072.27_52_0 90.2 92.4 37.7 44.4
PF00096.29_100000_0 76.7 91.1 6.5 8.6
PF00096.29_100000_1 79.8 91.9 12.9 17.3
PF00096.29_100000_2 77.1 93.0 6.5 8.6
PF00096.29_100000_3 82.6 93.4 3.2 4.3
PF00096.29_100000_4 65.6 84.0 0.0 0.0
PF00096.29_100000_5 78.9 92.7 12.9 17.3
PF00005.30_200000_3 43.9 82.0 10.7 17.5
PF00096.29_100000_6 74.6 88.2 0.0 0.0
PF00096.29_100000_7 78.5 91.6 9.7 13.0
PF00096.29_100000_8 74.2 88.1 3.2 4.3
PF00096.29_100000_9 76.5 92.0 6.5 8.6
PF00096.29_10000_0 80.5 91.2 0.0 0.0
PF00096.29_10000_1 83.5 92.0 3.2 4.3
PF00096.29_10000_2 88.0 93.5 22.6 21.6
PF00096.29_10000_3 86.6 93.3 22.6 21.6
PF00096.29_10000_4 83.5 91.9 6.5 8.6
PF00096.29_10000_5 86.8 92.8 9.7 13.0
PF00005.30_200000_4 45.2 78.7 10.7 17.5
PF00096.29_10000_6 86.8 92.8 12.9 17.3
PF00096.29_10000_7 81.7 91.0 12.9 17.3
PF00096.29_10000_8 86.9 93.1 9.7 13.0
PF00096.29_10000_9 85.6 93.1 9.7 13.0
PF00096.29_1500_0 88.4 92.2 6.5 8.6
PF00096.29_1500_1 90.0 94.4 16.1 21.6
PF00096.29_1500_2 87.8 91.2 12.9 13.0
PF00096.29_1500_3 89.2 93.5 9.7 13.0
PF00096.29_1500_4 88.3 92.8 9.7 13.0
PF00096.29_1500_5 87.0 92.4 9.7 13.0
PF00005.30_200000_5 42.5 82.7 10.2 16.8
PF00096.29_1500_6 88.7 93.2 9.7 0.0
PF00096.29_1500_7 90.7 92.6 12.9 17.3
PF00096.29_1500_8 87.8 91.9 6.5 8.6
PF00096.29_1500_9 90.7 93.9 19.4 25.9
PF00096.29_159_0 91.5 92.2 22.6 21.6
PF00096.29_200000_0 80.1 92.3 6.5 8.6
PF00096.29_200000_1 76.8 92.7 6.5 8.6
PF00096.29_200000_2 81.4 92.3 6.5 8.6
PF00096.29_200000_3 77.4 91.5 3.2 4.3
PF00096.29_200000_4 67.9 86.9 0.0 0.0
PF00005.30_200000_6 41.7 80.8 10.2 16.8
PF00096.29_200000_5 77.2 89.9 6.5 8.6
PF00096.29_200000_6 79.8 93.3 3.2 4.3
PF00096.29_200000_7 78.1 91.8 6.5 8.6
PF00096.29_200000_8 76.2 90.1 0.0 0.0
PF00096.29_200000_9 81.5 92.6 3.2 4.3
PF00096.29_20000_0 84.4 93.3 6.5 8.6
PF00096.29_20000_1 82.8 93.3 6.5 8.6
PF00096.29_20000_2 87.1 93.1 16.1 21.6
PF00096.29_20000_3 77.7 87.8 6.5 8.6
PF00096.29_20000_4 85.6 93.2 6.5 8.6
PF00005.30_200000_7 39.9 84.3 11.1 18.3
PF00096.29_20000_5 72.3 84.4 6.5 8.6
PF00096.29_20000_6 85.2 92.9 12.9 8.6
PF00096.29_20000_7 77.7 88.2 0.0 0.0
PF00096.29_20000_8 77.1 88.5 6.5 0.0
PF00096.29_20000_9 83.7 92.0 0.0 0.0
PF00096.29_300000_0 72.3 88.2 3.2 4.3
PF00096.29_300000_1 74.0 93.0 0.0 0.0
PF00096.29_300000_2 74.9 88.8 6.5 8.6
PF00096.29_300000_3 75.1 89.1 0.0 0.0
PF00096.29_300000_4 75.5 93.1 3.2 4.3
PF00005.30_200000_8 43.8 78.0 18.7 30.7
PF00096.29_300000_5 80.5 91.9 3.2 4.3
PF00096.29_300000_6 79.2 91.5 6.5 8.6
PF00096.29_300000_7 73.3 89.2 0.0 0.0
PF00096.29_300000_8 81.2 91.7 0.0 0.0
PF00096.29_300000_9 73.3 91.7 0.0 0.0
PF00096.29_500000_0 76.5 91.4 6.5 8.6
PF00096.29_500000_1 76.8 92.9 3.2 4.3
PF00096.29_500000_2 71.7 91.8 6.5 8.6
PF00096.29_500000_3 72.7 88.2 9.7 13.0
PF00096.29_500000_4 77.6 91.1 3.2 4.3
PF00005.30_200000_9 43.0 81.3 4.4 7.3
PF00096.29_500000_5 73.9 91.2 3.2 4.3
PF00096.29_500000_6 71.2 90.0 3.2 4.3
PF00096.29_500000_7 78.7 92.1 0.0 0.0
PF00096.29_500000_8 72.4 88.9 0.0 0.0
PF00096.29_500000_9 77.9 92.4 0.0 0.0
PF00096.29_50000_0 86.6 93.5 9.7 13.0
PF00096.29_50000_1 78.7 92.7 6.5 8.6
PF00096.29_50000_2 82.4 92.1 16.1 21.6
PF00096.29_50000_3 80.1 90.8 3.2 4.3
PF00096.29_50000_4 80.5 92.6 6.5 8.6
PF00005.30_100000_4 46.3 76.8 8.0 13.2
PF00005.30_20000_0 46.7 75.0 15.6 25.6
PF00096.29_50000_5 80.1 89.5 0.0 0.0
PF00096.29_50000_6 81.1 91.8 3.2 4.3
PF00096.29_50000_7 77.8 92.2 9.7 13.0
PF00096.29_50000_8 80.5 92.5 9.7 13.0
PF00096.29_50000_9 76.8 88.2 6.5 8.6
PF00400.35_100000_0 -9.6 -13.7 0.0 0.0
PF00400.35_100000_1 -14.1 -22.4 0.0 0.0
PF00400.35_100000_2 -14.9 -24.3 0.0 0.0
PF00400.35_100000_3 -18.7 -33.3 0.0 0.0
PF00400.35_100000_4 -14.5 -23.1 0.0 0.0
PF00005.30_20000_1 50.6 75.5 9.3 15.4
PF00400.35_100000_5 -10.5 -15.4 0.0 0.0
PF00400.35_100000_6 -24.8 -46.1 0.0 0.0
PF00400.35_100000_7 -11.3 -16.9 0.0 0.0
PF00400.35_100000_8 -18.8 -31.3 0.0 0.0
PF00400.35_100000_9 -11.0 -16.4 0.0 0.0
PF00400.35_10000_0 -6.5 -8.7 0.0 0.0
PF00400.35_10000_1 -7.4 -9.8 0.0 0.0
PF00400.35_10000_2 -6.0 -7.9 0.0 0.0
PF00400.35_10000_3 -3.2 -4.0 0.0 0.0
PF00400.35_10000_4 -13.3 -19.1 0.0 0.0
PF00005.30_20000_2 46.0 76.7 9.8 16.1
PF00400.35_10000_5 -6.8 -8.9 0.0 0.0
PF00400.35_10000_6 -6.9 -9.1 0.0 0.0
PF00400.35_10000_7 -7.5 -9.8 0.0 0.0
PF00400.35_10000_8 -11.2 -16.0 0.0 0.0
PF00400.35_10000_9 -6.6 -8.5 0.0 0.0
PF00400.35_1465_0 0.8 0.9 0.0 0.0
PF00400.35_1500_0 0.0 0.0 0.0 0.0
PF00400.35_1500_1 1.8 1.9 0.0 0.0
PF00400.35_1500_2 6.4 6.8 0.0 0.0
PF00400.35_1500_3 -0.5 -0.5 0.0 0.0
PF00005.30_20000_3 45.2 75.5 12.9 21.2
PF00400.35_1500_4 -1.7 -1.8 0.0 0.0
PF00400.35_1500_5 0.5 0.6 0.0 0.0
PF00400.35_1500_6 1.4 1.5 0.0 0.0
PF00400.35_1500_7 2.8 3.0 0.0 0.0
PF00400.35_1500_8 0.2 0.2 0.0 0.0
PF00400.35_1500_9 0.3 0.3 0.0 0.0
PF00400.35_200000_0 -14.9 -22.8 0.0 0.0
PF00400.35_200000_1 -17.9 -31.3 0.8 0.0
PF00400.35_200000_2 -15.9 -25.7 0.0 0.0
PF00400.35_200000_3 -20.3 -34.6 0.0 0.0
PF00005.30_20000_4 47.1 75.0 14.2 23.4
PF00400.35_200000_4 -15.7 -25.6 0.0 0.0
PF00400.35_200000_5 -14.6 -22.8 0.0 0.0
PF00400.35_200000_6 -17.8 -30.0 0.8 0.0
PF00400.35_200000_7 -15.8 -26.6 0.0 0.0
PF00400.35_200000_8 -13.4 -20.8 0.0 0.0
PF00400.35_200000_9 -11.0 -16.0 0.0 0.0
PF00400.35_20000_0 -9.9 -13.6 0.0 0.0
PF00400.35_20000_1 -8.4 -11.5 0.0 0.0
PF00400.35_20000_2 -10.1 -14.1 0.0 0.0
PF00400.35_20000_3 -11.5 -16.1 0.0 0.0
PF00005.30_20000_5 51.8 78.3 12.0 19.7
PF00400.35_20000_4 -11.3 -15.8 0.0 0.0
PF00400.35_20000_5 -8.6 -11.7 0.0 0.0
PF00400.35_20000_6 -11.1 -15.8 0.0 0.0
PF00400.35_20000_7 -5.5 -7.1 0.0 0.0
PF00400.35_20000_8 -6.9 -9.3 0.0 0.0
PF00400.35_20000_9 -8.2 -11.4 0.0 0.0
PF00400.35_300000_0 -20.4 -36.6 0.0 0.0
PF00400.35_300000_1 -18.1 -29.7 1.7 0.0
PF00400.35_300000_2 -20.4 -35.5 0.0 0.0
PF00400.35_300000_3 -17.3 -29.0 0.0 0.0
PF00005.30_20000_6 47.5 76.6 16.0 26.3
PF00400.35_300000_4 -19.2 -33.0 0.0 0.0
PF00400.35_300000_5 -21.7 -41.8 0.0 0.0
PF00400.35_300000_6 -18.5 -31.6 0.8 0.0
PF00400.35_300000_7 -13.8 -22.1 0.0 0.0
PF00400.35_300000_8 -17.5 -29.3 0.0 0.0
PF00400.35_300000_9 -26.2 -50.6 0.0 0.0
PF00400.35_500000_0 -24.7 -48.1 0.0 0.0
PF00400.35_500000_1 -18.3 -31.8 0.0 0.0
PF00400.35_500000_2 -22.0 -43.3 0.0 0.0
PF00400.35_500000_3 -17.0 -28.6 0.0 0.0
PF00005.30_20000_7 47.9 76.2 10.7 17.5
PF00400.35_500000_4 -23.5 -48.2 0.0 0.0
PF00400.35_500000_5 -17.4 -29.4 0.0 0.0
PF00400.35_500000_6 -22.7 -44.5 0.0 0.0
PF00400.35_500000_7 -18.1 -31.7 0.0 0.0
PF00400.35_500000_8 -18.2 -31.2 0.0 0.0
PF00400.35_500000_9 -23.9 -46.3 1.7 0.0
PF00400.35_50000_0 -10.7 -15.6 0.0 0.0
PF00400.35_50000_1 -16.1 -25.6 0.0 0.0
PF00400.35_50000_2 -9.2 -12.8 0.0 0.0
PF00400.35_50000_3 -11.6 -17.2 0.0 0.0
PF00005.30_20000_8 53.5 77.8 14.2 21.9
PF00400.35_50000_4 -12.9 -19.2 0.0 0.0
PF00400.35_50000_5 -10.4 -15.0 0.0 0.0
PF00400.35_50000_6 -13.8 -20.7 0.0 0.0
PF00400.35_50000_7 -12.5 -18.7 0.0 0.0
PF00400.35_50000_8 -13.3 -20.0 0.0 0.0
PF00400.35_50000_9 -9.7 -13.4 0.0 0.0
PF07679.19_100000_0 50.8 82.4 1.0 1.1
PF07679.19_100000_1 43.8 75.2 3.0 3.4
PF07679.19_100000_2 45.1 80.5 6.0 6.8
PF07679.19_100000_3 53.6 80.2 8.0 9.0
PF00005.30_20000_9 50.7 78.7 13.3 21.9
PF07679.19_100000_4 42.4 73.3 6.0 6.8
PF07679.19_100000_5 55.1 83.7 9.0 10.2
PF07679.19_100000_6 42.8 77.1 2.0 2.3
PF07679.19_100000_7 49.3 78.0 5.0 5.6
PF07679.19_100000_8 46.6 78.5 4.0 4.5
PF07679.19_100000_9 49.0 79.5 2.0 2.3
PF07679.19_10000_0 64.9 84.0 11.0 12.4
PF07679.19_10000_1 63.2 82.2 13.0 14.7
PF07679.19_10000_2 63.6 83.9 10.0 11.3
PF07679.19_10000_3 62.5 82.9 11.0 12.4
PF00005.30_100000_5 46.2 79.5 12.4 20.5
PF00005.30_300000_0 43.4 82.4 11.1 18.3
PF07679.19_10000_4 56.0 78.5 10.0 11.3
PF07679.19_10000_5 64.1 86.2 16.0 18.1
PF07679.19_10000_6 59.1 79.5 10.0 11.3
PF07679.19_10000_7 56.8 80.4 6.0 6.8
PF07679.19_10000_8 61.6 82.2 12.0 13.5
PF07679.19_10000_9 59.8 78.5 18.0 20.3
PF07679.19_1500_0 74.4 84.2 21.0 23.7
PF07679.19_1500_1 79.7 87.6 23.0 25.9
PF07679.19_1500_2 81.1 88.7 25.0 28.2
PF07679.19_1500_3 82.3 87.4 28.0 31.6
PF00005.30_300000_1 42.7 80.5 6.7 11.0
PF07679.19_1500_4 78.7 84.9 27.0 30.5
PF07679.19_1500_5 78.0 85.9 28.0 31.6
PF07679.19_1500_6 79.0 86.4 15.0 16.9
PF07679.19_1500_7 76.2 86.6 24.0 27.1
PF07679.19_1500_8 78.0 85.1 7.0 7.9
PF07679.19_1500_9 72.2 81.3 24.0 27.1
PF07679.19_200000_0 49.6 80.2 7.0 7.9
PF07679.19_200000_1 43.8 77.5 2.0 2.3
PF07679.19_200000_2 40.1 70.7 3.0 3.4
PF07679.19_200000_3 45.8 76.5 4.0 4.5
PF00005.30_300000_2 38.0 81.5 1.3 2.2
PF07679.19_200000_4 48.0 78.3 0.0 0.0
PF07679.19_200000_5 39.0 70.4 0.0 0.0
PF07679.19_200000_6 47.3 79.3 3.0 3.4
PF07679.19_200000_7 38.4 72.7 3.0 3.4
PF07679.19_200000_8 47.6 76.4 0.0 0.0
PF07679.19_200000_9 41.1 76.7 0.0 0.0
PF07679.19_20000_0 56.3 81.6 5.0 5.6
PF07679.19_20000_1 56.5 79.5 14.0 15.8
PF07679.19_20000_2 51.5 80.9 8.0 9.0
PF07679.19_20000_3 63.2 82.2 8.0 9.0
PF00005.30_300000_3 44.3 83.3 8.9 14.6
PF07679.19_20000_4 48.0 74.4 9.0 10.2
PF07679.19_20000_5 59.3 85.4 13.0 14.7
PF07679.19_20000_6 55.6 76.5 0.0 0.0
PF07679.19_20000_7 56.1 81.6 11.0 12.4
PF07679.19_20000_8 53.5 78.8 9.0 10.2
PF07679.19_20000_9 53.2 79.7 7.0 7.9
PF07679.19_300000_0 44.6 72.9 5.0 5.6
PF07679.19_300000_1 43.3 75.1 2.0 2.3
PF07679.19_300000_2 40.2 82.2 4.0 4.5
PF07679.19_300000_3 34.3 72.0 0.0 0.0
PF00005.30_300000_4 39.2 76.3 4.4 7.3
PF07679.19_300000_4 44.7 77.5 6.0 6.8
PF07679.19_300000_5 36.4 67.0 4.0 4.5
PF07679.19_300000_6 42.1 76.8 0.0 0.0
PF07679.19_300000_7 30.1 61.8 0.0 0.0
PF07679.19_300000_8 47.2 78.9 6.0 6.8
PF07679.19_300000_9 45.1 75.7 2.0 2.3
PF07679.19_48_0 90.1 91.5 44.0 49.6
PF07679.19_500000_0 36.4 70.8 5.0 5.6
PF07679.19_500000_1 40.3 77.4 0.0 0.0
PF07679.19_500000_2 46.0 81.1 6.0 6.8
PF00005.30_300000_5 39.1 82.3 4.4 7.3
PF07679.19_500000_3 39.4 76.5 2.0 2.3
PF07679.19_500000_4 43.3 77.2 7.0 7.9
PF07679.19_500000_5 42.7 78.6 4.0 4.5
PF07679.19_500000_6 49.2 79.2 1.0 1.1
PF07679.19_500000_7 40.5 74.1 0.0 0.0
PF07679.19_500000_8 44.4 79.9 3.0 3.4
PF07679.19_500000_9 45.0 77.6 1.0 1.1
PF07679.19_50000_0 56.2 78.0 3.0 3.4
PF07679.19_50000_1 58.8 82.4 8.0 9.0
PF07679.19_50000_2 45.6 75.9 0.0 0.0
PF00005.30_300000_6 44.0 81.3 14.7 24.1
PF07679.19_50000_3 56.8 80.3 10.0 11.3
PF07679.19_50000_4 46.4 77.0 4.0 4.5
PF07679.19_50000_5 46.2 81.1 5.0 5.6
PF07679.19_50000_6 53.3 81.0 1.0 1.1
PF07679.19_50000_7 52.4 78.0 4.0 4.5
PF07679.19_50000_8 54.1 76.3 1.0 1.1
PF07679.19_50000_9 54.4 79.8 0.0 0.0
PF07690.19_100000_0 2.1 10.7 0.0 0.0
PF07690.19_100000_1 2.3 11.7 0.0 0.0
PF07690.19_100000_2 2.2 12.4 0.0 0.0
PF00005.30_300000_7 42.4 81.4 4.4 7.3
PF07690.19_100000_3 1.2 8.9 0.0 0.0
PF07690.19_100000_4 1.6 12.4 0.0 0.0
PF07690.19_100000_5 1.5 10.2 0.0 0.0
PF07690.19_100000_6 1.9 13.5 0.0 0.0
PF07690.19_100000_7 1.5 12.2 0.0 0.0
PF07690.19_100000_8 1.2 9.7 0.0 0.0
PF07690.19_100000_9 1.4 12.3 0.0 0.0
PF07690.19_10000_0 5.8 17.8 0.0 0.0
PF07690.19_10000_1 6.3 18.5 0.0 0.0
PF07690.19_10000_2 4.8 16.0 0.0 0.0
PF00005.30_300000_8 42.6 80.9 9.8 16.1
PF07690.19_10000_3 4.6 14.8 0.0 0.0
PF07690.19_10000_4 5.1 16.6 0.1 0.0
PF07690.19_10000_5 5.7 19.2 0.0 0.0
PF07690.19_10000_6 4.7 14.7 0.0 0.0
PF07690.19_10000_7 4.9 17.6 0.0 0.0
PF07690.19_10000_8 6.3 19.1 0.0 0.0
PF07690.19_10000_9 4.5 14.7 0.0 0.0
PF07690.19_1500_0 14.1 25.8 0.0 0.0
PF07690.19_1500_1 14.6 26.1 0.0 0.0
PF07690.19_1500_2 17.5 28.9 0.0 0.0
PF00005.30_300000_9 39.9 78.9 7.6 12.4
PF07690.19_1500_3 17.1 28.4 0.0 0.0
PF07690.19_1500_4 13.5 24.9 0.6 0.0
PF07690.19_1500_5 13.1 24.3 0.6 0.0
PF07690.19_1500_6 14.3 25.7 0.0 0.0
PF07690.19_1500_7 14.5 26.4 0.1 0.0
PF07690.19_1500_8 12.1 23.2 0.0 0.0
PF07690.19_1500_9 15.7 27.1 0.0 0.0
PF07690.19_192_0 26.8 35.6 0.0 0.0
PF07690.19_200000_0
PF07690.19_200000_1
PF00005.30_100000_6 42.3 83.7 8.9 14.6
PF00005.30_500000_0 41.1 79.7 6.7 11.0
PF07690.19_200000_3
PF07690.19_200000_4
PF07690.19_200000_5
PF07690.19_200000_6
PF07690.19_200000_7
PF07690.19_200000_8
PF07690.19_200000_9
PF07690.19_20000_0 4.0 15.5 0.0 0.0
PF07690.19_20000_1 4.3 15.1 0.0 0.0
PF00005.30_500000_1 41.1 81.8 8.9 14.6
PF07690.19_20000_2 3.6 15.6 0.0 0.0
PF07690.19_20000_3 4.2 16.3 0.0 0.0
PF07690.19_20000_4 3.7 13.9 0.0 0.0
PF07690.19_20000_5 3.6 15.1 0.0 0.0
PF07690.19_20000_6 4.0 14.5 0.0 0.0
PF07690.19_20000_7 4.9 18.0 0.0 0.0
PF07690.19_20000_8 3.5 14.1 0.0 0.0
PF07690.19_20000_9 3.0 12.5 0.0 0.0
PF07690.19_300000_0
PF07690.19_300000_1
PF00005.30_500000_2 41.8 81.8 10.2 16.8
PF07690.19_300000_2
PF07690.19_300000_3
PF07690.19_300000_4
PF07690.19_300000_5
PF07690.19_300000_7
PF07690.19_300000_8
PF07690.19_500000_1
PF07690.19_500000_6
PF00005.30_500000_3 41.7 81.7 13.8 22.7
PF07690.19_50000_0 2.3 15.0 0.0 0.0
PF07690.19_50000_1 2.6 12.7 0.0 0.0
PF07690.19_50000_2 4.2 18.8 0.0 0.0
PF07690.19_50000_3 2.6 14.2 0.0 0.0
PF07690.19_50000_4 1.6 10.5 0.0 0.0
PF07690.19_50000_5 2.5 13.8 0.0 0.0
PF07690.19_50000_6 2.2 12.0 0.0 0.0
PF07690.19_50000_7 1.8 11.2 0.0 0.0
PF07690.19_50000_8 4.5 18.4 0.0 0.0
PF07690.19_50000_9 1.7 12.1 0.0 0.0
PF00005.30_500000_4 43.3 82.3 10.2 16.8
PF12796.10_100000_0 15.8 33.9 0.0 0.0
PF12796.10_100000_1 20.7 37.0 0.0 0.0
PF12796.10_100000_2 15.5 35.8 0.0 0.0
PF12796.10_100000_3 18.1 37.6 0.0 0.0
PF12796.10_100000_4 22.3 40.7 0.0 0.0
PF12796.10_100000_5 12.9 32.8 0.0 0.0
PF12796.10_100000_6 18.5 39.5 0.0 0.0
PF12796.10_100000_7 18.0 39.7 0.0 0.0
PF12796.10_100000_8 13.9 32.9 0.0 0.0
PF12796.10_100000_9 11.9 30.3 0.0 0.0
PF00005.30_500000_5 43.4 79.2 7.1 11.7
PF12796.10_10000_0 23.7 39.0 0.0 0.0
PF12796.10_10000_1 36.0 49.3 0.0 0.0
PF12796.10_10000_2 27.5 45.3 0.0 0.0
PF12796.10_10000_3 37.2 49.3 0.0 0.0
PF12796.10_10000_4 28.4 43.0 0.0 0.0
PF12796.10_10000_5 35.1 48.3 0.0 0.0
PF12796.10_10000_6 28.6 41.8 0.0 0.0
PF12796.10_10000_7 37.2 49.3 0.0 0.0
PF12796.10_10000_8 37.6 52.3 0.0 0.0
PF12796.10_10000_9 33.5 47.9 0.0 0.0
PF00005.30_500000_6 41.3 82.5 8.9 14.6
PF12796.10_1500_0 39.5 47.0 0.0 0.0
PF12796.10_1500_1 40.2 47.2 0.0 0.0
PF12796.10_1500_2 46.3 52.6 0.0 0.0
PF12796.10_1500_3 46.0 51.8 0.0 0.0
PF12796.10_1500_4 47.2 52.8 0.0 0.0
PF12796.10_1500_5 47.8 53.5 0.0 0.0
PF12796.10_1500_6 48.8 52.9 0.0 0.0
PF12796.10_1500_7 50.5 55.6 0.0 0.0
PF12796.10_1500_8 45.1 51.3 0.0 0.0
PF12796.10_1500_9 52.2 55.7 0.0 0.0
PF00005.30_500000_7 39.5 82.3 0.4 0.7
PF12796.10_184_0 60.6 59.5 0.0 0.0
PF12796.10_200000_0 17.0 37.1 0.0 0.0
PF12796.10_200000_1 11.0 28.4 0.0 0.0
PF12796.10_200000_2 16.7 37.8 0.0 0.0
PF12796.10_200000_3 16.1 37.5 0.4 0.0
PF12796.10_200000_4 18.0 40.6 0.0 0.0
PF12796.10_200000_5 20.2 39.9 0.0 0.0
PF12796.10_200000_6 18.1 39.9 0.0 0.0
PF12796.10_200000_7 17.2 36.6 0.0 0.0
PF12796.10_200000_8 14.7 34.6 0.0 0.0
PF00005.30_500000_8 41.9 82.9 12.9 21.2
PF12796.10_200000_9 19.1 43.2 0.0 0.0
PF12796.10_20000_0 25.3 41.2 0.0 0.0
PF12796.10_20000_1 27.4 42.4 0.0 0.0
PF12796.10_20000_2 27.7 41.2 0.0 0.0
PF12796.10_20000_3 21.1 34.0 0.0 0.0
PF12796.10_20000_4 27.1 41.8 0.0 0.0
PF12796.10_20000_5 27.1 44.9 0.0 0.0
PF12796.10_20000_6 28.1 44.4 0.0 0.0
PF12796.10_20000_7 31.4 47.1 0.0 0.0
PF12796.10_20000_8 31.5 47.0 0.0 0.0
PF00005.30_500000_9 40.6 80.4 5.3 8.8
PF12796.10_20000_9 34.6 49.0 0.0 0.0
PF12796.10_300000_0 13.3 38.0 0.0 0.0
PF12796.10_300000_1 12.7 33.5 0.0 0.0
PF12796.10_300000_2 16.7 38.9 0.0 0.0
PF12796.10_300000_3 9.1 32.4 0.0 0.0
PF12796.10_300000_4 18.3 39.8 0.0 0.0
PF12796.10_300000_5 12.2 34.0 0.0 0.0
PF12796.10_300000_6 19.0 41.6 0.0 0.0
PF12796.10_300000_7 20.3 42.5 0.0 0.0
PF12796.10_300000_8 16.5 38.7 0.0 0.0
PF00005.30_100000_7 48.3 79.5 12.0 19.7
PF00005.30_50000_0 44.9 73.2 8.0 13.2
PF12796.10_300000_9 10.4 28.4 0.0 0.0
PF12796.10_500000_0
PF12796.10_500000_1
PF12796.10_500000_2
PF12796.10_500000_3
PF12796.10_500000_4
PF12796.10_500000_5
PF12796.10_500000_7
PF12796.10_500000_8
PF00005.30_50000_1 45.5 79.1 11.6 19.0
PF12796.10_500000_9
PF12796.10_50000_0 22.8 38.4 0.0 0.0
PF12796.10_50000_1 25.6 42.3 0.0 0.0
PF12796.10_50000_2 22.3 38.3 0.0 0.0
PF12796.10_50000_3 19.1 39.7 0.4 0.0
PF12796.10_50000_4 20.9 39.8 0.0 0.0
PF12796.10_50000_5 23.0 39.3 0.0 0.0
PF12796.10_50000_6 26.5 43.4 0.0 0.0
PF12796.10_50000_7 17.9 37.2 0.0 0.0
PF12796.10_50000_8 27.8 46.6 0.0 0.0
PF00005.30_50000_2 47.1 79.0 9.8 16.1
PF12796.10_50000_9 24.5 42.1 0.0 0.0
PF13855.9_100000_0 62.4 81.5 0.0 0.0
PF13855.9_100000_1 57.3 77.6 0.0 0.0
PF13855.9_100000_2 54.6 75.4 0.0 0.0
PF13855.9_100000_3 56.3 76.6 0.0 0.0
PF13855.9_100000_4 47.3 66.7 0.0 0.0
PF13855.9_100000_5 47.2 68.0 0.0 0.0
PF13855.9_100000_6 47.8 69.2 0.0 0.0
PF13855.9_100000_7 65.4 82.9 4.6 5.0
PF13855.9_100000_8 65.6 81.5 0.0 0.0
PF00005.30_50000_3 48.6 78.5 15.1 24.9
PF13855.9_100000_9 56.0 74.1 0.0 0.0
PF13855.9_10000_0 74.8 86.3 0.0 0.0
PF13855.9_10000_1 65.5 79.6 0.0 0.0
PF13855.9_10000_2 65.7 80.8 0.0 0.0
PF13855.9_10000_3 74.9 86.9 0.0 0.0
PF13855.9_10000_4 51.2 67.8 0.0 0.0
PF13855.9_10000_5 66.7 81.2 0.0 0.0
PF13855.9_10000_6 66.7 80.7 0.0 0.0
PF13855.9_10000_7 74.6 86.6 0.0 0.0
PF13855.9_10000_8 61.8 77.9 0.0 0.0
PF00005.30_50000_4 49.6 79.6 15.6 24.9
PF13855.9_10000_9 68.3 81.5 0.0 0.0
PF13855.9_1500_0 78.7 87.5 0.0 0.0
PF13855.9_1500_1 79.0 87.0 0.0 0.0
PF13855.9_1500_2 79.7 86.6 0.0 0.0
PF13855.9_1500_3 75.6 84.8 0.0 0.0
PF13855.9_1500_4 88.0 92.0 26.2 28.2
PF13855.9_1500_5 77.9 85.4 0.0 0.0
PF13855.9_1500_6 74.8 82.7 0.0 0.0
PF13855.9_1500_7 81.7 88.1 0.0 0.0
PF13855.9_1500_8 80.8 87.8 0.0 0.0
PF00005.30_50000_5 44.9 76.8 11.6 19.0
PF13855.9_1500_9 77.4 85.7 0.0 0.0
PF13855.9_200000_0 54.0 76.0 0.0 0.0
PF13855.9_200000_1 60.3 79.2 0.0 0.0
PF13855.9_200000_2 44.6 64.8 0.0 0.0
PF13855.9_200000_3 58.9 81.9 0.0 0.0
PF13855.9_200000_4 66.6 83.6 15.4 16.6
PF13855.9_200000_5 55.0 74.8 0.0 0.0
PF13855.9_200000_6 58.7 80.3 0.0 0.0
PF13855.9_200000_7 53.0 75.5 0.0 0.0
PF13855.9_200000_8 48.1 73.8 0.0 0.0
PF00005.30_50000_6 48.4 79.4 15.1 24.9
PF13855.9_200000_9 68.6 86.2 4.6 5.0
PF13855.9_20000_0 51.9 68.7 0.0 0.0
PF13855.9_20000_1 67.0 80.9 0.0 0.0
PF13855.9_20000_2 72.7 85.8 9.2 10.0
PF13855.9_20000_3 62.9 78.1 0.0 0.0
PF13855.9_20000_4 63.3 81.1 0.0 0.0
PF13855.9_20000_5 58.8 78.4 0.0 0.0
PF13855.9_20000_6 60.9 79.4 0.0 0.0
PF13855.9_20000_7 67.5 82.1 0.0 0.0
PF13855.9_20000_8 57.4 73.6 0.0 0.0
PF00005.30_50000_7 43.6 77.8 12.9 21.2
PF13855.9_20000_9 71.2 84.7 0.0 0.0
PF13855.9_300000_0 47.9 71.4 0.0 0.0
PF13855.9_300000_1 49.5 74.0 0.0 0.0
PF13855.9_300000_2 50.9 73.2 0.0 0.0
PF13855.9_300000_3 48.1 73.1 0.0 0.0
PF13855.9_300000_4 60.8 81.2 0.0 0.0
PF13855.9_300000_5 47.1 72.6 0.0 0.0
PF13855.9_300000_6 44.4 72.5 0.0 0.0
PF13855.9_300000_7 48.5 74.5 0.0 0.0
PF13855.9_300000_8 51.9 71.9 0.0 0.0
PF00005.30_50000_8 44.4 74.7 10.2 16.8
PF13855.9_300000_9 46.2 66.6 0.0 0.0
PF13855.9_500000_0 50.0 72.3 0.0 0.0
PF13855.9_500000_1 48.3 70.7 0.0 0.0
PF13855.9_500000_2 52.4 76.2 0.0 0.0
PF13855.9_500000_3 58.7 83.5 0.0 0.0
PF13855.9_500000_4 56.4 79.6 0.0 0.0
PF13855.9_500000_5 44.6 68.2 0.0 0.0
PF13855.9_500000_6 49.5 72.6 0.0 0.0
PF13855.9_500000_8 57.3 79.4 0.0 0.0
PF00005.30_50000_9 47.8 78.5 12.4 20.5
PF13855.9_50000_0 53.7 77.3 0.0 0.0
PF13855.9_50000_1 59.2 75.2 0.0 0.0
PF13855.9_50000_2 52.6 75.3 0.0 0.0
PF13855.9_50000_3 65.5 82.5 0.0 0.0
PF13855.9_50000_4 64.6 82.5 0.0 0.0
PF13855.9_50000_5 42.8 63.7 0.0 0.0
PF13855.9_50000_6 60.7 78.6 0.0 0.0
PF13855.9_50000_7 60.3 78.8 0.0 0.0
PF13855.9_50000_8 64.6 81.1 0.0 0.0
PF00005.30_100000_8 42.6 81.7 12.4 20.5
PF00005.30_55_0 69.6 76.5 27.1 44.6
PF13855.9_50000_9 62.6 79.4 0.0 0.0
PF13855.9_62_0 95.0 95.9 44.6 48.1








PF00041.24_100000_0 44.4 73.4 0.0 0.0

PF00041.24_100000_1 39.4 67.0 0.0 0.0
PF00041.24_100000_2 40.1 70.5 0.0 0.0
PF00041.24_100000_3 37.1 68.2 4.6 6.3
PF00041.24_100000_4 43.2 70.1 0.0 0.0
PF00041.24_100000_5 44.7 74.5 0.0 0.0
PF00041.24_100000_6 41.1 68.8 0.0 0.0
PF00041.24_100000_7 38.7 71.6 0.9 1.3
PF00041.24_100000_8 44.6 70.9 0.0 0.0
PF00005.30_100000_9 46.8 80.4 12.9 21.2
PF00041.24_100000_9 45.1 73.5 4.6 6.3
PF00041.24_10000_0 51.0 74.3 0.0 0.0
PF00041.24_10000_1 49.8 72.5 3.7 5.1
PF00041.24_10000_2 50.0 72.1 0.0 0.0
PF00041.24_10000_3 47.4 69.6 0.9 1.3
PF00041.24_10000_4 49.1 74.5 0.0 0.0
PF00041.24_10000_5 47.2 71.6 3.7 5.1
PF00041.24_10000_6 53.1 72.0 0.0 0.0
PF00041.24_10000_7 48.7 72.1 0.0 0.0
PF00041.24_10000_8 49.0 70.4 0.0 0.0
