PF00005.30_100000_0 54.8 80.0 16.4 27.0
PF00005.30_100000_1 59.6 79.4 18.7 30.7
PF00005.30_10000_0 62.4 76.2 16.4 27.0
PF00041.24_10000_9 64.4 80.9 14.7 20.3
PF00041.24_1500_0 68.9 80.8 14.7 20.3
PF00041.24_1500_1 68.4 78.2 11.0 15.2
PF00041.24_1500_2 64.8 77.7 6.4 8.9
PF00041.24_1500_3 66.4 78.8 11.9 16.5
PF00041.24_1500_4 71.3 80.2 11.0 15.2
PF00041.24_1500_5 69.7 80.2 12.8 17.7
PF00041.24_1500_6 66.8 79.1 16.5 22.8
PF00041.24_1500_7 67.4 76.8 4.6 6.3
PF00041.24_1500_8 68.6 80.2 20.2 27.8
PF00005.30_10000_1 62.6 76.8 21.8 35.8
PF00041.24_1500_9 70.3 81.5 18.3 25.3
PF00041.24_200000_0 60.1 77.8 9.2 12.7
PF00041.24_200000_1 66.1 80.7 3.7 5.1
PF00041.24_200000_2 64.8 82.2 15.6 21.5
PF00041.24_200000_3 66.2 82.4 14.7 20.3
PF00041.24_200000_4 62.3 77.2 10.1 13.9
PF00041.24_200000_5 61.3 78.3 9.2 12.7
PF00041.24_200000_6 64.0 82.4 13.8 19.0
PF00041.24_200000_7 66.5 80.7 8.3 11.4
PF00041.24_200000_8 67.5 81.2 14.7 20.3
PF00005.30_10000_2 65.8 78.8 18.2 30.0
PF00041.24_200000_9 62.7 81.4 10.1 13.9
PF00041.24_20000_0 64.7 78.8 7.3 10.1
PF00041.24_20000_1 66.2 79.6 14.7 20.3
PF00041.24_20000_2 65.8 80.1 10.1 13.9
PF00041.24_20000_3 62.4 79.1 12.8 17.7
PF00041.24_20000_4 63.7 77.6 8.3 11.4
PF00041.24_20000_5 68.3 81.3 10.1 13.9
PF00041.24_20000_6 62.8 73.9 15.6 21.5
PF00041.24_20000_7 62.2 77.2 10.1 13.9
PF00041.24_20000_8 66.6 82.5 11.9 16.5
PF00005.30_10000_3 62.6 77.1 19.6 32.2
PF00041.24_20000_9 66.9 82.6 12.8 17.7
PF00041.24_300000_0 56.2 75.8 9.2 12.7
PF00041.24_300000_1 63.9 78.4 13.8 19.0
PF00041.24_300000_2 60.3 80.1 5.5 7.6
PF00041.24_300000_3 63.9 80.4 14.7 20.3
PF00041.24_300000_4 63.6 79.5 11.0 15.2
PF00041.24_300000_5 58.6 79.0 9.2 12.7
PF00041.24_300000_6 60.5 81.2 16.5 22.8
PF00041.24_300000_7 61.2 79.1 11.9 16.5
PF00041.24_300000_8 61.9 79.8 9.2 12.7
PF00005.30_10000_4 64.7 77.7 19.6 32.2
PF00041.24_300000_9 64.0 79.6 12.8 17.7
PF00041.24_500000_0 57.2 77.4 0.0 0.0
PF00041.24_500000_1 67.3 84.0 17.4 24.1
PF00041.24_500000_2 64.0 81.1 11.9 16.5
PF00041.24_500000_3 60.0 79.7 14.7 20.3
PF00041.24_500000_4 65.8 82.3 2.8 3.8
PF00041.24_500000_5 60.2 79.6 0.0 0.0
PF00041.24_500000_6 59.3 78.8 13.8 19.0
PF00041.24_500000_7 66.0 80.2 7.3 10.1
PF00041.24_500000_8 59.3 77.5 0.0 0.0
PF00005.30_10000_5 55.3 77.6 20.0 32.9
PF00041.24_500000_9 60.4 79.4 11.0 15.2
PF00041.24_50000_0 64.3 79.0 4.6 6.3
PF00041.24_50000_1 65.6 82.8 18.3 25.3
PF00041.24_50000_2 64.5 80.7 13.8 19.0
PF00041.24_50000_3 66.9 81.5 13.8 19.0
PF00041.24_50000_4 62.9 80.6 15.6 21.5
PF00041.24_50000_5 67.2 81.7 12.8 17.7
PF00041.24_50000_6 54.0 75.6 4.6 5.1
PF00041.24_50000_7 65.6 80.5 15.6 21.5
PF00041.24_50000_8 63.7 79.4 4.6 6.3
PF00005.30_10000_6 57.7 74.4 14.7 24.1
PF00041.24_50000_9 64.8 81.8 10.1 13.9
PF00041.24_98_0 82.7 83.8 19.3 25.3
PF00069.28_100000_0 71.4 85.5 23.6 37.4
PF00069.28_100000_1 73.1 85.0 17.9 28.2
PF00069.28_100000_2 72.6 86.0 22.8 36.2
PF00069.28_100000_3 74.6 84.9 13.5 21.3
PF00069.28_100000_4 74.5 86.2 19.2 30.4
PF00069.28_100000_5 75.7 85.3 20.2 32.1
PF00069.28_100000_6 76.7 85.3 18.7 29.2
PF00069.28_100000_7 68.9 84.2 20.7 32.3
PF00005.30_10000_7 60.4 77.5 14.7 24.1
PF00069.28_100000_8 74.4 86.7 19.4 29.8
PF00069.28_100000_9 67.4 87.2 16.3 25.7
PF00069.28_10000_0 77.2 83.9 18.7 29.5
PF00069.28_10000_1 74.5 86.1 15.3 24.1
PF00069.28_10000_2 78.1 85.3 26.4 40.8
PF00069.28_10000_3 75.0 83.5 7.0 10.8
PF00069.28_10000_4 75.3 84.4 10.9 16.8
PF00069.28_10000_5 74.4 84.6 20.7 32.8
PF00069.28_10000_6 68.6 83.0 9.1 14.1
PF00069.28_10000_7 75.1 84.7 24.6 38.5
PF00005.30_10000_8 64.1 77.0 22.2 36.6
PF00069.28_10000_8 73.4 85.1 23.3 37.0
PF00069.28_10000_9 73.3 84.1 18.7 29.6
PF00069.28_1500_0 75.9 84.9 17.9 27.7
PF00069.28_1500_1 79.1 85.2 8.0 12.9
PF00069.28_1500_2 80.1 84.6 29.0 43.6
PF00069.28_1500_3 77.5 82.7 19.2 30.4
PF00069.28_1500_4 79.3 84.8 16.6 25.3
PF00069.28_1500_5 82.0 85.0 29.3 46.4
PF00069.28_1500_6 75.3 84.1 23.6 37.3
PF00069.28_1500_7 78.3 86.7 20.5 30.8
PF00005.30_10000_9 62.0 77.5 16.0 26.3
PF00069.28_1500_8 74.5 83.3 11.7 17.5
PF00069.28_1500_9 74.5 82.7 14.5 22.4
PF00069.28_200000_0 70.6 85.7 9.1 14.5
PF00069.28_200000_1 68.2 83.6 14.5 22.8
PF00069.28_200000_2 68.3 82.1 12.7 19.9
PF00069.28_200000_3 74.2 87.9 19.7 31.3
PF00069.28_200000_4 72.9 86.2 21.5 33.6
PF00069.28_200000_5 69.5 84.1 14.5 22.8
PF00069.28_200000_6 71.2 85.3 15.5 24.6
PF00069.28_200000_7 75.4 86.0 20.2 30.3
PF00005.30_100000_2 59.5 81.1 13.3 21.9
PF00005.30_1500_0 67.8 76.8 19.1 31.4
PF00069.28_200000_8 71.7 83.9 18.9 29.5
PF00069.28_200000_9 73.5 85.5 18.4 28.2
PF00069.28_20000_0 71.8 82.5 7.8 11.2
PF00069.28_20000_1 70.3 85.1 10.6 16.8
PF00069.28_20000_2 76.5 85.7 23.6 37.3
PF00069.28_20000_3 74.8 86.0 17.9 28.4
PF00069.28_20000_4 74.4 85.9 13.7 21.7
PF00069.28_20000_5 74.8 84.5 22.0 34.8
PF00069.28_20000_6 70.5 82.3 12.4 19.7
PF00069.28_20000_7 75.3 83.3 21.2 33.6
PF00005.30_1500_1 65.9 77.5 22.2 36.6
PF00069.28_20000_8 75.7 85.5 23.8 37.4
PF00069.28_20000_9 78.4 86.1 19.4 29.0
PF00069.28_300000_0 74.5 85.7 22.5 35.7
PF00069.28_300000_1 77.8 88.0 24.4 38.6
PF00069.28_300000_2 69.9 84.8 18.1 28.2
PF00069.28_300000_3 72.1 85.0 14.2 22.6
PF00069.28_300000_4 71.9 86.1 19.7 30.7
PF00069.28_300000_5 72.9 86.5 16.1 25.3
PF00069.28_300000_6 73.2 84.9 16.6 24.6
PF00069.28_300000_7 72.5 84.9 16.6 25.7
PF00005.30_1500_2 47.5 67.4 8.0 13.2
PF00069.28_300000_8 69.5 82.6 11.7 18.5
PF00069.28_300000_9 67.9 84.9 8.8 13.7
PF00069.28_38_0 87.4 85.1 38.6 58.0
PF00005.30_1500_3 62.3 75.8 20.4 33.6
PF00069.28_50000_0 71.1 85.4 16.3 25.7
PF00069.28_50000_1 73.4 85.0 16.6 26.1
PF00069.28_50000_2 75.8 85.7 18.7 29.1
PF00069.28_50000_3 75.5 85.2 21.0 33.2
PF00069.28_50000_4 70.8 86.0 11.4 17.6
PF00069.28_50000_5 75.4 84.1 21.2 32.9
PF00069.28_50000_6 74.4 85.4 12.7 20.1
PF00005.30_1500_4 67.2 78.4 18.2 30.0
PF00069.28_50000_7 76.9 85.2 10.4 16.6
PF00069.28_50000_8 77.2 84.8 25.1 39.8
PF00069.28_50000_9 72.2 85.9 14.8 23.1
PF00072.27_100000_0 78.9 86.3 22.3 26.3
PF00072.27_100000_1 82.1 89.5 32.3 38.1
PF00072.27_100000_2 82.5 89.8 23.8 28.1
PF00072.27_100000_3 83.7 90.3 27.7 32.7
PF00072.27_100000_4 84.3 91.2 25.4 29.9
PF00072.27_100000_5 87.5 93.5 32.3 37.2
PF00072.27_100000_6 83.3 90.4 30.8 36.3
PF00005.30_1500_5 61.1 74.4 22.2 36.6
PF00072.27_100000_7 83.9 91.8 30.8 35.3
PF00072.27_100000_8 85.4 93.0 29.2 34.5
PF00072.27_100000_9 82.3 88.9 22.3 26.3
PF00072.27_10000_0 84.0 92.1 29.2 34.4
PF00072.27_10000_1 83.3 90.5 30.0 35.4
PF00072.27_10000_2 84.2 91.6 28.5 33.6
PF00072.27_10000_3 83.9 89.4 33.1 39.0
PF00072.27_10000_4 84.2 90.9 18.5 21.8
PF00072.27_10000_5 82.7 89.1 28.5 33.6
PF00072.27_10000_6 84.6 90.9 23.1 27.2
PF00005.30_1500_6 66.6 77.1 15.6 25.6
PF00072.27_10000_7 79.1 87.6 13.8 16.3
PF00072.27_10000_8 85.0 91.1 30.0 35.4
PF00072.27_10000_9 80.0 88.2 30.8 36.3
PF00072.27_1500_0 85.9 90.7 28.5 33.6
PF00072.27_1500_1 83.9 88.5 31.5 37.2
PF00072.27_1500_2 86.6 90.8 31.5 37.2
PF00072.27_1500_3 87.5 91.0 32.3 38.1
PF00072.27_1500_4 85.6 90.5 31.5 37.2
PF00072.27_1500_5 87.2 90.8 32.3 38.1
PF00072.27_1500_6 85.4 90.0 33.1 39.0
PF00005.30_1500_7 64.7 78.4 21.8 35.8
PF00072.27_1500_7 84.7 88.7 15.4 18.1
PF00072.27_1500_8 87.5 91.3 33.1 39.0
PF00072.27_1500_9 85.6 90.5 26.9 31.7
PF00072.27_200000_0 81.1 89.3 21.5 25.4
PF00072.27_200000_1 83.2 90.5 24.6 29.0
PF00072.27_200000_2 81.3 90.4 23.1 27.2
PF00072.27_200000_3 81.4 91.0 26.9 31.7
PF00072.27_200000_4 84.6 91.6 26.9 31.7
PF00072.27_200000_5 84.0 92.2 30.0 35.4
PF00072.27_200000_6 82.2 90.5 22.3 26.3
PF00005.30_1500_8 64.8 76.0 23.6 38.7
PF00072.27_200000_7 85.1 92.3 27.7 32.7
PF00072.27_200000_8 83.4 91.7 28.5 33.6
PF00072.27_200000_9 81.6 89.7 23.8 28.1
PF00072.27_20000_0 81.9 89.5 31.5 37.2
PF00072.27_20000_1 83.7 91.9 29.2 34.5
PF00072.27_20000_2 85.0 91.3 33.8 39.0
PF00072.27_20000_3 82.6 88.9 31.5 36.3
PF00072.27_20000_4 80.7 87.8 29.2 34.5
PF00072.27_20000_5 85.2 90.8 18.5 21.8
PF00072.27_20000_6 85.9 92.1 31.5 37.2
PF00005.30_1500_9 62.2 76.6 22.2 36.6
PF00072.27_20000_7 84.7 94.0 30.0 35.4
PF00072.27_20000_8 81.4 89.0 32.3 37.2
PF00072.27_20000_9 85.1 90.9 30.8 36.3
PF00072.27_300000_0 84.3 90.9 26.9 31.7
PF00072.27_300000_1 82.8 91.1 29.2 34.5
PF00072.27_300000_2 83.2 92.1 33.8 39.8
PF00072.27_300000_3 86.3 93.0 32.3 38.1
PF00072.27_300000_4 85.1 92.4 25.4 29.9
PF00072.27_300000_5 83.5 91.7 30.8 36.3
PF00072.27_300000_6 84.7 91.9 20.8 24.5
PF00005.30_100000_3 48.2 73.9 0.0 0.0
PF00005.30_200000_0 52.4 76.3 17.3 28.5
PF00072.27_300000_7 84.1 92.3 28.5 33.6
PF00072.27_300000_8 81.2 90.0 23.8 28.1
PF00072.27_300000_9 84.3 90.4 23.1 27.2
PF00072.27_500000_0 79.6 89.7 23.8 28.1
PF00072.27_500000_1 83.1 90.3 26.2 30.8
PF00072.27_500000_2 82.9 91.1 28.5 33.6
PF00072.27_500000_3 83.6 93.2 26.9 31.7
PF00072.27_500000_4 83.5 91.1 27.7 32.7
PF00072.27_500000_5 82.6 91.3 30.0 34.5
PF00072.27_500000_6 82.2 90.4 28.5 33.6
PF00005.30_200000_1 60.4 81.0 16.4 27.0
PF00072.27_500000_7 81.9 89.8 21.5 25.4
PF00072.27_500000_8 82.3 90.2 18.5 21.8
PF00072.27_500000_9 82.2 90.3 13.1 15.4
PF00072.27_50000_0 82.8 91.1 29.2 34.5
PF00072.27_50000_1 83.3 90.8 23.8 28.1
PF00072.27_50000_2 84.3 92.1 26.9 31.7
PF00072.27_50000_3 83.0 90.2 23.1 27.2
PF00072.27_50000_4 84.8 91.5 31.5 37.2
PF00072.27_50000_5 83.6 90.4 23.1 27.2
PF00072.27_50000_6 85.3 92.6 31.5 37.2
PF00005.30_200000_2 58.7 77.6 3.1 5.1
PF00072.27_50000_7 83.6 90.0 32.3 38.1
PF00072.27_50000_8 84.7 91.3 29.2 34.5
PF00072.27_50000_9 80.9 88.9 24.6 29.0
PF00072.27_52_0 93.3 93.2 49.2 54.4
PF00096.29_100000_0 83.6 94.6 0.0 0.0
PF00096.29_100000_1 85.1 94.8 3.2 4.3
PF00096.29_100000_2 82.0 93.4 0.0 0.0
PF00096.29_100000_3 88.9 95.6 9.7 13.0
PF00096.29_100000_4 81.7 93.0 3.2 4.3
PF00096.29_100000_5 84.9 94.4 0.0 0.0
PF00005.30_200000_3 49.8 79.5 13.8 22.7
PF00096.29_100000_6 85.7 94.9 9.7 4.3
PF00096.29_100000_7 82.9 94.4 0.0 0.0
PF00096.29_100000_8 82.1 93.8 0.0 0.0
PF00096.29_100000_9 82.3 94.3 0.0 0.0
PF00096.29_10000_0 90.4 95.6 32.3 34.5
PF00096.29_10000_1 86.7 94.6 6.5 8.6
PF00096.29_10000_2 84.7 92.4 16.1 21.6
PF00096.29_10000_3 78.6 89.0 6.5 8.6
PF00096.29_10000_4 83.5 90.3 3.2 4.3
PF00096.29_10000_5 90.3 94.3 12.9 13.0
PF00005.30_200000_4 58.7 81.2 10.2 16.8
PF00096.29_10000_6 89.8 94.4 16.1 13.0
PF00096.29_10000_7 82.7 92.4 3.2 4.3
PF00096.29_10000_8 87.5 93.4 9.7 13.0
PF00096.29_10000_9 88.7 94.6 22.6 25.9
PF00096.29_1500_0 92.7 96.5 16.1 17.3
PF00096.29_1500_1 90.2 94.0 25.8 25.9
PF00096.29_1500_2 89.5 93.4 19.4 21.6
PF00096.29_1500_3 89.3 94.6 19.4 25.9
PF00096.29_1500_4 88.4 92.4 19.4 25.9
PF00096.29_1500_5 88.8 93.4 12.9 17.3
PF00005.30_200000_5 55.1 77.2 10.2 16.8
PF00096.29_1500_6 89.5 93.8 6.5 8.6
PF00096.29_1500_7 91.5 94.7 25.8 30.2
PF00096.29_1500_8 91.3 94.5 32.3 34.5
PF00096.29_1500_9 85.2 90.1 12.9 17.3
PF00096.29_159_0 89.2 91.8 29.0 34.5
PF00096.29_200000_0 84.4 94.6 3.2 4.3
PF00096.29_200000_1 84.7 93.7 0.0 0.0
PF00096.29_200000_2 84.1 93.9 3.2 4.3
PF00096.29_200000_3 83.1 93.7 9.7 13.0
PF00096.29_200000_4 85.6 94.1 0.0 0.0
PF00005.30_200000_6 52.5 77.1 15.1 24.9
PF00096.29_200000_5 82.0 92.5 3.2 4.3
PF00096.29_200000_6 80.5 92.9 0.0 0.0
PF00096.29_200000_7 83.0 94.2 0.0 0.0
PF00096.29_200000_8 86.4 94.7 0.0 0.0
PF00096.29_200000_9 86.4 95.6 9.7 13.0
PF00096.29_20000_0 89.5 95.3 0.0 0.0
PF00096.29_20000_1 89.7 95.1 12.9 17.3
PF00096.29_20000_2 88.0 94.5 6.5 8.6
PF00096.29_20000_3 88.1 93.6 9.7 13.0
PF00096.29_20000_4 89.2 94.4 22.6 21.6
PF00005.30_200000_7 56.3 78.4 9.8 16.1
PF00096.29_20000_5 85.1 93.0 9.7 13.0
PF00096.29_20000_6 86.0 96.0 6.5 8.6
PF00096.29_20000_7 83.2 94.4 9.7 13.0
PF00096.29_20000_8 87.6 94.0 3.2 4.3
PF00096.29_20000_9 88.9 95.2 3.2 4.3
PF00096.29_300000_0 87.5 95.7 0.0 0.0
PF00096.29_300000_1 84.6 94.1 6.5 8.6
PF00096.29_300000_2 86.2 93.7 6.5 8.6
PF00096.29_300000_3 87.1 95.3 6.5 8.6
PF00096.29_300000_4 85.9 95.1 0.0 0.0
PF00005.30_200000_8 52.7 78.3 15.1 24.9
PF00096.29_300000_5 81.4 93.9 0.0 0.0
PF00096.29_300000_6 79.8 93.2 0.0 0.0
PF00096.29_300000_7 83.1 94.0 0.0 0.0
PF00096.29_300000_8 82.6 94.3 3.2 4.3
PF00096.29_300000_9 86.2 94.7 3.2 4.3
PF00096.29_500000_0 82.7 94.5 3.2 4.3
PF00096.29_500000_1 84.7 94.9 3.2 4.3
PF00096.29_500000_2 85.6 95.5 9.7 13.0
PF00096.29_500000_3 84.1 94.5 0.0 0.0
PF00096.29_500000_4 81.9 94.7 3.2 4.3
PF00005.30_200000_9 51.2 80.0 2.7 4.4
PF00096.29_500000_5 83.5 93.6 3.2 4.3
PF00096.29_500000_6 81.3 94.1 0.0 0.0
PF00096.29_500000_7 82.2 94.6 3.2 4.3
PF00096.29_500000_8 84.1 94.5 0.0 0.0
PF00096.29_500000_9 86.0 94.9 19.4 25.9
PF00096.29_50000_0 81.7 91.3 0.0 0.0
PF00096.29_50000_1 84.7 94.6 6.5 8.6
PF00096.29_50000_2 86.6 94.7 3.2 4.3
PF00096.29_50000_3 89.5 95.9 9.7 13.0
PF00096.29_50000_4 83.2 93.6 3.2 4.3
PF00005.30_100000_4 58.1 78.7 22.2 36.6
PF00005.30_20000_0 60.7 76.7 19.6 32.2
PF00096.29_50000_5 84.2 94.6 3.2 4.3
PF00096.29_50000_6 86.6 94.4 3.2 4.3
PF00096.29_50000_7 76.6 94.7 3.2 4.3
PF00096.29_50000_8 81.7 95.0 9.7 4.3
PF00096.29_50000_9 87.4 94.6 9.7 13.0
PF00400.35_100000_0 -4.7 -6.2 0.8 0.0
PF00400.35_100000_1 -14.7 -23.4 0.0 0.0
PF00400.35_100000_2 -10.2 -15.1 0.0 0.0
PF00400.35_100000_3 -6.2 -8.4 0.0 0.0
PF00400.35_100000_4 -10.5 -15.6 0.0 0.0
PF00005.30_20000_1 61.3 76.2 19.6 32.2
PF00400.35_100000_5 -8.1 -10.9 0.0 0.0
PF00400.35_100000_6 -15.0 -24.6 0.0 0.0
PF00400.35_100000_7 -7.4 -10.5 0.0 0.0
PF00400.35_100000_8 -9.2 -13.2 0.0 0.0
PF00400.35_100000_9 -7.4 -10.2 0.0 0.0
PF00400.35_10000_0 -10.3 -14.6 0.0 0.0
PF00400.35_10000_1 -0.3 -0.4 0.0 0.0
PF00400.35_10000_2 -4.2 -5.3 0.0 0.0
PF00400.35_10000_3 1.7 2.1 0.0 0.0
PF00400.35_10000_4 -11.0 -15.9 0.0 0.0
PF00005.30_20000_2 59.8 77.5 22.7 37.3
PF00400.35_10000_5 5.7 6.4 0.0 0.0
PF00400.35_10000_6 0.1 0.2 0.0 0.0
PF00400.35_10000_7 4.2 4.7 0.0 0.0
PF00400.35_10000_8 -5.8 -7.9 0.0 0.0
PF00400.35_10000_9 -0.7 -0.8 0.0 0.0
PF00400.35_1465_0 15.6 15.8 0.8 2.8
PF00400.35_1500_0 13.9 14.2 0.0 0.0
PF00400.35_1500_1 18.5 18.0 0.0 0.0
PF00400.35_1500_2 17.4 17.0 0.0 0.0
PF00400.35_1500_3 17.1 16.9 0.0 0.0
PF00005.30_20000_3 58.2 79.3 16.0 26.3
PF00400.35_1500_4 16.7 16.4 0.0 0.0
PF00400.35_1500_5 17.8 17.4 0.0 0.0
PF00400.35_1500_6 17.2 16.9 0.0 0.0
PF00400.35_1500_7 16.7 16.5 0.0 0.0
PF00400.35_1500_8 14.7 15.0 0.0 0.0
PF00400.35_1500_9 16.5 16.4 0.0 0.0
PF00400.35_200000_0 -13.9 -21.9 0.0 0.0
PF00400.35_200000_1 -9.0 -13.3 0.0 0.0
PF00400.35_200000_2 -12.4 -18.6 0.0 0.0
PF00400.35_200000_3 -11.0 -16.6 0.0 0.0
PF00005.30_20000_4 64.0 79.3 16.4 27.0
PF00400.35_200000_4 -11.7 -17.8 0.0 0.0
PF00400.35_200000_5 -7.2 -9.8 0.0 0.0
PF00400.35_200000_6 -8.5 -12.1 0.0 0.0
PF00400.35_200000_7 -10.4 -15.4 0.0 0.0
PF00400.35_200000_8 -10.7 -16.2 0.8 0.0
PF00400.35_200000_9 -17.7 -32.2 0.0 0.0
PF00400.35_20000_0 -0.3 -0.4 0.0 0.0
PF00400.35_20000_1 0.4 0.5 0.0 0.0
PF00400.35_20000_2 -11.0 -16.8 0.0 0.0
PF00400.35_20000_3 -1.2 -1.5 0.0 0.0
PF00005.30_20000_5 59.0 76.8 17.8 29.2
PF00400.35_20000_4 -8.1 -11.6 0.0 0.0
PF00400.35_20000_5 3.2 3.6 0.0 0.0
PF00400.35_20000_6 1.8 2.2 0.0 0.0
PF00400.35_20000_7 1.6 1.9 0.0 0.0
PF00400.35_20000_8 -4.3 -5.6 0.0 0.0
PF00400.35_20000_9 -7.9 -11.3 0.0 0.0
PF00400.35_300000_0 -11.1 -16.6 0.0 0.0
PF00400.35_300000_1 -15.3 -26.2 0.0 0.0
PF00400.35_300000_2 -12.7 -20.0 0.0 0.0
PF00400.35_300000_3 -10.7 -16.2 0.8 0.0
PF00005.30_20000_6 62.3 77.9 19.1 31.4
PF00400.35_300000_4 -12.2 -18.5 0.8 0.0
PF00400.35_300000_5 -16.5 -29.3 0.0 0.0
PF00400.35_300000_6 -15.0 -24.6 0.0 0.0
PF00400.35_300000_7 -9.0 -12.8 0.0 0.0
PF00400.35_300000_8 -11.6 -18.0 0.0 0.0
PF00400.35_300000_9 -17.0 -29.6 0.0 0.0
PF00400.35_500000_0 -12.1 -18.5 0.0 0.0
PF00400.35_500000_1 -12.8 -20.1 0.0 0.0
PF00400.35_500000_2 -15.2 -24.3 0.0 0.0
PF00400.35_500000_3 -16.9 -29.9 0.0 0.0
PF00005.30_20000_7 54.6 78.2 18.2 30.0
PF00400.35_500000_4 -8.8 -13.2 0.0 0.0
PF00400.35_500000_5 -9.6 -13.9 0.0 0.0
PF00400.35_500000_6 -12.8 -19.7 0.0 0.0
PF00400.35_500000_7 -15.0 -25.0 0.0 0.0
PF00400.35_500000_8 -12.8 -20.4 0.0 0.0
PF00400.35_500000_9 -8.5 -12.1 0.0 0.0
PF00400.35_50000_0 -6.2 -8.5 0.0 0.0
PF00400.35_50000_1 -16.8 -26.7 0.0 0.0
PF00400.35_50000_2 -0.5 -0.7 0.0 0.0
PF00400.35_50000_3 -13.2 -20.5 0.0 0.0
PF00005.30_20000_8 59.1 75.8 17.8 29.2
PF00400.35_50000_4 -2.6 -3.3 0.0 0.0
PF00400.35_50000_5 -3.9 -5.1 0.0 0.0
PF00400.35_50000_6 -5.1 -6.9 0.0 0.0
PF00400.35_50000_7 -7.7 -10.8 0.8 0.0
PF00400.35_50000_8 -7.9 -11.6 0.0 0.0
PF00400.35_50000_9 -5.8 -7.6 0.0 0.0
PF07679.19_100000_0 79.7 93.2 38.0 42.9
PF07679.19_100000_1 79.3 90.0 40.0 45.1
PF07679.19_100000_2 78.9 92.7 33.0 37.2
PF07679.19_100000_3 79.7 91.6 31.0 35.0
PF00005.30_20000_9 61.1 76.9 13.8 22.7
PF07679.19_100000_4 82.1 92.4 33.0 37.2
PF07679.19_100000_5 82.6 93.4 41.0 46.3
PF07679.19_100000_6 73.2 92.1 15.0 16.9
PF07679.19_100000_7 82.9 93.2 46.0 51.9
PF07679.19_100000_8 81.1 91.8 40.0 45.1
PF07679.19_100000_9 78.9 89.4 39.0 44.0
PF07679.19_10000_0 82.8 91.9 40.0 45.1
PF07679.19_10000_1 83.5 92.7 36.0 40.6
PF07679.19_10000_2 81.8 92.9 45.0 50.8
PF07679.19_10000_3 85.1 91.7 50.0 56.4
PF00005.30_100000_5 63.3 79.2 8.9 14.6
PF00005.30_300000_0 58.8 81.4 8.4 13.9
PF07679.19_10000_4 83.4 93.5 35.0 39.5
PF07679.19_10000_5 84.6 91.7 39.0 44.0
PF07679.19_10000_6 79.2 89.0 26.0 29.3
PF07679.19_10000_7 83.9 93.0 34.0 38.4
PF07679.19_10000_8 80.3 88.1 29.0 32.7
PF07679.19_10000_9 85.7 93.2 43.0 48.5
PF07679.19_1500_0 86.0 91.7 52.0 58.6
PF07679.19_1500_1 88.6 93.6 43.0 48.5
PF07679.19_1500_2 84.9 91.7 47.0 53.0
PF07679.19_1500_3 87.5 92.8 48.0 54.2
PF00005.30_300000_1 57.6 80.7 9.3 15.4
PF07679.19_1500_4 86.6 92.2 46.0 51.9
PF07679.19_1500_5 86.4 92.5 43.0 48.5
PF07679.19_1500_6 88.5 92.9 45.0 50.7
PF07679.19_1500_7 84.0 89.8 41.0 46.3
PF07679.19_1500_8 89.9 93.3 41.0 46.3
PF07679.19_1500_9 89.0 93.0 50.0 56.4
PF07679.19_200000_0 81.8 92.2 37.0 41.7
PF07679.19_200000_1 77.7 90.6 33.0 37.2
PF07679.19_200000_2 76.4 90.5 34.0 38.4
PF07679.19_200000_3 78.1 91.5 32.0 36.1
PF00005.30_300000_2 55.0 79.4 9.3 15.4
PF07679.19_200000_4 70.1 85.8 37.0 41.7
PF07679.19_200000_5 76.9 92.0 38.0 42.9
PF07679.19_200000_6 79.5 93.2 44.0 49.6
PF07679.19_200000_7 81.8 92.2 42.0 47.4
PF07679.19_200000_8 75.9 91.2 14.0 15.8
PF07679.19_200000_9 79.5 91.9 35.0 39.5
PF07679.19_20000_0 85.0 92.5 37.0 41.7
PF07679.19_20000_1 83.6 92.9 43.0 48.5
PF07679.19_20000_2 77.8 91.5 34.0 38.3
PF07679.19_20000_3 84.3 91.8 43.0 48.5
PF00005.30_300000_3 61.4 80.1 9.8 16.1
PF07679.19_20000_4 82.8 91.2 36.0 40.6
PF07679.19_20000_5 77.5 90.4 26.0 29.3
PF07679.19_20000_6 81.9 92.9 38.0 42.8
PF07679.19_20000_7 78.9 92.2 37.0 41.7
PF07679.19_20000_8 79.9 90.7 25.0 28.2
PF07679.19_20000_9 81.7 92.7 34.0 38.4
PF07679.19_300000_0 79.5 92.6 32.0 36.1
PF07679.19_300000_1 81.6 93.9 39.0 44.0
PF07679.19_300000_2 72.3 90.9 28.0 31.6
PF07679.19_300000_3 80.4 94.1 27.0 30.5
PF00005.30_300000_4 58.8 83.5 12.4 20.5
PF07679.19_300000_4 78.3 91.4 37.0 41.7
PF07679.19_300000_5 79.8 93.3 34.0 38.4
PF07679.19_300000_6 75.0 93.0 41.0 46.3
PF07679.19_300000_7 78.1 92.2 39.0 44.0
PF07679.19_300000_8 73.2 92.2 34.0 38.3
PF07679.19_300000_9 81.8 94.2 32.0 36.1
PF07679.19_48_0 94.4 94.2 57.0 64.3
PF07679.19_500000_0 79.2 93.2 16.0 18.1
PF07679.19_500000_1 77.4 92.5 34.0 38.4
PF07679.19_500000_2 77.7 93.6 37.0 41.7
PF00005.30_300000_5 58.9 79.7 19.1 31.4
PF07679.19_500000_3 76.9 94.3 38.0 42.9
PF07679.19_500000_4 76.4 92.5 27.0 30.5
PF07679.19_500000_5 78.7 92.0 37.0 41.7
PF07679.19_500000_6 78.0 93.5 24.0 27.1
PF07679.19_500000_7 78.3 91.1 34.0 38.4
PF07679.19_500000_8 76.8 91.5 24.0 27.1
PF07679.19_500000_9 76.3 90.4 21.0 23.7
PF07679.19_50000_0 80.2 91.1 33.0 37.2
PF07679.19_50000_1 78.0 89.7 35.0 39.5
PF07679.19_50000_2 86.2 91.7 43.0 48.5
PF00005.30_300000_6 60.9 78.8 14.7 24.1
PF07679.19_50000_3 81.2 91.5 34.0 38.4
PF07679.19_50000_4 82.6 91.1 42.0 47.4
PF07679.19_50000_5 82.1 93.8 38.0 42.9
PF07679.19_50000_6 78.6 91.7 36.0 40.6
PF07679.19_50000_7 82.4 90.4 36.0 40.6
PF07679.19_50000_8 79.2 92.0 43.0 48.5
PF07679.19_50000_9 71.9 90.5 27.0 30.5
PF07690.19_100000_0 26.5 40.7 0.0 0.0
PF07690.19_100000_1 26.7 39.2 0.7 0.0
PF07690.19_100000_2 30.6 42.0 1.6 0.0
PF00005.30_300000_7 54.1 76.5 7.1 11.7
PF07690.19_100000_3 24.9 38.3 0.0 0.0
PF07690.19_100000_4 25.0 38.5 0.6 0.0
PF07690.19_100000_5 24.8 40.0 0.0 0.0
PF07690.19_100000_6 26.1 37.7 0.0 0.0
PF07690.19_100000_7 28.5 41.5 1.4 0.0
PF07690.19_100000_8 32.0 46.3 0.0 0.0
PF07690.19_100000_9 27.5 41.3 0.0 0.0
PF07690.19_10000_0 32.7 43.9 1.1 0.0
PF07690.19_10000_1 32.3 44.8 0.0 0.0
PF07690.19_10000_2 28.9 41.2 1.6 0.0
PF00005.30_300000_8 52.9 79.2 4.0 6.6
PF07690.19_10000_3 32.1 44.4 0.0 0.0
PF07690.19_10000_4 34.6 43.8 0.4 0.0
PF07690.19_10000_5 35.0 46.3 0.0 0.0
PF07690.19_10000_6 30.2 43.7 0.0 0.0
PF07690.19_10000_7 34.0 45.0 2.3 0.0
PF07690.19_10000_8 32.5 43.3 1.3 0.0
PF07690.19_10000_9 33.9 44.2 0.4 0.0
PF07690.19_1500_0 36.2 44.2 0.4 0.0
PF07690.19_1500_1 39.5 45.8 1.7 0.0
PF07690.19_1500_2 37.1 47.5 0.4 0.0
PF00005.30_300000_9 55.3 80.9 14.7 24.1
PF07690.19_1500_3 37.5 45.1 0.0 0.0
PF07690.19_1500_4 34.3 42.3 0.0 0.0
PF07690.19_1500_5 38.9 47.6 0.6 0.0
PF07690.19_1500_6 39.8 48.0 0.0 0.0
PF07690.19_1500_7 38.9 48.6 1.7 0.0
PF07690.19_1500_8 43.5 49.7 0.8 0.0
PF07690.19_1500_9 38.8 47.9 0.0 0.0
PF07690.19_192_0 52.8 56.2 0.6 0.0
PF07690.19_200000_0 30.2 44.0 1.4 0.0
PF07690.19_200000_1 25.4 40.1 1.3 0.0
PF00005.30_100000_6 55.3 77.6 17.8 29.2
PF00005.30_500000_0 56.9 79.9 16.4 27.0
PF07690.19_200000_2 29.2 43.8 0.8 0.0
PF07690.19_200000_3 30.0 43.3 0.0 0.0
PF07690.19_200000_4 29.6 44.6 0.0 0.0
PF07690.19_200000_5 30.1 43.2 0.7 0.0
PF07690.19_200000_6 23.3 36.2 0.0 0.0
PF07690.19_200000_7 30.2 43.1 0.0 0.0
PF07690.19_200000_8 28.7 42.5 0.0 0.0
PF07690.19_200000_9 28.5 41.8 0.0 0.0
PF07690.19_20000_0 31.0 42.6 0.3 0.0
PF07690.19_20000_1 29.5 42.2 0.0 0.0
PF00005.30_500000_1 58.0 81.4 7.6 12.4
PF07690.19_20000_2 33.4 43.8 0.8 0.0
PF07690.19_20000_3 33.9 45.7 1.7 0.0
PF07690.19_20000_4 27.7 40.5 0.0 0.0
PF07690.19_20000_5 30.8 42.7 0.0 0.0
PF07690.19_20000_6 28.9 41.8 0.1 0.0
PF07690.19_20000_7 31.4 42.3 1.4 0.0
PF07690.19_20000_8 31.0 44.2 0.7 0.0
PF07690.19_20000_9 27.6 40.4 1.3 0.0
PF07690.19_300000_0
PF07690.19_300000_1
PF00005.30_500000_2 55.7 82.4 2.7 4.4
PF07690.19_300000_2
PF07690.19_300000_3
PF07690.19_300000_5
PF07690.19_300000_6
PF07690.19_300000_7
PF07690.19_300000_8
PF07690.19_300000_9
PF00005.30_500000_3 57.1 82.7 8.9 14.6
PF07690.19_50000_0 29.1 43.8 0.0 0.0
PF07690.19_50000_1 26.3 39.2 0.0 0.0
PF07690.19_50000_2 29.9 41.6 1.3 0.0
PF07690.19_50000_3 27.9 42.0 1.7 0.0
PF07690.19_50000_4 25.4 38.7 0.4 0.0
PF07690.19_50000_5 26.4 41.0 0.7 0.0
PF07690.19_50000_6 25.0 37.7 0.0 0.0
PF07690.19_50000_7 33.8 46.3 0.0 0.0
PF07690.19_50000_8 26.8 40.7 0.6 0.0
PF00005.30_500000_4 60.0 80.6 12.9 21.2
PF07690.19_50000_9 29.3 41.3 1.4 0.0
PF12796.10_100000_0 46.3 63.5 0.0 0.0
PF12796.10_100000_1 43.7 62.1 0.0 0.0
PF12796.10_100000_2 45.9 62.6 0.0 0.0
PF12796.10_100000_3 31.4 48.3 0.0 0.0
PF12796.10_100000_4 41.2 58.5 0.0 0.0
PF12796.10_100000_5 43.9 60.9 0.0 0.0
PF12796.10_100000_6 38.5 56.8 0.0 0.0
PF12796.10_100000_7 41.6 59.8 0.0 0.0
PF12796.10_100000_8 41.1 58.6 0.0 0.0
PF00005.30_500000_5 50.5 78.9 2.2 3.7
PF12796.10_100000_9 36.3 53.5 0.0 0.0
PF12796.10_10000_0 54.2 61.7 0.0 0.0
PF12796.10_10000_1 61.4 65.2 0.0 0.0
PF12796.10_10000_2 53.3 59.9 0.0 0.0
PF12796.10_10000_3 51.7 59.1 0.0 0.0
PF12796.10_10000_4 48.8 59.5 0.0 0.0
PF12796.10_10000_5 50.5 60.3 0.4 0.0
PF12796.10_10000_6 53.8 61.0 0.0 0.0
PF12796.10_10000_7 48.2 57.2 0.0 0.0
PF12796.10_10000_8 46.6 55.1 0.0 0.0
PF00005.30_500000_6 56.0 77.7 17.8 29.2
PF12796.10_10000_9 48.1 61.8 0.0 0.0
PF12796.10_1500_0 58.8 62.0 0.9 0.0
PF12796.10_1500_1 60.4 62.5 0.0 0.0
PF12796.10_1500_2 63.5 62.1 0.4 0.0
PF12796.10_1500_3 61.7 62.1 0.0 0.0
PF12796.10_1500_4 63.2 63.8 0.0 0.0
PF12796.10_1500_5 64.4 63.5 0.0 0.0
PF12796.10_1500_6 63.6 61.6 0.0 0.0
PF12796.10_1500_7 59.9 61.9 0.0 0.0
PF12796.10_1500_8 60.3 60.1 0.0 0.0
PF00005.30_500000_7 56.5 81.0 15.1 24.9
PF12796.10_1500_9 64.5 64.3 0.0 0.0
PF12796.10_184_0 69.7 62.7 0.9 2.6
PF12796.10_200000_0 46.0 63.3 0.0 0.0
PF12796.10_200000_1 42.1 61.0 0.0 0.0
PF12796.10_200000_2 39.9 60.1 0.0 0.0
PF12796.10_200000_3 33.2 53.2 0.0 0.0
PF12796.10_200000_4 37.7 54.9 0.0 0.0
PF12796.10_200000_5 41.4 60.5 0.0 0.0
PF12796.10_200000_6 36.9 57.5 0.0 0.0
PF12796.10_200000_7 46.4 63.2 0.0 0.0
PF00005.30_500000_8 60.2 81.3 15.6 25.6
PF12796.10_200000_8 36.5 57.9 0.0 0.0
PF12796.10_200000_9 43.3 60.9 0.0 0.0
PF12796.10_20000_0 47.6 58.7 0.0 0.0
PF12796.10_20000_1 46.6 59.2 0.0 0.0
PF12796.10_20000_2 49.6 61.6 0.0 0.0
PF12796.10_20000_3 33.7 47.3 0.0 0.0
PF12796.10_20000_4 47.3 59.8 0.0 0.0
PF12796.10_20000_5 43.9 57.1 0.0 0.0
PF12796.10_20000_6 56.2 64.1 0.0 0.0
PF12796.10_20000_7 47.7 60.0 0.0 0.0
PF00005.30_500000_9 57.4 82.8 18.7 30.7
PF12796.10_20000_8 53.3 63.2 0.0 0.0
PF12796.10_20000_9 46.3 63.6 0.0 0.0
PF12796.10_300000_0 45.4 62.4 0.0 0.0
PF12796.10_300000_1 39.4 59.4 0.0 0.0
PF12796.10_300000_2 28.2 46.1 0.0 0.0
PF12796.10_300000_3 29.9 51.4 0.0 0.0
PF12796.10_300000_4 35.7 55.5 0.0 0.0
PF12796.10_300000_5 44.3 64.9 0.0 0.0
PF12796.10_300000_6 43.4 62.1 0.0 0.0
PF12796.10_300000_7 39.1 59.8 0.0 0.0
PF00005.30_100000_7 48.6 76.8 10.2 16.8
PF00005.30_50000_0 62.3 75.8 21.3 35.1
PF12796.10_300000_8 39.1 58.6 0.0 0.0
PF12796.10_300000_9 31.4 52.5 0.0 0.0
PF12796.10_500000_0 37.7 62.8 0.0 0.0
PF12796.10_500000_1 35.8 60.1 0.0 0.0
PF12796.10_500000_2 45.0 64.9 0.0 0.0
PF12796.10_500000_3 44.1 64.4 0.0 0.0
PF12796.10_500000_4 35.0 60.5 0.0 0.0
PF12796.10_500000_5 28.8 54.1 0.0 0.0
PF12796.10_500000_6 41.9 62.9 0.0 0.0
PF12796.10_500000_7 39.3 62.6 0.0 0.0
PF00005.30_50000_1 64.2 80.0 20.4 33.6
PF12796.10_500000_8 33.0 54.6 0.0 0.0
PF12796.10_500000_9 36.0 60.0 0.0 0.0
PF12796.10_50000_0 44.5 57.7 0.0 0.0
PF12796.10_50000_1 43.9 57.7 0.0 0.0
PF12796.10_50000_2 46.6 60.0 0.0 0.0
PF12796.10_50000_3 49.1 61.9 0.0 0.0
PF12796.10_50000_4 26.0 41.3 0.0 0.0
PF12796.10_50000_5 43.2 59.6 0.0 0.0
PF12796.10_50000_6 32.2 47.5 0.0 0.0
PF12796.10_50000_7 41.1 57.3 0.0 0.0
PF00005.30_50000_2 62.0 79.9 16.0 26.3
PF12796.10_50000_8 47.7 59.7 0.0 0.0
PF12796.10_50000_9 46.7 62.1 0.0 0.0
PF13855.9_100000_0 85.0 94.5 27.7 29.9
PF13855.9_100000_1 76.1 92.3 18.5 19.9
PF13855.9_100000_2 83.5 92.8 15.4 16.4
PF13855.9_100000_3 85.2 95.4 29.2 31.5
PF13855.9_100000_4 81.5 93.2 29.2 31.6
PF13855.9_100000_5 81.6 92.3 26.2 28.2
PF13855.9_100000_6 78.0 90.0 10.8 11.6
PF13855.9_100000_7 78.0 91.8 0.0 0.0
PF00005.30_50000_3 58.8 77.6 4.4 7.3
PF13855.9_100000_8 79.9 93.3 27.7 29.9
PF13855.9_100000_9 78.5 88.9 0.0 0.0
PF13855.9_10000_0 78.9 91.5 0.0 0.0
PF13855.9_10000_1 84.4 92.4 40.0 43.2
PF13855.9_10000_2 86.2 94.0 30.8 33.2
PF13855.9_10000_3 82.2 89.4 36.9 39.8
PF13855.9_10000_4 82.9 91.8 23.1 24.9
PF13855.9_10000_5 83.2 93.2 26.2 28.2
PF13855.9_10000_6 86.7 93.7 35.4 36.5
PF13855.9_10000_7 79.9 90.3 9.2 10.0
PF00005.30_50000_4 62.3 77.3 21.3 34.4
PF13855.9_10000_8 86.1 94.4 29.2 31.6
PF13855.9_10000_9 85.4 95.9 35.4 38.2
PF13855.9_1500_0 89.4 92.5 33.8 36.4
PF13855.9_1500_1 88.9 93.1 35.4 38.0
PF13855.9_1500_2 84.4 92.3 43.1 44.8
PF13855.9_1500_3 87.5 91.2 3.1 3.3
PF13855.9_1500_4 93.9 96.1 29.2 31.5
PF13855.9_1500_5 90.0 94.6 23.1 24.9
PF13855.9_1500_6 88.0 93.4 32.3 34.9
PF13855.9_1500_7 91.8 94.9 40.0 41.6
PF00005.30_50000_5 60.4 78.5 19.6 32.2
PF13855.9_1500_8 89.2 92.4 35.4 38.2
PF13855.9_1500_9 91.3 95.3 32.3 34.9
PF13855.9_200000_0 80.8 92.6 0.0 0.0
PF13855.9_200000_1 76.5 90.5 27.7 29.9
PF13855.9_200000_2 80.9 93.5 21.5 23.2
PF13855.9_200000_3 82.8 94.3 26.2 28.2
PF13855.9_200000_4 85.5 95.5 9.2 10.0
PF13855.9_200000_5 82.4 94.1 20.0 21.6
PF13855.9_200000_6 81.2 93.9 23.1 24.9
PF13855.9_200000_7 78.5 91.0 20.0 21.6
PF00005.30_50000_6 58.9 77.8 16.4 27.0
PF13855.9_200000_8 74.4 90.6 0.0 0.0
PF13855.9_200000_9 84.7 96.2 29.2 31.5
PF13855.9_20000_0 80.2 91.5 35.4 38.2
PF13855.9_20000_1 83.2 93.0 26.2 28.0
PF13855.9_20000_2 83.1 92.3 0.0 0.0
PF13855.9_20000_3 89.2 93.4 21.5 23.3
PF13855.9_20000_4 84.0 94.1 44.6 46.5
PF13855.9_20000_5 84.0 93.5 23.1 24.9
PF13855.9_20000_6 86.7 93.5 18.5 19.9
PF13855.9_20000_7 82.3 94.3 0.0 0.0
PF00005.30_50000_7 57.0 77.8 15.6 25.6
PF13855.9_20000_8 81.3 90.7 21.5 23.3
PF13855.9_20000_9 81.0 89.7 15.4 16.6
PF13855.9_300000_0 81.9 93.2 16.9 18.3
PF13855.9_300000_1 80.2 94.9 30.8 33.2
PF13855.9_300000_2 78.9 91.0 0.0 0.0
PF13855.9_300000_3 77.6 92.9 30.8 33.2
PF13855.9_300000_4 78.4 92.0 21.5 23.3
PF13855.9_300000_5 80.4 92.3 29.2 31.6
PF13855.9_300000_6 75.3 91.0 15.4 16.6
PF13855.9_300000_7 81.2 94.1 35.4 38.2
PF00005.30_50000_8 43.5 72.5 6.7 11.0
PF13855.9_300000_8 82.2 92.7 20.0 21.6
PF13855.9_300000_9 82.4 92.4 29.2 31.5
PF13855.9_500000_0 80.6 93.4 12.3 13.2
PF13855.9_500000_1 76.3 89.7 21.5 23.2
PF13855.9_500000_2 74.9 91.6 0.0 0.0
PF13855.9_500000_3 79.2 91.5 26.2 28.2
PF13855.9_500000_4 74.8 87.1 0.0 0.0
PF13855.9_500000_5 77.5 93.0 16.9 18.2
PF13855.9_500000_6 75.7 89.0 0.0 0.0
PF13855.9_500000_7 76.7 91.1 29.2 31.5
PF00005.30_50000_9 58.1 77.5 13.8 22.7
PF13855.9_500000_8 75.8 90.6 0.0 0.0
PF13855.9_500000_9 74.3 91.1 0.0 0.0
PF13855.9_50000_0 75.7 88.5 0.0 0.0
PF13855.9_50000_1 80.0 90.1 0.0 0.0
PF13855.9_50000_2 81.2 91.1 20.0 21.6
PF13855.9_50000_3 83.3 93.3 33.8 36.5
PF13855.9_50000_4 80.2 91.3 16.9 18.2
PF13855.9_50000_5 72.9 86.5 24.6 26.5
PF13855.9_50000_6 83.9 92.8 10.8 11.6
PF13855.9_50000_7 82.7 93.0 0.0 0.0
PF00005.30_100000_8 56.1 74.5 15.6 25.6
PF00005.30_55_0 78.5 80.3 28.0 46.1
PF13855.9_50000_8 80.9 90.1 30.8 33.2
PF13855.9_50000_9 85.1 94.9 36.9 39.8
PF13855.9_62_0 96.9 97.0 47.7 51.3







PF00041.24_100000_0 65.9 82.2 21.1 29.1

PF00041.24_100000_1 67.5 82.1 4.6 6.3
PF00041.24_100000_2 60.9 79.9 5.5 7.6
PF00041.24_100000_3 60.3 78.0 10.1 13.9
PF00041.24_100000_4 62.0 77.6 9.2 12.7
PF00041.24_100000_5 62.8 79.3 3.7 5.1
PF00041.24_100000_6 65.0 81.8 15.6 21.5
PF00041.24_100000_7 61.5 77.1 0.0 0.0
PF00041.24_100000_8 64.5 81.8 14.7 20.3
PF00005.30_100000_9 59.8 80.8 21.8 35.8
PF00041.24_100000_9 66.4 82.1 10.1 13.9
PF00041.24_10000_0 67.0 80.7 10.1 13.9
PF00041.24_10000_1 58.8 77.8 14.7 20.3
PF00041.24_10000_2 63.2 75.3 14.7 20.3
PF00041.24_10000_3 62.7 80.9 11.9 16.5
PF00041.24_10000_4 65.3 79.4 10.1 13.9
PF00041.24_10000_5 66.2 79.8 13.8 19.0
PF00041.24_10000_6 64.7 76.2 10.1 13.9
PF00041.24_10000_7 62.5 75.3 10.1 13.9
PF00041.24_10000_8 69.3 83.8 17.4 24.1
