cys 0.9252387950036738 0 0 0 0
DMRL_synthase 0.9392491467576792 0 0 0 0
Stap_Strp_toxin 0.38074760172014555 0 0 0 0
ghf5 0.6865342163355408 0 0 0 0
myb_DNA-binding 0.9438877755511023 0 0 0 0
ghf10 0.9282103134479271 0 0 0 0
il8 0.9186210794009607 0 0 0 0
cytb 0.925895087427144 0 0 0 0
kringle 0.9506216696269982 0 0 0 0
LIM 0.9725806451612903 0 0 0 0
annexin 0.997884493336154 0 0 0 0
hormone_rec 0.7729556875285518 0 0 0 0
Acetyltransf 0.40533860603064753 0 0 0 0
phoslip 0.9306197449746645 0 0 0 0
cah 0.8959412780656304 0 0 0 0
trfl 0.9644429001621496 0 0 0 0
serpin 0.9706872648049119 0 0 0 0
ghf13 0.4340836012861736 0 0 0 0
cryst 0.9333144956202317 0 0 0 0
Ald_Xan_dh_2 0.2146075854299662 0 0 0 0
ace 0.8775673512936784 0 0 0 0
tRNA-synt_2b 0.3525798525798526 0 0 0 0
ChtBD 0.9830917874396136 0 0 0 0
adh 0.5986577181208054 0 0 0 0
Sulfotransfer 0.7937369519832985 0 0 0 0
hom 0.9716677398583387 0 0 0 0
OTCace 0.2800664451827243 0 0 0 0
lyase_1 0.6427160493827161 0 0 0 0
toxin 0.9472439512461343 0 0 0 0
msb 0.9678753180661578 0 0 0 0
rnasemam 0.9271641791044776 0 0 0 0
rub 0.9918367346938776 0 0 0 0
cyclo 0.9101170568561873 0 0 0 0
gpdh 0.6350286146204513 0 0 0 0
sodcu 0.9380764163372859 0 0 0 0
DEATH 0.9143603133159269 0 0 0 0
aat 0.8734578780401833 0 0 0 0
ins 0.941747572815534 0 0 0 0
sti 0.8617482951022939 0 0 0 0
glob 0.8938924704917603 0 0 0 0
az 0.7241065153447692 0 0 0 0
ghf11 0.9254484304932735 0 0 0 0
subt 0.8341392649903289 0 0 0 0
profilin 0.9305331179321487 0 0 0 0
rrm 0.8846612010370681 0 0 0 0
KAS 0.34122825403479357 0 0 0 0
GEL 0.7213930348258707 0 0 0 0
hr 1.0 0 0 0 0
rvp 0.8863328822733424 0 0 0 0
mmp 0.9878100042034468 0 0 0 0
icd 0.9487698986975398 0 0 0 0
seatoxin 0.7361111111111112 0 0 0 0
int 0.9120267260579065 0 0 0 0
phc 0.9497643732327993 0 0 0 0
ricin 0.8129397967161845 0 0 0 0
PDZ 0.9362519201228878 0 0 0 0
asp 0.9299629689260989 0 0 0 0
bowman 0.9418604651162791 0 0 0 0
oxidored_q6 0.7147286821705426 0 0 0 0
aldosered 0.8980711672763552 0 0 0 0
sdr 0.6759949218965613 0 0 0 0
p450 0.8150113098910138 0 0 0 0
hla 0.996629213483146 0 0 0 0
ltn 0.9605817588691042 0 0 0 0
aadh 0.4256260591225758 0 0 0 0
gluts 0.7083684210526315 0 0 0 0
tms 0.7012638835695136 0 0 0 0
kunitz 0.9893069306930693 0 0 0 0
rhv 0.30517192113534625 0 0 0 0
blm 0.9252609603340293 0 0 0 0
cyt3 0.8253447143795141 0 0 0 0
mofe 0.8667367788461539 0 0 0 0
ghf22 0.9403440283030376 0 0 0 0
flav 0.8709390298175345 0 0 0 0
sodfe 0.48456906285284157 0 0 0 0
zf-CCHH 0.9714591509097396 0 0 0 0
scorptoxin 0.8978622327790974 0 0 0 0
biotin_lipoyl 0.9557080474111042 0 0 0 0
uce 0.9452708907254361 0 0 0 0
ghf1 0.9224959539651142 0 0 0 0
ldh 0.48508008483873327 0 0 0 0
Rhodanese 0.8139913232104121 0 0 0 0
slectin 0.9590100541376644 0 0 0 0
hip 0.851963746223565 0 0 0 0
peroxidase 0.7222580645161291 0 0 0 0
TNF 0.8618705035971223 0 0 0 0
egf 0.8120416827479737 0 0 0 0
HMG_box 0.9730878186968839 0 0 0 0
hpr 0.993006993006993 0 0 0 0
tim 0.9828116518907183 0 0 0 0
tgfb 0.8962025316455696 0 0 0 0
HLH 0.9273021001615509 0 0 0 0
blmb 0.6991525423728814 0 0 0 0
proteasome 0.8316760010667886 0 0 0 0
