aadh 83.3 86.8 51.5 55.8 7m1.207639932632425s
aat 82.0 84.9 55.7 62.5 20m30.310244321823205s
ace 82.4 85.6 59.9 67.1 18m33.75789570808415s
Acetyltransf 58.5 73.0 33.3 41.1 5m51.03794407844543s
adh 97.6 98.0 93.3 93.9 6m13.44966578483584s
aldosered 86.5 89.7 65.8 72.6 12m44.07156634330747s
Ald_Xan_dh_2 85.5 86.2 68.8 75.3 10m25.926647663116427s
annexin 99.7 99.8 99.4 99.4 3m27.04389929771424s
asp 89.5 90.2 67.1 73.7 9m33.17304134368893s
az 76.1 76.6 36.4 37.8 2m26.146980524063103s
biotin_lipoyl 94.4 92.8 76.5 82.3 2m40.767818927764885s
blmb 64.8 72.4 33.8 43.3 9m35.570712089538574s
blm 85.8 86.8 65.5 68.2 13m21.061857223510714s
bowman 94.2 94.2 82.9 84.9 1m51.0488166809082s
cah 89.6 90.7 69.4 79.5 4m15.82502985000609s
ChtBD 97.6 98.3 90.7 93.2 1m49.981593370437615s
cryst 80.4 92.9 34.3 35.4 2m23.38661170005799s
cyclo 88.5 90.5 77.2 80.1 4m56.31219339370727s
cys 92.7 92.5 67.9 77.2 5m58.30227184295653s
cyt3 74.5 76.8 55.1 60.7 2m11.62571525573731s
cytb 82.0 83.4 59.8 66.8 3m11.272660970687873s
DEATH 71.3 72.9 31.5 42.5 2m18.076723575592037s
DMRL_synthase 89.9 88.6 69.2 79.0 2m35.6150996685028s
egf 76.0 75.5 30.9 36.7 2m13.117300033569324s
flav 86.5 88.0 61.1 62.3 3m50.08957505226136s
GEL 71.7 70.7 40.4 56.9 2m15.953319311141962s
ghf10 93.2 93.3 80.2 85.6 5m8.84583187103269s
ghf11 90.8 91.6 77.6 80.5 2m39.780395030975335s
ghf13 54.8 67.8 24.3 29.6 14m40.73410177230837s
ghf1 89.7 91.1 66.2 75.5 16m1.335856437683205s
ghf22 94.7 94.9 82.3 84.9 2m17.060020685195916s
ghf5 62.2 63.8 32.4 46.4 7m27.24660038948061s
glob 93.4 94.3 48.8 51.8 2m38.42692327499389s
gluts 72.0 79.7 39.1 41.4 5m15.120875358581554s
gpdh 95.5 95.4 85.8 89.5 4m44.44975662231444s
hip 79.6 79.1 52.4 62.5 2m7.1462905406951815s
hla 99.7 100.0 99.4 99.4 5m13.032572984695427s
HLH 87.6 91.9 70.2 83.5 2m41.08201003074647s
HMG_box 97.3 96.2 85.2 93.9 2m14.74794316291808s
hom 93.5 93.7 63.8 77.9 2m32.460243701934814s
hormone_rec 69.4 75.0 42.3 54.4 4m33.44033384323119s
hpr 99.3 99.3 97.7 98.5 2m16.354820251464854s
hr 99.1 99.1 94.9 99.1 2m10.609441518783571s
icd 89.2 90.3 74.1 76.4 10m55.66776609420774s
il8 86.1 86.3 55.8 65.3 2m1.0455417633056552s
ins 86.3 89.6 55.1 73.2 2m23.04731798171998s
int 82.6 85.4 61.4 64.3 5m39.03161597251889s
KAS 67.6 85.4 37.2 33.8 3m55.958735227584846s
kringle 85.2 88.5 65.2 69.6 2m5.310758829116811s
kunitz 97.9 97.9 90.0 89.3 1m57.91921567916871s
ldh 85.1 85.8 53.0 62.2 5m47.60667252540589s
LIM 94.0 95.0 84.1 90.3 2m11.689041614532458s
ltn 92.3 92.4 68.4 76.2 4m3.195428609848001s
lyase_1 78.1 79.3 57.3 62.3 10m7.560243844985983s
mmp 96.5 97.0 88.8 94.0 3m27.24603748321533s
mofe 77.8 80.0 56.8 60.8 10m22.924760341644266s
msb 82.9 86.0 57.2 69.4 2m36.28567957878112s
myb_DNA-binding 94.8 93.7 80.4 86.0 2m39.11868715286255s
OTCace 95.2 95.7 85.8 88.8 4m48.109561681747444s
oxidored_q6 90.4 91.1 80.5 82.2 4m10.22648835182192s
p450 75.3 75.9 32.1 39.4 32m17.693866968154737s
PDZ 87.8 88.6 75.8 77.8 3m14.638271331787118s
peroxidase 70.1 77.6 44.1 47.2 6m36.159237146377556s
phc 71.4 95.5 38.0 37.3 2m35.83928108215333s
phoslip 92.5 92.1 67.6 77.1 2m20.717064142227173s
profilin 89.7 92.5 72.7 73.7 2m27.41318583488465s
proteasome 83.4 83.1 30.3 45.6 4m24.320860862731912s
Rhodanese 69.4 75.1 49.5 51.5 4m55.66183161735536s
rhv 22.9 54.1 1.2 0.3 36m37.737373352050696s
ricin 86.1 87.4 69.2 75.9 3m26.15230083465577s
rnasemam 90.0 87.2 61.9 71.4 2m15.830955505371094s
rrm 84.3 82.9 18.9 28.0 3m12.427072763442988s
rub 99.2 99.2 96.3 96.7 1m53.19146227836609s
rvp 45.1 84.0 10.8 12.2 6m0.7681109905243133s
scorptoxin 89.3 88.4 71.2 78.1 1m51.11969232559204s
sdr 74.3 75.6 33.8 44.5 9m7.821411371231051s
seatoxin 69.9 68.3 18.4 18.3 2m5.46735858917236s
serpin 94.9 94.7 80.2 86.4 8m59.942592382430995s
slectin 95.1 95.9 86.9 91.0 2m43.3735773563385s
sodcu 87.4 88.7 72.3 77.5 2m42.97035741806029s
sodfe 89.2 88.5 59.3 64.9 3m33.668103933334365s
Stap_Strp_toxin 76.3 76.0 42.8 48.1 2m28.20883488655089s
sti 75.8 75.6 47.3 51.9 2m36.395670652389526s
subt 77.4 80.8 35.7 45.7 22m2.0629434585571715s
Sulfotransfer 78.2 81.1 47.6 56.1 5m54.1898775100708s
tgfb 83.5 85.9 41.9 51.6 2m13.945629596710196s
tim 97.2 97.4 91.5 94.5 5m9.71266508102417s
tms 94.0 94.7 81.8 87.7 5m48.67311882972718s
TNF 77.1 79.1 58.0 64.5 2m24.708112478256226s
toxin 91.5 90.4 62.3 71.5 1m55.137102127075195s
trfl 94.7 95.8 87.6 88.0 6m40.55208969116214s
tRNA-synt_2b 53.7 61.1 28.8 39.1 7m2.5603888034820343s
uce 88.9 91.2 61.4 68.4 3m9.934654712676991s
zf-CCHH 96.6 96.0 85.7 89.3 3m14.629519224166883s
