aadh 82.7 85.7 44.9 50.0 7m7.336295604705825s
aat 83.5 85.0 56.3 64.9 19m57.75894021987909s
ace 82.1 84.8 59.3 66.3 20m47.046805381774846s
Acetyltransf 56.5 64.0 32.8 41.8 5m11.039186954498312s
adh 97.9 98.1 94.4 94.7 6m44.3766589164734s
aldosered 85.4 90.1 64.3 72.0 12m25.990202665329s
Ald_Xan_dh_2 82.7 82.8 62.4 71.4 11m26.517536878585766s
annexin 99.7 99.8 99.4 99.4 3m52.55781316757202s
asp 89.7 90.3 67.9 74.8 7m45.31653165817262s
az 74.7 75.7 32.1 30.2 2m29.5816569328308s
biotin_lipoyl 95.0 93.4 76.5 82.3 2m53.41800880432129s
blmb 64.9 69.5 40.0 50.2 9m2.004576206207247s
blm 85.0 88.6 61.4 63.8 13m14.04988098144532s
bowman 94.2 94.2 82.9 84.9 1m59.70791053771973s
cah 89.0 90.1 69.7 79.0 4m42.65958786010741s
ChtBD 97.6 98.3 90.7 93.2 1m59.155910015106194s
cryst 92.3 92.3 70.7 74.3 2m30.788848161697373s
cyclo 88.9 90.9 76.7 80.6 4m38.30606198310852s
cys 93.2 92.9 69.0 79.3 5m40.40741729736327s
cyt3 76.6 77.2 53.4 60.5 2m36.56240463256837s
cytb 84.1 85.0 64.1 69.0 3m12.351900339126578s
DEATH 72.9 74.1 37.9 45.1 2m22.6900029182434s
DMRL_synthase 90.1 88.8 69.2 79.3 2m38.072945117950454s
egf 76.1 75.5 33.8 36.8 2m17.707155704498298s
flav 83.5 84.6 53.7 54.1 4m6.7995948791503835s
GEL 56.2 59.3 26.7 38.8 2m23.95026063919067s
ghf10 92.8 92.8 79.9 85.8 5m55.45757913589476s
ghf11 90.1 90.3 74.5 77.1 2m47.13797163963319s
ghf13 62.0 63.2 24.1 34.2 15m17.232867240905776s
ghf1 89.8 91.7 67.8 77.2 15m0.7931070327759215s
ghf22 95.7 95.9 86.9 89.9 2m30.319659948348992s
ghf5 64.2 65.9 32.4 46.4 7m38.898974895477295s
glob 92.2 92.9 46.5 45.5 2m43.767707586288466s
gluts 87.0 88.3 61.4 65.5 5m7.466230630874655s
gpdh 95.9 95.9 84.9 89.8 6m6.6459820270538295s
hip 78.2 78.0 50.0 59.5 2m24.054760217666633s
hla 99.7 100.0 99.4 99.4 5m15.211279392242432s
HLH 86.1 92.2 65.5 77.1 2m41.70884346961974s
HMG_box 97.3 96.2 85.2 93.9 2m22.691047191619866s
hom 96.3 95.9 73.9 88.0 2m34.077214002609246s
hormone_rec 69.9 74.1 44.1 56.5 4m28.089080095291123s
hpr 99.3 99.3 97.7 98.5 2m23.474478244781494s
hr 99.1 99.1 94.9 99.1 2m12.515114784240726s
icd 92.0 92.8 80.4 83.0 10m30.483456134796114s
il8 89.0 88.9 61.0 73.0 2m7.216006755828861s
ins 81.6 85.7 47.8 67.4 2m24.527673482894905s
int 77.9 81.0 54.5 57.3 5m29.108439922332767s
KAS 73.5 84.7 47.8 47.3 4m15.76573348045347s
kringle 85.2 88.5 65.2 69.6 2m10.511139392852789s
kunitz 97.9 97.9 90.0 89.3 2m7.430640220642095s
ldh 84.3 85.5 51.1 60.7 6m4.41209697723389s
LIM 96.6 97.2 86.6 93.5 2m21.906023740768443s
ltn 93.5 94.3 70.8 77.9 4m9.545972347259504s
lyase_1 74.2 74.4 52.7 54.9 11m32.28082537651062s
mmp 95.1 95.7 86.4 91.5 3m31.666615486145027s
mofe 76.4 77.8 53.2 59.1 9m35.864849090576136s
msb 83.2 86.3 59.3 71.1 2m39.48427295684813s
myb_DNA-binding 94.8 93.7 80.4 86.0 2m42.325765848159776s
OTCace 94.1 94.4 82.5 85.7 4m42.57664608955386s
oxidored_q6 85.0 89.3 71.1 72.4 3m57.265315771102905s
p450 73.6 74.5 33.9 41.6 32m44.704617977142505s
PDZ 85.3 85.7 68.7 69.4 3m7.709916114807118s
peroxidase 62.9 71.9 34.1 37.2 6m58.637533664703355s
phc 69.8 95.7 35.8 34.7 2m37.64301896095276s
phoslip 93.6 93.2 69.1 78.8 2m27.573501110076908s
profilin 90.5 93.3 75.0 76.1 2m48.77503442764282s
proteasome 83.2 81.6 31.0 46.1 4m50.61865639686586s
Rhodanese 69.0 69.8 42.2 47.7 4m59.73034739494325s
rhv 28.9 62.9 2.2 0.7 28m12.510385036468463s
ricin 83.1 85.4 61.5 68.6 3m30.277809381484985s
rnasemam 90.3 87.5 62.7 73.0 2m20.577771902084365s
rrm 84.0 83.0 18.9 28.0 4m8.052183628082279s
rub 99.2 99.2 96.3 96.7 1m59.00358057022095s
rvp 38.0 76.8 10.8 12.2 5m49.054329395294204s
scorptoxin 90.0 89.2 68.5 80.5 2m2.662562847137444s
sdr 79.1 78.6 32.2 43.6 9m14.81298780441282s
seatoxin 73.6 71.9 34.7 33.1 2m13.61714243888855s
serpin 94.7 94.5 80.4 87.1 9m41.808181047439525s
slectin 88.7 90.1 78.1 81.7 2m48.02410602569581s
sodcu 90.2 91.1 75.3 80.4 2m55.01407909393311s
sodfe 88.6 87.9 60.8 65.1 3m47.08548593521118s
Stap_Strp_toxin 78.7 78.3 45.7 51.9 2m40.25594496726991s
sti 81.8 82.0 58.2 63.1 2m49.08269453048706s
subt 77.2 82.3 29.8 40.7 21m49.16586160659783s
Sulfotransfer 77.7 79.4 52.7 62.3 6m23.804517507553093s
tgfb 83.2 90.8 36.8 44.9 2m29.32770705223083s
tim 97.2 97.1 90.7 94.0 5m28.89835691452026s
tms 93.6 94.8 79.6 86.0 6m51.10387468338011s
TNF 75.2 76.6 57.3 61.2 2m34.068658590316765s
toxin 93.3 91.4 61.0 69.8 2m6.602042675018298s
trfl 93.3 94.6 85.9 86.0 7m2.9995810985565363s
tRNA-synt_2b 48.8 48.2 23.5 32.6 7m9.24025464057923s
uce 90.0 91.4 63.9 71.1 3m13.764851808547967s
zf-CCHH 96.6 96.0 85.7 89.3 3m23.487427711486806s
