cys 0.93791329904482 0 0 0 0
DMRL_synthase 0.9290102389078498 0 0 0 0
Stap_Strp_toxin 0.3867019517036057 0 0 0 0
ghf5 0.6870247731174883 0 0 0 0
myb_DNA-binding 0.9519038076152304 0 0 0 0
ghf10 0.9349511290866195 0 0 0 0
il8 0.9084487143260808 0 0 0 0
cytb 0.880932556203164 0 0 0 0
kringle 0.9577264653641208 0 0 0 0
LIM 0.9725806451612903 0 0 0 0
annexin 0.9966151893378464 0 0 0 0
hormone_rec 0.7638190954773869 0 0 0 0
Acetyltransf 0.31191300049431536 0 0 0 0
phoslip 0.9360209365777604 0 0 0 0
cah 0.9093264248704663 0 0 0 0
trfl 0.957956914523975 0 0 0 0
serpin 0.8310556545850664 0 0 0 0
ghf13 0.5742002288953076 0 0 0 0
cryst 0.9333144956202317 0 0 0 0
Ald_Xan_dh_2 0.21451370634622607 0 0 0 0
ace 0.8558282208588958 0 0 0 0
tRNA-synt_2b 0.33906633906633904 0 0 0 0
ChtBD 0.9830917874396136 0 0 0 0
adh 0.5170469798657719 0 0 0 0
Sulfotransfer 0.7741127348643007 0 0 0 0
hom 0.9600772698003863 0 0 0 0
OTCace 0.5674418604651162 0 0 0 0
lyase_1 0.822962962962963 0 0 0 0
toxin 0.9372384937238494 0 0 0 0
msb 0.9678753180661578 0 0 0 0
rnasemam 0.9265671641791045 0 0 0 0
rub 0.9918367346938776 0 0 0 0
cyclo 0.9000836120401338 0 0 0 0
gpdh 0.6304934672281611 0 0 0 0
sodcu 0.9393939393939394 0 0 0 0
DEATH 0.9112271540469974 0 0 0 0
aat 0.8637057925038186 0 0 0 0
ins 0.941747572815534 0 0 0 0
sti 0.842529448233106 0 0 0 0
glob 0.8995105950501182 0 0 0 0
az 0.7690866022854466 0 0 0 0
ghf11 0.9248878923766816 0 0 0 0
subt 0.825158883669522 0 0 0 0
profilin 0.9523424878836834 0 0 0 0
rrm 0.8721182818302852 0 0 0 0
KAS 0.25927478516034375 0 0 0 0
GEL 0.6776119402985075 0 0 0 0
hr 1.0 0 0 0 0
rvp 0.8849797023004059 0 0 0 0
mmp 0.9861286254728878 0 0 0 0
icd 0.9455861070911722 0 0 0 0
seatoxin 0.7361111111111112 0 0 0 0
int 0.8981069042316259 0 0 0 0
phc 0.9131950989632422 0 0 0 0
ricin 0.8146989835809226 0 0 0 0
PDZ 0.9316436251920123 0 0 0 0
asp 0.929640959587828 0 0 0 0
bowman 0.9418604651162791 0 0 0 0
oxidored_q6 0.7209302325581395 0 0 0 0
aldosered 0.8974060525440638 0 0 0 0
sdr 0.6786995639454656 0 0 0 0
p450 0.7585852354513675 0 0 0 0
hla 0.996629213483146 0 0 0 0
ltn 0.960241946445562 0 0 0 0
aadh 0.6362266993033328 0 0 0 0
gluts 0.5528421052631579 0 0 0 0
tms 0.9551895825354271 0 0 0 0
kunitz 0.9821782178217822 0 0 0 0
rhv 0.49909515191923043 0 0 0 0
blm 0.9238691718858734 0 0 0 0
cyt3 0.8456992777413 0 0 0 0
mofe 0.8541165865384616 0 0 0 0
ghf22 0.9376601195559351 0 0 0 0
flav 0.8384512683578104 0 0 0 0
sodfe 0.5105382009785472 0 0 0 0
zf-CCHH 0.9714591509097396 0 0 0 0
scorptoxin 0.8972684085510689 0 0 0 0
biotin_lipoyl 0.9575795383655645 0 0 0 0
uce 0.9454545454545454 0 0 0 0
ghf1 0.9119762632620032 0 0 0 0
ldh 0.5695165654940394 0 0 0 0
Rhodanese 0.7960954446854663 0 0 0 0
slectin 0.9528228924980665 0 0 0 0
hip 0.851963746223565 0 0 0 0
peroxidase 0.7190322580645161 0 0 0 0
TNF 0.8719424460431655 0 0 0 0
egf 0.7533770744886145 0 0 0 0
HMG_box 0.9787535410764873 0 0 0 0
hpr 0.993006993006993 0 0 0 0
tim 0.9886014112538447 0 0 0 0
tgfb 0.8864978902953586 0 0 0 0
HLH 0.9369951534733441 0 0 0 0
blmb 0.7428292046936115 0 0 0 0
proteasome 0.8409723015963729 0 0 0 0
