PF00009.frag 36.2 38.0 9.8 0.5 10m35.862s
PF00018.frag 41.9 48.6 0.0 0.0 2m22.054s
PF00037.frag 50.8 54.3 0.0 0.0 1m26.959s
PF00046.frag 87.9 91.6 37.5 27.5 2m7.664s
PF00078.frag 5.8 10.6 0.0 0.0 10m7.880s
PF00079.frag 0.0 0.0 0.0 0.5 10m59.859s
PF00084.frag 38.2 36.4 0.0 2.0 2m55.628s
PF00150.frag 14.7 38.1 0.0 0.0 21m19.513s
PF00155.frag 28.1 30.8 0.0 0.0 18m14.161s
PF00202.frag 12.3 15.7 0.0 0.0 22m49.136s
PF00224.frag 26.0 25.6 0.5 0.1 10m55.562s
PF00232.frag 4.8 6.9 0.0 0.0 10m16.003s
PF00313.frag 63.6 62.3 21.5 14.4 2m28.265s
PF00450.frag 0.0 0.0 0.0 0.1 12m39.021s
PF00476.frag 26.3 23.5 9.5 1.6 21m28.598s
PF00505.frag 47.9 44.1 2.9 0.8 2m34.254s
PF00625.frag 26.0 26.3 0.0 0.0 6m12.846s
PF00687.frag 0.0 0.0 0.0 0.9 8m0.940s
PF00970.frag 36.1 37.9 0.0 0.0 4m50.881s
PF01381.frag 32.5 36.1 0.0 0.0 2m51.609s
PF01814.frag 71.5 71.3 42.2 30.5 7m44.330s
PF02777.frag 46.1 46.1 16.2 2.5 3m41.806s
PF02836.frag 16.6 12.0 0.0 0.0 11m32.150s
PF02878.frag 5.7 10.8 0.0 0.0 4m59.083s
PF03129.frag 50.9 50.7 0.0 0.0 3m49.042s
PF04082.frag 32.7 39.8 9.7 4.9 14m39.940s
PF05746.frag 8.5 8.5 0.0 0.0 5m21.973s
PF07654.frag 13.4 20.0 0.0 0.8 3m21.047s
PF07679.frag 13.0 21.7 12.8 1.9 4m9.886s
PF07686.frag 35.7 39.7 0.0 0.0 5m31.328s
PF13365.frag 19.6 27.3 0.0 0.0 9m29.766s
PF13378.frag 34.4 36.0 0.0 0.0 9m14.641s
PF13393.frag 12.8 14.1 0.0 0.0 13m59.473s
PF13522.frag 30.9 39.8 0.0 0.0 6m15.859s
PF13561.frag 36.7 40.0 0.0 0.0 10m22.765s
PF14604.frag 0.5 1.0 0.0 4.6 2m26.776s
