PF00009.100 80.8 81.0 38.4 46.3 0m26.455s
PF00018.100 83.3 90.6 7.0 5.2 0m11.848s
PF00037.100 92.8 92.8 65.5 83.9 0m9.734s
PF00046.100 99.5 99.5 97.9 97.9 0m10.411s
PF00048.100 87.4 88.7 0.0 0.0 0m14.361s
PF00051.100 84.8 86.3 73.5 75.8 0m12.938s
PF00077.100 77.1 77.4 49.0 51.0 0m13.489s
PF00078.100 97.2 97.2 90.6 92.1 0m10.840s
PF00079.100 90.3 91.1 75.7 78.5 0m36.022s
PF00084.100 86.4 86.2 71.2 75.9 0m12.409s
PF00127.100 83.4 84.3 45.8 50.0 0m16.413s
PF00139.100 90.5 90.5 78.2 82.1 0m23.690s
PF00142.100 23.3 38.2 0.0 0.0 0m27.779s
PF00150.100 54.3 66.2 4.7 8.2 0m43.778s
PF00155.100 61.7 60.8 8.0 11.4 2m19.579s
PF00194.100 82.6 83.0 49.6 56.9 0m23.628s
PF00202.100 62.2 61.0 10.5 16.2 1m35.898s
PF00218.100 88.9 89.2 57.4 62.5 0m21.046s
PF00224.100 90.7 91.7 65.3 70.4 0m29.499s
PF00232.100 88.4 88.2 68.1 76.6 0m41.415s
PF00313.100 76.5 77.9 49.2 49.5 0m11.077s
PF00343.100 96.5 96.9 92.6 93.6 0m9.965s
PF00405.100 72.5 92.0 46.3 48.6 0m20.317s
PF00450.100 80.4 80.2 47.3 59.6 0m32.090s
PF00476.100 95.6 95.2 80.8 84.8 0m47.970s
PF00505.100 98.9 98.9 87.1 87.5 0m10.377s
PF00538.100 82.4 89.6 5.0 3.2 0m20.032s
PF00625.100 63.9 61.2 10.6 16.1 0m47.573s
PF00687.100 93.8 94.0 77.8 78.7 0m16.964s
PF00867.100 76.7 76.4 18.5 18.3 0m14.795s
PF00868.100 90.3 90.6 65.3 69.4 0m15.289s
PF00970.100 58.8 75.4 10.3 12.1 0m16.023s
PF01355.100 76.2 83.6 52.9 57.9 0m12.132s
PF01371.100 19.0 38.7 0.0 0.0 0m11.087s
PF01381.100 73.5 75.9 43.3 44.9 0m12.750s
PF01814.100 93.1 93.3 81.0 88.5 0m17.141s
PF02085.100 72.5 74.8 44.3 49.5 0m18.844s
PF02223.100 89.4 89.5 5.5 6.7 0m34.671s
PF02777.100 94.1 94.1 76.2 78.2 0m14.475s
PF02836.100 92.7 92.2 76.7 89.3 0m33.147s
PF02868.100 78.5 78.4 61.9 65.2 0m19.704s
PF02878.100 77.9 79.9 60.0 63.6 0m12.829s
PF03129.100 95.6 96.0 50.0 54.7 0m21.618s
PF04082.100 59.9 62.8 35.2 42.4 0m38.395s
PF04908.100 75.6 75.7 25.4 25.6 0m22.054s
PF05746.100 85.0 85.6 59.5 67.6 0m17.810s
PF07654.100 87.3 87.5 71.4 73.5 0m12.813s
PF07679.100 76.3 77.9 44.0 54.8 0m15.493s
PF07686.100 93.1 94.1 35.5 40.2 0m23.997s
PF09011.100 97.7 98.0 76.7 77.8 0m11.032s
PF09173.100 47.6 54.3 2.0 0.5 0m14.640s
PF11427.100 28.3 35.4 0.0 0.0 0m14.966s
PF13365.100 88.9 90.7 10.3 12.7 0m39.803s
PF13378.100 88.2 89.4 35.8 39.5 0m53.011s
PF13393.100 84.4 84.2 37.7 48.9 0m32.988s
PF13522.100 79.8 89.5 18.6 23.6 0m28.963s
PF13561.100 82.0 81.9 27.9 36.7 0m53.462s
PF14497.100 87.0 87.3 39.8 46.3 0m23.605s
PF14604.100 78.7 83.0 23.8 30.9 0m11.837s
