PF00009.10000 76.5 82.6 28.0 36.9 14m33.008s
PF00018.10000 84.1 93.1 7.0 7.7 2m7.565s
PF00037.10000 82.4 93.7 48.3 61.8 1m15.603s
PF00046.10000 98.6 99.1 93.8 93.8 2m15.410s
PF00078.10000 93.6 95.2 82.4 82.9 10m9.379s
PF00079.10000 90.7 91.9 78.5 81.8 26m23.456s
PF00084.10000 87.3 87.6 74.6 79.5 2m59.700s
PF00150.10000 50.1 63.4 3.3 5.3 24m37.506s
PF00155.10000 53.3 58.3 3.6 3.5 20m59.289s
PF00202.10000 53.6 59.6 1.7 2.1 32m49.014s
PF00224.10000 91.1 92.2 66.7 72.1 13m48.061s
PF00232.10000 87.5 89.1 64.8 72.6 36m26.193s
PF00313.10000 74.9 77.7 49.2 49.5 2m21.259s
PF00450.10000 78.3 80.4 48.5 62.4 35m42.258s
PF00476.10000 94.4 94.5 78.8 82.6 30m34.347s
PF00505.10000 93.9 96.8 65.7 68.0 2m22.211s
PF00625.10000 68.8 67.4 9.5 11.8 7m41.082s
PF00687.10000 91.5 92.2 76.0 76.4 8m9.003s
PF00970.10000 65.8 74.5 20.7 24.2 5m24.975s
PF01381.10000 69.4 78.5 33.3 32.4 2m31.867s
PF01814.10000 89.3 92.0 71.6 79.9 10m37.183s
PF02777.10000 91.1 95.3 68.3 70.5 3m52.741s
PF02836.10000 93.5 93.7 77.0 88.7 20m29.932s
PF02878.10000 83.4 84.9 68.1 72.5 6m1.712s
PF03129.10000 93.5 96.7 44.9 49.0 4m7.474s
PF04082.10000 60.3 67.8 40.6 48.9 20m56.165s
PF05746.10000 87.1 87.7 66.4 75.4 6m56.254s
PF07654.10000 86.3 87.6 72.6 74.7 3m38.507s
PF07679.10000 64.3 75.7 21.0 25.9 5m2.753s
PF07686.10000 83.5 93.8 13.1 14.8 6m42.843s
PF13365.10000 74.1 85.4 0.0 0.0 11m45.278s
PF13378.10000 87.6 88.4 32.5 36.8 11m53.155s
PF13393.10000 34.1 51.3 5.8 0.1 18m30.696s
PF13522.10000 70.4 80.7 16.3 20.6 7m5.940s
PF13561.10000 74.9 79.8 14.6 19.7 14m14.815s
PF14604.10000 66.0 80.8 3.2 3.1 2m31.399s
