PF00009.1000 83.8 85.7 39.1 45.8 3m49.816s
PF00018.1000 85.2 94.3 14.0 15.4 1m12.603s
PF00037.1000 94.8 94.8 69.0 88.3 0m53.428s
PF00046.1000 100.0 100.0 100.0 100.0 1m0.442s
PF00048.1000 82.3 85.1 0.0 0.0 1m20.582s
PF00051.1000 79.4 82.2 63.9 66.7 1m28.555s
PF00077.1000 80.3 80.4 55.1 58.4 1m58.324s
PF00078.1000 93.4 93.5 81.2 82.5 2m54.211s
PF00079.1000 91.7 92.3 79.7 83.1 9m41.728s
PF00084.1000 90.4 90.9 79.7 84.0 1m38.528s
PF00127.1000 86.0 86.8 49.2 59.6 2m5.592s
PF00139.1000 93.1 92.9 83.8 86.6 4m56.088s
PF00142.1000 19.3 36.8 0.0 0.0 3m51.108s
PF00150.1000 54.9 69.3 8.3 14.0 9m57.268s
PF00155.1000 57.7 59.2 6.7 8.0 9m31.891s
PF00194.1000 84.1 85.3 47.8 55.7 4m55.993s
PF00202.1000 58.6 60.3 4.9 7.8 9m32.208s
PF00218.1000 87.2 88.1 55.1 60.1 3m50.686s
PF00224.1000 90.3 91.4 61.1 66.1 4m23.728s
PF00232.1000 89.5 89.8 70.3 78.5 6m56.345s
PF00313.1000 82.0 83.6 53.8 54.2 1m20.355s
PF00343.1000 95.1 95.5 89.6 90.5 7m54.444s
PF00405.1000 92.2 93.1 65.9 69.3 5m34.572s
PF00450.1000 81.1 82.9 48.1 61.3 8m43.627s
PF00476.1000 94.9 94.6 79.8 83.8 9m11.588s
PF00505.1000 97.1 97.2 82.9 85.8 1m8.580s
PF00538.1000 84.3 90.4 0.0 0.0 1m14.936s
PF00625.1000 58.7 55.9 12.1 14.4 3m33.123s
PF00687.1000 93.2 93.1 77.2 77.8 2m52.903s
PF00867.1000 76.4 76.9 19.4 22.7 1m54.873s
PF00868.1000 91.0 91.7 66.9 70.3 1m53.559s
PF00970.1000 67.2 73.5 19.0 22.2 2m9.919s
PF01371.1000 18.4 37.2 0.0 0.0 1m18.198s
PF01381.1000 71.8 74.1 38.3 42.2 1m25.061s
PF01814.1000 91.0 92.8 74.1 82.8 2m47.780s
PF02223.1000 89.4 89.4 8.4 9.5 3m53.158s
PF02777.1000 94.2 94.7 77.2 79.7 1m39.441s
PF02836.1000 94.0 93.8 78.8 90.1 4m23.791s
PF02868.1000 77.8 78.9 54.4 58.6 3m3.525s
PF02878.1000 84.8 85.1 70.4 74.0 2m6.826s
PF03129.1000 95.4 96.2 49.0 53.6 2m7.741s
PF04082.1000 59.5 62.2 35.6 41.7 8m48.683s
PF04908.1000 75.8 79.9 24.6 26.8 1m51.880s
PF05746.1000 88.3 89.2 69.5 78.9 2m32.062s
PF07654.1000 83.7 85.4 66.7 68.0 1m38.362s
PF07679.1000 73.0 77.4 40.0 49.6 2m15.663s
PF07686.1000 92.3 94.5 18.7 21.2 2m35.136s
PF09011.1000 94.0 95.2 61.7 64.1 1m21.298s
PF09173.1000 47.9 54.9 0.0 0.0 1m5.243s
PF13365.1000 87.7 90.2 4.2 5.5 5m12.487s
PF13378.1000 86.3 86.9 31.1 34.7 4m16.411s
PF13393.1000 72.2 74.1 0.9 0.9 5m43.799s
PF13522.1000 74.3 84.6 20.2 25.5 2m42.225s
PF13561.1000 81.7 82.4 26.3 35.3 5m7.087s
PF14497.1000 81.5 85.2 36.3 43.3 2m54.405s
PF14604.1000 71.2 76.1 14.3 18.5 1m1.159s
