aadh 51.9 52.9 29.5 33.3 5m34.835s
aat 81.2 81.6 51.0 57.0 41m21.149s
ace 88.1 90.3 71.8 77.7 29m48.090s
Acetyltransf 50.5 52.0 24.9 32.8 15m47.658s
adh 58.6 58.7 36.0 36.1 11m29.123s
aldosered 88.1 89.0 64.9 70.9 31m36.750s
Ald_Xan_dh_2 20.5 20.0 13.9 14.7 2m57.890s
annexin 18.8 28.6 0.0 0.0 1m32.274s
asp 86.7 92.2 68.2 72.4 15m16.001s
az 69.6 72.3 29.3 22.9 1m41.798s
biotin_lipoyl 89.0 91.0 65.9 73.4 3m33.349s
blmb 67.5 74.4 38.9 47.7 20m31.499s
blm 74.6 80.5 9.4 9.7 25m7.253s
bowman 24.1 28.5 0.0 0.0 0m20.045s
cah 91.5 91.7 76.4 81.2 4m33.990s
ChtBD 97.3 97.1 90.7 92.3 0m39.317s
cryst 42.6 49.6 0.0 0.0 1m31.013s
cyclo 87.1 89.5 70.4 75.3 10m28.529s
cys 88.4 89.5 59.7 70.5 10m48.148s
cyt3 85.8 86.0 62.7 71.0 1m1.686s
cytb 85.7 90.8 67.4 76.7 2m33.249s
DEATH 75.7 86.4 43.5 59.2 1m41.496s
DMRL_synthase 91.3 92.7 75.1 83.3 1m55.264s
egf 67.3 69.8 23.5 40.8 1m50.795s
flav 84.9 86.8 51.4 56.4 4m14.403s
GEL 61.2 61.8 29.5 40.1 2m1.428s
ghf10 94.4 94.7 83.6 88.8 6m15.535s
ghf11 93.7 93.6 82.8 84.6 1m29.387s
ghf13 59.0 73.3 29.7 40.2 30m11.799s
ghf1 88.2 93.1 59.6 65.8 20m27.868s
ghf22 94.5 94.8 82.3 85.7 1m1.910s
ghf5 64.2 71.3 35.5 49.1 12m44.034s
glob 86.5 87.4 44.1 53.6 2m37.255s
gluts 67.7 68.9 44.2 49.3 5m50.129s
gpdh 52.3 68.8 38.3 38.8 4m20.104s
hip 81.3 82.6 51.2 58.9 0m12.750s
hla 99.7 100.0 99.4 99.4 5m26.270s
HLH 83.7 89.0 53.6 71.2 2m27.779s
HMG_box 93.3 95.8 79.0 89.5 1m51.532s
hom 93.3 96.3 65.2 81.1 2m27.728s
hormone_rec 70.5 74.9 45.2 58.0 7m14.631s
hpr 98.1 100.0 94.3 95.9 1m32.444s
hr 96.7 98.8 84.8 94.6 1m31.952s
icd 92.4 94.3 81.3 84.4 13m49.692s
il8 89.0 89.4 58.4 69.9 1m11.979s
ins 97.5 96.3 72.5 94.2 0m16.164s
int 90.3 93.1 74.3 82.4 11m20.496s
KAS 39.9 42.3 29.8 30.1 3m8.925s
kringle 87.9 87.8 64.0 71.7 1m29.925s
kunitz 94.3 98.0 83.3 89.1 1m34.833s
ldh 56.8 64.7 30.3 34.8 3m21.796s
LIM 94.7 96.1 80.5 93.9 3m2.257s
ltn 95.4 95.6 77.5 84.4 4m22.911s
lyase_1 81.4 81.1 63.4 66.5 11m47.214s
mmp 96.0 97.3 86.4 92.1 5m25.105s
mofe 83.6 85.6 67.9 75.1 11m27.156s
msb 79.2 82.7 48.3 60.8 5m27.777s
myb_DNA-binding 92.8 92.0 75.0 81.4 2m54.115s
OTCace 57.9 57.7 44.5 42.2 5m27.810s
oxidored_q6 49.0 51.0 38.0 39.1 2m26.547s
p450 77.6 81.1 44.9 57.5 69m47.558s
PDZ 88.5 92.6 71.7 73.6 5m12.221s
peroxidase 80.3 81.4 56.2 62.4 9m11.288s
phc 28.4 45.7 2.2 0.1 1m49.071s
phoslip 95.9 95.6 77.2 86.5 1m41.295s
profilin 92.6 93.6 81.2 82.6 1m51.335s
proteasome 84.4 81.4 39.3 59.0 5m36.305s
Rhodanese 62.8 64.8 41.1 52.1 11m16.070s
rhv 11.0 18.1 0.0 0.0 10m34.432s
ricin 85.3 92.2 66.7 72.2 2m39.359s
rnasemam 94.6 91.6 74.6 84.5 0m53.655s
rrm 81.2 81.8 16.2 24.0 7m41.019s
rub 96.9 99.2 90.7 91.4 0m58.699s
rvp 78.3 81.2 48.6 54.8 11m56.104s
scorptoxin 87.9 87.4 68.5 76.1 0m33.026s
sdr 59.7 61.2 21.5 27.7 37m1.473s
seatoxin 81.2 80.1 46.9 47.0 0m7.186s
serpin 95.3 95.5 80.9 88.2 12m16.540s
slectin 93.7 94.9 86.1 89.2 1m57.719s
sodcu 83.3 86.7 66.9 70.3 3m27.216s
sodfe 51.9 51.2 23.4 25.4 2m51.285s
Stap_Strp_toxin 40.2 39.5 17.7 19.6 0m28.567s
sti 85.5 85.4 63.6 70.8 1m54.511s
subt 77.8 82.9 37.8 50.1 28m36.749s
Sulfotransfer 48.4 79.1 1.4 0.5 12m37.986s
tgfb 84.3 90.7 41.9 46.1 1m25.654s
tim 97.0 98.5 89.6 94.0 4m43.873s
tms 94.8 95.6 83.2 89.7 6m41.104s
TNF 79.1 86.9 55.4 60.4 1m11.008s
toxin 93.6 92.3 62.3 74.2 0m45.326s
trfl 35.2 41.5 0.3 0.0 3m25.793s
tRNA-synt_2b 43.5 70.0 19.2 26.9 9m36.089s
uce 87.5 88.6 53.6 62.9 4m49.083s
zf-CCHH 85.7 91.6 54.3 71.2 11m6.576s
