PF00009.100 73.6 75.2 23.3 34.7 3m21.172s
PF00018.100 83.0 84.4 0.0 0.0 1m50.757s
PF00037.100 93.5 93.6 75.9 81.4 1m41.349s
PF00046.100 99.5 99.5 97.9 97.9 1m51.305s
PF00048.100 84.1 90.1 0.0 0.0 1m52.297s
PF00051.100 81.8 83.4 67.5 70.6 2m3.300s
PF00077.100 74.4 76.1 50.0 53.0 2m13.865s
PF00078.100 91.6 93.1 79.4 80.5 3m9.003s
PF00079.100 91.9 92.5 81.5 85.3 5m11.032s
PF00084.100 86.7 87.3 76.3 79.8 1m54.437s
PF00127.100 72.4 72.3 26.7 32.0 2m20.898s
PF00139.100 87.6 88.8 75.6 78.9 3m19.928s
PF00142.100 2.9 3.7 0.0 0.0 3m33.273s
PF00150.100 50.6 50.5 3.5 6.1 4m8.979s
PF00155.100 58.4 57.3 6.5 10.7 3m27.032s
PF00194.100 86.2 86.3 49.3 55.6 3m20.878s
PF00202.100 59.3 58.3 2.4 3.8 3m41.591s
PF00218.100 87.2 87.7 52.1 56.8 3m10.846s
PF00224.100 92.9 93.2 69.9 74.9 3m57.301s
PF00232.100 76.4 76.4 57.3 64.1 5m5.072s
PF00313.100 79.6 80.9 47.7 48.0 1m57.826s
PF00343.100 90.8 91.5 85.8 86.9 6m29.075s
PF00405.100 89.8 90.3 65.0 68.4 3m45.850s
PF00450.100 77.3 76.3 45.1 57.8 4m56.368s
PF00476.100 93.7 93.9 75.4 79.2 5m1.574s
PF00505.100 97.2 97.3 84.3 87.3 1m57.033s
PF00538.100 90.8 93.2 0.0 0.0 1m53.741s
PF00625.100 62.7 59.5 2.3 3.6 2m24.610s
PF00687.100 70.2 72.2 47.3 46.4 3m7.536s
PF00867.100 63.0 63.2 13.0 14.4 2m5.205s
PF00868.100 89.2 89.8 60.5 63.3 2m22.863s
PF00970.100 67.6 68.9 16.1 18.8 2m28.343s
PF01355.100 90.7 91.4 77.9 83.0 2m1.588s
PF01371.100 42.2 70.2 1.7 0.0 2m1.324s
PF01381.100 79.0 79.5 43.3 43.9 1m52.367s
PF01814.100 88.2 89.1 67.2 76.4 2m29.161s
PF02085.100 66.7 67.5 28.7 34.5 2m16.243s
PF02223.100 87.3 86.7 0.4 0.0 2m34.804s
PF02777.100 89.1 92.9 58.4 60.3 2m14.989s
PF02836.100 91.5 92.3 74.2 86.5 3m41.879s
PF02868.100 76.7 76.6 51.9 57.8 2m40.902s
PF02878.100 84.4 84.6 66.7 70.3 2m25.812s
PF03129.100 97.6 97.7 61.2 68.4 2m2.802s
PF04082.100 57.9 59.7 33.3 38.1 4m1.576s
PF04908.100 49.5 51.8 6.8 9.9 2m2.075s
PF05746.100 87.0 87.5 66.4 75.4 2m18.119s
PF07654.100 86.3 87.0 70.2 72.2 2m6.511s
PF07679.100 72.7 73.3 24.0 29.9 2m9.087s
PF07686.100 91.7 91.7 16.8 19.1 2m5.646s
PF09011.100 94.9 98.1 66.7 67.5 2m2.711s
PF09173.100 41.3 80.0 0.0 0.0 2m2.556s
PF11427.100 25.1 25.7 0.0 0.0 1m50.793s
PF13365.100 82.5 83.9 7.0 6.1 2m30.077s
PF13378.100 79.7 80.3 4.7 5.1 2m39.902s
PF13393.100 57.9 59.7 15.4 23.9 3m54.918s
PF13522.100 73.2 73.5 22.5 28.8 2m28.372s
PF13561.100 78.2 78.2 7.5 10.5 2m48.724s
PF14497.100 86.3 86.4 38.1 45.4 2m6.640s
PF14604.100 75.2 77.1 31.7 41.1 1m54.025s
