aadh 58.6 60.1 29.3 32.6 4m53.030s
aat 84.1 84.6 57.6 65.0 17m9.094s
ace 83.8 85.9 60.4 67.6 17m24.438s
Acetyltransf 57.6 55.1 32.3 40.9 4m12.531s
adh 45.4 58.9 42.9 43.2 5m8.170s
aldosered 89.8 92.2 68.3 76.9 10m53.668s
Ald_Xan_dh_2 21.4 20.9 16.6 15.6 12m2.766s
annexin 99.7 99.8 99.4 99.4 3m32.271s
asp 91.2 91.7 71.1 77.6 6m51.127s
az 73.2 74.9 34.2 32.4 2m1.529s
biotin_lipoyl 94.5 94.9 80.0 82.1 2m22.843s
blmb 65.4 66.8 37.8 48.8 7m3.591s
blm 85.7 87.4 57.7 59.0 10m25.616s
bowman 94.2 94.2 82.9 84.9 1m38.906s
cah 88.3 89.3 67.9 77.0 2m56.121s
ChtBD 96.6 98.3 90.7 93.2 1m37.665s
cryst 92.6 92.4 70.7 74.3 2m5.472s
cyclo 90.0 92.1 76.2 79.3 3m35.374s
cys 92.5 92.3 69.0 79.1 4m23.041s
cyt3 74.5 75.7 54.2 61.5 1m51.339s
cytb 84.8 86.2 58.7 63.5 2m51.887s
DEATH 73.7 74.9 35.5 48.3 1m58.319s
DMRL_synthase 90.6 89.0 68.0 78.5 2m9.556s
egf 76.1 74.0 23.5 35.7 1m55.285s
flav 88.7 89.5 65.7 67.3 3m17.103s
GEL 69.9 65.4 39.0 55.8 1m57.404s
ghf10 92.9 93.4 79.6 85.5 4m16.282s
ghf11 90.4 90.8 75.0 77.7 2m17.380s
ghf13 50.7 56.8 17.8 23.4 13m5.149s
ghf1 89.4 91.3 66.2 74.0 11m54.272s
ghf22 94.3 94.9 82.3 85.2 1m57.627s
ghf5 63.5 62.9 33.4 47.2 5m55.181s
glob 89.0 89.2 38.2 40.1 2m11.441s
gluts 80.0 79.9 52.4 57.1 4m36.073s
gpdh 63.0 63.1 43.0 45.7 4m6.346s
hip 86.3 85.7 61.9 72.5 1m54.595s
hla 99.0 100.0 98.3 98.3 3m32.900s
HLH 91.1 93.1 86.9 84.3 2m19.293s
HMG_box 97.3 96.2 85.2 93.9 1m57.750s
hom 93.6 93.5 65.2 79.5 2m18.065s
hormone_rec 66.1 65.5 40.6 51.7 3m45.546s
hpr 99.1 99.8 97.7 98.5 1m57.944s
hr 100.0 100.0 100.0 100.0 1m50.931s
icd 90.8 91.2 76.0 77.8 10m45.469s
il8 90.2 89.4 59.7 71.5 1m46.200s
ins 86.8 89.4 56.5 76.0 1m58.382s
int 78.1 80.5 55.9 59.9 4m20.800s
KAS 44.8 49.5 22.2 17.1 3m14.351s
kringle 85.6 88.6 67.4 70.3 1m51.770s
kunitz 97.5 97.5 88.3 87.5 1m45.765s
ldh 51.3 51.0 15.7 17.2 4m56.429s
LIM 94.0 95.0 84.1 90.3 1m58.458s
ltn 92.5 93.0 67.2 74.9 2m48.297s
lyase_1 71.5 72.3 49.5 50.8 10m7.108s
mmp 98.0 98.0 94.1 95.7 2m46.127s
mofe 75.9 76.4 54.0 59.6 10m56.120s
msb 92.6 92.1 74.5 82.6 2m5.252s
myb_DNA-binding 93.6 92.5 76.8 82.0 2m7.974s
OTCace 50.6 51.1 43.3 42.1 4m15.741s
oxidored_q6 64.5 65.2 39.5 40.7 3m25.304s
p450 72.9 74.3 33.3 40.5 22m0.782s
PDZ 85.3 86.5 69.7 70.9 2m36.984s
peroxidase 63.4 71.5 37.2 41.8 5m33.354s
phc 69.6 90.8 32.4 32.2 2m3.264s
phoslip 89.0 89.0 60.3 69.0 1m59.090s
profilin 91.9 94.9 78.9 79.6 2m0.773s
proteasome 81.8 77.9 27.6 41.3 4m4.868s
Rhodanese 71.9 71.3 40.1 46.0 4m2.763s
rhv 16.4 31.3 0.2 0.1 20m12.012s
ricin 72.8 76.1 50.9 55.7 2m32.547s
rnasemam 88.0 86.5 58.2 66.9 1m57.517s
rrm 81.8 83.8 27.9 33.5 2m52.277s
rub 99.2 99.2 96.3 96.7 1m39.579s
rvp 51.1 83.1 11.7 13.2 5m12.469s
scorptoxin 88.0 87.1 67.1 77.2 1m39.732s
sdr 68.0 65.6 35.0 44.5 7m32.155s
seatoxin 82.6 81.0 59.2 58.1 1m51.283s
serpin 95.8 95.3 83.7 89.7 8m28.258s
slectin 93.3 94.1 84.7 87.5 2m13.495s
sodcu 86.7 87.9 68.7 73.8 2m13.059s
sodfe 50.7 50.4 22.5 23.6 3m12.180s
Stap_Strp_toxin 31.2 32.1 2.9 2.5 2m12.636s
sti 78.2 79.0 54.3 59.5 2m11.066s
subt 78.5 81.1 33.2 46.0 11m29.304s
Sulfotransfer 77.6 78.3 45.6 54.7 4m7.045s
tgfb 78.3 84.1 29.9 37.0 1m56.783s
tim 97.8 97.6 89.6 94.0 3m59.548s
tms 94.3 94.7 80.7 87.0 4m20.127s
TNF 78.1 78.5 52.9 58.4 1m59.502s
toxin 86.9 86.0 45.5 52.7 1m42.541s
trfl 95.2 95.6 88.2 87.2 6m38.739s
tRNA-synt_2b 25.8 39.6 0.0 0.0 5m55.522s
uce 94.1 94.0 67.5 75.5 2m21.414s
zf-CCHH 96.6 96.0 85.7 89.3 3m4.467s
