PF00009.10000 72.1 78.2 23.7 33.5 7m45.525s
PF00018.10000 84.9 87.6 0.0 0.0 2m5.219s
PF00037.10000 87.3 91.6 65.5 68.1 1m53.105s
PF00046.10000 95.2 99.5 83.3 83.3 2m16.162s
PF00078.10000 87.0 90.7 73.5 74.7 5m57.030s
PF00079.10000 92.8 93.5 83.1 86.5 14m54.846s
PF00084.10000 90.1 90.1 79.7 81.9 2m13.070s
PF00150.10000 56.1 59.3 9.4 16.4 11m24.001s
PF00155.10000 45.6 46.4 0.0 0.0 12m7.240s
PF00202.10000 43.6 43.0 0.0 0.0 18m3.326s
PF00224.10000 92.2 92.7 65.3 70.3 12m24.789s
PF00232.10000 86.4 89.5 64.0 72.3 18m2.460s
PF00313.10000 81.4 82.8 52.3 52.6 2m9.416s
PF00450.10000 82.8 85.5 47.5 60.8 17m1.056s
PF00476.10000 94.0 95.8 79.5 83.5 19m31.848s
PF00505.10000 96.8 97.5 80.0 82.8 2m18.366s
PF00625.10000 34.7 39.6 0.0 0.0 4m25.468s
PF00687.10000 79.9 81.7 56.3 55.9 6m13.659s
PF00970.10000 66.1 67.4 10.3 12.1 2m48.473s
PF01381.10000 63.5 65.2 0.0 0.0 2m12.397s
PF01814.10000 86.3 87.1 70.7 79.2 3m5.800s
PF02777.10000 90.8 95.8 67.3 69.4 2m46.138s
PF02836.10000 89.0 91.1 69.1 80.5 7m19.366s
PF02878.10000 75.0 78.1 55.6 58.8 2m53.815s
PF03129.10000 97.1 97.5 53.1 59.3 2m39.385s
PF04082.10000 50.8 52.4 17.6 21.2 8m16.927s
PF05746.10000 85.0 86.3 67.2 76.3 4m11.386s
PF07654.10000 87.1 89.0 73.8 75.3 2m20.178s
PF07679.10000 81.2 81.9 41.0 51.1 2m32.686s
PF07686.10000 88.0 89.5 17.8 20.0 2m38.071s
PF13365.10000 22.0 26.3 0.0 0.0 5m22.844s
PF13378.10000 75.5 77.3 22.6 26.1 5m29.939s
PF13393.10000 23.1 28.1 0.0 0.0 11m12.698s
PF13522.10000 66.5 68.0 24.0 30.8 3m12.546s
PF13561.10000 70.9 71.1 0.3 0.0 5m30.194s
PF14604.10000 73.4 75.5 6.3 0.7 2m9.038s
