PF00009.frag 80.6 85.0 29.4 44.9 8m36.572s
PF00018.frag 77.9 80.4 0.0 0.0 1m37.430s
PF00037.frag 85.6 80.8 42.9 53.8 1m24.541s
PF00046.frag 96.1 95.3 85.4 84.7 1m47.254s
PF00078.frag 62.3 69.1 59.9 53.4 5m25.246s
PF00079.frag 65.4 50.9 19.0 20.8 10m51.641s
PF00084.frag 88.6 92.4 81.4 83.1 1m48.227s
PF00150.frag 55.5 55.3 10.3 19.2 11m28.948s
PF00155.frag 46.4 47.0 0.0 0.0 16m8.079s
PF00202.frag 39.1 45.4 0.0 0.0 19m33.200s
PF00224.frag 89.8 92.1 58.4 62.6 15m18.201s
PF00232.frag 34.8 41.1 13.7 14.4 9m23.827s
PF00313.frag 83.4 88.4 53.8 70.9 1m50.974s
PF00450.frag 14.9 24.2 0.0 0.0 7m59.059s
PF00476.frag 65.2 80.3 20.9 17.3 12m24.982s
PF00505.frag 95.1 96.9 77.1 78.6 1m54.267s
PF00625.frag 11.4 13.9 0.0 0.0 2m51.316s
PF00687.frag 67.3 71.7 59.9 43.6 7m4.769s
PF00970.frag 63.2 68.0 8.9 8.8 2m25.765s
PF01381.frag 54.1 56.9 0.0 0.0 1m46.931s
PF01814.frag 46.9 57.9 17.9 19.0 2m50.512s
PF02777.frag 87.3 94.7 63.0 66.3 2m40.467s
PF02836.frag 77.2 77.9 19.7 19.8 6m49.681s
PF02878.frag 83.3 85.1 76.0 76.5 2m44.705s
PF03129.frag 96.3 96.8 43.0 48.0 2m20.659s
PF04082.frag 56.4 60.1 41.9 50.7 8m50.625s
PF05746.frag 80.6 81.5 65.1 66.3 2m50.797s
PF07654.frag 78.2 80.8 63.1 62.2 2m2.875s
PF07679.frag 69.0 72.0 38.0 37.4 2m5.968s
PF07686.frag 85.3 87.8 23.4 27.3 2m25.738s
PF13365.frag 29.2 35.8 0.0 0.0 3m26.597s
PF13378.frag 68.9 70.9 1.0 0.0 6m43.995s
PF13393.frag 22.4 23.7 0.0 0.0 11m23.861s
PF13522.frag 58.3 68.6 14.7 14.9 3m11.539s
PF13561.frag 70.6 70.4 0.3 0.0 7m40.416s
PF14604.frag 65.9 72.2 0.0 0.0 1m45.032s
