PF00009.1000 78.7 82.3 24.4 34.4 0m39.424s
PF00018.1000 80.8 88.5 0.0 0.0 0m7.743s
PF00037.1000 91.0 95.5 62.1 79.5 0m6.074s
PF00046.1000 96.8 100.0 85.4 85.4 0m6.216s
PF00048.1000 86.9 90.2 5.4 5.6 0m8.615s
PF00051.1000 88.9 91.3 77.1 80.8 0m9.403s
PF00077.1000 74.6 82.7 44.9 47.6 0m12.406s
PF00078.1000 88.4 94.1 67.6 68.8 0m45.043s
PF00079.1000 89.5 91.6 77.8 79.7 1m53.910s
PF00084.1000 84.9 89.8 74.6 78.0 0m10.446s
PF00127.1000 66.0 68.7 22.5 26.7 0m19.822s
PF00139.1000 87.5 90.0 73.1 77.4 0m39.423s
PF00142.1000 31.0 38.1 0.0 0.0 0m28.225s
PF00150.1000 35.8 56.0 4.5 7.8 2m42.886s
PF00155.1000 52.9 58.5 6.7 6.5 1m55.051s
PF00194.1000 81.6 86.6 44.9 51.6 0m54.270s
PF00202.1000 58.7 63.4 7.5 10.2 1m24.824s
PF00218.1000 84.4 88.4 52.5 57.4 0m32.411s
PF00224.1000 91.2 92.5 65.7 70.2 0m45.181s
PF00232.1000 88.7 90.0 69.7 77.9 1m24.204s
PF00313.1000 77.9 82.1 49.2 49.5 0m7.531s
PF00343.1000 93.8 94.5 87.5 88.4 1m51.483s
PF00405.1000 88.8 91.4 62.6 65.8 0m53.170s
PF00450.1000 73.5 82.6 38.8 49.8 1m50.030s
PF00476.1000 94.7 95.0 79.0 83.0 1m25.117s
PF00505.1000 90.9 95.0 64.3 66.5 0m8.295s
PF00538.1000 88.7 91.4 0.0 0.0 0m8.136s
PF00625.1000 59.2 62.0 7.6 11.9 0m22.761s
PF00687.1000 94.9 95.3 80.8 81.9 0m29.276s
PF00867.1000 72.3 74.6 23.1 24.3 0m10.227s
PF00868.1000 87.8 89.9 57.3 60.4 0m14.737s
PF00970.1000 89.4 91.9 24.1 27.2 0m16.195s
PF01371.1000 52.6 69.8 0.0 0.0 0m8.156s
PF01381.1000 76.3 81.4 50.0 49.1 0m9.535s
PF01814.1000 89.1 91.5 73.3 82.5 0m23.865s
PF02223.1000 86.3 89.1 5.5 6.7 0m24.721s
PF02777.1000 93.7 94.6 75.2 77.6 0m12.631s
PF02836.1000 91.7 93.2 75.2 86.9 0m55.392s
PF02868.1000 77.8 81.7 57.5 61.4 0m23.557s
PF02878.1000 79.9 83.4 60.7 64.8 0m16.550s
PF03129.1000 84.4 90.2 29.6 33.0 0m11.890s
PF04082.1000 39.6 50.5 17.6 21.2 3m16.816s
PF04908.1000 53.5 60.2 11.9 16.1 0m9.247s
PF05746.1000 83.9 90.0 65.6 74.5 0m15.876s
PF07654.1000 83.1 89.6 71.4 73.5 0m11.462s
PF07679.1000 72.1 79.7 40.0 49.8 0m15.467s
PF07686.1000 84.3 89.3 14.0 15.9 0m24.429s
PF09011.1000 89.0 95.3 65.0 66.0 0m10.161s
PF09173.1000 49.6 55.1 0.0 0.0 0m8.191s
PF13365.1000 80.8 87.6 10.7 13.3 0m48.108s
PF13378.1000 85.7 88.3 25.0 27.6 0m43.774s
PF13393.1000 76.4 79.7 16.8 15.9 0m47.571s
PF13522.1000 68.0 85.4 25.6 32.8 0m19.256s
PF13561.1000 74.2 79.0 14.0 13.9 1m4.441s
PF14497.1000 74.5 84.5 21.2 25.3 0m24.124s
PF14604.1000 75.2 82.6 31.7 38.6 0m8.330s
