PF00009.100 85.2 85.6 40.9 46.3 0m13.901s
PF00018.100 83.6 86.8 11.6 14.3 0m1.951s
PF00037.100 93.2 93.9 62.1 79.5 0m1.360s
PF00046.100 98.1 99.1 91.7 91.7 0m1.734s
PF00048.100 84.9 89.0 0.0 0.0 0m2.749s
PF00051.100 87.8 89.2 77.1 79.6 0m2.269s
PF00077.100 84.1 86.1 62.2 66.0 0m3.908s
PF00078.100 95.6 96.2 85.3 86.7 0m11.811s
PF00079.100 94.6 94.9 87.1 89.3 0m27.029s
PF00084.100 86.4 86.2 72.9 77.7 0m2.844s
PF00127.100 79.5 82.8 46.7 52.8 0m4.866s
PF00139.100 93.4 94.3 83.8 87.8 0m19.450s
PF00142.100 47.9 48.5 5.5 13.8 0m13.496s
PF00150.100 59.2 65.0 13.4 23.4 0m43.680s
PF00155.100 61.1 63.4 7.4 11.4 0m42.288s
PF00194.100 83.6 84.2 49.6 57.2 0m13.488s
PF00202.100 65.4 66.8 8.6 12.7 0m58.037s
PF00218.100 90.0 90.3 59.6 65.0 0m10.183s
PF00224.100 90.5 91.9 66.2 70.8 0m15.643s
PF00232.100 89.7 90.7 69.5 77.8 0m25.343s
PF00313.100 80.8 83.1 53.8 54.2 0m2.113s
PF00343.100 95.9 96.1 91.6 92.4 0m25.983s
PF00405.100 95.7 96.0 78.9 82.6 0m15.697s
PF00450.100 82.5 83.9 48.9 61.3 0m33.052s
PF00476.100 95.4 94.9 81.3 85.4 0m36.379s
PF00505.100 97.0 97.1 84.3 87.3 0m2.303s
PF00538.100 87.9 90.3 1.7 0.0 0m2.798s
PF00625.100 70.9 70.3 14.4 22.0 0m12.584s
PF00687.100 94.5 94.5 79.6 80.6 0m8.220s
PF00867.100 78.8 78.7 23.1 26.7 0m3.238s
PF00868.100 93.0 93.8 74.2 78.4 0m3.939s
PF00970.100 91.5 92.7 33.9 37.1 0m5.012s
PF01355.100 89.4 89.8 73.5 81.0 0m2.421s
PF01371.100 68.2 79.9 19.0 21.7 0m3.112s
PF01381.100 73.0 74.5 45.0 46.5 0m2.525s
PF01814.100 90.6 90.9 75.0 83.1 0m6.821s
PF02085.100 74.0 74.7 46.1 50.6 0m5.164s
PF02223.100 89.0 89.9 6.7 8.7 0m10.925s
PF02777.100 92.9 93.2 76.2 78.2 0m3.352s
PF02836.100 92.7 92.5 77.3 88.7 0m22.730s
PF02868.100 78.9 79.5 58.8 63.1 0m8.621s
PF02878.100 77.4 79.0 58.5 62.8 0m4.722s
PF03129.100 94.6 96.5 52.0 56.9 0m3.778s
PF04082.100 56.2 61.3 29.1 34.9 0m36.947s
PF04908.100 67.5 72.2 19.5 27.3 0m3.994s
PF05746.100 87.9 87.6 67.2 76.3 0m4.819s
PF07654.100 86.9 87.1 71.4 73.5 0m2.952s
PF07679.100 80.1 84.2 49.0 61.0 0m3.872s
PF07686.100 93.1 95.0 34.6 38.6 0m5.559s
PF09011.100 99.2 99.2 91.7 91.9 0m2.679s
PF09173.100 50.1 54.6 1.0 1.0 0m2.927s
PF11427.100 54.0 61.1 0.0 0.0 0m1.838s
PF13365.100 88.9 91.1 8.4 10.2 0m11.816s
PF13378.100 87.5 89.7 35.4 39.0 0m17.093s
PF13393.100 85.7 86.8 42.3 53.3 0m22.979s
PF13522.100 81.9 88.1 26.4 33.8 0m6.858s
PF13561.100 78.5 81.0 22.7 27.1 0m20.067s
PF14497.100 87.8 89.5 45.1 53.5 0m5.755s
PF14604.100 82.0 83.9 33.3 35.3 0m2.155s
