PF00009.10000 75.5 83.2 25.4 33.4 5m21.825s
PF00018.10000 77.1 82.2 4.7 5.7 1m5.103s
PF00037.10000 89.5 93.9 62.1 79.5 0m57.464s
PF00046.10000 97.7 99.5 89.6 89.6 0m56.264s
PF00078.10000 87.8 93.8 63.5 64.6 6m42.524s
PF00079.10000 72.2 82.1 53.8 56.8 12m46.668s
PF00084.10000 62.0 70.5 42.4 45.2 1m38.257s
PF00150.10000 45.7 65.5 9.2 16.0 17m48.013s
PF00155.10000 56.1 65.4 7.4 10.0 13m8.277s
PF00202.10000 59.8 64.9 2.8 2.8 11m0.844s
PF00224.10000 84.3 90.9 45.8 51.3 7m19.094s
PF00232.10000 86.1 90.5 65.8 75.1 11m50.630s
PF00313.10000 76.9 82.0 47.7 48.0 1m12.754s
PF00450.10000 69.2 80.0 33.9 43.5 14m8.098s
PF00476.10000 93.5 94.3 78.8 82.6 13m2.081s
PF00505.10000 91.7 97.1 61.4 63.9 1m15.573s
PF00625.10000 51.2 55.7 7.2 9.0 2m47.270s
PF00687.10000 91.7 92.6 76.0 76.6 3m48.106s
PF00970.10000 87.1 90.9 24.7 28.9 2m30.715s
PF01381.10000 74.2 78.8 53.3 53.3 1m42.042s
PF01814.10000 89.5 91.5 71.6 80.5 5m15.036s
PF02777.10000 67.2 78.9 27.7 28.6 1m45.876s
PF02836.10000 92.3 94.1 74.5 86.9 7m17.779s
PF02878.10000 69.4 76.8 46.7 49.7 2m20.849s
PF03129.10000 89.4 94.2 31.6 35.3 1m52.817s
PF04082.10000 31.7 54.3 13.8 16.6 26m31.391s
PF05746.10000 84.1 89.5 64.9 73.7 2m18.932s
PF07654.10000 73.9 80.1 59.5 61.2 1m32.829s
PF07679.10000 58.2 71.1 19.0 23.7 2m27.773s
PF07686.10000 85.0 91.1 13.1 14.8 2m57.156s
PF13365.10000 79.0 86.0 5.1 6.7 5m55.869s
PF13378.10000 82.8 87.6 16.0 18.0 6m40.344s
PF13393.10000 78.8 85.7 30.4 38.0 6m59.611s
PF13522.10000 62.0 82.9 15.5 19.9 2m54.230s
PF13561.10000 71.9 79.5 13.6 18.8 8m16.333s
PF14604.10000 75.0 81.4 27.0 34.5 1m1.573s
