PF00009.frag 68.9 83.0 13.3 12.6 6m6.997s
PF00018.frag 74.8 85.0 4.9 2.7 2m9.046s
PF00037.frag 90.1 94.4 44.8 62.4 1m51.775s
PF00046.frag 96.9 100.0 89.6 90.6 2m15.738s
PF00078.frag 86.7 93.6 68.2 65.4 6m38.352s
PF00079.frag 50.4 83.1 51.1 27.8 12m33.377s
PF00084.frag 59.9 70.6 40.4 31.8 2m54.594s
PF00150.frag 37.8 59.7 6.7 6.4 14m35.581s
PF00155.frag 41.9 57.2 1.8 0.0 12m58.609s
PF00202.frag 27.6 47.2 0.4 0.0 12m5.030s
PF00224.frag 83.5 88.2 50.9 54.5 7m41.821s
PF00232.frag 75.1 84.6 51.9 42.8 11m20.154s
PF00313.frag 81.4 85.6 64.6 68.0 2m6.903s
PF00450.frag 66.0 74.5 24.8 26.8 14m35.991s
PF00476.frag 91.1 95.1 78.9 81.0 12m9.268s
PF00505.frag 83.1 96.6 64.3 61.0 2m11.927s
PF00625.frag 38.7 46.0 0.0 0.0 3m41.033s
PF00687.frag 80.0 84.5 65.9 60.9 4m29.898s
PF00970.frag 68.0 76.2 0.0 0.0 3m7.949s
PF01381.frag 51.4 62.2 0.0 0.0 2m43.212s
PF01814.frag 54.7 69.0 44.0 31.4 4m41.541s
PF02777.frag 91.8 94.6 84.0 84.2 2m40.633s
PF02836.frag 87.0 99.6 82.1 79.7 7m49.949s
PF02878.frag 99.0 97.0 94.1 97.5 3m21.636s
PF03129.frag 79.9 86.2 0.0 0.0 2m53.166s
PF04082.frag 40.3 60.7 19.1 20.6 20m32.509s
PF05746.frag 55.8 67.5 3.2 1.5 3m23.866s
PF07654.frag 53.0 71.8 51.0 40.5 2m45.309s
PF07679.frag 65.6 77.1 38.9 44.2 3m38.116s
PF07686.frag 75.4 86.6 0.0 0.0 4m24.522s
PF13365.frag 36.0 65.8 2.4 0.0 5m57.626s
PF13378.frag 49.0 77.1 0.0 0.0 5m49.250s
PF13393.frag 46.2 68.8 11.0 6.9 8m10.325s
PF13522.frag 54.1 78.9 3.1 3.1 3m50.476s
PF13561.frag 57.0 74.8 0.0 0.0 8m11.002s
PF14604.frag 44.2 75.9 3.8 1.3 2m17.732s
