Acetyltransf 51.9 70.2 25.4 31.5 23m20.799s
Ald_Xan_dh_2 80.5 83.0 61.5 65.8 0m39.864s
ChtBD 94.9 98.0 88.4 90.8 0m5.067s
DEATH 64.8 71.6 31.5 42.8 0m16.846s
DMRL_synthase 90.1 89.1 69.8 79.0 0m22.959s
GEL 76.3 72.1 42.5 57.2 0m20.266s
HLH 75.0 96.1 53.6 72.1 0m42.820s
HMG_box 89.1 94.4 67.9 76.8 0m33.680s
KAS 85.3 85.6 66.2 72.8 0m34.167s
LIM 97.7 97.9 86.6 96.5 0m45.127s
OTCace 93.7 94.0 83.1 85.0 1m9.160s
PDZ 71.9 84.1 52.5 53.5 2m59.244s
Rhodanese 56.3 78.6 35.9 31.1 3m46.060s
Stap_Strp_toxin 81.3 80.5 50.6 53.7 0m5.733s
Sulfotransfer 51.0 67.7 25.7 31.7 4m36.296s
TNF 89.8 92.8 73.2 77.7 0m11.567s
aadh 82.8 84.8 53.5 57.4 1m26.403s
aat 80.0 86.8 43.9 49.1 27m37.930s
ace 82.6 89.7 65.2 69.5 11m45.848s
adh 98.4 98.4 96.0 96.5 6m18.638s
aldosered 92.5 94.7 71.4 76.4 12m37.542s
annexin 83.5 91.6 50.6 51.0 0m24.283s
asp 81.1 90.6 50.0 50.8 4m35.267s
az 72.6 73.0 35.3 35.4 0m14.904s
biotin_lipoyl 93.5 92.9 72.9 75.9 1m25.790s
blm 95.5 97.5 85.0 88.4 16m23.384s
blmb 44.5 69.3 12.7 15.5 17m9.182s
bowman 93.6 93.6 80.0 84.3 0m4.014s
cah 74.1 84.3 53.1 57.7 0m52.806s
cryst 30.8 54.9 0.0 0.0 0m15.329s
cyclo 88.7 89.3 73.0 77.0 2m5.318s
cys 87.3 89.4 60.1 68.3 2m37.136s
cyt3 85.0 86.3 64.4 71.8 0m10.529s
cytb 81.3 92.3 65.2 73.8 0m45.657s
egf 75.5 80.7 29.4 48.3 0m48.804s
flav 74.2 78.1 37.1 35.5 1m13.163s
ghf1 88.6 91.8 65.8 76.0 4m52.141s
ghf10 92.0 94.1 80.5 85.4 1m5.285s
ghf11 92.4 93.1 80.7 82.8 0m13.905s
ghf13 59.9 64.8 23.1 29.7 12m16.486s
ghf22 96.6 96.9 86.2 89.3 0m7.916s
ghf5 51.4 71.7 24.7 35.3 4m44.296s
glob 95.2 96.2 52.4 56.1 0m36.387s
gluts 90.7 91.3 70.0 77.2 3m23.680s
gpdh 94.9 94.9 84.4 88.3 1m34.557s
hip 86.0 85.6 61.9 71.8 0m2.762s
hla 100.0 100.0 100.0 100.0 2m51.567s
hom 92.4 94.0 69.6 83.8 1m12.978s
hormone_rec 78.6 77.6 49.8 63.1 2m37.580s
hpr 98.4 98.6 94.3 95.8 0m23.892s
hr 99.3 99.3 97.5 98.4 0m25.903s
icd 92.2 94.1 80.7 84.0 3m55.753s
il8 92.7 92.9 68.8 78.7 0m9.749s
ins 88.9 98.8 71.0 82.2 0m9.759s
int 84.5 89.9 68.8 74.8 5m49.017s
kringle 93.5 92.1 74.2 80.5 0m9.521s
kunitz 81.5 92.9 60.0 60.8 0m16.940s
ldh 90.3 90.5 65.1 75.5 1m36.112s
ltn 91.1 93.7 67.2 75.8 0m41.647s
lyase_1 80.7 82.8 61.2 65.1 4m7.284s
mmp 94.2 97.2 84.6 86.0 0m53.923s
mofe 90.1 90.3 76.0 82.7 2m27.135s
msb 76.2 88.1 44.1 55.2 1m46.487s
myb_DNA-binding 83.6 91.9 62.5 70.1 1m8.129s
oxidored_q6 98.4 98.4 94.4 95.9 0m34.812s
p450 71.7 78.3 34.7 43.7 48m43.365s
peroxidase 88.3 89.8 65.9 70.5 2m38.820s
phc 96.8 97.7 83.2 89.0 0m21.780s
phoslip 93.7 94.2 71.3 80.5 0m9.985s
profilin 88.9 92.9 76.6 78.1 0m10.447s
proteasome 85.1 82.2 41.4 55.6 1m43.435s
rhv 76.5 80.4 47.2 56.5 3m51.535s
ricin 92.6 93.0 77.7 84.9 0m22.494s
rnasemam 93.7 91.9 71.6 82.9 0m7.003s
rrm 68.6 77.0 18.0 26.6 5m15.763s
rub 91.2 97.0 79.6 80.0 0m20.086s
rvp 74.5 78.4 51.4 56.2 16m59.463s
scorptoxin 89.5 89.5 72.6 78.7 0m3.852s
sdr 72.2 76.4 25.9 35.3 38m45.590s
seatoxin 81.2 79.6 46.9 47.0 0m1.298s
serpin 88.7 95.1 67.3 73.6 5m2.500s
slectin 87.7 91.9 72.3 76.3 0m19.203s
sodcu 93.0 95.5 81.3 85.5 0m31.044s
sodfe 89.6 89.7 61.7 67.0 0m31.865s
sti 75.3 79.9 46.2 52.4 0m12.427s
subt 67.7 81.6 33.4 34.1 26m16.130s
tRNA-synt_2b 55.6 60.0 28.8 39.8 4m5.032s
tgfb 90.4 92.2 61.5 71.4 0m14.439s
tim 96.0 98.3 88.8 91.9 1m21.378s
tms 93.6 95.6 80.7 87.0 1m6.720s
toxin 91.1 90.6 51.9 60.4 0m4.961s
trfl 96.4 97.1 91.6 92.6 0m34.719s
uce 88.4 90.5 48.8 57.8 1m7.093s
zf-CCHH 79.1 94.2 34.3 45.0 11m13.229s
