aadh 58.6 59.9 29.7 32.5 16m14.002s
aat 80.8 82.1 44.6 53.1 89m37.892s
ace 77.4 80.9 56.7 63.0 93m51.597s
Acetyltransf 61.7 57.7 33.3 42.4 10m6.709s
adh 65.3 72.1 45.6 45.9 10m45.879s
aldosered 87.9 90.7 65.2 73.5 45m40.567s
Ald_Xan_dh_2 16.5 17.2 13.6 12.6 10m3.525s
annexin 99.3 99.6 98.7 98.7 4m30.865s
asp 91.6 91.9 71.1 77.6 28m46.198s
az 74.2 75.3 36.4 37.7 3m31.076s
biotin_lipoyl 94.9 95.4 80.0 82.1 4m26.797s
blmb 65.4 71.0 39.3 46.3 22m26.212s
blm 88.8 90.9 64.0 65.8 48m14.471s
bowman 93.6 94.2 81.4 84.0 2m5.617s
cah 86.3 86.8 62.0 70.1 11m55.920s
ChtBD 95.9 98.0 86.0 89.4 2m12.311s
cryst 81.0 93.6 34.8 35.7 3m43.414s
cyclo 91.6 92.4 79.9 83.3 9m22.062s
cys 93.2 92.8 68.3 78.4 13m24.199s
cyt3 70.5 70.6 50.0 57.2 2m59.044s
cytb 84.4 85.0 59.8 64.0 3m57.638s
DEATH 77.1 77.7 34.7 47.2 3m10.375s
DMRL_synthase 91.1 89.5 71.6 80.8 4m56.377s
egf 75.8 73.6 23.5 35.7 3m25.115s
flav 86.1 86.5 64.6 66.4 6m3.337s
GEL 66.7 62.6 36.3 50.9 3m11.927s
ghf10 91.4 92.1 78.3 84.1 16m29.476s
ghf11 90.2 90.4 76.0 78.4 5m7.712s
ghf13 53.2 52.7 25.3 35.1 53m48.443s
ghf1 91.2 92.0 70.2 78.3 71m23.769s
ghf22 93.3 93.5 80.0 82.5 3m18.609s
ghf5 63.2 61.9 31.4 44.9 20m46.990s
glob 90.4 90.1 49.4 52.9 4m4.202s
gluts 76.1 76.8 49.4 53.8 6m55.700s
gpdh 62.1 62.1 40.8 43.3 9m54.283s
hip 85.0 84.3 56.0 64.4 2m39.473s
hla 100.0 100.0 100.0 100.0 12m30.583s
HLH 90.0 91.6 84.5 85.5 4m4.914s
HMG_box 94.3 94.5 81.5 90.2 3m7.193s
hom 94.8 94.8 71.0 85.8 4m10.590s
hormone_rec 68.4 68.3 44.1 56.2 10m36.866s
hpr 99.3 100.0 98.9 98.8 3m5.764s
hr 100.0 100.0 100.0 100.0 2m55.789s
icd 89.1 89.9 73.3 75.2 45m28.435s
il8 86.3 85.6 48.1 57.5 2m37.954s
ins 89.2 90.2 55.1 77.8 3m32.738s
int 79.5 80.7 56.9 59.9 11m47.486s
KAS 44.7 49.0 22.2 17.1 10m41.218s
kringle 85.4 88.3 67.4 70.3 2m48.233s
kunitz 97.9 97.9 90.0 89.3 2m38.559s
ldh 53.2 54.0 28.4 33.3 8m32.836s
LIM 96.6 97.2 86.6 93.5 3m20.009s
ltn 92.9 93.4 71.5 77.9 11m6.274s
lyase_1 67.4 77.1 38.0 43.4 36m48.510s
mmp 98.4 98.2 94.7 96.5 8m42.627s
mofe 73.2 73.7 49.8 56.0 39m52.702s
msb 92.7 92.1 74.5 82.1 4m29.509s
myb_DNA-binding 95.2 94.1 80.4 86.0 4m6.846s
OTCace 56.5 56.2 46.3 45.1 8m11.303s
oxidored_q6 62.6 65.8 38.0 39.0 5m44.630s
p450 75.9 76.1 35.3 44.1 139m26.658s
PDZ 88.9 89.9 73.7 75.5 5m29.389s
peroxidase 58.2 61.9 31.5 35.3 15m35.867s
phc 69.4 87.4 30.2 29.1 3m58.865s
phoslip 92.8 92.5 69.1 79.0 3m33.231s
profilin 91.1 91.4 76.6 77.7 3m37.702s
proteasome 78.7 75.2 23.4 35.2 10m14.518s
Rhodanese 78.2 77.8 54.2 59.7 6m45.297s
rhv 25.0 38.5 3.8 4.5 21m16.594s
ricin 77.4 78.5 55.3 59.8 7m40.023s
rnasemam 91.8 88.7 63.4 73.6 3m7.607s
rrm 83.9 82.2 19.8 21.5 5m50.058s
rub 99.2 99.2 96.3 96.7 2m29.959s
rvp 68.5 84.4 23.4 26.4 15m0.275s
scorptoxin 89.9 88.7 71.2 80.9 2m17.902s
sdr 67.4 64.9 34.7 44.1 25m2.680s
seatoxin 78.9 77.3 42.9 43.3 2m33.660s
serpin 95.9 95.5 82.9 89.1 37m57.228s
slectin 92.3 93.4 83.2 87.2 5m7.957s
sodcu 93.1 94.0 77.1 84.9 5m16.503s
sodfe 51.4 50.4 23.4 25.2 4m3.911s
Stap_Strp_toxin 35.1 34.7 16.0 17.3 4m14.122s
sti 74.6 75.3 47.8 51.6 4m41.850s
subt 77.8 79.4 30.1 40.8 46m12.405s
Sulfotransfer 78.5 77.6 46.3 55.3 15m44.727s
tgfb 78.2 83.4 24.8 31.9 3m18.504s
tim 97.3 97.5 90.3 93.6 13m36.663s
tms 94.5 95.8 81.8 87.3 17m0.480s
TNF 82.9 82.7 61.1 66.5 3m27.249s
toxin 84.3 83.7 41.6 46.1 2m25.867s
trfl 92.8 94.4 86.0 85.3 19m48.161s
tRNA-synt_2b 49.8 44.7 26.7 37.7 17m36.967s
uce 94.8 95.6 70.5 78.0 5m50.625s
zf-CCHH 96.6 96.0 85.7 89.3 9m39.631s
