PF00009.100 72.9 73.7 25.8 35.6 6m42.150s
PF00018.100 82.5 84.5 0.0 0.0 2m28.746s
PF00037.100 93.5 93.6 75.9 81.4 1m38.073s
PF00046.100 100.0 100.0 100.0 100.0 2m39.907s
PF00048.100 83.5 89.3 0.0 0.0 2m34.793s
PF00051.100 95.1 95.1 86.7 89.9 3m3.335s
PF00077.100 65.5 65.4 32.7 34.6 3m29.246s
PF00078.100 92.8 92.8 80.0 81.3 6m21.341s
PF00079.100 94.0 93.8 84.6 87.4 12m38.156s
PF00084.100 88.9 88.9 76.3 79.8 2m44.446s
PF00127.100 83.8 84.6 44.2 49.9 3m47.061s
PF00139.100 84.4 85.6 73.5 76.7 6m35.487s
PF00142.100 2.5 4.1 0.0 0.0 7m2.671s
PF00150.100 53.7 52.1 1.7 2.9 8m46.739s
PF00155.100 59.8 58.3 9.3 11.1 8m33.417s
PF00194.100 82.2 83.9 45.2 53.0 6m27.237s
PF00202.100 60.3 58.6 3.6 3.8 9m36.024s
PF00218.100 87.0 87.5 54.0 58.9 6m10.456s
PF00224.100 92.5 92.8 66.7 71.7 9m6.824s
PF00232.100 69.0 75.3 40.5 45.6 11m35.124s
PF00313.100 80.2 81.6 49.2 49.5 2m53.578s
PF00343.100 93.0 93.6 85.5 86.5 18m11.051s
PF00405.100 78.8 90.0 22.0 23.1 7m48.619s
PF00450.100 77.2 77.2 46.7 59.3 12m12.009s
PF00476.100 92.7 92.4 71.5 75.2 12m56.166s
PF00505.100 96.6 96.7 78.6 81.3 2m40.463s
PF00538.100 87.6 90.7 0.0 0.0 2m49.615s
PF00625.100 71.2 67.8 5.3 8.4 4m10.017s
PF00687.100 76.2 77.6 52.7 52.1 6m9.246s
PF00867.100 68.3 68.3 12.0 15.5 3m7.591s
PF00868.100 91.2 91.5 65.3 68.7 4m2.104s
PF00970.100 47.6 62.7 0.0 0.0 4m13.400s
PF01355.100 92.8 92.8 82.4 83.6 2m57.004s
PF01371.100 45.4 71.6 0.0 0.0 2m53.210s
PF01381.100 79.0 79.8 46.7 47.7 2m36.571s
PF01814.100 88.8 89.2 67.2 76.4 4m27.088s
PF02085.100 63.6 66.2 37.4 43.9 3m43.654s
PF02223.100 89.0 88.1 8.8 11.7 4m39.330s
PF02777.100 89.2 93.0 62.4 64.3 3m39.333s
PF02836.100 93.1 92.6 76.4 89.0 7m29.507s
PF02868.100 63.6 65.3 38.1 40.8 4m57.864s
PF02878.100 78.8 79.8 60.0 63.6 4m12.888s
PF03129.100 97.5 97.6 52.0 58.1 3m7.172s
PF04082.100 69.0 72.3 48.3 55.2 8m21.533s
PF04908.100 49.0 48.8 0.0 0.0 2m59.293s
PF05746.100 87.9 87.7 69.5 78.9 3m57.109s
PF07654.100 75.9 77.0 56.0 57.6 3m13.730s
PF07679.100 79.2 79.7 34.0 42.1 3m15.053s
PF07686.100 90.2 90.3 18.7 21.2 3m17.155s
PF09011.100 98.2 98.2 86.7 88.4 2m45.140s
PF09173.100 43.1 61.5 3.0 2.2 3m2.175s
PF11427.100 23.9 24.4 0.0 0.0 2m27.823s
PF13365.100 77.5 78.7 7.0 6.7 4m30.962s
PF13378.100 85.6 85.9 18.9 22.5 4m54.975s
PF13393.100 51.5 52.5 15.9 24.8 8m25.081s
PF13522.100 72.1 72.3 21.7 27.8 4m25.118s
PF13561.100 80.4 80.4 7.1 9.6 5m17.988s
PF14497.100 81.8 82.3 34.5 41.2 3m17.517s
PF14604.100 72.4 75.3 15.9 20.6 2m41.615s
