PF00009.10000 75.1 80.6 24.4 33.6 22m24.216s
PF00018.10000 84.1 87.2 0.0 0.0 3m51.508s
PF00037.10000 87.3 91.6 65.5 68.1 3m49.418s
PF00046.10000 98.6 99.5 93.8 93.8 4m2.987s
PF00078.10000 86.5 90.9 74.7 75.4 14m6.081s
PF00079.10000 93.0 93.7 82.5 85.7 78m28.335s
PF00084.10000 89.5 90.0 76.3 81.3 4m1.705s
PF00150.10000 60.0 62.2 13.0 22.1 43m14.202s
PF00155.10000 46.3 47.6 0.0 0.0 65m47.121s
PF00202.10000 46.2 46.3 0.0 0.0 85m23.158s
PF00224.10000 91.7 92.5 66.7 71.7 56m6.992s
PF00232.10000 86.4 88.6 63.4 71.8 110m14.606s
PF00313.10000 80.8 82.7 52.3 52.6 4m11.426s
PF00450.10000 80.4 82.5 48.3 61.7 92m34.570s
PF00476.10000 94.3 94.7 81.1 84.8 84m27.332s
PF00505.10000 96.8 97.3 80.0 82.8 4m12.981s
PF00625.10000 38.1 43.6 0.0 0.0 12m57.985s
PF00687.10000 77.5 78.8 56.3 55.9 17m40.311s
PF00970.10000 66.8 67.9 10.3 11.8 6m9.813s
PF01381.10000 63.3 65.1 0.0 0.0 3m55.000s
PF01814.10000 84.9 86.7 69.0 77.0 7m49.343s
PF02777.10000 92.0 96.9 67.3 69.4 6m15.077s
PF02836.10000 86.3 88.2 68.8 79.1 27m24.682s
PF02878.10000 81.6 83.5 63.7 67.2 8m2.428s
PF03129.10000 97.4 97.6 56.1 61.5 5m19.676s
PF04082.10000 60.6 63.4 35.6 42.9 29m41.217s
PF05746.10000 85.1 85.4 67.2 76.3 7m4.794s
PF07654.10000 78.8 80.6 61.9 63.1 4m40.329s
PF07679.10000 82.0 82.8 44.0 54.8 5m8.418s
PF07686.10000 89.2 90.1 29.9 33.9 5m57.273s
PF13365.10000 28.3 34.8 0.0 0.0 10m47.933s
PF13378.10000 71.8 73.8 19.3 22.2 19m41.814s
PF13393.10000 38.5 40.3 0.0 0.0 45m53.583s
PF13522.10000 66.2 68.4 20.2 25.8 9m43.335s
PF13561.10000 69.6 69.7 0.3 0.0 22m59.606s
PF14604.10000 70.8 74.2 25.4 29.8 3m55.602s
