Acetyltransf 49.2 74.5 18.5 22.2 67m22.932s
Ald_Xan_dh_2 75.9 78.5 54.8 59.8 2m3.685s
ChtBD 95.9 95.7 88.4 89.9 0m23.316s
DEATH 76.8 82.0 44.4 60.3 0m52.276s
DMRL_synthase 81.4 86.1 50.9 57.7 0m58.980s
GEL 70.8 68.9 43.2 56.0 0m48.827s
HLH 81.4 87.7 65.5 74.2 1m13.849s
HMG_box 97.5 96.5 87.7 93.9 0m43.919s
KAS 86.7 87.8 71.8 77.7 1m42.934s
LIM 98.2 98.4 90.2 96.9 0m50.745s
OTCace 86.7 94.5 66.8 67.4 2m0.614s
PDZ 80.1 87.9 61.6 62.7 5m51.288s
Rhodanese 71.3 75.8 47.9 54.9 8m45.479s
Stap_Strp_toxin 83.7 83.4 49.4 55.7 0m31.770s
Sulfotransfer 70.7 77.7 41.9 49.8 37m13.689s
TNF 84.1 87.6 66.2 71.7 1m23.095s
aadh 80.2 83.8 49.9 55.0 3m10.515s
aat 84.3 88.5 56.5 64.0 47m22.367s
ace 87.2 89.6 69.4 75.8 78m32.912s
adh 98.3 98.5 94.9 95.4 14m24.312s
aldosered 88.0 91.1 64.6 72.9 21m46.081s
annexin 46.1 72.4 5.0 4.6 0m58.592s
asp 85.5 88.6 55.6 60.2 50m30.731s
az 75.2 75.5 40.8 36.8 1m51.008s
biotin_lipoyl 92.5 92.5 68.2 76.0 1m44.972s
blm 97.8 97.7 90.6 92.5 30m16.251s
blmb 49.2 67.3 21.1 23.2 29m11.223s
bowman 43.6 52.1 20.0 11.6 0m14.642s
cah 86.4 88.3 65.3 70.3 3m1.786s
cryst 45.9 60.3 0.0 0.0 0m46.360s
cyclo 90.8 94.0 78.8 80.9 4m53.881s
cys 90.7 92.5 64.9 72.1 12m18.413s
cyt3 87.1 87.0 67.8 75.4 2m45.907s
cytb 83.6 85.7 63.0 71.7 1m23.127s
egf 55.8 70.4 10.3 17.8 0m55.895s
flav 86.2 87.6 66.9 69.0 2m44.796s
ghf1 90.3 93.2 69.8 77.9 12m7.694s
ghf10 95.9 95.9 87.0 90.8 20m37.436s
ghf11 93.8 93.8 83.3 85.2 1m43.026s
ghf13 57.5 69.6 27.5 36.9 29m54.757s
ghf22 95.6 95.9 85.4 88.1 0m48.353s
ghf5 62.6 69.9 32.1 45.0 36m51.933s
glob 95.4 96.0 49.4 51.6 0m56.521s
gluts 77.1 86.5 51.1 53.2 5m26.734s
gpdh 94.5 94.7 83.2 87.7 2m43.925s
hip 85.3 84.6 63.1 70.7 0m4.539s
hla 100.0 100.0 100.0 100.0 3m42.439s
hom 91.0 91.7 58.0 70.8 1m46.304s
hormone_rec 75.2 74.2 51.6 65.5 8m0.664s
hpr 99.5 100.0 98.9 98.8 0m49.509s
hr 98.9 99.3 96.2 98.1 0m34.811s
icd 93.8 94.7 83.2 86.3 5m53.800s
il8 85.6 87.0 48.1 56.0 0m29.629s
ins 95.4 95.7 78.3 92.1 1m54.027s
int 78.9 85.8 52.5 57.1 11m47.510s
kringle 96.5 95.2 80.9 88.2 0m42.979s
kunitz 90.5 96.8 60.0 60.8 0m34.420s
ldh 88.2 88.9 58.4 68.2 2m7.147s
ltn 94.0 94.6 75.9 83.0 6m0.759s
lyase_1 77.8 78.6 58.1 60.5 4m42.883s
mmp 98.0 98.6 89.3 94.6 9m45.964s
mofe 88.6 89.1 76.0 81.3 9m27.784s
msb 89.7 90.9 60.0 72.1 6m50.444s
myb_DNA-binding 92.2 94.5 75.0 84.2 1m41.682s
oxidored_q6 97.5 98.0 92.1 94.2 1m35.259s
p450 56.7 71.1 18.0 22.5 89m51.402s
peroxidase 76.2 82.5 36.7 38.1 7m42.408s
phc 97.6 97.6 91.6 93.8 0m48.952s
phoslip 94.6 94.6 70.6 79.7 0m46.864s
profilin 92.1 92.2 78.1 80.0 1m9.426s
proteasome 81.4 82.1 29.7 37.7 2m21.843s
rhv 12.7 29.9 0.0 0.0 10m52.570s
ricin 93.6 93.8 79.1 86.6 2m21.171s
rnasemam 94.2 91.0 72.4 82.4 0m44.957s
rrm 78.3 80.3 11.7 17.3 9m16.048s
rub 96.9 98.3 90.7 91.4 0m20.828s
rvp 68.6 77.1 36.0 40.6 103m50.004s
scorptoxin 91.1 90.1 75.3 82.9 0m11.006s
sdr 68.9 79.7 23.0 30.6 73m31.662s
seatoxin 73.1 71.5 26.5 25.7 0m1.739s
serpin 95.0 95.3 80.9 87.8 21m4.910s
slectin 95.5 95.8 91.2 92.3 1m38.933s
sodcu 92.1 92.1 79.5 84.0 3m10.991s
sodfe 89.1 89.0 60.3 65.1 0m50.979s
sti 84.9 84.6 60.3 67.8 1m37.602s
subt 72.9 81.7 27.0 32.4 92m29.016s
tRNA-synt_2b 51.1 60.9 25.9 35.3 5m46.436s
tgfb 90.1 93.5 54.7 65.1 0m43.735s
tim 97.7 98.2 91.9 94.7 3m31.038s
tms 95.1 95.0 83.2 89.7 4m1.100s
toxin 91.4 90.6 50.6 58.2 0m23.501s
trfl 37.6 48.1 1.7 0.7 6m29.098s
uce 92.9 93.1 60.8 69.7 2m23.623s
zf-CCHH 85.3 88.5 45.7 52.7 43m19.822s
