PF00009.frag40 84.3 86.8 48.7 58.6 13m37.499s
PF00018.frag40 77.6 88.8 2.3 2.6 1m54.325s
PF00037.frag40 95.3 95.3 62.1 81.6 3m32.551s
PF00046.frag40 93.1 97.5 75.0 72.0 5m29.907s
PF00078.frag40 83.2 89.5 74.6 72.7 28m27.478s
PF00079.frag40 89.9 91.9 83.5 82.1 61m45.754s
PF00084.frag40 77.5 80.9 71.2 66.5 3m24.916s
PF00150.frag40 57.9 64.3 7.1 7.2 83m42.139s
PF00155.frag40 44.8 54.0 0.8 0.0 35m58.182s
PF00202.frag40 50.3 58.6 4.4 3.9 32m4.457s
PF00224.frag40 81.6 86.0 44.7 48.3 11m14.769s
PF00232.frag40 76.2 83.1 61.2 64.2 37m47.678s
PF00313.frag40 71.2 75.7 55.4 53.0 1m53.940s
PF00450.frag40 78.4 82.0 57.8 65.0 46m25.464s
PF00476.frag40 93.6 94.5 82.0 84.9 32m4.404s
PF00505.frag40 94.0 95.0 68.6 71.0 1m55.484s
PF00625.frag40 58.5 61.2 5.3 6.2 5m51.342s
PF00687.frag40 90.4 90.9 81.4 74.2 8m31.978s
PF00970.frag40 82.8 86.0 5.4 6.4 5m27.067s
PF01381.frag40 56.6 65.2 0.0 0.0 2m26.910s
PF01814.frag40 75.2 76.7 53.4 56.0 12m43.244s
PF02777.frag40 92.9 93.3 78.0 78.5 3m7.377s
PF02836.frag40 91.8 93.0 77.5 85.5 21m30.228s
PF02878.frag40 84.1 87.5 67.4 72.9 3m55.657s
PF03129.frag40 88.1 91.6 10.6 8.7 2m45.391s
PF04082.frag40 30.6 51.0 13.1 18.1 50m16.193s
PF05746.frag40 70.9 76.4 36.7 37.5 5m50.838s
PF07654.frag40 87.2 90.8 82.1 76.7 2m21.764s
PF07679.frag40 52.1 55.5 10.2 17.0 4m26.581s
PF07686.frag40 78.8 86.5 11.2 12.5 8m33.862s
PF13365.frag40 69.0 82.7 0.9 0.0 31m35.987s
PF13378.frag40 85.3 89.2 16.7 19.5 13m42.046s
PF13393.frag40 39.7 53.2 2.2 1.5 22m58.054s
PF13522.frag40 62.6 73.7 0.0 0.0 5m21.931s
PF13561.frag40 63.1 72.1 0.3 0.0 14m23.131s
PF14604.frag40 51.2 65.7 12.5 9.1 1m45.303s
