PF00009.1000 76.5 83.3 34.8 37.0 7m0.735s
PF00018.1000 82.7 91.1 2.3 2.6 0m24.522s
PF00037.1000 91.4 92.7 55.2 70.6 0m9.144s
PF00046.1000 98.1 98.1 91.7 91.7 0m24.190s
PF00048.1000 84.0 87.8 3.6 3.4 0m30.699s
PF00051.1000 84.5 87.1 72.3 75.7 0m40.191s
PF00077.1000 61.8 76.1 36.7 39.0 1m33.798s
PF00078.1000 95.0 95.8 83.5 84.9 12m15.022s
PF00079.1000 90.5 91.4 78.5 81.6 28m29.580s
PF00084.1000 74.4 84.0 54.2 57.8 1m11.504s
PF00127.1000 67.9 77.0 23.3 29.3 1m26.851s
PF00139.1000 66.3 82.7 47.9 51.1 10m10.147s
PF00142.1000 27.7 35.5 0.0 0.0 2m0.944s
PF00150.1000 50.9 60.9 7.8 13.5 49m10.287s
PF00155.1000 54.8 60.8 3.4 4.5 18m8.607s
PF00194.1000 84.3 86.4 48.2 55.1 8m56.679s
PF00202.1000 50.8 58.3 4.7 7.4 16m44.400s
PF00218.1000 81.9 87.3 43.0 47.0 2m38.022s
PF00224.1000 86.9 89.6 56.5 61.2 3m51.497s
PF00232.1000 89.9 90.3 71.6 79.8 23m6.990s
PF00313.1000 72.9 76.3 41.5 41.8 0m32.366s
PF00343.1000 95.4 95.7 90.6 91.4 12m14.518s
PF00405.1000 81.4 84.3 22.0 23.1 6m20.983s
PF00450.1000 81.1 85.4 48.7 60.8 48m37.091s
PF00476.1000 93.6 93.7 76.4 80.1 23m28.972s
PF00505.1000 98.0 98.1 87.1 88.8 0m27.955s
PF00538.1000 84.5 90.1 0.0 0.0 0m28.913s
PF00625.1000 69.6 68.7 14.0 18.4 3m16.896s
PF00687.1000 94.7 94.9 79.6 80.8 5m53.719s
PF00867.1000 75.1 77.9 15.7 16.9 1m41.119s
PF00868.1000 87.7 89.6 65.3 67.1 1m1.802s
PF00970.1000 90.5 92.7 32.2 36.1 2m0.638s
PF01371.1000 52.1 69.7 0.0 0.0 0m28.893s
PF01381.1000 63.5 72.9 30.0 31.3 0m45.885s
PF01814.1000 79.1 86.4 55.2 62.7 5m22.583s
PF02223.1000 85.4 87.5 1.3 1.6 5m20.520s
PF02777.1000 94.6 95.5 84.2 85.8 1m17.600s
PF02836.1000 94.3 94.1 77.3 89.7 12m41.567s
PF02868.1000 75.9 80.5 53.8 57.8 2m8.851s
PF02878.1000 84.5 86.9 66.7 70.7 2m9.222s
PF03129.1000 89.6 92.0 41.8 46.7 1m23.566s
PF04082.1000 43.5 58.7 20.3 24.4 25m24.538s
PF04908.1000 62.4 70.1 0.0 0.0 0m32.787s
PF05746.1000 78.7 83.4 55.7 63.3 2m58.010s
PF07654.1000 89.8 90.5 78.6 80.2 1m22.534s
PF07679.1000 72.9 80.2 39.0 47.4 1m51.504s
PF07686.1000 84.6 90.1 20.6 23.3 3m50.502s
PF09011.1000 87.0 95.9 48.3 50.2 0m36.522s
PF09173.1000 47.0 53.6 2.0 0.5 0m28.611s
PF13365.1000 87.5 89.9 9.3 11.5 11m48.585s
PF13378.1000 86.1 89.4 29.2 34.2 6m25.756s
PF13393.1000 75.4 80.8 26.7 35.3 12m4.827s
PF13522.1000 81.9 86.5 19.4 24.8 3m39.312s
PF13561.1000 71.9 77.7 7.8 8.7 12m50.975s
PF14497.1000 84.2 89.4 23.9 28.5 5m14.115s
PF14604.1000 73.0 78.6 20.6 22.3 0m28.072s
