PF00009.100 84.5 84.6 35.8 44.1 0m16.892s
PF00018.100 88.5 90.4 14.0 17.1 0m3.444s
PF00037.100 94.8 94.8 69.0 88.3 0m2.196s
PF00046.100 98.1 99.1 91.7 91.7 0m1.917s
PF00048.100 87.2 90.5 5.4 6.4 0m2.891s
PF00051.100 85.5 86.9 72.3 75.7 0m2.591s
PF00077.100 85.1 87.5 65.3 69.3 0m3.325s
PF00078.100 96.6 97.2 88.2 89.7 0m12.929s
PF00079.100 92.5 92.8 83.4 85.5 0m22.882s
PF00084.100 85.8 85.6 72.9 77.7 0m3.332s
PF00127.100 79.4 82.1 55.8 59.2 0m6.345s
PF00139.100 92.6 92.8 80.8 85.5 0m16.002s
PF00142.100 46.4 47.7 9.8 13.9 0m8.341s
PF00150.100 61.9 67.1 12.7 21.3 0m45.732s
PF00155.100 63.1 64.9 9.7 14.1 3m20.421s
PF00194.100 83.4 83.6 47.4 54.3 0m11.692s
PF00202.100 61.3 61.7 7.3 10.9 1m48.489s
PF00218.100 90.0 90.4 59.6 65.0 0m11.455s
PF00224.100 93.2 92.9 72.2 77.4 0m13.445s
PF00232.100 90.5 90.9 72.0 80.7 0m22.733s
PF00313.100 81.4 82.8 52.3 52.6 0m2.588s
PF00343.100 95.9 96.2 91.6 92.4 0m19.958s
PF00405.100 92.5 92.6 64.2 67.5 0m15.802s
PF00450.100 83.0 84.4 49.3 61.5 0m28.366s
PF00476.100 95.7 95.2 81.6 85.6 0m32.765s
PF00505.100 96.8 96.8 84.3 87.3 0m2.298s
PF00538.100 86.5 89.3 0.0 0.0 0m3.092s
PF00625.100 66.5 65.6 17.0 24.5 0m34.706s
PF00687.100 94.7 94.7 80.2 81.2 0m5.325s
PF00867.100 82.6 82.5 25.9 29.1 0m3.680s
PF00868.100 90.5 91.2 65.3 68.1 0m3.795s
PF00970.100 91.6 92.9 36.8 41.1 0m8.932s
PF01355.100 90.7 90.7 76.5 82.2 0m4.020s
PF01371.100 55.3 71.3 1.7 0.4 0m2.841s
PF01381.100 69.7 72.7 43.3 44.6 0m2.743s
PF01814.100 90.7 91.3 75.0 83.7 0m12.056s
PF02085.100 75.5 77.7 47.8 52.7 0m7.295s
PF02223.100 89.9 90.4 6.7 7.2 0m24.525s
PF02777.100 93.2 93.6 77.2 79.2 0m4.003s
PF02836.100 92.4 92.0 77.3 88.7 0m25.904s
PF02868.100 80.0 81.2 57.5 62.6 0m6.504s
PF02878.100 75.4 76.5 54.1 57.6 0m4.615s
PF03129.100 96.2 96.5 52.0 57.0 0m6.388s
PF04082.100 56.1 62.3 31.8 37.9 1m0.317s
PF04908.100 70.3 73.6 22.9 21.8 0m5.464s
PF05746.100 86.4 86.9 65.6 74.5 0m5.368s
PF07654.100 88.4 89.5 75.0 77.1 0m3.902s
PF07679.100 81.3 84.1 49.0 59.8 0m7.297s
PF07686.100 93.6 94.9 39.3 44.4 0m11.108s
PF09011.100 98.4 98.9 85.0 85.4 0m2.657s
PF09173.100 50.0 58.9 3.0 1.5 0m3.599s
PF11427.100 51.0 58.7 0.0 0.0 0m2.359s
PF13365.100 89.5 90.6 14.5 18.2 0m36.683s
PF13378.100 87.9 89.9 33.0 37.2 0m40.054s
PF13393.100 85.4 86.1 40.3 53.3 0m21.347s
PF13522.100 86.7 87.3 31.8 40.2 0m9.841s
PF13561.100 80.1 82.4 27.6 36.2 0m50.061s
PF14497.100 85.6 88.7 38.9 46.3 0m10.564s
PF14604.100 74.6 77.5 27.0 35.0 0m2.986s
