PF00009.10000 77.1 85.6 31.9 36.3 15m7.279s
PF00018.10000 75.6 87.0 2.3 2.6 1m21.171s
PF00037.10000 85.6 88.5 48.3 61.8 0m43.627s
PF00046.10000 97.7 99.1 89.6 89.6 1m41.452s
PF00078.10000 94.3 95.6 82.4 83.5 14m31.925s
PF00079.10000 90.7 92.2 79.4 83.1 29m22.907s
PF00084.10000 80.7 84.8 64.4 68.7 2m48.358s
PF00150.10000 44.4 56.7 0.5 0.7 55m45.567s
PF00155.10000 52.9 61.0 1.7 1.4 35m25.386s
PF00202.10000 47.4 58.2 2.8 3.3 19m46.052s
PF00224.10000 90.3 92.4 64.4 69.4 8m58.842s
PF00232.10000 81.8 87.0 53.2 59.5 27m13.747s
PF00313.10000 76.2 81.2 46.2 46.4 1m29.549s
PF00450.10000 79.7 84.7 45.1 57.6 42m45.149s
PF00476.10000 93.3 94.2 78.0 81.8 30m49.382s
PF00505.10000 84.4 87.5 27.1 28.2 1m41.114s
PF00625.10000 60.4 60.6 7.6 9.6 4m33.640s
PF00687.10000 94.3 95.0 79.6 80.4 10m36.965s
PF00970.10000 88.2 91.4 24.7 27.5 3m40.342s
PF01381.10000 62.8 71.7 16.7 14.8 1m49.548s
PF01814.10000 79.4 89.2 56.0 63.7 5m23.325s
PF02777.10000 90.8 92.7 68.3 70.5 3m1.187s
PF02836.10000 92.5 93.6 73.3 85.5 18m11.857s
PF02878.10000 82.6 85.6 66.7 70.3 4m26.410s
PF03129.10000 88.1 92.3 17.3 19.4 2m56.275s
PF04082.10000 40.5 59.3 19.5 23.5 50m6.892s
PF05746.10000 82.0 86.0 58.0 65.9 4m20.967s
PF07654.10000 88.2 88.9 75.0 77.1 3m5.941s
PF07679.10000 46.3 55.6 3.0 3.7 4m30.926s
PF07686.10000 79.9 89.6 14.0 15.7 10m5.385s
PF13365.10000 83.1 88.0 0.9 0.6 23m41.120s
PF13378.10000 84.8 89.1 21.2 25.1 8m6.368s
PF13393.10000 70.2 77.9 18.3 21.1 15m52.314s
PF13522.10000 63.3 74.7 0.0 0.0 5m6.935s
PF13561.10000 66.8 76.6 14.6 18.0 14m32.386s
PF14604.10000 61.1 68.8 15.9 20.6 1m16.761s
