cys 0.9341783002694097 0 0 0 0
DMRL_synthase 0.9392491467576792 0 0 0 0
Stap_Strp_toxin 0.35659940456500167 0 0 0 0
ghf5 0.6894775570272259 0 0 0 0
myb_DNA-binding 0.9438877755511023 0 0 0 0
ghf10 0.9271991911021233 0 0 0 0
il8 0.8897993783554676 0 0 0 0
cytb 0.8800999167360533 0 0 0 0
kringle 0.9470692717584369 0 0 0 0
LIM 0.9661290322580646 0 0 0 0
annexin 0.9966151893378464 0 0 0 0
hormone_rec 0.7638190954773869 0 0 0 0
Acetyltransf 0.2852199703410776 0 0 0 0
phoslip 0.9150843588173061 0 0 0 0
cah 0.9093264248704663 0 0 0 0
trfl 0.9603891591382905 0 0 0 0
serpin 0.9693998811645871 0 0 0 0
ghf13 0.32922775083110795 0 0 0 0
cryst 0.9276631816897428 0 0 0 0
Ald_Xan_dh_2 0.18747653022906496 0 0 0 0
ace 0.8815684182448653 0 0 0 0
tRNA-synt_2b 0.31736281736281735 0 0 0 0
ChtBD 0.966183574879227 0 0 0 0
adh 0.38308724832214763 0 0 0 0
Sulfotransfer 0.43465553235908144 0 0 0 0
hom 0.9716677398583387 0 0 0 0
OTCace 0.6916943521594684 0 0 0 0
lyase_1 0.677037037037037 0 0 0 0
toxin 0.8561942877933418 0 0 0 0
msb 0.9675572519083969 0 0 0 0
rnasemam 0.8997014925373135 0 0 0 0
rub 0.9918367346938776 0 0 0 0
cyclo 0.9009197324414716 0 0 0 0
gpdh 0.6374041680164129 0 0 0 0
sodcu 0.9377470355731226 0 0 0 0
DEATH 0.8428198433420365 0 0 0 0
aat 0.8773352132534368 0 0 0 0
ins 0.9694868238557559 0 0 0 0
sti 0.851828890266584 0 0 0 0
glob 0.8796988545655986 0 0 0 0
az 0.7322799802170914 0 0 0 0
ghf11 0.9254484304932735 0 0 0 0
subt 0.8310997513125172 0 0 0 0
profilin 0.9588045234248789 0 0 0 0
rrm 0.8863429332212178 0 0 0 0
KAS 0.23517082372668205 0 0 0 0
GEL 0.6965174129353234 0 0 0 0
hr 1.0 0 0 0 0
rvp 0.8937753721244925 0 0 0 0
mmp 0.9819251786464901 0 0 0 0
icd 0.9502170767004342 0 0 0 0
seatoxin 0.7361111111111112 0 0 0 0
int 0.9248329621380846 0 0 0 0
phc 0.95626767200754 0 0 0 0
ricin 0.7877247849882721 0 0 0 0
PDZ 0.9308755760368663 0 0 0 0
asp 0.9356383835131219 0 0 0 0
bowman 0.9418604651162791 0 0 0 0
oxidored_q6 0.6678294573643411 0 0 0 0
aldosered 0.896242101762554 0 0 0 0
sdr 0.7128111718275653 0 0 0 0
p450 0.8299814929056138 0 0 0 0
hla 0.996629213483146 0 0 0 0
ltn 0.9628924833491912 0 0 0 0
aadh 0.2703822255695726 0 0 0 0
gluts 0.6562105263157895 0 0 0 0
tms 0.703561853695902 0 0 0 0
kunitz 0.9893069306930693 0 0 0 0
rhv 0.5364320411467759 0 0 0 0
blm 0.9643702157272095 0 0 0 0
cyt3 0.8233749179251477 0 0 0 0
mofe 0.8695913461538461 0 0 0 0
ghf22 0.9403440283030376 0 0 0 0
flav 0.8785046728971962 0 0 0 0
sodfe 0.4642453895370719 0 0 0 0
zf-CCHH 0.9714591509097396 0 0 0 0
scorptoxin 0.8901425178147269 0 0 0 0
biotin_lipoyl 0.9613225202744854 0 0 0 0
uce 0.9463728191000919 0 0 0 0
ghf1 0.9167415932386261 0 0 0 0
ldh 0.5005119578731807 0 0 0 0
Rhodanese 0.8221258134490239 0 0 0 0
slectin 0.9597834493426141 0 0 0 0
hip 0.8640483383685801 0 0 0 0
peroxidase 0.2845161290322581 0 0 0 0
TNF 0.8561151079136691 0 0 0 0
egf 0.7722886916248553 0 0 0 0
HMG_box 0.9730878186968839 0 0 0 0
hpr 0.993006993006993 0 0 0 0
tim 0.9828116518907183 0 0 0 0
tgfb 0.8907172995780591 0 0 0 0
HLH 0.9095315024232633 0 0 0 0
blmb 0.4634941329856584 0 0 0 0
proteasome 0.8355621594848935 0 0 0 0
