PF00009.frag 78.4 86.5 31.9 36.5 1m46.735s
PF00018.frag 67.9 82.2 4.7 5.3 0m26.073s
PF00037.frag 90.4 90.4 62.1 80.7 0m21.165s
PF00046.frag 91.4 99.6 83.3 82.9 0m19.477s
PF00078.frag 56.1 76.4 29.0 25.5 2m14.918s
PF00079.frag 53.7 86.2 38.6 38.5 4m7.374s
PF00084.frag 52.3 82.6 35.6 35.8 0m33.806s
PF00150.frag 31.7 58.3 2.2 2.8 6m19.283s
PF00155.frag 36.5 50.9 0.6 0.0 5m26.394s
PF00202.frag 31.4 53.4 0.0 0.0 3m51.796s
PF00224.frag 83.6 91.3 54.9 59.1 2m9.233s
PF00232.frag 60.7 78.8 54.0 42.8 3m27.170s
PF00313.frag 67.0 81.3 49.2 46.4 0m23.800s
PF00450.frag 64.3 84.9 39.6 40.3 4m23.600s
PF00476.frag 91.7 94.4 73.5 76.1 3m15.749s
PF00505.frag 72.2 87.9 2.9 2.6 0m28.408s
PF00625.frag 54.4 61.6 2.3 2.5 0m55.480s
PF00687.frag 59.4 78.2 41.3 33.3 1m21.029s
PF00970.frag 72.4 83.7 0.0 0.0 0m52.052s
PF01381.frag 37.1 58.5 0.0 0.0 0m34.497s
PF01814.frag 55.8 92.4 31.0 19.2 1m44.158s
PF02777.frag 83.5 93.1 70.0 69.8 0m31.444s
PF02836.frag 89.7 92.3 77.5 85.2 2m11.598s
PF02878.frag 63.2 77.5 49.6 52.7 0m45.690s
PF03129.frag 84.8 94.7 23.4 27.0 0m38.795s
PF04082.frag 14.9 42.6 2.4 1.9 9m43.364s
PF05746.frag 67.4 77.9 37.5 35.9 0m43.921s
PF07654.frag 62.1 82.5 60.7 55.1 0m34.482s
PF07679.frag 49.8 67.8 10.2 15.6 0m51.659s
PF07686.frag 77.6 89.1 0.0 0.0 0m58.730s
PF13365.frag 56.1 77.8 0.0 0.0 1m46.089s
PF13378.frag 80.8 87.5 3.8 4.0 2m0.293s
PF13393.frag 37.7 53.0 0.6 0.0 2m15.349s
PF13522.frag 69.0 82.8 8.5 10.5 0m50.971s
PF13561.frag 52.2 78.3 3.0 2.5 2m16.765s
PF14604.frag 58.9 74.1 25.0 17.5 0m22.352s
