PF00009.100 82.8 84.3 38.7 43.7 0m3.290s
PF00018.100 67.1 74.2 0.0 0.0 0m0.279s
PF00037.100 92.4 92.4 65.5 83.9 0m0.126s
PF00046.100 99.5 99.9 97.9 97.9 0m0.187s
PF00048.100 84.6 86.8 0.0 0.0 0m0.425s
PF00051.100 81.8 84.7 66.3 69.3 0m0.266s
PF00077.100 83.8 85.9 60.2 63.9 0m0.617s
PF00078.100 78.4 88.6 39.4 40.1 0m1.746s
PF00079.100 89.8 91.4 78.8 81.8 0m7.329s
PF00084.100 76.5 77.9 55.9 58.7 0m0.647s
PF00127.100 82.1 85.9 38.3 48.2 0m0.791s
PF00139.100 90.2 90.8 78.2 81.5 0m2.739s
PF00142.100 44.6 49.5 2.0 5.0 0m1.852s
PF00150.100 46.8 53.1 3.5 5.9 0m6.861s
PF00155.100 57.9 62.2 10.9 13.9 0m20.107s
PF00194.100 81.3 84.1 43.8 50.5 0m3.851s
PF00202.100 59.1 61.0 7.3 10.9 0m14.802s
PF00218.100 85.4 87.3 54.0 58.9 0m3.044s
PF00224.100 91.4 92.2 68.5 73.8 0m3.029s
PF00232.100 86.7 88.3 64.4 72.5 0m7.711s
PF00313.100 78.3 80.3 53.8 54.2 0m0.323s
PF00343.100 95.0 95.4 90.6 91.3 0m7.829s
PF00405.100 84.2 86.3 38.2 40.2 0m3.060s
PF00450.100 79.0 84.0 42.4 53.2 0m8.855s
PF00476.100 95.0 94.6 79.5 83.5 0m5.486s
PF00505.100 96.1 96.6 82.9 85.4 0m0.400s
PF00538.100 82.2 85.9 0.0 0.0 0m0.398s
PF00625.100 66.4 67.0 14.4 19.1 0m3.210s
PF00687.100 94.6 94.6 83.2 83.8 0m1.127s
PF00867.100 73.7 76.5 21.3 21.9 0m0.518s
PF00868.100 91.0 94.1 66.1 70.3 0m0.568s
PF00970.100 87.7 91.8 22.4 24.9 0m0.773s
PF01355.100 91.7 92.4 77.9 81.8 0m0.266s
PF01371.100 50.8 57.5 0.0 0.0 0m0.351s
PF01381.100 75.3 80.7 46.7 46.3 0m0.315s
PF01814.100 91.6 92.9 73.3 82.5 0m1.041s
PF02085.100 69.6 74.8 35.7 39.6 0m0.721s
PF02223.100 83.9 87.9 7.6 9.9 0m2.770s
PF02777.100 91.6 94.2 74.3 76.6 0m0.424s
PF02836.100 92.3 92.2 76.4 89.0 0m4.490s
PF02868.100 81.6 84.1 60.6 65.8 0m1.240s
PF02878.100 79.9 81.7 60.7 65.2 0m0.613s
PF03129.100 95.0 95.8 50.0 55.8 0m0.720s
PF04082.100 35.7 45.2 11.9 14.3 0m4.868s
PF04908.100 68.9 75.2 16.1 22.3 0m0.952s
PF05746.100 84.4 86.6 51.1 58.1 0m0.718s
PF07654.100 79.8 82.8 61.9 63.7 0m0.421s
PF07679.100 70.4 71.9 38.0 46.1 0m0.627s
PF07686.100 91.5 93.6 26.2 29.7 0m1.441s
PF09011.100 94.1 94.6 63.3 64.2 0m0.280s
PF09173.100 48.9 57.4 2.0 0.5 0m0.356s
PF11427.100 26.5 33.7 0.0 0.0 0m0.178s
PF13365.100 85.6 88.0 7.9 9.7 0m3.023s
PF13378.100 87.3 88.7 33.0 37.9 0m4.333s
PF13393.100 65.9 72.8 24.1 25.2 0m3.463s
PF13522.100 89.7 90.5 33.3 42.1 0m1.357s
PF13561.100 76.5 81.7 24.7 31.3 0m5.015s
PF14497.100 83.4 88.3 12.4 14.7 0m0.971s
PF14604.100 76.4 81.6 12.7 16.5 0m0.237s
