PF00009.1000 82.4 85.4 23.7 29.0 0m24.346s
PF00018.1000 77.3 84.3 0.0 0.0 0m4.627s
PF00037.1000 92.6 92.6 69.0 84.3 0m1.621s
PF00046.1000 95.6 99.9 83.3 83.3 0m2.220s
PF00048.1000 81.1 84.9 0.0 0.0 0m4.137s
PF00051.1000 69.9 79.7 49.4 51.3 0m3.972s
PF00077.1000 75.3 80.9 48.0 50.9 0m7.453s
PF00078.1000 94.1 95.1 84.7 86.1 0m26.799s
PF00079.1000 78.2 88.0 63.4 65.4 1m28.860s
PF00084.1000 66.0 79.3 49.2 52.4 0m5.278s
PF00127.1000 72.3 78.1 35.0 36.8 0m8.020s
PF00139.1000 80.0 85.5 61.1 65.0 0m28.952s
PF00142.1000 37.5 44.4 0.0 0.0 0m14.728s
PF00150.1000 49.1 59.8 6.6 11.1 1m48.720s
PF00155.1000 52.9 60.2 1.1 1.0 1m24.024s
PF00194.1000 73.8 83.7 35.7 40.8 0m30.104s
PF00202.1000 55.9 61.8 8.1 11.9 1m2.967s
PF00218.1000 82.6 88.5 52.8 57.7 0m20.050s
PF00224.1000 86.9 90.0 52.3 56.6 0m33.042s
PF00232.1000 84.5 90.5 61.3 69.5 1m1.974s
PF00313.1000 79.9 84.9 53.8 54.2 0m3.178s
PF00343.1000 95.1 95.8 89.6 90.4 1m14.110s
PF00405.1000 91.5 94.4 64.2 67.5 0m31.503s
PF00450.1000 74.3 84.5 42.8 54.8 1m13.490s
PF00476.1000 94.8 94.9 79.5 83.6 0m45.069s
PF00505.1000 97.1 98.1 84.3 86.9 0m3.487s
PF00538.1000 81.5 86.6 0.0 0.0 0m4.029s
PF00625.1000 64.5 68.5 11.4 14.9 0m14.749s
PF00687.1000 79.6 83.6 61.1 60.4 0m12.804s
PF00867.1000 60.1 74.5 3.7 3.8 0m5.568s
PF00868.1000 84.7 89.2 58.9 62.2 0m8.069s
PF00970.1000 88.4 91.8 25.3 28.1 0m8.534s
PF01371.1000 49.4 55.8 0.0 0.0 0m3.589s
PF01381.1000 66.0 76.6 33.3 32.3 0m4.210s
PF01814.1000 91.5 91.8 74.1 82.6 0m18.501s
PF02223.1000 84.3 88.2 5.9 7.2 0m16.186s
PF02777.1000 90.9 93.0 70.3 72.5 0m5.402s
PF02836.1000 91.4 92.8 75.5 87.9 0m36.484s
PF02868.1000 79.2 83.4 60.6 64.6 0m11.739s
PF02878.1000 74.4 77.6 52.6 55.8 0m7.614s
PF03129.1000 91.9 94.3 27.6 30.8 0m6.642s
PF04082.1000 49.6 65.3 28.4 34.1 2m18.998s
PF04908.1000 76.1 80.7 7.6 11.1 0m4.639s
PF05746.1000 84.6 89.0 63.4 71.9 0m10.730s
PF07654.1000 79.8 87.1 65.5 67.3 0m5.415s
PF07679.1000 66.4 74.6 36.0 44.9 0m9.964s
PF07686.1000 87.3 91.7 14.0 15.9 0m17.225s
PF09011.1000 85.3 93.3 33.3 34.9 0m3.579s
PF09173.1000 55.7 58.4 0.0 0.0 0m2.525s
PF13365.1000 83.4 87.4 7.9 9.1 0m26.475s
PF13378.1000 87.1 89.5 29.7 34.5 0m30.384s
PF13393.1000 70.1 78.1 24.3 27.3 0m34.878s
PF13522.1000 87.6 90.2 31.8 40.2 0m10.621s
PF13561.1000 70.0 80.3 18.8 25.7 0m46.792s
PF14497.1000 69.2 80.7 5.3 6.3 0m15.916s
PF14604.1000 57.6 69.6 3.2 3.1 0m3.482s
