PF00009.10000 79.9 87.7 35.8 41.3 2m6.069s
PF00018.10000 71.7 88.0 2.3 2.6 0m20.778s
PF00037.10000 92.6 92.6 65.5 83.9 0m22.488s
PF00046.10000 90.0 97.9 72.9 72.9 0m17.502s
PF00078.10000 95.5 96.1 85.9 87.3 2m54.407s
PF00079.10000 62.8 82.8 40.9 43.0 5m3.214s
PF00084.10000 40.1 70.4 22.0 23.5 0m33.762s
PF00150.10000 40.9 58.2 2.6 4.5 8m5.437s
PF00155.10000 47.5 61.5 2.7 2.8 5m2.128s
PF00202.10000 50.7 59.8 5.4 8.1 4m36.789s
PF00224.10000 77.3 88.4 42.6 46.1 3m3.144s
PF00232.10000 78.6 90.3 53.4 60.8 4m36.216s
PF00313.10000 76.6 87.0 50.8 50.5 0m23.141s
PF00450.10000 56.4 81.2 20.0 25.7 5m28.308s
PF00476.10000 91.8 94.9 75.6 79.4 5m35.098s
PF00505.10000 82.5 90.8 40.0 41.2 0m25.063s
PF00625.10000 57.4 63.9 10.6 16.0 1m2.602s
PF00687.10000 62.8 86.2 41.9 40.2 1m29.924s
PF00970.10000 80.1 90.6 5.7 5.4 0m57.635s
PF01381.10000 61.7 75.6 16.7 16.3 0m38.884s
PF01814.10000 88.1 92.8 71.6 80.5 2m29.079s
PF02777.10000 84.0 94.3 64.4 65.9 0m34.346s
PF02836.10000 89.4 93.8 73.3 84.8 3m4.824s
PF02878.10000 63.6 77.5 46.7 49.7 0m48.890s
PF03129.10000 84.4 94.4 18.4 20.5 0m39.867s
PF04082.10000 23.7 47.2 2.7 3.2 12m7.474s
PF05746.10000 82.9 90.5 64.9 73.7 0m49.153s
PF07654.10000 68.0 82.2 48.8 50.2 0m30.872s
PF07679.10000 51.9 70.0 9.0 11.2 0m50.217s
PF07686.10000 77.7 90.5 11.2 12.7 1m4.717s
PF13365.10000 85.6 90.1 7.5 8.4 2m12.848s
PF13378.10000 77.6 88.6 19.8 22.9 2m58.104s
PF13393.10000 54.3 65.6 1.2 0.0 2m36.195s
PF13522.10000 71.8 81.9 24.0 30.8 1m1.075s
PF13561.10000 50.3 77.5 11.0 14.7 3m13.997s
PF14604.10000 61.5 78.2 4.8 4.6 0m18.860s
