Acetyltransf 41.2 67.0 12.2 13.8 12m17.594s
Ald_Xan_dh_2 84.5 85.0 67.3 71.6 0m12.567s
ChtBD 94.0 95.1 83.7 85.0 0m0.826s
DEATH 74.8 82.8 47.6 52.0 0m5.129s
DMRL_synthase 92.6 92.3 74.0 83.3 0m7.790s
GEL 59.6 61.2 28.8 39.8 0m5.145s
HLH 90.5 94.8 86.9 87.2 0m13.036s
HMG_box 79.3 88.2 56.8 64.0 0m9.967s
KAS 86.5 86.9 70.2 74.6 0m11.407s
LIM 94.7 97.8 82.9 88.7 0m14.310s
OTCace 94.3 96.3 85.8 86.7 0m25.202s
PDZ 89.2 93.0 73.7 76.6 1m8.376s
Rhodanese 50.3 65.3 36.5 28.6 1m30.419s
Stap_Strp_toxin 74.7 74.8 49.4 51.4 0m1.093s
Sulfotransfer 64.9 78.6 35.5 39.8 2m5.165s
TNF 87.6 90.5 68.2 74.5 0m2.621s
aadh 84.6 89.2 56.7 61.9 0m30.561s
aat 64.4 81.4 23.3 24.5 13m25.498s
ace 80.3 87.8 59.2 63.8 4m47.931s
adh 98.6 98.8 96.8 97.1 2m41.862s
aldosered 76.6 90.5 33.2 35.7 5m29.105s
annexin 100.0 100.0 100.0 100.0 0m6.078s
asp 80.1 91.4 51.6 54.9 1m31.840s
az 69.6 73.2 31.0 28.0 0m3.706s
biotin_lipoyl 93.2 94.6 75.3 77.6 0m29.410s
blm 66.8 84.1 24.3 24.8 7m36.296s
blmb 35.8 56.6 12.4 16.6 8m38.805s
bowman 92.7 92.2 75.7 78.8 0m0.382s
cah 90.3 94.1 76.8 81.1 0m17.069s
cryst 49.2 66.2 1.7 0.8 0m3.251s
cyclo 76.6 94.0 58.7 56.3 0m44.588s
cys 78.1 92.4 42.9 47.8 0m55.382s
cyt3 85.4 86.6 62.7 70.7 0m1.672s
cytb 76.9 90.4 54.3 59.0 0m16.656s
egf 66.2 71.8 33.8 28.1 0m13.536s
flav 74.5 82.5 47.4 49.5 0m28.365s
ghf1 87.9 94.4 67.4 75.8 1m47.605s
ghf10 89.6 94.2 76.8 80.7 0m19.398s
ghf11 93.4 95.0 84.4 85.9 0m2.710s
ghf13 58.8 69.2 23.8 31.5 5m50.712s
ghf22 97.4 97.4 87.7 90.6 0m2.069s
ghf5 62.2 70.0 33.7 46.9 1m48.692s
glob 93.2 95.6 51.2 50.4 0m11.594s
gluts 87.2 92.0 68.2 72.6 1m29.026s
gpdh 92.8 95.3 83.0 84.6 0m34.232s
hip 86.9 87.3 65.5 72.4 0m0.263s
hla 100.0 100.0 100.0 100.0 1m5.979s
hom 89.6 94.4 62.3 73.7 0m20.343s
hormone_rec 49.9 64.9 23.5 29.7 1m12.931s
hpr 100.0 100.0 100.0 100.0 0m7.089s
hr 88.3 96.7 82.3 80.0 0m6.870s
icd 92.3 95.8 81.5 83.3 1m29.024s
il8 81.1 84.4 48.1 53.5 0m2.015s
ins 95.0 95.1 66.7 88.6 0m2.283s
int 56.6 79.1 24.3 25.6 2m27.769s
kringle 88.5 91.8 74.2 78.2 0m2.410s
kunitz 97.5 98.6 88.3 87.5 0m4.423s
ldh 86.5 88.1 54.9 62.7 0m42.411s
ltn 89.5 93.5 60.5 66.7 0m11.847s
lyase_1 81.5 84.6 63.8 66.8 1m42.777s
mmp 97.4 98.3 92.9 94.4 0m17.377s
mofe 79.8 84.4 62.1 66.2 0m56.280s
msb 67.8 85.4 33.8 39.5 0m37.666s
myb_DNA-binding 73.5 90.2 51.8 53.9 0m19.589s
oxidored_q6 98.4 98.5 94.4 95.9 0m11.015s
p450 51.9 71.6 9.0 11.7 23m2.336s
peroxidase 87.2 89.6 61.3 65.9 1m4.651s
phc 95.7 96.4 78.8 82.7 0m7.953s
phoslip 93.0 94.5 65.4 75.0 0m2.788s
profilin 83.8 89.4 68.8 70.8 0m2.833s
proteasome 81.6 85.1 36.6 46.4 0m37.685s
rhv 81.7 83.6 54.2 64.6 1m27.954s
ricin 88.4 90.3 71.8 77.4 0m5.221s
rnasemam 93.7 92.2 73.1 83.1 0m1.369s
rrm 48.6 77.7 5.4 8.0 2m9.665s
rub 100.0 100.0 100.0 100.0 0m1.843s
rvp 63.5 72.0 36.9 40.0 7m40.703s
scorptoxin 91.3 90.7 75.3 83.1 0m0.506s
sdr 43.6 68.9 7.9 10.3 20m30.218s
seatoxin 82.6 81.3 57.1 56.7 0m0.092s
serpin 88.9 94.2 71.9 76.6 1m56.904s
slectin 86.4 94.3 73.0 76.3 0m5.540s
sodcu 88.2 93.7 74.7 77.0 0m9.938s
sodfe 84.5 87.2 58.9 60.8 0m9.873s
sti 82.1 84.5 57.1 62.5 0m3.394s
subt 55.1 89.9 17.3 11.8 11m40.551s
tRNA-synt_2b 33.0 46.2 11.0 15.2 1m36.294s
tgfb 88.0 89.7 58.1 67.6 0m3.711s
tim 95.7 97.1 84.9 87.6 0m31.259s
tms 92.3 96.6 78.9 82.7 0m24.255s
toxin 87.7 89.9 48.1 51.9 0m0.767s
trfl 97.9 98.0 94.7 95.1 0m9.073s
uce 83.1 92.4 41.6 45.3 0m21.560s
zf-CCHH 56.8 73.4 8.6 11.2 4m41.330s
